app/(tabs)/index.tsx(77,9): error TS6133: 'router' is declared but its value is never read.
app/(tabs)/index.tsx(206,9): error TS6133: 'handleUpgradePress' is declared but its value is never read.
app/_layout.tsx(30,5): error TS6133: 'logout' is declared but its value is never read.
app/architecture/examples/TimerModule.ts(6,49): error TS2307: Cannot find module '../../modules/ModuleTypes' or its corresponding type declarations.
app/architecture/ModularArchitecture.ts(19,13): error TS6133: 'moduleLifecycle' is declared but its value is never read.
app/architecture/ModularArchitecture.ts(141,51): error TS7006: Parameter 'data' implicitly has an 'any' type.
app/architecture/ModularArchitecture.ts(145,52): error TS7006: Parameter 'data' implicitly has an 'any' type.
app/architecture/ModularArchitecture.ts(149,53): error TS7006: Parameter 'data' implicitly has an 'any' type.
app/architecture/ModularArchitecture.ts(154,50): error TS7006: Parameter 'data' implicitly has an 'any' type.
app/architecture/ModularArchitecture.ts(226,35): error TS7006: Parameter 'data' implicitly has an 'any' type.
app/architecture/ModularArchitecture.ts(233,52): error TS2345: Argument of type '{ id: string; name: string; version: string; type: string; permissions: string[]; install: () => void; enable: () => void; disable: () => void; hooks: { name: string; priority: number; handler: (data: any) => void; }[]; }' is not assignable to parameter of type 'string'.
app/architecture/modules/ModuleLifecycle.ts(6,18): error TS6133: 'ModuleLifecycle' is declared but its value is never read.
app/architecture/modules/ModuleRegistry.ts(16,46): error TS2694: Namespace 'global.NodeJS' has no exported member 'Timeout'.
app/architecture/modules/ModuleRegistry.ts(383,50): error TS7006: Parameter 'data' implicitly has an 'any' type.
app/architecture/modules/ModuleTypes.ts(214,19): error TS2339: Property 'captureStackTrace' does not exist on type 'ErrorConstructor'.
app/architecture/modules/ModuleTypes.ts(215,19): error TS2339: Property 'captureStackTrace' does not exist on type 'ErrorConstructor'.
app/architecture/plugins/PluginManager.ts(13,23): error TS2304: Cannot find name 'PluginSandbox'.
app/architecture/plugins/PluginManager.ts(15,13): error TS6133: 'pluginDirectories' is declared but its value is never read.
app/architecture/plugins/PluginManager.ts(82,20): error TS2304: Cannot find name 'PluginSandbox'.
app/architecture/plugins/PluginManager.ts(326,51): error TS7006: Parameter 'data' implicitly has an 'any' type.
app/architecture/plugins/PluginManager.ts(330,52): error TS7006: Parameter 'data' implicitly has an 'any' type.
app/architecture/plugins/PluginManager.ts(334,53): error TS7006: Parameter 'data' implicitly has an 'any' type.
app/architecture/plugins/PluginManager.ts(338,50): error TS7006: Parameter 'data' implicitly has an 'any' type.
app/architecture/plugins/PluginRegistry.ts(6,47): error TS6133: 'PluginHook' is declared but its value is never read.
app/architecture/plugins/PluginRegistry.ts(6,59): error TS6133: 'SandboxResult' is declared but its value is never read.
app/architecture/plugins/PluginRegistry.ts(6,74): error TS6133: 'PluginSandbox' is declared but its value is never read.
app/architecture/plugins/PluginRegistry.ts(365,50): error TS7006: Parameter 'data' implicitly has an 'any' type.
app/architecture/plugins/PluginRegistry.ts(397,63): error TS7006: Parameter 'data' implicitly has an 'any' type.
app/architecture/plugins/PluginSandbox.ts(12,22): error TS6133: 'MAX_MEMORY_MB' is declared but its value is never read.
app/architecture/plugins/PluginSandbox.ts(125,17): error TS2304: Cannot find name 'global'.
app/architecture/plugins/PluginSandbox.ts(132,40): error TS2345: Argument of type 'Function' is not assignable to parameter of type '() => T'.
  Type 'Function' provides no match for the signature '(): T'.
app/architecture/plugins/PluginSandbox.ts(245,9): error TS2740: Type '{ log: (...args: any[]) => void; warn: (...args: any[]) => void; error: (...args: any[]) => void; info: (...args: any[]) => void; debug: (...args: any[]) => void; time: (label?: string | undefined) => void; timeEnd: (label?: string | undefined) => void; }' is missing the following properties from type 'Console': assert, clear, count, countReset, and 9 more.
app/architecture/plugins/PluginSandbox.ts(340,45): error TS2339: Property 'then' does not exist on type 'NonNullable<T>'.
app/architecture/plugins/PluginSandbox.ts(341,22): error TS2352: Conversion of type 'NonNullable<T>' to type 'Promise<T>' may be a mistake because neither type sufficiently overlaps with the other. If this was intentional, convert the expression to 'unknown' first.
  Type 'NonNullable<T>' is missing the following properties from type 'Promise<T>': then, catch, finally, [Symbol.toStringTag]
app/components/AuthScreen.tsx(8,3): error TS6133: 'Alert' is declared but its value is never read.
app/components/AuthScreen.tsx(19,3): error TS6133: 'validatePassword' is declared but its value is never read.
app/components/AuthScreen.tsx(21,3): error TS6133: 'validateName' is declared but its value is never read.
app/components/AuthScreen.tsx(23,3): error TS6133: 'calculatePasswordStrength' is declared but its value is never read.
app/components/AuthScreen.tsx(34,10): error TS2305: Module '"../services/AuthService"' has no exported member 'LoginCredentials'.
app/components/AuthScreen.tsx(34,28): error TS2305: Module '"../services/AuthService"' has no exported member 'RegisterCredentials'.
app/components/AuthScreen.tsx(35,32): error TS6133: 'ErrorMessageMapper' is declared but its value is never read.
app/components/AuthScreen.tsx(38,7): error TS6133: 'width' is declared but its value is never read.
app/components/CountrySelector.tsx(13,5): error TS6133: 'Alert' is declared but its value is never read.
app/components/EnhancedAuthScreen.tsx(20,5): error TS6133: 'validatePassword' is declared but its value is never read.
app/components/EnhancedAuthScreen.tsx(28,5): error TS6133: 'ValidationResult' is declared but its value is never read.
app/components/EnhancedAuthScreen.tsx(30,1): error TS6133: 'securityService' is declared but its value is never read.
app/components/EnhancedAuthScreen.tsx(32,7): error TS6133: 'width' is declared but its value is never read.
app/components/fake-call/AccessibleCallScreen.tsx(7,52): error TS6133: 'AccessibilityInfo' is declared but its value is never read.
app/components/fake-call/AccessibleCallScreen.tsx(7,71): error TS6133: 'Alert' is declared but its value is never read.
app/components/fake-call/AccessibleCallScreen.tsx(11,1): error TS6133: 'Button' is declared but its value is never read.
app/components/fake-call/AccessibleCallScreen.tsx(12,1): error TS6133: 'Card' is declared but its value is never read.
app/components/fake-call/AccessibleCallScreen.tsx(84,12): error TS6133: 'currentFocus' is declared but its value is never read.
app/components/fake-call/AccessibleCallScreen.tsx(84,26): error TS6133: 'setCurrentFocus' is declared but its value is never read.
app/components/fake-call/AccessibleCallScreen.tsx(85,12): error TS6133: 'announcementQueue' is declared but its value is never read.
app/components/fake-call/AccessibleCallScreen.tsx(89,11): error TS6133: 'focusTimeoutRef' is declared but its value is never read.
app/components/fake-call/AccessibleCallScreen.tsx(89,43): error TS2694: Namespace 'global.NodeJS' has no exported member 'Timeout'.
app/components/fake-call/AccessibleCallScreen.tsx(96,11): error TS6133: 'isSimplifiedMode' is declared but its value is never read.
app/components/fake-call/AccessibleCallScreen.tsx(213,35): error TS2339: Property 'primary' does not exist on type 'ColorTokens'.
app/components/fake-call/AccessibleCallScreen.tsx(214,37): error TS2339: Property 'secondary' does not exist on type 'ColorTokens'.
app/components/fake-call/AccessibleCallScreen.tsx(217,32): error TS2339: Property 'text' does not exist on type 'ColorTokens'.
app/components/fake-call/AccessibleCallScreen.tsx(218,41): error TS2339: Property 'text' does not exist on type 'ColorTokens'.
app/components/fake-call/AccessibleCallScreen.tsx(219,34): error TS2339: Property 'border' does not exist on type 'ColorTokens'.
app/components/fake-call/AccessibleCallScreen.tsx(220,35): error TS2339: Property 'success' does not exist on type 'ColorTokens'.
app/components/fake-call/AccessibleCallScreen.tsx(221,33): error TS2339: Property 'error' does not exist on type 'ColorTokens'.
app/components/fake-call/AccessibleCallScreen.tsx(222,35): error TS2339: Property 'warning' does not exist on type 'ColorTokens'.
app/components/fake-call/AccessibleCallScreen.tsx(335,39): error TS2353: Object literal may only specify known properties, and 'pressed' does not exist in type 'AccessibilityState'.
app/components/fake-call/AccessibleCallScreen.tsx(356,39): error TS2353: Object literal may only specify known properties, and 'pressed' does not exist in type 'AccessibilityState'.
app/components/fake-call/AccessibleCallScreen.tsx(378,43): error TS2353: Object literal may only specify known properties, and 'pressed' does not exist in type 'AccessibilityState'.
app/components/fake-call/AndroidTelecomIntegration.tsx(12,5): error TS6133: 'Alert' is declared but its value is never read.
app/components/fake-call/AndroidTelecomIntegration.tsx(76,11): error TS6133: 'theme' is declared but its value is never read.
app/components/fake-call/AndroidTelecomIntegration.tsx(88,11): error TS6133: 'screenWidth' is declared but its value is never read.
app/components/fake-call/AndroidTelecomIntegration.tsx(89,11): error TS6133: 'screenHeight' is declared but its value is never read.
app/components/fake-call/CallerIDManager.tsx(103,13): error TS2367: This comparison appears to be unintentional because the types '"low"' and '"high"' have no overlap.
app/components/fake-call/CallerIDManager.tsx(121,13): error TS2367: This comparison appears to be unintentional because the types '"low"' and '"medium"' have no overlap.
app/components/fake-call/CallerIDManager.tsx(241,25): error TS2367: This comparison appears to be unintentional because the types '"low"' and '"high"' have no overlap.
app/components/fake-call/CallerIDManager.tsx(241,59): error TS2367: This comparison appears to be unintentional because the types '"low"' and '"medium"' have no overlap.
app/components/fake-call/CallerIDManager.tsx(362,49): error TS2345: Argument of type '(callerID: { readonly id: "business_default"; readonly name: "John Smith"; readonly phoneNumber: "+1-555-0123"; readonly callerType: "business"; readonly riskLevel: "low"; readonly isDefault: true; }) => React.JSX.Element' is not assignable to parameter of type '((value: { readonly id: "business_default"; readonly name: "John Smith"; readonly phoneNumber: "+1-555-0123"; readonly callerType: "business"; readonly riskLevel: "low"; readonly isDefault: true; } | { ...; }, index: number, array: readonly ({ ...; } | { ...; })[]) => Element) & ((value: { ...; } | ... 4 more ... | ...'.
  Type '(callerID: { readonly id: "business_default"; readonly name: "John Smith"; readonly phoneNumber: "+1-555-0123"; readonly callerType: "business"; readonly riskLevel: "low"; readonly isDefault: true; }) => React.JSX.Element' is not assignable to type '(value: { readonly id: "business_default"; readonly name: "John Smith"; readonly phoneNumber: "+1-555-0123"; readonly callerType: "business"; readonly riskLevel: "low"; readonly isDefault: true; } | { ...; }, index: number, array: readonly ({ ...; } | { ...; })[]) => Element'.
    Types of parameters 'callerID' and 'value' are incompatible.
      Type '{ readonly id: "business_default"; readonly name: "John Smith"; readonly phoneNumber: "+1-555-0123"; readonly callerType: "business"; readonly riskLevel: "low"; readonly isDefault: true; } | { ...; }' is not assignable to type '{ readonly id: "business_default"; readonly name: "John Smith"; readonly phoneNumber: "+1-555-0123"; readonly callerType: "business"; readonly riskLevel: "low"; readonly isDefault: true; }'.
        Property 'isDefault' is missing in type '{ readonly id: "business_alt"; readonly name: "Sarah Johnson"; readonly phoneNumber: "+1-555-0456"; readonly callerType: "business"; readonly riskLevel: "low"; }' but required in type '{ readonly id: "business_default"; readonly name: "John Smith"; readonly phoneNumber: "+1-555-0123"; readonly callerType: "business"; readonly riskLevel: "low"; readonly isDefault: true; }'.
app/components/fake-call/CallFrequencyConfig.tsx(16,1): error TS6133: 'Button' is declared but its value is never read.
app/components/fake-call/CallInteractionHandler.tsx(70,11): error TS6133: 'theme' is declared but its value is never read.
app/components/fake-call/CallSchedulePreview.tsx(12,5): error TS6133: 'TouchableOpacity' is declared but its value is never read.
app/components/fake-call/CallSchedulePreview.tsx(53,12): error TS6133: 'activeView' is declared but its value is never read.
app/components/fake-call/CallSchedulePreview.tsx(53,24): error TS6133: 'setActiveView' is declared but its value is never read.
app/components/fake-call/CallStateIndicator.tsx(32,21): error TS7030: Not all code paths return a value.
app/components/fake-call/FakeCallAnnouncements.tsx(87,11): error TS6133: 'fadeAnim' is declared but its value is never read.
app/components/fake-call/FakeCallAnnouncements.tsx(88,43): error TS2694: Namespace 'global.NodeJS' has no exported member 'Timeout'.
app/components/fake-call/FakeCallAnnouncements.tsx(89,46): error TS2694: Namespace 'global.NodeJS' has no exported member 'Timeout'.
app/components/fake-call/FakeCallAnnouncements.tsx(271,17): error TS2304: Cannot find name 'isVideoCall'.
app/components/fake-call/FakeCallAnnouncements.tsx(294,11): error TS6133: 'announceCustomMessage' is declared but its value is never read.
app/components/fake-call/FakeCallAnnouncements.tsx(306,11): error TS6133: 'clearQueue' is declared but its value is never read.
app/components/fake-call/FakeCallAnnouncements.tsx(364,17): error TS2769: No overload matches this call.
  Overload 1 of 2, '(props: ViewProps): View', gave the following error.
    Type '"announcement"' is not assignable to type 'AccessibilityRole | undefined'.
  Overload 2 of 2, '(props: ViewProps, context: any): View', gave the following error.
    Type '"announcement"' is not assignable to type 'AccessibilityRole | undefined'.
app/components/fake-call/FakeCallAnnouncements.tsx(368,27): error TS2769: No overload matches this call.
  Overload 1 of 2, '(props: TextProps): Text', gave the following error.
    Type '"announcement"' is not assignable to type 'AccessibilityRole | undefined'.
  Overload 2 of 2, '(props: TextProps, context: any): Text', gave the following error.
    Type '"announcement"' is not assignable to type 'AccessibilityRole | undefined'.
app/components/fake-call/FakeCallSettingsScreen.tsx(6,27): error TS6133: 'useEffect' is declared but its value is never read.
app/components/fake-call/FakeCallSettingsScreen.tsx(17,16): error TS6133: 'ActionCard' is declared but its value is never read.
app/components/fake-call/FakeCallSettingsScreen.tsx(118,23): error TS6133: 'isTablet' is declared but its value is never read.
app/components/fake-call/FakeCallSettingsScreen.tsx(118,33): error TS6133: 'isDesktop' is declared but its value is never read.
app/components/fake-call/FakeCallSettingsScreen.tsx(118,44): error TS6133: 'window' is declared but its value is never read.
app/components/fake-call/FakeCallSettingsScreen.tsx(342,37): error TS2322: Type '"checkbox"' is not assignable to type '"button" | "link" | undefined'.
app/components/fake-call/FakeCallSettingsScreen.tsx(353,41): error TS2322: Type '"checkbox"' is not assignable to type '"button" | "link" | undefined'.
app/components/fake-call/HighContrast.tsx(90,11): error TS6133: 'highContrastMotion' is declared but its value is never read.
app/components/fake-call/HighContrast.tsx(310,89): error TS2339: Property 'toUpperCase' does not exist on type 'never'.
app/components/fake-call/HighContrast.tsx(346,21): error TS2353: Object literal may only specify known properties, and 'focused' does not exist in type 'AccessibilityState'.
app/components/fake-call/index.ts(32,1): error TS6192: All imports in import declaration are unused.
app/components/fake-call/index.ts(37,1): error TS6133: 'CallFrequencyConfigProps' is declared but its value is never read.
app/components/fake-call/index.ts(38,1): error TS6133: 'VoiceProfileSettingsProps' is declared but its value is never read.
app/components/fake-call/index.ts(39,1): error TS6133: 'CallerIDManagerProps' is declared but its value is never read.
app/components/fake-call/index.ts(40,1): error TS6133: 'CallSchedulePreviewProps' is declared but its value is never read.
app/components/fake-call/index.ts(41,1): error TS6133: 'ProTierFeatureGateProps' is declared but its value is never read.
app/components/fake-call/index.ts(42,1): error TS6133: 'FakeCallToggleProps' is declared but its value is never read.
app/components/fake-call/index.ts(45,1): error TS6133: 'PhoneInterfaceTypes' is declared but its value is never read.
app/components/fake-call/index.ts(46,1): error TS6133: 'PhoneCallInterfaceProps' is declared but its value is never read.
app/components/fake-call/index.ts(47,1): error TS6133: 'CallStateIndicatorProps' is declared but its value is never read.
app/components/fake-call/index.ts(48,1): error TS6133: 'CallScreenAnimationsProps' is declared but its value is never read.
app/components/fake-call/index.ts(49,1): error TS6133: 'CallInteractionHandlerProps' is declared but its value is never read.
app/components/fake-call/index.ts(50,1): error TS6133: 'iOSCallKitIntegrationProps' is declared but its value is never read.
app/components/fake-call/index.ts(51,1): error TS6133: 'AndroidTelecomIntegrationProps' is declared but its value is never read.
app/components/fake-call/index.ts(52,1): error TS6133: 'WebPhoneInterfaceProps' is declared but its value is never read.
app/components/fake-call/index.ts(55,1): error TS6133: 'AccessibleCallScreenProps' is declared but its value is never read.
app/components/fake-call/index.ts(56,1): error TS6192: All imports in import declaration are unused.
app/components/fake-call/index.ts(57,1): error TS6192: All imports in import declaration are unused.
app/components/fake-call/index.ts(58,1): error TS6192: All imports in import declaration are unused.
app/components/fake-call/index.ts(59,1): error TS6192: All imports in import declaration are unused.
app/components/fake-call/iOSCallKitIntegration.tsx(12,5): error TS6133: 'Alert' is declared but its value is never read.
app/components/fake-call/iOSCallKitIntegration.tsx(47,11): error TS6196: 'NativeCallKitModule' is declared but never used.
app/components/fake-call/iOSCallKitIntegration.tsx(56,7): error TS6133: 'CALL_KIT_EVENTS' is declared but its value is never read.
app/components/fake-call/iOSCallKitIntegration.tsx(93,11): error TS6133: 'theme' is declared but its value is never read.
app/components/fake-call/iOSCallKitIntegration.tsx(99,12): error TS6133: 'showKeypad' is declared but its value is never read.
app/components/fake-call/iOSCallKitIntegration.tsx(99,24): error TS6133: 'setShowKeypad' is declared but its value is never read.
app/components/fake-call/iOSCallKitIntegration.tsx(104,11): error TS6133: 'nativeEventEmitter' is declared but its value is never read.
app/components/fake-call/iOSCallKitIntegration.tsx(106,11): error TS6133: 'screenWidth' is declared but its value is never read.
app/components/fake-call/iOSCallKitIntegration.tsx(107,11): error TS6133: 'screenHeight' is declared but its value is never read.
app/components/fake-call/MotorAccessibilityEnh.tsx(7,71): error TS6133: 'Alert' is declared but its value is never read.
app/components/fake-call/MotorAccessibilityEnh.tsx(91,27): error TS6133: 'setScanDirection' is declared but its value is never read.
app/components/fake-call/MotorAccessibilityEnh.tsx(97,43): error TS2694: Namespace 'global.NodeJS' has no exported member 'Timeout'.
app/components/fake-call/MotorAccessibilityEnh.tsx(98,43): error TS2694: Namespace 'global.NodeJS' has no exported member 'Timeout'.
app/components/fake-call/MotorAccessibilityEnh.tsx(115,49): error TS2304: Cannot find name 'isMuted'.
app/components/fake-call/MotorAccessibilityEnh.tsx(115,108): error TS2304: Cannot find name 'isMuted'.
app/components/fake-call/MotorAccessibilityEnh.tsx(116,52): error TS2304: Cannot find name 'isSpeakerOn'.
app/components/fake-call/MotorAccessibilityEnh.tsx(116,129): error TS2304: Cannot find name 'isSpeakerOn'.
app/components/fake-call/MotorAccessibilityEnh.tsx(123,83): error TS2304: Cannot find name 'isMuted'.
app/components/fake-call/MotorAccessibilityEnh.tsx(123,92): error TS2304: Cannot find name 'isSpeakerOn'.
app/components/fake-call/MotorAccessibilityEnh.tsx(143,11): error TS6133: 'getInteractionTimeout' is declared but its value is never read.
app/components/fake-call/MotorAccessibilityEnh.tsx(213,17): error TS2722: Cannot invoke an object which is possibly 'undefined'.
app/components/fake-call/MotorAccessibilityEnh.tsx(302,72): error TS2339: Property 'isSwitchControlEnabled' does not exist on type 'AccessibilityInfoStatic'.
app/components/fake-call/MotorAccessibilityEnh.tsx(303,71): error TS2339: Property 'isVoiceOverRunning' does not exist on type 'AccessibilityInfoStatic'.
app/components/fake-call/MotorAccessibilityEnh.tsx(354,29): error TS2353: Object literal may only specify known properties, and 'focused' does not exist in type 'AccessibilityState'.
app/components/fake-call/PhoneCallInterface.tsx(10,5): error TS6133: 'Dimensions' is declared but its value is never read.
app/components/fake-call/PhoneCallInterface.tsx(13,5): error TS6133: 'Alert' is declared but its value is never read.
app/components/fake-call/PhoneCallInterface.tsx(14,5): error TS6133: 'BackHandler' is declared but its value is never read.
app/components/fake-call/PhoneCallInterface.tsx(28,8): error TS6133: 'Button' is declared but its value is never read.
app/components/fake-call/PhoneCallInterface.tsx(105,26): error TS6133: 'setIsFullScreen' is declared but its value is never read.
app/components/fake-call/PhoneCallInterface.tsx(114,11): error TS6133: 'isTablet' is declared but its value is never read.
app/components/fake-call/ScreenReaderCallControls.tsx(7,52): error TS6133: 'AccessibilityInfo' is declared but its value is never read.
app/components/fake-call/ScreenReaderCallControls.tsx(82,13): error TS2339: Property 'announce' does not exist on type '{ isScreenReaderActive: boolean; voiceOverAnnouncements: string[]; createAnnouncement: (message: string, type?: "polite" | "assertive" | "assertive-announcement") => string; }'.
app/components/fake-call/ScreenReaderCallControls.tsx(82,23): error TS2339: Property 'createContextAwareAnnouncement' does not exist on type '{ isScreenReaderActive: boolean; voiceOverAnnouncements: string[]; createAnnouncement: (message: string, type?: "polite" | "assertive" | "assertive-announcement") => string; }'.
app/components/fake-call/ScreenReaderCallControls.tsx(100,11): error TS6133: 'announcementTimeoutRef' is declared but its value is never read.
app/components/fake-call/ScreenReaderCallControls.tsx(100,50): error TS2694: Namespace 'global.NodeJS' has no exported member 'Timeout'.
app/components/fake-call/ScreenReaderCallControls.tsx(361,25): error TS2353: Object literal may only specify known properties, and 'focused' does not exist in type 'AccessibilityState'.
app/components/fake-call/VoiceProfileSettings.tsx(16,1): error TS6133: 'Button' is declared but its value is never read.
app/components/fake-call/VoiceProfileSettings.tsx(17,1): error TS6133: 'Input' is declared but its value is never read.
app/components/fake-call/WebPhoneInterface.tsx(14,5): error TS6133: 'Alert' is declared but its value is never read.
app/components/fake-call/WebPhoneInterface.tsx(75,11): error TS6133: 'theme' is declared but its value is never read.
app/components/fake-call/WebPhoneInterface.tsx(83,28): error TS6133: 'setNetworkQuality' is declared but its value is never read.
app/components/fake-call/WebPhoneInterface.tsx(91,11): error TS6133: 'screenWidth' is declared but its value is never read.
app/components/fake-call/WebPhoneInterface.tsx(92,11): error TS6133: 'screenHeight' is declared but its value is never read.
app/components/integration/ErrorBoundaryIntegration.tsx(76,13): error TS2353: Object literal may only specify known properties, and 'timestamp' does not exist in type 'Partial<ErrorBoundaryIntegrationState>'.
app/components/integration/ErrorBoundaryIntegration.tsx(112,21): error TS2322: Type 'string | null | undefined' is not assignable to type 'string | undefined'.
  Type 'null' is not assignable to type 'string | undefined'.
app/components/integration/ErrorBoundaryIntegration.tsx(122,46): error TS2339: Property 'trackRender' does not exist on type '{ startTrace: (name: string) => { stop: () => void; }; recordMetric: (name: string, value: number) => void; }'.
app/components/integration/ErrorBoundaryIntegration.tsx(134,54): error TS2339: Property 'logError' does not exist on type '{ log: (message: string, details?: any) => void; error: (error: any, context?: any) => void; warn: (message: string, details?: any) => void; info: (message: string, details?: any) => void; }'.
app/components/integration/ErrorBoundaryIntegration.tsx(142,45): error TS2551: Property 'reportError' does not exist on type '{ recordError: (error: any, context?: any) => void; init: () => void; setUser: (userId: string) => void; }'. Did you mean 'recordError'?
app/components/integration/ErrorBoundaryIntegration.tsx(147,76): error TS2345: Argument of type 'number' is not assignable to parameter of type 'string'.
app/components/integration/ErrorBoundaryIntegration.tsx(151,39): error TS2339: Property 'storeError' does not exist on type '{ saveError: (error: any) => void; getErrors: () => never[]; clearErrors: () => void; }'.
app/components/integration/ErrorBoundaryIntegration.tsx(171,38): error TS2339: Property 'addBreadcrumb' does not exist on type '{ log: (message: string, details?: any) => void; error: (error: any, context?: any) => void; warn: (message: string, details?: any) => void; info: (message: string, details?: any) => void; }'.
app/components/integration/ErrorBoundaryIntegration.tsx(270,38): error TS2339: Property 'addBreadcrumb' does not exist on type '{ log: (message: string, details?: any) => void; error: (error: any, context?: any) => void; warn: (message: string, details?: any) => void; info: (message: string, details?: any) => void; }'.
app/components/integration/ErrorBoundaryIntegration.tsx(298,42): error TS2339: Property 'trackOperation' does not exist on type '{ startTrace: (name: string) => { stop: () => void; }; recordMetric: (name: string, value: number) => void; }'.
app/components/integration/ErrorBoundaryIntegration.tsx(342,41): error TS2551: Property 'reportError' does not exist on type '{ recordError: (error: any, context?: any) => void; init: () => void; setUser: (userId: string) => void; }'. Did you mean 'recordError'?
app/components/integration/ErrorBoundaryIntegration.tsx(553,17): error TS2322: Type 'string | null | undefined' is not assignable to type 'string | undefined'.
  Type 'null' is not assignable to type 'string | undefined'.
app/components/integration/ErrorBoundaryIntegration.tsx(572,32): error TS18049: 'errorInfo.componentStack' is possibly 'null' or 'undefined'.
app/components/integration/ErrorBoundaryIntegration.tsx(608,44): error TS18049: 'errorInfo.componentStack' is possibly 'null' or 'undefined'.
app/components/integration/ErrorBoundaryIntegration.tsx(644,43): error TS18049: 'errorInfo.componentStack' is possibly 'null' or 'undefined'.
app/components/integration/PayUErrorIntegration.ts(84,54): error TS2339: Property 'logError' does not exist on type '{ log: (message: string, details?: any) => void; error: (error: any, context?: any) => void; warn: (message: string, details?: any) => void; info: (message: string, details?: any) => void; }'.
app/components/integration/PayUErrorIntegration.ts(93,35): error TS2551: Property 'reportError' does not exist on type '{ recordError: (error: any, context?: any) => void; init: () => void; setUser: (userId: string) => void; }'. Did you mean 'recordError'?
app/components/integration/PayUErrorIntegration.ts(99,33): error TS2339: Property 'storeError' does not exist on type '{ saveError: (error: any) => void; getErrors: () => never[]; clearErrors: () => void; }'.
app/components/integration/PayUErrorIntegration.ts(106,38): error TS2339: Property 'addBreadcrumb' does not exist on type '{ log: (message: string, details?: any) => void; error: (error: any, context?: any) => void; warn: (message: string, details?: any) => void; info: (message: string, details?: any) => void; }'.
app/components/integration/PayUErrorIntegration.ts(123,42): error TS2339: Property 'trackOperation' does not exist on type '{ startTrace: (name: string) => { stop: () => void; }; recordMetric: (name: string, value: number) => void; }'.
app/components/integration/PayUErrorIntegration.ts(164,38): error TS2339: Property 'addBreadcrumb' does not exist on type '{ log: (message: string, details?: any) => void; error: (error: any, context?: any) => void; warn: (message: string, details?: any) => void; info: (message: string, details?: any) => void; }'.
app/components/integration/PayUErrorIntegration.ts(180,42): error TS2339: Property 'trackOperation' does not exist on type '{ startTrace: (name: string) => { stop: () => void; }; recordMetric: (name: string, value: number) => void; }'.
app/components/integration/PayUErrorIntegration.ts(547,13): error TS2322: Type 'PayUErrorMapping | null' is not assignable to type 'PayUErrorMapping'.
  Type 'null' is not assignable to type 'PayUErrorMapping'.
app/components/integration/PayUErrorIntegration.ts(551,13): error TS2322: Type 'PayUErrorMapping | null' is not assignable to type 'PayUErrorMapping'.
  Type 'null' is not assignable to type 'PayUErrorMapping'.
app/components/integration/PayUErrorIntegration.ts(555,13): error TS2322: Type 'PayUErrorMapping | null' is not assignable to type 'PayUErrorMapping'.
  Type 'null' is not assignable to type 'PayUErrorMapping'.
app/components/integration/PayUErrorIntegration.ts(559,13): error TS2322: Type 'PayUErrorMapping | null' is not assignable to type 'PayUErrorMapping'.
  Type 'null' is not assignable to type 'PayUErrorMapping'.
app/components/integration/PayUErrorIntegration.ts(566,13): error TS2322: Type 'PayUErrorMapping | null' is not assignable to type 'PayUErrorMapping'.
  Type 'null' is not assignable to type 'PayUErrorMapping'.
app/components/integration/PayUErrorIntegration.ts(570,13): error TS2322: Type 'PayUErrorMapping | null' is not assignable to type 'PayUErrorMapping'.
  Type 'null' is not assignable to type 'PayUErrorMapping'.
app/components/integration/PayUErrorIntegration.ts(574,13): error TS2322: Type 'PayUErrorMapping | null' is not assignable to type 'PayUErrorMapping'.
  Type 'null' is not assignable to type 'PayUErrorMapping'.
app/components/integration/PayUErrorIntegration.ts(578,13): error TS2322: Type 'PayUErrorMapping | null' is not assignable to type 'PayUErrorMapping'.
  Type 'null' is not assignable to type 'PayUErrorMapping'.
app/components/integration/PayUErrorIntegration.ts(582,13): error TS2322: Type 'PayUErrorMapping | null' is not assignable to type 'PayUErrorMapping'.
  Type 'null' is not assignable to type 'PayUErrorMapping'.
app/components/integration/PayUErrorIntegration.ts(586,13): error TS2322: Type 'PayUErrorMapping | null' is not assignable to type 'PayUErrorMapping'.
  Type 'null' is not assignable to type 'PayUErrorMapping'.
app/components/integration/PayUErrorIntegration.ts(590,13): error TS2322: Type 'PayUErrorMapping | null' is not assignable to type 'PayUErrorMapping'.
  Type 'null' is not assignable to type 'PayUErrorMapping'.
app/components/integration/PayUErrorIntegration.ts(594,13): error TS2322: Type 'PayUErrorMapping | null' is not assignable to type 'PayUErrorMapping'.
  Type 'null' is not assignable to type 'PayUErrorMapping'.
app/components/integration/PayUErrorIntegration.ts(598,13): error TS2322: Type 'PayUErrorMapping | null' is not assignable to type 'PayUErrorMapping'.
  Type 'null' is not assignable to type 'PayUErrorMapping'.
app/components/integration/PayUErrorIntegration.ts(602,9): error TS2322: Type 'PayUErrorMapping | null' is not assignable to type 'PayUErrorMapping'.
  Type 'null' is not assignable to type 'PayUErrorMapping'.
app/components/integration/PayUErrorIntegration.ts(629,9): error TS1016: A required parameter cannot follow an optional parameter.
app/components/notifications/NotificationBanner.tsx(14,5): error TS6133: 'GestureResponderEvent' is declared but its value is never read.
app/components/notifications/NotificationBanner.tsx(23,5): error TS6133: 'NotificationCategory' is declared but its value is never read.
app/components/notifications/NotificationBanner.tsx(61,11): error TS6133: 'theme' is declared but its value is never read.
app/components/notifications/NotificationBanner.tsx(65,12): error TS6133: 'startTime' is declared but its value is never read.
app/components/notifications/NotificationBanner.tsx(67,15): error TS7030: Not all code paths return a value.
app/components/notifications/NotificationBanner.tsx(143,16): error TS7053: Element implicitly has an 'any' type because expression of type 'NotificationType' can't be used to index type '{ timer_complete: { background: string[]; text: string; accent: string; }; timer_start: { background: string[]; text: string; accent: string; }; timer_pause: { background: string[]; text: string; accent: string; }; milestone_achievement: { ...; }; urgent_alert: { ...; }; break_reminder: { ...; }; user_roast: { ...; ...'.
  Property '[NotificationType.TIMER_RESUME]' does not exist on type '{ timer_complete: { background: string[]; text: string; accent: string; }; timer_start: { background: string[]; text: string; accent: string; }; timer_pause: { background: string[]; text: string; accent: string; }; milestone_achievement: { ...; }; urgent_alert: { ...; }; break_reminder: { ...; }; user_roast: { ...; ...'.
app/components/notifications/NotificationBanner.tsx(165,16): error TS7053: Element implicitly has an 'any' type because expression of type 'NotificationType' can't be used to index type '{ timer_complete: string; timer_start: string; timer_pause: string; timer_resume: string; milestone_achievement: string; streak_celebration: string; daily_goal: string; user_roast: string; break_reminder: string; urgent_alert: string; quick_reminder: string; }'.
  Property '[NotificationType.FOCUS_REMINDER]' does not exist on type '{ timer_complete: string; timer_start: string; timer_pause: string; timer_resume: string; milestone_achievement: string; streak_celebration: string; daily_goal: string; user_roast: string; break_reminder: string; urgent_alert: string; quick_reminder: string; }'.
app/components/notifications/NotificationBanner.tsx(180,31): error TS2345: Argument of type '"lightTap"' is not assignable to parameter of type 'HapticType'.
app/components/notifications/NotificationBanner.tsx(184,31): error TS2345: Argument of type '"mediumTap"' is not assignable to parameter of type 'HapticType'.
app/components/notifications/NotificationBanner.tsx(220,25): error TS2322: Type '({ flex: number; borderWidth: number; } | { borderColor: any; })[]' is not assignable to type 'ViewStyle'.
  Types of property 'filter' are incompatible.
    Type '{ <S extends { flex: number; borderWidth: number; } | { borderColor: any; }>(predicate: (value: { flex: number; borderWidth: number; } | { borderColor: any; }, index: number, array: ({ flex: number; borderWidth: number; } | { ...; })[]) => value is S, thisArg?: any): S[]; (predicate: (value: { ...; } | { ...; }, ind...' is not assignable to type 'string | readonly FilterFunction[] | undefined'.
app/components/notifications/NotificationBanner.tsx(276,43): error TS2322: Type '{ children: Element; style: { margin: number; backgroundColor: string; borderRadius: any; overflow: "hidden"; }; elevation: number; }' is not assignable to type 'IntrinsicAttributes & CardProps & RefAttributes<View>'.
  Property 'elevation' does not exist on type 'IntrinsicAttributes & CardProps & RefAttributes<View>'.
app/components/notifications/NotificationBanner.tsx(336,15): error TS2304: Cannot find name 'spacing'.
app/components/notifications/NotificationBanner.tsx(337,16): error TS2304: Cannot find name 'spacing'.
app/components/notifications/NotificationBanner.tsx(342,23): error TS2304: Cannot find name 'theme'.
app/components/notifications/NotificationBanner.tsx(347,23): error TS2304: Cannot find name 'theme'.
app/components/notifications/NotificationBanner.tsx(351,18): error TS2304: Cannot find name 'spacing'.
app/components/notifications/NotificationBanner.tsx(358,23): error TS2304: Cannot find name 'spacing'.
app/components/notifications/NotificationBanner.tsx(366,21): error TS2304: Cannot find name 'spacing'.
app/components/notifications/NotificationBanner.tsx(377,23): error TS2304: Cannot find name 'spacing'.
app/components/notifications/NotificationBanner.tsx(382,23): error TS2304: Cannot find name 'spacing'.
app/components/notifications/NotificationBanner.tsx(388,23): error TS2304: Cannot find name 'spacing'.
app/components/notifications/NotificationBanner.tsx(397,14): error TS2304: Cannot find name 'spacing'.
app/components/notifications/NotificationBanner.tsx(398,23): error TS2304: Cannot find name 'spacing'.
app/components/notifications/NotificationBanner.tsx(406,26): error TS2304: Cannot find name 'spacing'.
app/components/notifications/NotificationBanner.tsx(414,14): error TS2304: Cannot find name 'spacing'.
app/components/notifications/NotificationBanner.tsx(415,16): error TS2304: Cannot find name 'spacing'.
app/components/notifications/NotificationBanner.tsx(416,18): error TS2304: Cannot find name 'spacing'.
app/components/notifications/NotificationPermissionPrompt.tsx(24,7): error TS6133: 'width' is declared but its value is never read.
app/components/notifications/NotificationPermissionPrompt.tsx(66,17): error TS6133: 'finalStatus' is declared but its value is never read.
app/components/notifications/NotificationPermissionPrompt.tsx(84,35): error TS2345: Argument of type '"lightTap"' is not assignable to parameter of type 'HapticType'.
app/components/notifications/NotificationPermissionPrompt.tsx(91,21): error TS2353: Object literal may only specify known properties, and 'allowAnnouncements' does not exist in type 'IosNotificationPermissionsRequest'.
app/components/notifications/NotificationPermissionPrompt.tsx(99,42): error TS2345: Argument of type '"success"' is not assignable to parameter of type '"button" | "select" | "toggle"'.
app/components/notifications/NotificationPermissionPrompt.tsx(100,39): error TS2345: Argument of type '"success"' is not assignable to parameter of type 'HapticType'.
app/components/notifications/NotificationPermissionPrompt.tsx(111,39): error TS2345: Argument of type '"warning"' is not assignable to parameter of type 'HapticType'.
app/components/notifications/NotificationPermissionPrompt.tsx(123,35): error TS2345: Argument of type '"error"' is not assignable to parameter of type 'HapticType'.
app/components/notifications/NotificationPermissionPrompt.tsx(134,31): error TS2345: Argument of type '"lightTap"' is not assignable to parameter of type 'HapticType'.
app/components/offline/OfflineBanner.tsx(10,10): error TS2614: Module '"../../services/offline/NetworkConnectivityService"' has no exported member 'NetworkQuality'. Did you mean to use 'import NetworkQuality from "../../services/offline/NetworkConnectivityService"' instead?
app/components/offline/SyncStatusIndicator.tsx(11,1): error TS6192: All imports in import declaration are unused.
app/components/offline/SyncStatusIndicator.tsx(13,10): error TS2305: Module '"../../design-system/tokens/spacing"' has no exported member 'spacing'.
app/components/offline/SyncStatusIndicator.tsx(41,9): error TS6133: 'serviceStatus' is declared but its value is never read.
app/components/OnboardingScreen.tsx(21,7): error TS6133: 'width' is declared but its value is never read.
app/components/Payment/PaymentButton.tsx(27,19): error TS6133: 'setLoading' is declared but its value is never read.
app/components/Payment/PaymentButton.tsx(53,9): error TS6133: 'handlePaymentError' is declared but its value is never read.
app/components/Payment/PaymentModal.tsx(27,17): error TS6133: 'updateUserSubscription' is declared but its value is never read.
app/components/Payment/PaymentModal.tsx(42,10): error TS6133: 'payUError' is declared but its value is never read.
app/components/Payment/PayUMobileView.tsx(8,10): error TS6133: 'PayUPayment' is declared but its value is never read.
app/components/Payment/PayUMobileView.tsx(8,28): error TS2305: Module '"../../services/Payment/PayUService"' has no exported member 'PayUPaymentResult'.
app/components/Payment/PayUMobileView.tsx(164,11): error TS6133: 'validateAndShowParams' is declared but its value is never read.
app/components/Payment/PayUMobileView.tsx(186,21): error TS7030: Not all code paths return a value.
app/components/Payment/PayUWebView.tsx(7,60): error TS6133: 'Platform' is declared but its value is never read.
app/components/Payment/PayUWebView.tsx(8,15): error TS2305: Module '"../../services/Payment/PayUService"' has no exported member 'PayUPaymentResult'.
app/components/Payment/PayUWebView.tsx(135,15): error TS7030: Not all code paths return a value.
app/components/Premium/AnalyticsDashboard.tsx(10,3): error TS6133: 'Dimensions' is declared but its value is never read.
app/components/Premium/AutomationDashboard.tsx(42,8): error TS6133: 'refreshing' is declared but its value is never read.
app/components/Premium/FocusReport.tsx(115,48): error TS2339: Property 'totalFocusTime' does not exist on type 'AnalyticsData'.
app/components/Premium/FocusReport.tsx(166,37): error TS2339: Property 'totalFocusTime' does not exist on type 'AnalyticsData'.
app/components/Premium/FocusReport.tsx(230,46): error TS2339: Property 'peakFocusHours' does not exist on type 'AnalyticsData'.
app/components/Premium/FocusReport.tsx(258,48): error TS2339: Property 'distractionCount' does not exist on type 'AnalyticsData'.
app/components/Premium/InsightsPanel.tsx(5,10): error TS2614: Module '"../../services/Premium/AnalyticsService"' has no exported member 'DistractionPattern'. Did you mean to use 'import DistractionPattern from "../../services/Premium/AnalyticsService"' instead?
app/components/Premium/TeamDashboard.tsx(122,9): error TS2322: Type 'Date' is not assignable to type 'string'.
app/components/Premium/TeamDashboard.tsx(123,9): error TS2322: Type 'Date' is not assignable to type 'string'.
app/components/Premium/WeeklyProgressChart.tsx(22,7): error TS6133: 'width' is declared but its value is never read.
app/components/responsive/DeviceAdaptiveCard.tsx(28,23): error TS6133: 'category' is declared but its value is never read.
app/components/responsive/OrientationAwareLayout.tsx(7,39): error TS6133: 'Animated' is declared but its value is never read.
app/components/touch/MobileInteractions.tsx(6,40): error TS6133: 'useEffect' is declared but its value is never read.
app/components/touch/MobileInteractions.tsx(12,5): error TS6133: 'DeviceEventEmitter' is declared but its value is never read.
app/components/touch/MobileInteractions.tsx(22,1): error TS6133: 'SwipeableCard' is declared but its value is never read.
app/components/touch/MobileInteractions.tsx(24,1): error TS6192: All imports in import declaration are unused.
app/components/touch/MobileInteractions.tsx(134,11): error TS6133: 'elevation' is declared but its value is never read.
app/components/touch/MobileInteractions.tsx(136,12): error TS6133: 'layout' is declared but its value is never read.
app/components/touch/MobileInteractions.tsx(137,12): error TS6133: 'activeZones' is declared but its value is never read.
app/components/touch/MobileInteractions.tsx(219,21): error TS6133: 'translationX' is declared but its value is never read.
app/components/touch/PullToRefresh.tsx(14,5): error TS6133: 'GestureResponderEvent' is declared but its value is never read.
app/components/touch/PullToRefresh.tsx(89,21): error TS6133: 'spacing' is declared but its value is never read.
app/components/touch/SwipeableCard.tsx(13,5): error TS6133: 'GestureResponderEvent' is declared but its value is never read.
app/components/touch/SwipeableCard.tsx(14,5): error TS6133: 'Text' is declared but its value is never read.
app/components/touch/SwipeableCard.tsx(94,21): error TS6133: 'spacing' is declared but its value is never read.
app/components/touch/SwipeableCard.tsx(94,30): error TS6133: 'borderRadius' is declared but its value is never read.
app/components/touch/SwipeableCard.tsx(103,11): error TS6133: 'handleLayout' is declared but its value is never read.
app/components/touch/SwipeableCard.tsx(233,11): error TS6133: 'handleActionPress' is declared but its value is never read.
app/components/touch/TouchableRipple.tsx(81,21): error TS6133: 'spacing' is declared but its value is never read.
app/components/touch/TouchableRipple.tsx(81,30): error TS6133: 'elevation' is declared but its value is never read.
app/components/touch/TouchFeedback.tsx(108,21): error TS6133: 'spacing' is declared but its value is never read.
app/components/touch/TouchFeedback.tsx(173,19): error TS6133: 'rippleSize' is declared but its value is never read.
app/components/touch/TouchFeedback.tsx(199,11): error TS6133: 'handlePressIn' is declared but its value is never read.
app/components/touch/TouchFeedback.tsx(210,11): error TS6133: 'handlePressOut' is declared but its value is never read.
app/components/touch/TouchFeedback.tsx(215,11): error TS6133: 'handlePress' is declared but its value is never read.
app/components/touch/TouchTimerControls.tsx(7,39): error TS6133: 'GestureResponderEvent' is declared but its value is never read.
app/components/touch/TouchTimerControls.tsx(91,21): error TS6133: 'spacing' is declared but its value is never read.
app/components/touch/TouchTimerControls.tsx(93,12): error TS6133: 'lastInteraction' is declared but its value is never read.
app/components/touch/TouchTimerControls.tsx(111,33): error TS6133: 'fontSize' is declared but its value is never read.
app/components/touch/TouchTimerControls.tsx(146,11): error TS6133: 'swipeGestures' is declared but its value is never read.
app/components/touch/TouchTimerControls.tsx(171,11): error TS6133: 'longPressGestures' is declared but its value is never read.
app/components/ui-error-library/accessibility/accessibility-testing-utilities.tsx(10,5): error TS6133: 'AccessibilityInfo' is declared but its value is never read.
app/components/ui-error-library/accessibility/accessibility-testing-utilities.tsx(11,5): error TS6133: 'Platform' is declared but its value is never read.
app/components/ui-error-library/accessibility/accessibility-testing-utilities.tsx(12,5): error TS6133: 'InteractionManager' is declared but its value is never read.
app/components/ui-error-library/accessibility/accessibility-testing-utilities.tsx(209,9): error TS6133: 'announceForAccessibilityWithOptions' is declared but its value is never read.
app/components/ui-error-library/accessibility/accessibility-testing-utilities.tsx(214,19): error TS6133: 'voiceOverAnnounce' is declared but its value is never read.
app/components/ui-error-library/accessibility/accessibility-testing-utilities.tsx(218,9): error TS6133: 'scale' is declared but its value is never read.
app/components/ui-error-library/accessibility/accessibility-testing-utilities.tsx(223,11): error TS6133: 'provideFeedback' is declared but its value is never read.
app/components/ui-error-library/accessibility/accessibility-testing-utilities.tsx(305,19): error TS6133: 'longText' is declared but its value is never read.
app/components/ui-error-library/accessibility/accessibility-testing-utilities.tsx(485,19): error TS6133: 'isHighContrastEnabled' is declared but its value is never read.
app/components/ui-error-library/accessibility/accessibility-testing-utilities.tsx(569,19): error TS6133: 'longErrorMessage' is declared but its value is never read.
app/components/ui-error-library/accessibility/accessibility-testing-utilities.tsx(936,15): error TS7030: Not all code paths return a value.
app/components/ui-error-library/accessibility/accessibility-testing-utilities.tsx(994,9): error TS6133: 'getTestResults' is declared but its value is never read.
app/components/ui-error-library/accessibility/accessibility-testing-utilities.tsx(997,9): error TS6133: 'config' is declared but its value is never read.
app/components/ui-error-library/accessibility/cognitive-accessibility-system.tsx(6,57): error TS6133: 'useEffect' is declared but its value is never read.
app/components/ui-error-library/accessibility/cognitive-accessibility-system.tsx(145,28): error TS6133: 'setCognitiveState' is declared but its value is never read.
app/components/ui-error-library/accessibility/dynamic-type-system.tsx(6,89): error TS6133: 'useMemo' is declared but its value is never read.
app/components/ui-error-library/accessibility/dynamic-type-system.tsx(16,1): error TS6133: 'useDynamicType' is declared but its value is never read.
app/components/ui-error-library/accessibility/dynamic-type-system.tsx(89,30): error TS6133: 'setPreferLargerText' is declared but its value is never read.
app/components/ui-error-library/accessibility/dynamic-type-system.tsx(110,23): error TS6133: 'pixelRatio' is declared but its value is never read.
app/components/ui-error-library/accessibility/enhanced-hooks.tsx(6,34): error TS6133: 'useMemo' is declared but its value is never read.
app/components/ui-error-library/accessibility/enhanced-hooks.tsx(10,5): error TS6133: 'Text' is declared but its value is never read.
app/components/ui-error-library/accessibility/enhanced-hooks.tsx(11,5): error TS6133: 'findNodeHandle' is declared but its value is never read.
app/components/ui-error-library/accessibility/enhanced-hooks.tsx(12,5): error TS6133: 'UIManager' is declared but its value is never read.
app/components/ui-error-library/accessibility/enhanced-hooks.tsx(13,5): error TS6133: 'LayoutAnimation' is declared but its value is never read.
app/components/ui-error-library/accessibility/enhanced-hooks.tsx(15,5): error TS6133: 'PixelRatio' is declared but its value is never read.
app/components/ui-error-library/accessibility/enhanced-hooks.tsx(26,29): error TS6133: 'setBoldTextEnabled' is declared but its value is never read.
app/components/ui-error-library/accessibility/enhanced-hooks.tsx(402,11): error TS6133: 'createAnnouncement' is declared but its value is never read.
app/components/ui-error-library/accessibility/error-announcement-system.tsx(10,5): error TS6133: 'AccessibilityInfo' is declared but its value is never read.
app/components/ui-error-library/accessibility/error-announcement-system.tsx(11,5): error TS6133: 'Platform' is declared but its value is never read.
app/components/ui-error-library/accessibility/error-announcement-system.tsx(12,5): error TS6133: 'InteractionManager' is declared but its value is never read.
app/components/ui-error-library/accessibility/error-announcement-system.tsx(205,11): error TS6133: 'voiceOverAnnounce' is declared but its value is never read.
app/components/ui-error-library/accessibility/error-announcement-system.tsx(206,11): error TS6133: 'addAnnouncement' is declared but its value is never read.
app/components/ui-error-library/accessibility/error-announcement-system.tsx(207,11): error TS6133: 'provideFeedback' is declared but its value is never read.
app/components/ui-error-library/accessibility/error-announcement-system.tsx(208,27): error TS6133: 'createProgressiveDisclosure' is declared but its value is never read.
app/components/ui-error-library/accessibility/error-announcement-system.tsx(236,11): error TS6133: 'calculateAnnouncementDelay' is declared but its value is never read.
app/components/ui-error-library/accessibility/error-announcement-system.tsx(273,11): error TS6133: 'findGroupForAnnouncement' is declared but its value is never read.
app/components/ui-error-library/accessibility/error-announcement-system.tsx(349,11): error TS6133: 'buildAnnouncementMessage' is declared but its value is never read.
app/components/ui-error-library/accessibility/high-contrast-motion-system.tsx(16,10): error TS2724: '"./enhanced-hooks"' has no exported member named 'useAccessibility'. Did you mean 'useErrorAccessibility'?
app/components/ui-error-library/accessibility/high-contrast-motion-system.tsx(172,13): error TS2353: Object literal may only specify known properties, and 'info' does not exist in type '{ primary: string; secondary: string; background: string; surface: string; error: string; warning: string; success: string; text: string; }'.
app/components/ui-error-library/accessibility/high-contrast-motion-system.tsx(357,11): error TS6133: 'announceForAccessibility' is declared but its value is never read.
app/components/ui-error-library/accessibility/high-contrast-motion-system.tsx(358,11): error TS6133: 'provideFeedback' is declared but its value is never read.
app/components/ui-error-library/accessibility/high-contrast-motion-system.tsx(359,13): error TS2339: Property 'dynamicTypeScale' does not exist on type 'DynamicTypeContextType'.
app/components/ui-error-library/accessibility/high-contrast-motion-system.tsx(372,23): error TS6198: All destructured elements are unused.
app/components/ui-error-library/accessibility/high-contrast-motion-system.tsx(456,15): error TS6133: 'baseContrast' is declared but its value is never read.
app/components/ui-error-library/accessibility/high-contrast-motion-system.tsx(457,15): error TS6133: 'highContrastThreshold' is declared but its value is never read.
app/components/ui-error-library/accessibility/high-contrast-motion-system.tsx(461,34): error TS2339: Property 'deviceSettings' does not exist on type 'HighContrastMotionConfig'.
app/components/ui-error-library/accessibility/high-contrast-motion-system.tsx(463,77): error TS2339: Property 'deviceSettings' does not exist on type 'HighContrastMotionConfig'.
app/components/ui-error-library/accessibility/high-contrast-motion-system.tsx(700,9): error TS2322: Type '() => { currentRatio: number; issues: string[]; suggestions: string[]; compliance: string; }' is not assignable to type '() => { currentRatio: number; issues: string[]; suggestions: string[]; compliance: "AA" | "AAA" | "non-compliant"; }'.
  Call signature return types '{ currentRatio: number; issues: string[]; suggestions: string[]; compliance: string; }' and '{ currentRatio: number; issues: string[]; suggestions: string[]; compliance: "AA" | "AAA" | "non-compliant"; }' are incompatible.
    The types of 'compliance' are incompatible between these types.
      Type 'string' is not assignable to type '"AA" | "AAA" | "non-compliant"'.
app/components/ui-error-library/accessibility/high-contrast-motion-system.tsx(780,42): error TS6133: 'getAccessibleTextStyle' is declared but its value is never read.
app/components/ui-error-library/accessibility/high-contrast-motion-system.tsx(814,37): error TS2345: Argument of type '"light"' is not assignable to parameter of type '"medium" | "low" | "high" | "critical"'.
app/components/ui-error-library/accessibility/high-contrast-motion-system.tsx(900,13): error TS2322: Type '{ children: ReactNode; style: any; useNativeDriver: boolean | undefined; }' is not assignable to type 'IntrinsicAttributes & AnimatedProps<ViewProps & RefAttributes<View>>'.
  Property 'useNativeDriver' does not exist on type 'IntrinsicAttributes & AnimatedProps<ViewProps & RefAttributes<View>>'.
app/components/ui-error-library/accessibility/integration-layer.tsx(7,1): error TS6133: 'Platform' is declared but its value is never read.
app/components/ui-error-library/accessibility/keyboard-navigation-system.tsx(549,67): error TS6133: 'getFocusedElement' is declared but its value is never read.
app/components/ui-error-library/accessibility/keyboard-navigation-system.tsx(615,29): error TS2339: Property 'element' does not exist on type 'never'.
app/components/ui-error-library/accessibility/multi-modal-system.tsx(11,5): error TS6133: 'View' is declared but its value is never read.
app/components/ui-error-library/accessibility/multi-modal-system.tsx(15,1): error TS6133: 'useMultiModalFeedback' is declared but its value is never read.
app/components/ui-error-library/accessibility/multi-modal-system.tsx(211,15): error TS6133: 'visualConfig' is declared but its value is never read.
app/components/ui-error-library/accessibility/multi-modal-system.tsx(270,15): error TS6133: 'hapticType' is declared but its value is never read.
app/components/ui-error-library/accessibility/multi-modal-system.tsx(468,53): error TS6133: 'preferReducedMotion' is declared but its value is never read.
app/components/ui-error-library/accessibility/validation-linting-tools.tsx(7,34): error TS6133: 'AccessibilityInfo' is declared but its value is never read.
app/components/ui-error-library/accessibility/validation-linting-tools.tsx(7,53): error TS6133: 'Platform' is declared but its value is never read.
app/components/ui-error-library/accessibility/validation-linting-tools.tsx(285,17): error TS6133: 'hasProperValue' is declared but its value is never read.
app/components/ui-error-library/accessibility/validation-linting-tools.tsx(331,19): error TS6133: 'adjustsFontSizeToFit' is declared but its value is never read.
app/components/ui-error-library/accessibility/validation-linting-tools.tsx(367,19): error TS6133: 'hasTraits' is declared but its value is never read.
app/components/ui-error-library/accessibility/validation-linting-tools.tsx(524,11): error TS6133: 'calculateContrastRatio' is declared but its value is never read.
app/components/ui-error-library/accessibility/validation-linting-tools.tsx(754,17): error TS2448: Block-scoped variable 'calculateComplianceScore' used before its declaration.
app/components/ui-error-library/accessibility/validation-linting-tools.tsx(754,17): error TS2454: Variable 'calculateComplianceScore' is used before being assigned.
app/components/ui-error-library/accessibility/voiceover-system.tsx(7,35): error TS6133: 'Platform' is declared but its value is never read.
app/components/ui-error-library/accessibility/voiceover-system.tsx(111,39): error TS6133: 'announceForAccessibilityWithOptions' is declared but its value is never read.
app/components/ui-error-library/components/accessibility/AccessibilityProvider.tsx(9,5): error TS6133: 'Text' is declared but its value is never read.
app/components/ui-error-library/components/accessibility/AccessibilityProvider.tsx(11,5): error TS6133: 'Settings' is declared but its value is never read.
app/components/ui-error-library/components/alerts/AlertDialog.tsx(16,5): error TS6133: 'StatusBar' is declared but its value is never read.
app/components/ui-error-library/components/alerts/AlertDialog.tsx(19,36): error TS6133: 'AccessibilityConfig' is declared but its value is never read.
app/components/ui-error-library/components/alerts/AlertDialog.tsx(335,15): error TS6133: 'hapticMap' is declared but its value is never read.
app/components/ui-error-library/components/alerts/AlertDialog.tsx(348,15): error TS6133: 'announcement' is declared but its value is never read.
app/components/ui-error-library/components/alerts/AlertManager.tsx(9,35): error TS6133: 'AlertManager' is declared but its value is never read.
app/components/ui-error-library/components/alerts/AlertManager.tsx(371,11): error TS6133: 'unregisterAlertRef' is declared but its value is never read.
app/components/ui-error-library/components/error-screens/ErrorScreen.tsx(19,48): error TS6133: 'RecoveryStep' is declared but its value is never read.
app/components/ui-error-library/components/error-screens/ErrorScreen.tsx(19,62): error TS6133: 'AccessibilityConfig' is declared but its value is never read.
app/components/ui-error-library/components/error-screens/ErrorScreen.tsx(21,7): error TS6133: 'screenWidth' is declared but its value is never read.
app/components/ui-error-library/components/error-screens/ErrorScreen.tsx(162,44): error TS2345: Argument of type 'string | undefined' is not assignable to parameter of type 'string'.
  Type 'undefined' is not assignable to type 'string'.
app/components/ui-error-library/components/error-screens/ErrorScreenManager.tsx(7,28): error TS6133: 'Dimensions' is declared but its value is never read.
app/components/ui-error-library/components/error-screens/ErrorScreenManager.tsx(9,47): error TS6133: 'ErrorScreenManager' is declared but its value is never read.
app/components/ui-error-library/components/error-screens/ErrorScreenManager.tsx(359,11): error TS6133: 'unregisterScreenRef' is declared but its value is never read.
app/components/ui-error-library/components/inline-errors/InlineError.tsx(16,48): error TS6133: 'AccessibilityConfig' is declared but its value is never read.
app/components/ui-error-library/components/inline-errors/InlineError.tsx(41,12): error TS6133: 'isPressed' is declared but its value is never read.
app/components/ui-error-library/components/inline-errors/InlineErrorManager.tsx(9,51): error TS6133: 'IInlineErrorManager' is declared but its value is never read.
app/components/ui-error-library/components/inline-errors/InlineErrorManager.tsx(251,11): error TS6133: 'unregisterErrorRef' is declared but its value is never read.
app/components/ui-error-library/components/inline-errors/InlineErrorManager.tsx(255,11): error TS6133: 'registerInputRef' is declared but its value is never read.
app/components/ui-error-library/components/inline-errors/InlineErrorManager.tsx(259,11): error TS6133: 'unregisterInputRef' is declared but its value is never read.
app/components/ui-error-library/components/toasts/ToastManager.tsx(9,35): error TS6133: 'ToastManager' is declared but its value is never read.
app/components/ui-error-library/components/toasts/ToastManager.tsx(11,16): error TS6133: 'screenWidth' is declared but its value is never read.
app/components/ui-error-library/components/toasts/ToastNotification.tsx(14,5): error TS6133: 'AccessibilityInfo' is declared but its value is never read.
app/components/ui-error-library/components/toasts/ToastNotification.tsx(19,36): error TS6133: 'AccessibilityConfig' is declared but its value is never read.
app/components/ui-error-library/components/toasts/ToastNotification.tsx(34,7): error TS6133: 'screenWidth' is declared but its value is never read.
app/components/ui-error-library/components/toasts/ToastNotification.tsx(44,12): error TS6133: 'progress' is declared but its value is never read.
app/components/ui-error-library/components/toasts/ToastNotification.tsx(44,22): error TS6133: 'setProgress' is declared but its value is never read.
app/components/ui-error-library/components/toasts/ToastNotification.tsx(142,15): error TS6133: 'hapticMap' is declared but its value is never read.
app/components/ui-error-library/components/toasts/ToastNotification.tsx(155,15): error TS6133: 'announcement' is declared but its value is never read.
app/components/ui-error-library/contextual-resolution/components/ResolutionWorkflow.tsx(6,38): error TS6133: 'useCallback' is declared but its value is never read.
app/components/ui-error-library/contextual-resolution/components/ResolutionWorkflow.tsx(29,7): error TS6133: 'screenWidth' is declared but its value is never read.
app/components/ui-error-library/contextual-resolution/services/SmartRecommendationEngine.ts(595,26): error TS6133: 'subcategory' is declared but its value is never read.
app/components/ui-error-library/progressive-disclosure/components/ProgressiveErrorDisclosure.tsx(15,5): error TS6133: 'AccessibilityInfo' is declared but its value is never read.
app/components/ui-error-library/progressive-disclosure/components/ProgressiveErrorDisclosure.tsx(16,5): error TS6133: 'Platform' is declared but its value is never read.
app/components/ui-error-library/progressive-disclosure/components/ProgressiveErrorDisclosure.tsx(25,5): error TS6133: 'DisclosureContext' is declared but its value is never read.
app/components/ui-error-library/progressive-disclosure/components/ProgressiveErrorDisclosure.tsx(31,7): error TS6133: 'SCREEN_WIDTH' is declared but its value is never read.
app/components/ui-error-library/progressive-disclosure/components/ProgressiveErrorDisclosure.tsx(68,11): error TS6133: 'accessibilityFeatures' is declared but its value is never read.
app/components/ui-error-library/progressive-disclosure/components/ProgressiveErrorDisclosure.tsx(73,12): error TS6133: 'expandedSections' is declared but its value is never read.
app/components/ui-error-library/progressive-disclosure/components/ProgressiveErrorDisclosure.tsx(73,30): error TS6133: 'setExpandedSections' is declared but its value is never read.
app/components/ui-error-library/progressive-disclosure/components/SmartExpansion.tsx(13,5): error TS2305: Module '"react-native"' has no exported member 'PanGestureHandler'.
app/components/ui-error-library/progressive-disclosure/components/SmartExpansion.tsx(13,5): error TS6133: 'PanGestureHandler' is declared but its value is never read.
app/components/ui-error-library/progressive-disclosure/components/SmartExpansion.tsx(14,5): error TS2305: Module '"react-native"' has no exported member 'State'.
app/components/ui-error-library/progressive-disclosure/components/SmartExpansion.tsx(14,5): error TS6133: 'State' is declared but its value is never read.
app/components/ui-error-library/progressive-disclosure/components/SmartExpansion.tsx(15,5): error TS2305: Module '"react-native"' has no exported member 'GestureHandler'.
app/components/ui-error-library/progressive-disclosure/components/SmartExpansion.tsx(15,5): error TS6133: 'GestureHandler' is declared but its value is never read.
app/components/ui-error-library/progressive-disclosure/components/SmartExpansion.tsx(16,5): error TS6133: 'InteractionManager' is declared but its value is never read.
app/components/ui-error-library/progressive-disclosure/components/SmartExpansion.tsx(42,38): error TS2694: Namespace 'global.NodeJS' has no exported member 'Timeout'.
app/components/ui-error-library/progressive-disclosure/components/SmartExpansion.tsx(421,7): error TS6133: 'ExpansionTriggerComponent' is declared but its value is never read.
app/components/ui-error-library/progressive-disclosure/index.ts(173,26): error TS2304: Cannot find name 'PayUMerchantConfig'.
app/components/ui-error-library/progressive-disclosure/index.ts(251,16): error TS2304: Cannot find name 'ProgressiveErrorDisclosure'.
app/components/ui-error-library/progressive-disclosure/services/BehaviorTrackingService.tsx(6,38): error TS6133: 'useCallback' is declared but its value is never read.
app/components/ui-error-library/progressive-disclosure/services/BehaviorTrackingService.tsx(14,5): error TS6133: 'DisclosureEvent' is declared but its value is never read.
app/components/ui-error-library/progressive-disclosure/services/BehaviorTrackingService.tsx(310,28): error TS2367: This comparison appears to be unintentional because the types '"expand" | "collapse" | "view_detail" | "view_technical" | "view_debug"' and '"swipe_up"' have no overlap.
app/components/ui-error-library/progressive-disclosure/services/BehaviorTrackingService.tsx(310,65): error TS2367: This comparison appears to be unintentional because the types '"expand" | "collapse" | "view_detail" | "view_technical" | "view_debug"' and '"long_press"' have no overlap.
app/components/ui-error-library/progressive-disclosure/services/ProgressiveDisclosureManager.tsx(6,67): error TS6133: 'useCallback' is declared but its value is never read.
app/components/ui-error-library/progressive-disclosure/services/ProgressiveDisclosureManager.tsx(18,5): error TS6133: 'DisclosureEvent' is declared but its value is never read.
app/components/ui-error-library/progressive-disclosure/services/ProgressiveDisclosureManager.tsx(206,13): error TS2322: Type '{ whatHappened: string; whyItHappened: string; whatYouCanDo: { id: string; title: string; description: string; action: () => void; estimatedTime: string; difficulty: "easy"; }[]; preventionTips: string[]; relatedFeatures: string[]; nextBestActions: { ...; }[]; }' is not assignable to type 'ErrorDetails'.
  Types of property 'nextBestActions' are incompatible.
    Type '{ action: string; probability: number; impact: string; effort: string; description: string; }[]' is not assignable to type 'NextBestAction[]'.
      Type '{ action: string; probability: number; impact: string; effort: string; description: string; }' is not assignable to type 'NextBestAction'.
        Types of property 'impact' are incompatible.
          Type 'string' is not assignable to type '"medium" | "low" | "high"'.
app/components/ui-error-library/progressive-disclosure/services/ProgressiveDisclosureManager.tsx(586,11): error TS2416: Property 'showProgressiveError' in type 'ProgressiveDisclosureManager' is not assignable to the same property in base type 'DisclosureManager'.
  Type '(error: CrossPlatformAppError, context?: Partial<DisclosureContext>) => Promise<string>' is not assignable to type '(error: CrossPlatformAppError, context?: Partial<DisclosureContext> | undefined) => string'.
    Type 'Promise<string>' is not assignable to type 'string'.
app/components/ui-error-library/progressive-disclosure/services/ProgressiveDisclosureManager.tsx(651,82): error TS2304: Cannot find name 'AccessibilityConfig'.
app/components/ui-error-library/progressive-disclosure/services/ProgressiveDisclosureManager.tsx(652,23): error TS2304: Cannot find name 'AccessibilityConfig'.
app/components/ui-error-library/progressive-disclosure/services/ProgressiveDisclosureManager.tsx(719,11): error TS2740: Type '{ state: { globalPreferences: { autoExpand: boolean; expandThreshold: number; defaultLevel: DisclosureLevel; respectExpertise: boolean; progressiveDisclose: boolean; showTechnicalByDefault: boolean; animationSpeed: "none" | ... 2 more ... | "fast"; compactMode: boolean; }; activeDisclosures: Map<...>; userProfiles: ...' is missing the following properties from type 'DisclosureManagerContextType': showProgressiveError, updateDisclosureLevel, recordInteraction, getUserEngagement, and 9 more.
app/components/ui-error-library/progressive-disclosure/services/ProgressiveDisclosureManager.tsx(744,5): error TS2740: Type '{ showProgressiveError: (error: CrossPlatformAppError, context?: Partial<DisclosureContext> | undefined) => string; updateDisclosureLevel: (id: string, level: DisclosureLevel) => void; recordInteraction: (id: string, interaction: DisclosureInteraction) => void; }' is missing the following properties from type 'DisclosureManager': getUserEngagement, adaptDisclosure, getPersonalizedContent, optimizeForAccessibility, and 6 more.
app/components/ui-error-library/progressive-disclosure/types/ProgressiveDisclosureTypes.ts(6,60): error TS2307: Cannot find module '../types/ErrorUITypes' or its corresponding type declarations.
app/components/ui-error-library/theme/ErrorThemeProvider.tsx(8,5): error TS6133: 'StyleSheet' is declared but its value is never read.
app/components/ui-error-library/theme/ErrorThemeProvider.tsx(10,5): error TS6133: 'ColorSchemeName' is declared but its value is never read.
app/components/ui-error-library/theme/ErrorThemeProvider.tsx(244,15): error TS7030: Not all code paths return a value.
app/components/ui-error-library/theme/ErrorThemeProvider.tsx(416,16): error TS7053: Element implicitly has an 'any' type because expression of type 'string' can't be used to index type '{ container: any; error: { borderLeftColor: string; backgroundColor: string; }; warning: { borderLeftColor: string; backgroundColor: string; }; success: { borderLeftColor: string; backgroundColor: string; }; info: { ...; }; } | { ...; } | { ...; } | { ...; }'.
  No index signature with a parameter of type 'string' was found on type '{ container: any; error: { borderLeftColor: string; backgroundColor: string; }; warning: { borderLeftColor: string; backgroundColor: string; }; success: { borderLeftColor: string; backgroundColor: string; }; info: { ...; }; } | { ...; } | { ...; } | { ...; }'.
app/components/ui-error-library/theme/ErrorThemeProvider.tsx(449,9): error TS2304: Cannot find name 'customBranding'.
app/components/ui-error-library/theme/ErrorThemeProvider.tsx(450,32): error TS2304: Cannot find name 'customBranding'.
app/components/ui-error-library/theme/ErrorThemeProvider.tsx(452,9): error TS2304: Cannot find name 'customBranding'.
app/components/ui-error-library/theme/ErrorThemeProvider.tsx(453,34): error TS2304: Cannot find name 'customBranding'.
app/config/app.config.ts(6,1): error TS6133: 'z' is declared but its value is never read.
app/config/app.config.ts(7,31): error TS6133: 'getEnvironment' is declared but its value is never read.
app/config/app.config.ts(7,47): error TS6133: 'isLocal' is declared but its value is never read.
app/contexts/AuthContext.tsx(38,5): error TS2353: Object literal may only specify known properties, and 'token' does not exist in type 'AuthState | (() => AuthState)'.
app/contexts/AuthContext.tsx(45,27): error TS2339: Property 'initializeAuth' does not exist on type 'AuthenticationService'.
app/contexts/AuthContext.tsx(54,37): error TS2339: Property 'onAuthStateChange' does not exist on type 'AuthenticationService'.
app/contexts/AuthContext.tsx(63,42): error TS2339: Property 'login' does not exist on type 'AuthenticationService'.
app/contexts/AuthContext.tsx(87,20): error TS2339: Property 'onboarding' does not exist on type 'AuthenticationResult'.
app/contexts/AuthContext.tsx(87,44): error TS2339: Property 'onboarding' does not exist on type 'AuthenticationResult'.
app/contexts/AuthContext.tsx(88,60): error TS2339: Property 'onboarding' does not exist on type 'AuthenticationResult'.
app/contexts/AuthContext.tsx(100,25): error TS2554: Expected 1 arguments, but got 0.
app/contexts/AuthContext.tsx(109,25): error TS2339: Property 'completeOnboardingStep' does not exist on type 'AuthenticationService'.
app/contexts/AuthContext.tsx(118,25): error TS2339: Property 'refreshUserData' does not exist on type 'AuthenticationService'.
app/contexts/AuthContext.tsx(146,22): error TS2339: Property 'token' does not exist on type 'AuthState'.
app/contexts/AuthContext.tsx(147,34): error TS2339: Property 'needsOnboarding' does not exist on type 'AuthenticationService'.
app/contexts/AuthContext.tsx(148,37): error TS2339: Property 'getNextOnboardingStep' does not exist on type 'AuthenticationService'.
app/contexts/AuthContext.tsx(181,27): error TS2551: Property 'steps' does not exist on type 'OnboardingStatus'. Did you mean 'step'?
app/contexts/AuthContext.tsx(183,27): error TS2551: Property 'steps' does not exist on type 'OnboardingStatus'. Did you mean 'step'?
app/contexts/AuthContext.tsx(185,27): error TS2551: Property 'steps' does not exist on type 'OnboardingStatus'. Did you mean 'step'?
app/contexts/AuthContext.tsx(193,23): error TS2339: Property 'progress' does not exist on type 'OnboardingStatus'.
app/contexts/AuthContext.tsx(203,27): error TS2551: Property 'steps' does not exist on type 'OnboardingStatus'. Did you mean 'step'?
app/contexts/AuthContext.tsx(205,27): error TS2551: Property 'steps' does not exist on type 'OnboardingStatus'. Did you mean 'step'?
app/contexts/SupabaseAuthContext.tsx(44,5): error TS2353: Object literal may only specify known properties, and 'subscription' does not exist in type 'AuthState | (() => AuthState)'.
app/contexts/SupabaseAuthContext.tsx(72,9): error TS2322: Type '{ data: { subscription: { unsubscribe: () => void; }; }; }' is not assignable to type '() => void'.
  Type '{ data: { subscription: { unsubscribe: () => void; }; }; }' provides no match for the signature '(): void'.
app/contexts/SupabaseAuthContext.tsx(72,61): error TS2345: Argument of type '(state: AuthState) => void' is not assignable to parameter of type '(event: string, session: any) => void'.
  Types of parameters 'state' and 'event' are incompatible.
    Type 'string' is not assignable to type 'AuthState'.
app/contexts/SupabaseAuthContext.tsx(105,50): error TS2339: Property 'id' does not exist on type 'Promise<{ data: { user: null; }; error: null; }>'.
app/contexts/SupabaseAuthContext.tsx(125,46): error TS2339: Property 'login' does not exist on type '{ signIn: (email: string, password: string) => Promise<{ data: { user: { id: string; }; session: { access_token: string; }; }; error: null; }>; signUp: (email: string, password: string) => Promise<...>; ... 5 more ...; setupAuthListener: () => { ...; }; }'.
app/contexts/SupabaseAuthContext.tsx(135,46): error TS2339: Property 'register' does not exist on type '{ signIn: (email: string, password: string) => Promise<{ data: { user: { id: string; }; session: { access_token: string; }; }; error: null; }>; signUp: (email: string, password: string) => Promise<...>; ... 5 more ...; setupAuthListener: () => { ...; }; }'.
app/contexts/SupabaseAuthContext.tsx(161,33): error TS2339: Property 'logout' does not exist on type '{ signIn: (email: string, password: string) => Promise<{ data: { user: { id: string; }; session: { access_token: string; }; }; error: null; }>; signUp: (email: string, password: string) => Promise<...>; ... 5 more ...; setupAuthListener: () => { ...; }; }'.
app/contexts/SupabaseAuthContext.tsx(214,32): error TS2339: Property 'hasProAccess' does not exist on type '{ signIn: (email: string, password: string) => Promise<{ data: { user: { id: string; }; session: { access_token: string; }; }; error: null; }>; signUp: (email: string, password: string) => Promise<...>; ... 5 more ...; setupAuthListener: () => { ...; }; }'.
app/contexts/SupabaseAuthContext.tsx(218,32): error TS2339: Property 'hasFeature' does not exist on type '{ signIn: (email: string, password: string) => Promise<{ data: { user: { id: string; }; session: { access_token: string; }; }; error: null; }>; signUp: (email: string, password: string) => Promise<...>; ... 5 more ...; setupAuthListener: () => { ...; }; }'.
app/contexts/SupabaseAuthContext.tsx(223,29): error TS2339: Property 'subscription' does not exist on type 'AuthState'.
app/contexts/SupabaseAuthContext.tsx(224,26): error TS2551: Property 'isLoading' does not exist on type 'AuthState'. Did you mean 'loading'?
app/contexts/SupabaseAuthContext.tsx(225,32): error TS2339: Property 'isAuthenticated' does not exist on type 'AuthState'.
app/contexts/SupabaseAuthContext.tsx(290,45): error TS2339: Property 'hasProAccess' does not exist on type '{ signIn: (email: string, password: string) => Promise<{ data: { user: { id: string; }; session: { access_token: string; }; }; error: null; }>; signUp: (email: string, password: string) => Promise<...>; ... 5 more ...; setupAuthListener: () => { ...; }; }'.
app/contexts/SupabaseAuthContext.tsx(291,58): error TS2339: Property 'hasFeature' does not exist on type '{ signIn: (email: string, password: string) => Promise<{ data: { user: { id: string; }; session: { access_token: string; }; }; error: null; }>; signUp: (email: string, password: string) => Promise<...>; ... 5 more ...; setupAuthListener: () => { ...; }; }'.
app/design-system/components/Button.tsx(74,21): error TS6133: 'spacing' is declared but its value is never read.
app/design-system/components/Button.tsx(74,30): error TS6133: 'typography' is declared but its value is never read.
app/design-system/components/Card.tsx(12,5): error TS6133: 'TextStyle' is declared but its value is never read.
app/design-system/components/Card.tsx(227,11): error TS6133: 'typography' is declared but its value is never read.
app/design-system/components/Input.tsx(17,8): error TS6133: 'Button' is declared but its value is never read.
app/design-system/components/Input.tsx(388,11): error TS6133: 'spacing' is declared but its value is never read.
app/design-system/providers/ThemeProvider.tsx(7,22): error TS6133: 'ColorSchemeName' is declared but its value is never read.
app/design-system/providers/ThemeProvider.tsx(40,7): error TS6133: 'SYSTEM_THEME_LISTENER_KEY' is declared but its value is never read.
app/design-system/tokens/theme.ts(207,15): error TS6133: 'isLandscape' is declared but its value is never read.
app/design-system/utils/mobile.ts(9,5): error TS6133: 'ScaledSize' is declared but its value is never read.
app/gestures/useLongPress.ts(38,9): error TS6133: 'accessibilityLabel' is declared but its value is never read.
app/gestures/useLongPress.ts(152,11): error TS6133: 'cleanup' is declared but its value is never read.
app/gestures/useSwipeGesture.ts(59,11): error TS6133: 'resetAnimations' is declared but its value is never read.
app/gestures/useSwipeGesture.ts(62,19): error TS2339: Property 'setValue' does not exist on type 'boolean'.
app/gestures/useSwipeGesture.ts(63,9): error TS18047: 'currentDirection' is possibly 'null'.
app/gestures/useSwipeGesture.ts(63,26): error TS2339: Property 'setValue' does not exist on type 'SwipeDirection'.
  Property 'setValue' does not exist on type '"left"'.
app/gestures/useSwipeGesture.ts(64,23): error TS2339: Property 'setValue' does not exist on type 'number'.
app/hooks/responsive/useResponsiveLayout.ts(9,1): error TS6133: 'DeviceDetector' is declared but its value is never read.
app/hooks/responsive/useResponsiveLayout.ts(10,1): error TS6133: 'BreakpointSystem' is declared but its value is never read.
app/hooks/useOffline.ts(9,15): error TS2614: Module '"../services/offline/NetworkConnectivityService"' has no exported member 'ValidationResult'. Did you mean to use 'import ValidationResult from "../services/offline/NetworkConnectivityService"' instead?
app/hooks/useOffline.ts(12,5): error TS2614: Module '"../services/offline/NetworkConnectivityService"' has no exported member 'NetworkState'. Did you mean to use 'import NetworkState from "../services/offline/NetworkConnectivityService"' instead?
app/hooks/useOffline.ts(13,5): error TS2614: Module '"../services/offline/NetworkConnectivityService"' has no exported member 'NetworkStatus'. Did you mean to use 'import NetworkStatus from "../services/offline/NetworkConnectivityService"' instead?
app/hooks/useOffline.ts(13,5): error TS6133: 'NetworkStatus' is declared but its value is never read.
app/hooks/useOffline.ts(14,5): error TS2614: Module '"../services/offline/NetworkConnectivityService"' has no exported member 'NetworkQuality'. Did you mean to use 'import NetworkQuality from "../services/offline/NetworkConnectivityService"' instead?
app/hooks/useOffline.ts(18,5): error TS2614: Module '"../services/offline/OfflineStateManager"' has no exported member 'OfflineState'. Did you mean to use 'import OfflineState from "../services/offline/OfflineStateManager"' instead?
app/hooks/useOffline.ts(19,5): error TS2614: Module '"../services/offline/OfflineStateManager"' has no exported member 'OfflineMode'. Did you mean to use 'import OfflineMode from "../services/offline/OfflineStateManager"' instead?
app/hooks/useOffline.ts(23,5): error TS2305: Module '"../services/offline/OfflineSyncEngine"' has no exported member 'SyncProgress'.
app/hooks/useOffline.ts(311,15): error TS7030: Not all code paths return a value.
app/hooks/useOfflineData.ts(121,15): error TS7030: Not all code paths return a value.
app/payment-failure.tsx(1,17): error TS6133: 'useEffect' is declared but its value is never read.
app/payment-success.tsx(5,1): error TS6133: 'PayUPayment' is declared but its value is never read.
app/payment-success.tsx(43,30): error TS2693: 'PayUPayment' only refers to a type, but is being used as a value here.
app/services/accessibility/MotorAccessibility.ts(6,22): error TS6133: 'Platform' is declared but its value is never read.
app/services/accessibility/MotorAccessibility.ts(31,13): error TS6133: 'touchTargets' is declared but its value is never read.
app/services/accessibility/MotorAccessibility.ts(93,15): error TS6133: 'baseSize' is declared but its value is never read.
app/services/accessibility/ScreenReaderService.ts(6,39): error TS6133: 'findNodeHandle' is declared but its value is never read.
app/services/accessibility/ScreenReaderService.ts(7,1): error TS6133: 'AccessibilityManager' is declared but its value is never read.
app/services/accessibility/VoiceControlService.ts(6,20): error TS6133: 'NativeModules' is declared but its value is never read.
app/services/accessibility/VoiceControlService.ts(201,21): error TS6133: 'id' is declared but its value is never read.
app/services/accessibility/VoiceControlService.ts(320,19): error TS6133: 'shortcuts' is declared but its value is never read.
app/services/accessibility/VoiceControlService.ts(510,21): error TS6133: 'id' is declared but its value is never read.
app/services/fake-call/__tests__/AccessibilityTestSuite.test.ts(6,1): error TS6133: 'React' is declared but its value is never read.
app/services/fake-call/__tests__/AccessibilityTestSuite.test.ts(7,1): error TS6133: 'Platform' is declared but its value is never read.
app/services/fake-call/__tests__/AccessibilityTestSuite.test.ts(8,1): error TS6192: All imports in import declaration are unused.
app/services/fake-call/__tests__/AccessibilityTestSuite.test.ts(10,5): error TS2614: Module '"../FakeCallService"' has no exported member 'voiceSynthesisService'. Did you mean to use 'import voiceSynthesisService from "../FakeCallService"' instead?
app/services/fake-call/__tests__/AccessibilityTestSuite.test.ts(11,5): error TS2614: Module '"../FakeCallService"' has no exported member 'callerIDService'. Did you mean to use 'import callerIDService from "../FakeCallService"' instead?
app/services/fake-call/__tests__/AccessibilityTestSuite.test.ts(14,5): error TS6133: 'CallAction' is declared but its value is never read.
app/services/fake-call/__tests__/AccessibilityTestSuite.test.ts(19,5): error TS6133: 'MockCallerInfoFactory' is declared but its value is never read.
app/services/fake-call/__tests__/AccessibilityTestSuite.test.ts(20,5): error TS6133: 'MockVoiceProfileFactory' is declared but its value is never read.
app/services/fake-call/__tests__/AccessibilityTestSuite.test.ts(21,5): error TS6133: 'MockFakeCallConfigFactory' is declared but its value is never read.
app/services/fake-call/__tests__/AccessibilityTestSuite.test.ts(22,5): error TS6133: 'MockCallScheduleFactory' is declared but its value is never read.
app/services/fake-call/__tests__/AccessibilityTestSuite.test.ts(29,5): error TS6133: 'AccessibilityTestHelper' is declared but its value is never read.
app/services/fake-call/__tests__/AccessibilityTestSuite.test.ts(30,5): error TS6133: 'SecurityTestHelper' is declared but its value is never read.
app/services/fake-call/__tests__/AccessibilityTestSuite.test.ts(34,5): error TS6133: 'ACCESSIBILITY_STANDARDS' is declared but its value is never read.
app/services/fake-call/__tests__/AccessibilityTestSuite.test.ts(36,5): error TS6133: 'TEST_TIMEOUTS' is declared but its value is never read.
app/services/fake-call/__tests__/AccessibilityTestSuite.test.ts(41,9): error TS6133: 'mockVoiceSynthesisService' is declared but its value is never read.
app/services/fake-call/__tests__/AccessibilityTestSuite.test.ts(74,23): error TS6133: 'highContrastPrefs' is declared but its value is never read.
app/services/fake-call/__tests__/AccessibilityTestSuite.test.ts(124,24): error TS7053: Element implicitly has an 'any' type because expression of type 'CallState' can't be used to index type '{ scheduled: string; incoming: string; active: string; ended: string; failed: string; }'.
  Property '[CallState.CONNECTED]' does not exist on type '{ scheduled: string; incoming: string; active: string; ended: string; failed: string; }'.
app/services/fake-call/__tests__/AccessibilityTestSuite.test.ts(162,16): error TS2304: Cannot find name 'AccessibilityTestSuite'.
app/services/fake-call/__tests__/EdgeCaseTestScenarios.test.ts(6,1): error TS6133: 'React' is declared but its value is never read.
app/services/fake-call/__tests__/EdgeCaseTestScenarios.test.ts(7,1): error TS6192: All imports in import declaration are unused.
app/services/fake-call/__tests__/EdgeCaseTestScenarios.test.ts(8,1): error TS6192: All imports in import declaration are unused.
app/services/fake-call/__tests__/EdgeCaseTestScenarios.test.ts(10,5): error TS2614: Module '"../FakeCallService"' has no exported member 'voiceSynthesisService'. Did you mean to use 'import voiceSynthesisService from "../FakeCallService"' instead?
app/services/fake-call/__tests__/EdgeCaseTestScenarios.test.ts(11,5): error TS2614: Module '"../FakeCallService"' has no exported member 'callerIDService'. Did you mean to use 'import callerIDService from "../FakeCallService"' instead?
app/services/fake-call/__tests__/EdgeCaseTestScenarios.test.ts(12,5): error TS2614: Module '"../FakeCallService"' has no exported member 'notificationService'. Did you mean to use 'import notificationService from "../FakeCallService"' instead?
app/services/fake-call/__tests__/EdgeCaseTestScenarios.test.ts(16,5): error TS6133: 'CallAction' is declared but its value is never read.
app/services/fake-call/__tests__/EdgeCaseTestScenarios.test.ts(17,5): error TS6133: 'CallErrorType' is declared but its value is never read.
app/services/fake-call/__tests__/EdgeCaseTestScenarios.test.ts(21,5): error TS6133: 'MockCallerInfoFactory' is declared but its value is never read.
app/services/fake-call/__tests__/EdgeCaseTestScenarios.test.ts(22,5): error TS6133: 'MockFakeCallConfigFactory' is declared but its value is never read.
app/services/fake-call/__tests__/EdgeCaseTestScenarios.test.ts(25,5): error TS6133: 'MockCallErrorFactory' is declared but its value is never read.
app/services/fake-call/__tests__/EdgeCaseTestScenarios.test.ts(32,5): error TS6133: 'PerformanceTestHelper' is declared but its value is never read.
app/services/fake-call/__tests__/EdgeCaseTestScenarios.test.ts(36,5): error TS6133: 'TEST_TIMEOUTS' is declared but its value is never read.
app/services/fake-call/__tests__/EdgeCaseTestScenarios.test.ts(38,5): error TS6133: 'ERROR_TYPES' is declared but its value is never read.
app/services/fake-call/__tests__/EdgeCaseTestScenarios.test.ts(39,5): error TS6133: 'INTEGRATION_TEST_TIMEOUTS' is declared but its value is never read.
app/services/fake-call/__tests__/EdgeCaseTestScenarios.test.ts(45,9): error TS6133: 'mockCallerIDService' is declared but its value is never read.
app/services/fake-call/__tests__/EdgeCaseTestScenarios.test.ts(136,19): error TS6133: 'callData' is declared but its value is never read.
app/services/fake-call/__tests__/EdgeCaseTestScenarios.test.ts(339,16): error TS2304: Cannot find name 'EdgeCaseTestScenarios'.
app/services/fake-call/__tests__/FakeCallTestSuite.test.ts(6,1): error TS6133: 'React' is declared but its value is never read.
app/services/fake-call/__tests__/FakeCallTestSuite.test.ts(7,1): error TS6133: 'Platform' is declared but its value is never read.
app/services/fake-call/__tests__/FakeCallTestSuite.test.ts(8,1): error TS6192: All imports in import declaration are unused.
app/services/fake-call/__tests__/FakeCallTestSuite.test.ts(10,5): error TS2614: Module '"../FakeCallService"' has no exported member 'voiceSynthesisService'. Did you mean to use 'import voiceSynthesisService from "../FakeCallService"' instead?
app/services/fake-call/__tests__/FakeCallTestSuite.test.ts(11,5): error TS2614: Module '"../FakeCallService"' has no exported member 'callerIDService'. Did you mean to use 'import callerIDService from "../FakeCallService"' instead?
app/services/fake-call/__tests__/FakeCallTestSuite.test.ts(12,5): error TS2614: Module '"../FakeCallService"' has no exported member 'notificationService'. Did you mean to use 'import notificationService from "../FakeCallService"' instead?
app/services/fake-call/__tests__/FakeCallTestSuite.test.ts(15,5): error TS6133: 'CallState' is declared but its value is never read.
app/services/fake-call/__tests__/FakeCallTestSuite.test.ts(24,5): error TS6133: 'MockVoiceProfileFactory' is declared but its value is never read.
app/services/fake-call/__tests__/FakeCallTestSuite.test.ts(27,5): error TS6133: 'MockCallStateDataFactory' is declared but its value is never read.
app/services/fake-call/__tests__/FakeCallTestSuite.test.ts(28,5): error TS6133: 'MockDeviceInfoFactory' is declared but its value is never read.
app/services/fake-call/__tests__/FakeCallTestSuite.test.ts(29,5): error TS6133: 'MockCallErrorFactory' is declared but its value is never read.
app/services/fake-call/__tests__/FakeCallTestSuite.test.ts(31,5): error TS6133: 'MockAudioBufferInfoFactory' is declared but its value is never read.
app/services/fake-call/__tests__/FakeCallTestSuite.test.ts(316,37): error TS7006: Parameter 'call' implicitly has an 'any' type.
app/services/fake-call/__tests__/FakeCallTestSuite.test.ts(437,20): error TS18046: 'result' is of type 'unknown'.
app/services/fake-call/__tests__/FakeCallTestSuite.test.ts(451,20): error TS18046: 'result' is of type 'unknown'.
app/services/fake-call/__tests__/FakeCallTestSuite.test.ts(466,20): error TS18046: 'result' is of type 'unknown'.
app/services/fake-call/__tests__/FakeCallTestSuite.test.ts(488,24): error TS18046: 'result.result' is of type 'unknown'.
app/services/fake-call/__tests__/FakeCallTestSuite.test.ts(535,13): error TS2322: Type '{ callDuration: number; voiceProfileId: string; callerInfo: { name: string; phoneNumber: string; callerType: any; }; callType: FakeCallType; priority: CallPriority; autoAnswer: boolean; audioMessage?: string; customRingtone?: string; vibratePattern?: number[]; backgroundImage?: string; emergencyOverride: boolean; }' is not assignable to type 'FakeCallConfig'.
  Types of property 'callerInfo' are incompatible.
    Type '{ name: string; phoneNumber: string; callerType: any; }' is missing the following properties from type 'CallerInfo': id, riskLevel, isVerified, displayName
app/services/fake-call/__tests__/FakeCallTestSuite.test.ts(605,13): error TS18048: 'maliciousInputs' is possibly 'undefined'.
app/services/fake-call/__tests__/FakeCallTestSuite.test.ts(712,16): error TS2304: Cannot find name 'FakeCallTestSuite'.
app/services/fake-call/__tests__/MockFactories.ts(12,5): error TS6133: 'CallInteraction' is declared but its value is never read.
app/services/fake-call/__tests__/MockFactories.ts(15,5): error TS6133: 'NotificationCapabilities' is declared but its value is never read.
app/services/fake-call/__tests__/MockFactories.ts(18,5): error TS6133: 'VoiceQuality' is declared but its value is never read.
app/services/fake-call/__tests__/MockFactories.ts(19,5): error TS6133: 'CallMessage' is declared but its value is never read.
app/services/fake-call/__tests__/MockFactories.ts(21,5): error TS6133: 'ProTierSecurity' is declared but its value is never read.
app/services/fake-call/__tests__/MockFactories.ts(23,5): error TS6133: 'FeatureLimitStatus' is declared but its value is never read.
app/services/fake-call/__tests__/MockFactories.ts(24,5): error TS6133: 'SafetyValidation' is declared but its value is never read.
app/services/fake-call/__tests__/MockFactories.ts(25,5): error TS6133: 'SafeNameDatabase' is declared but its value is never read.
app/services/fake-call/__tests__/MockFactories.ts(26,5): error TS6133: 'PhoneNumberValidation' is declared but its value is never read.
app/services/fake-call/__tests__/MockFactories.ts(27,5): error TS6133: 'CallerIDSafety' is declared but its value is never read.
app/services/fake-call/__tests__/MockFactories.ts(30,5): error TS6133: 'FakeCallNotificationType' is declared but its value is never read.
app/services/fake-call/__tests__/MockFactories.ts(31,5): error TS6133: 'FakeCallResult' is declared but its value is never read.
app/services/fake-call/__tests__/PerformanceTestScenarios.test.ts(6,1): error TS6133: 'React' is declared but its value is never read.
app/services/fake-call/__tests__/PerformanceTestScenarios.test.ts(7,1): error TS6133: 'Platform' is declared but its value is never read.
app/services/fake-call/__tests__/PerformanceTestScenarios.test.ts(8,1): error TS6192: All imports in import declaration are unused.
app/services/fake-call/__tests__/PerformanceTestScenarios.test.ts(10,5): error TS2614: Module '"../FakeCallService"' has no exported member 'voiceSynthesisService'. Did you mean to use 'import voiceSynthesisService from "../FakeCallService"' instead?
app/services/fake-call/__tests__/PerformanceTestScenarios.test.ts(11,5): error TS2614: Module '"../FakeCallService"' has no exported member 'callerIDService'. Did you mean to use 'import callerIDService from "../FakeCallService"' instead?
app/services/fake-call/__tests__/PerformanceTestScenarios.test.ts(13,1): error TS6133: 'CallAction' is declared but its value is never read.
app/services/fake-call/__tests__/PerformanceTestScenarios.test.ts(19,5): error TS6133: 'MockFakeCallConfigFactory' is declared but its value is never read.
app/services/fake-call/__tests__/PerformanceTestScenarios.test.ts(20,5): error TS6133: 'MockCallScheduleFactory' is declared but its value is never read.
app/services/fake-call/__tests__/PerformanceTestScenarios.test.ts(21,5): error TS6133: 'MockStressTestFactory' is declared but its value is never read.
app/services/fake-call/__tests__/PerformanceTestScenarios.test.ts(22,5): error TS6133: 'MockAudioBufferInfoFactory' is declared but its value is never read.
app/services/fake-call/__tests__/PerformanceTestScenarios.test.ts(33,5): error TS6133: 'PERFORMANCE_TEST_SCENARIOS' is declared but its value is never read.
app/services/fake-call/__tests__/PerformanceTestScenarios.test.ts(34,5): error TS6133: 'CALL_LIMITS' is declared but its value is never read.
app/services/fake-call/__tests__/PerformanceTestScenarios.test.ts(68,20): error TS18046: 'result' is of type 'unknown'.
app/services/fake-call/__tests__/PerformanceTestScenarios.test.ts(113,24): error TS18046: 'result' is of type 'unknown'.
app/services/fake-call/__tests__/PerformanceTestScenarios.test.ts(136,24): error TS18046: 'result' is of type 'unknown'.
app/services/fake-call/__tests__/PerformanceTestScenarios.test.ts(230,16): error TS2552: Cannot find name 'PerformanceTestScenarios'. Did you mean 'PERFORMANCE_TEST_SCENARIOS'?
app/services/fake-call/__tests__/PlatformSpecificTests.test.ts(6,1): error TS6133: 'React' is declared but its value is never read.
app/services/fake-call/__tests__/PlatformSpecificTests.test.ts(7,1): error TS6133: 'Platform' is declared but its value is never read.
app/services/fake-call/__tests__/PlatformSpecificTests.test.ts(8,1): error TS6192: All imports in import declaration are unused.
app/services/fake-call/__tests__/PlatformSpecificTests.test.ts(10,5): error TS2614: Module '"../FakeCallService"' has no exported member 'voiceSynthesisService'. Did you mean to use 'import voiceSynthesisService from "../FakeCallService"' instead?
app/services/fake-call/__tests__/PlatformSpecificTests.test.ts(11,5): error TS2614: Module '"../FakeCallService"' has no exported member 'callerIDService'. Did you mean to use 'import callerIDService from "../FakeCallService"' instead?
app/services/fake-call/__tests__/PlatformSpecificTests.test.ts(13,1): error TS6192: All imports in import declaration are unused.
app/services/fake-call/__tests__/PlatformSpecificTests.test.ts(18,1): error TS6192: All imports in import declaration are unused.
app/services/fake-call/__tests__/PlatformSpecificTests.test.ts(28,5): error TS6133: 'PerformanceTestHelper' is declared but its value is never read.
app/services/fake-call/__tests__/PlatformSpecificTests.test.ts(33,5): error TS6133: 'PLATFORM_TEST_DATA' is declared but its value is never read.
app/services/fake-call/__tests__/PlatformSpecificTests.test.ts(34,5): error TS6133: 'TEST_TIMEOUTS' is declared but its value is never read.
app/services/fake-call/__tests__/PlatformSpecificTests.test.ts(38,9): error TS6133: 'mockFakeCallService' is declared but its value is never read.
app/services/fake-call/__tests__/PlatformSpecificTests.test.ts(39,9): error TS6133: 'mockVoiceSynthesisService' is declared but its value is never read.
app/services/fake-call/__tests__/PlatformSpecificTests.test.ts(40,9): error TS6133: 'mockCallerIDService' is declared but its value is never read.
app/services/fake-call/__tests__/PlatformSpecificTests.test.ts(146,36): error TS2339: Property 'canBackgroundAudio' does not exist on type '{ readonly hasCallKit: false; readonly hasInCallService: false; readonly canCriticalAlerts: false; readonly canFullScreenIntent: false; readonly supportedAudioFormats: readonly ["mp3", "wav"]; readonly maxCallDuration: 180; }'.
app/services/fake-call/__tests__/PlatformSpecificTests.test.ts(147,36): error TS2339: Property 'canBadge' does not exist on type '{ readonly hasCallKit: false; readonly hasInCallService: false; readonly canCriticalAlerts: false; readonly canFullScreenIntent: false; readonly supportedAudioFormats: readonly ["mp3", "wav"]; readonly maxCallDuration: 180; }'.
app/services/fake-call/__tests__/PlatformSpecificTests.test.ts(203,24): error TS7053: Element implicitly has an 'any' type because expression of type 'string' can't be used to index type '{ initialize: string; scheduleCall: string; triggerCall: string; endCall: string; }'.
  No index signature with a parameter of type 'string' was found on type '{ initialize: string; scheduleCall: string; triggerCall: string; endCall: string; }'.
app/services/fake-call/__tests__/PlatformSpecificTests.test.ts(203,55): error TS7053: Element implicitly has an 'any' type because expression of type 'string' can't be used to index type '{ initialize: string; scheduleCall: string; triggerCall: string; endCall: string; }'.
  No index signature with a parameter of type 'string' was found on type '{ initialize: string; scheduleCall: string; triggerCall: string; endCall: string; }'.
app/services/fake-call/__tests__/PlatformSpecificTests.test.ts(204,24): error TS7053: Element implicitly has an 'any' type because expression of type 'string' can't be used to index type '{ initialize: string; scheduleCall: string; triggerCall: string; endCall: string; }'.
  No index signature with a parameter of type 'string' was found on type '{ initialize: string; scheduleCall: string; triggerCall: string; endCall: string; }'.
app/services/fake-call/__tests__/PlatformSpecificTests.test.ts(204,55): error TS7053: Element implicitly has an 'any' type because expression of type 'string' can't be used to index type '{ initialize: string; scheduleCall: string; triggerCall: string; endCall: string; }'.
  No index signature with a parameter of type 'string' was found on type '{ initialize: string; scheduleCall: string; triggerCall: string; endCall: string; }'.
app/services/fake-call/__tests__/PlatformSpecificTests.test.ts(231,32): error TS7053: Element implicitly has an 'any' type because expression of type 'string' can't be used to index type '{ ios: { maxCallDuration: number; supportsBackgroundAudio: boolean; supportsFullScreenIntent: boolean; supportsCriticalAlerts: boolean; }; android: { maxCallDuration: number; supportsBackgroundAudio: boolean; supportsFullScreenIntent: boolean; supportsCriticalAlerts: boolean; }; web: { ...; }; }'.
  No index signature with a parameter of type 'string' was found on type '{ ios: { maxCallDuration: number; supportsBackgroundAudio: boolean; supportsFullScreenIntent: boolean; supportsCriticalAlerts: boolean; }; android: { maxCallDuration: number; supportsBackgroundAudio: boolean; supportsFullScreenIntent: boolean; supportsCriticalAlerts: boolean; }; web: { ...; }; }'.
app/services/fake-call/__tests__/PlatformSpecificTests.test.ts(257,16): error TS2304: Cannot find name 'PlatformSpecificTests'.
app/services/fake-call/__tests__/SecurityTestSuite.test.ts(6,1): error TS6133: 'React' is declared but its value is never read.
app/services/fake-call/__tests__/SecurityTestSuite.test.ts(7,1): error TS6133: 'Platform' is declared but its value is never read.
app/services/fake-call/__tests__/SecurityTestSuite.test.ts(8,1): error TS6192: All imports in import declaration are unused.
app/services/fake-call/__tests__/SecurityTestSuite.test.ts(10,5): error TS2614: Module '"../FakeCallService"' has no exported member 'voiceSynthesisService'. Did you mean to use 'import voiceSynthesisService from "../FakeCallService"' instead?
app/services/fake-call/__tests__/SecurityTestSuite.test.ts(11,5): error TS2614: Module '"../FakeCallService"' has no exported member 'callerIDService'. Did you mean to use 'import callerIDService from "../FakeCallService"' instead?
app/services/fake-call/__tests__/SecurityTestSuite.test.ts(13,1): error TS6192: All imports in import declaration are unused.
app/services/fake-call/__tests__/SecurityTestSuite.test.ts(18,1): error TS6192: All imports in import declaration are unused.
app/services/fake-call/__tests__/SecurityTestSuite.test.ts(28,5): error TS6133: 'ErrorSimulationHelper' is declared but its value is never read.
app/services/fake-call/__tests__/SecurityTestSuite.test.ts(33,5): error TS6133: 'TEST_TIMEOUTS' is declared but its value is never read.
app/services/fake-call/__tests__/SecurityTestSuite.test.ts(34,5): error TS6133: 'ERROR_TYPES' is declared but its value is never read.
app/services/fake-call/__tests__/SecurityTestSuite.test.ts(38,9): error TS6133: 'mockFakeCallService' is declared but its value is never read.
app/services/fake-call/__tests__/SecurityTestSuite.test.ts(39,9): error TS6133: 'mockVoiceSynthesisService' is declared but its value is never read.
app/services/fake-call/__tests__/SecurityTestSuite.test.ts(195,16): error TS2304: Cannot find name 'SecurityTestSuite'.
app/services/fake-call/__tests__/TestConstants.ts(549,64): error TS2339: Property 'MAX_DURATION' does not exist on type '{ readonly MAX_DURATION: 2000; readonly ACCEPTABLE_DURATION: 1000; } | { readonly MAX_DURATION: 500; readonly ACCEPTABLE_DURATION: 200; } | { readonly MAX_DURATION: 1000; readonly ACCEPTABLE_DURATION: 300; } | ... 4 more ... | { ...; }'.
  Property 'MAX_DURATION' does not exist on type '{ readonly MAX_LATENCY: 200; readonly ACCEPTABLE_LATENCY: 100; }'.
app/services/fake-call/__tests__/TestConstants.ts(565,60): error TS2345: Argument of type '"IOS" | "ANDROID" | "WEB"' is not assignable to parameter of type '"ios" | "android" | "web"'.
  Type '"IOS"' is not assignable to type '"ios" | "android" | "web"'. Did you mean '"ios"'?
app/services/fake-call/__tests__/TestHelpers.ts(9,5): error TS6133: 'CallPriority' is declared but its value is never read.
app/services/fake-call/__tests__/TestHelpers.ts(10,5): error TS6133: 'CallError' is declared but its value is never read.
app/services/fake-call/__tests__/TestHelpers.ts(14,5): error TS6133: 'FakeCallConfig' is declared but its value is never read.
app/services/fake-call/__tests__/TestHelpers.ts(20,5): error TS6133: 'FakeCallResult' is declared but its value is never read.
app/services/fake-call/__tests__/TestHelpers.ts(26,5): error TS6133: 'MockFakeCallConfigFactory' is declared but its value is never read.
app/services/fake-call/__tests__/TestHelpers.ts(27,5): error TS6133: 'MockCallScheduleFactory' is declared but its value is never read.
app/services/fake-call/__tests__/TestHelpers.ts(29,5): error TS6133: 'MockDeviceInfoFactory' is declared but its value is never read.
app/services/fake-call/__tests__/TestHelpers.ts(30,5): error TS6133: 'MockCallErrorFactory' is declared but its value is never read.
app/services/fake-call/__tests__/TestHelpers.ts(33,5): error TS6133: 'MockStressTestFactory' is declared but its value is never read.
app/services/fake-call/__tests__/TestHelpers.ts(46,10): error TS2304: Cannot find name 'global'.
app/services/fake-call/__tests__/TestHelpers.ts(47,10): error TS2304: Cannot find name 'global'.
app/services/fake-call/__tests__/TestHelpers.ts(648,13): error TS2367: This comparison appears to be unintentional because the types 'Platform' and 'string' have no overlap.
app/services/fake-call/__tests__/TestHelpers.ts(650,20): error TS2367: This comparison appears to be unintentional because the types 'Platform' and 'string' have no overlap.
app/services/fake-call/accessibility/FakeCallAccessibilityProvider.tsx(7,1): error TS6133: 'Platform' is declared but its value is never read.
app/services/fake-call/accessibility/FakeCallAccessibilityProvider.tsx(9,5): error TS6133: 'AccessibilityProvider' is declared but its value is never read.
app/services/fake-call/accessibility/FakeCallAccessibilityProvider.tsx(10,5): error TS6133: 'VoiceOverProvider' is declared but its value is never read.
app/services/fake-call/accessibility/FakeCallAccessibilityProvider.tsx(11,5): error TS6133: 'DynamicTypeProvider' is declared but its value is never read.
app/services/fake-call/accessibility/FakeCallAccessibilityProvider.tsx(12,5): error TS6133: 'MultiModalProvider' is declared but its value is never read.
app/services/fake-call/accessibility/FakeCallAccessibilityProvider.tsx(13,5): error TS6133: 'KeyboardNavigationProvider' is declared but its value is never read.
app/services/fake-call/accessibility/FakeCallAccessibilityProvider.tsx(14,5): error TS6133: 'CognitiveAccessibilityProvider' is declared but its value is never read.
app/services/fake-call/accessibility/FakeCallAccessibilityProvider.tsx(15,5): error TS6133: 'ErrorAnnouncementProvider' is declared but its value is never read.
app/services/fake-call/accessibility/FakeCallAccessibilityProvider.tsx(16,5): error TS6133: 'HighContrastMotionProvider' is declared but its value is never read.
app/services/fake-call/accessibility/FakeCallAccessibilityProvider.tsx(17,5): error TS2724: '"../../../components/ui-error-library/accessibility/master-accessibility-provider"' has no exported member named 'MasterAccessibilityProvider'. Did you mean 'AccessibilityProvider'?
app/services/fake-call/accessibility/FakeCallAccessibilityProvider.tsx(21,5): error TS2724: '"../../../components/ui-error-library/accessibility/enhanced-hooks"' has no exported member named 'useAccessibility'. Did you mean 'useErrorAccessibility'?
app/services/fake-call/accessibility/FakeCallAccessibilityProvider.tsx(291,11): error TS6133: 'voiceOver' is declared but its value is never read.
app/services/fake-call/accessibility/FakeCallAccessibilityProvider.tsx(493,37): error TS2349: This expression is not callable.
  Type 'Boolean' has no call signatures.
app/services/fake-call/accessibility/FakeCallAccessibilityProvider.tsx(614,14): error TS2304: Cannot find name 'View'.
app/services/fake-call/accessibility/FakeCallAccessibilityProvider.tsx(628,7): error TS2304: Cannot find name 'View'.
app/services/fake-call/accessibility/index.ts(64,15): error TS2304: Cannot find name 'FakeCallAccessibilityProvider'.
app/services/fake-call/accessibility/index.ts(65,19): error TS2304: Cannot find name 'VoiceControlIntegration'.
app/services/fake-call/accessibility/VoiceControlIntegration.tsx(7,34): error TS6133: 'Alert' is declared but its value is never read.
app/services/fake-call/accessibility/VoiceControlIntegration.tsx(115,38): error TS2694: Namespace 'global.NodeJS' has no exported member 'Timeout'.
app/services/fake-call/accessibility/VoiceControlIntegration.tsx(181,13): error TS2322: Type '{ phrase: string; action: () => void | undefined; confidence: number; description: string; category: string; alternatives: string[]; }' is not assignable to type 'VoiceCommand'.
  Types of property 'category' are incompatible.
    Type 'string' is not assignable to type '"custom" | "navigation" | "call_control" | "call_settings"'.
app/services/fake-call/accessibility/VoiceControlIntegration.tsx(204,17): error TS2322: Type 'string' is not assignable to type '"custom" | "navigation" | "call_control" | "call_settings"'.
app/services/fake-call/accessibility/VoiceControlIntegration.tsx(218,17): error TS2322: Type 'string' is not assignable to type '"custom" | "navigation" | "call_control" | "call_settings"'.
app/services/fake-call/accessibility/VoiceControlIntegration.tsx(231,17): error TS2322: Type 'string' is not assignable to type '"custom" | "navigation" | "call_control" | "call_settings"'.
app/services/fake-call/accessibility/VoiceControlIntegration.tsx(390,11): error TS6133: 'registerCommand' is declared but its value is never read.
app/services/fake-call/accessibility/VoiceControlIntegration.tsx(399,11): error TS6133: 'unregisterCommand' is declared but its value is never read.
app/services/fake-call/CallerIDService.ts(15,5): error TS6133: 'CallerIDSafety' is declared but its value is never read.
app/services/fake-call/CallerIDService.ts(21,1): error TS6192: All imports in import declaration are unused.
app/services/fake-call/CallerIDService.ts(75,22): error TS6133: 'CACHE_DURATION' is declared but its value is never read.
app/services/fake-call/FakeCallAuthService.ts(11,1): error TS6133: 'authenticationService' is declared but its value is never read.
app/services/fake-call/FakeCallAuthService.ts(427,21): error TS2322: Type 'string' is not assignable to type 'Platform'.
  Type 'string' is not assignable to type 'Platform'.
app/services/fake-call/FakeCallAuthService.ts(443,21): error TS2322: Type 'string' is not assignable to type 'Platform'.
  Type 'string' is not assignable to type 'Platform'.
app/services/fake-call/FakeCallService.ts(14,5): error TS6133: 'FakeCallType' is declared but its value is never read.
app/services/fake-call/FakeCallService.ts(103,20): error TS6133: 'voiceInit' is declared but its value is never read.
app/services/fake-call/FakeCallService.ts(103,31): error TS6133: 'callerIDInit' is declared but its value is never read.
app/services/fake-call/FakeCallService.ts(103,45): error TS6133: 'notificationInit' is declared but its value is never read.
app/services/fake-call/PermissionManager.ts(12,1): error TS6133: 'privacyManager' is declared but its value is never read.
app/services/fake-call/PermissionManager.ts(13,10): error TS6133: 'FakeCallConfig' is declared but its value is never read.
app/services/fake-call/PermissionManager.ts(274,21): error TS2322: Type 'string' is not assignable to type 'Platform'.
  Type 'string' is not assignable to type 'Platform'.
app/services/fake-call/PermissionManager.ts(290,21): error TS2322: Type 'string' is not assignable to type 'Platform'.
  Type 'string' is not assignable to type 'Platform'.
app/services/fake-call/PermissionManager.ts(554,17): error TS2322: Type 'string' is not assignable to type 'Platform'.
  Type 'string' is not assignable to type 'Platform'.
app/services/fake-call/PermissionManager.ts(593,29): error TS2322: Type '(value: void | PromiseLike<void>) => void' is not assignable to type '((value?: string | undefined) => void) | ((value?: { login: string; password: string; } | undefined) => void) | undefined'.
  Type '(value: void | PromiseLike<void>) => void' is not assignable to type '(value?: string | undefined) => void'.
    Types of parameters 'value' and 'value' are incompatible.
      Type 'string | undefined' is not assignable to type 'void | PromiseLike<void>'.
        Type 'string' is not assignable to type 'void | PromiseLike<void>'.
app/services/fake-call/PermissionManager.ts(598,29): error TS2322: Type '(value: void | PromiseLike<void>) => void' is not assignable to type '((value?: string | undefined) => void) | ((value?: { login: string; password: string; } | undefined) => void) | undefined'.
  Type '(value: void | PromiseLike<void>) => void' is not assignable to type '(value?: string | undefined) => void'.
    Types of parameters 'value' and 'value' are incompatible.
      Type 'string | undefined' is not assignable to type 'void | PromiseLike<void>'.
        Type 'string' is not assignable to type 'void | PromiseLike<void>'.
app/services/fake-call/PermissionManager.ts(615,25): error TS2322: Type '(value: void | PromiseLike<void>) => void' is not assignable to type '((value?: string | undefined) => void) | ((value?: { login: string; password: string; } | undefined) => void) | undefined'.
  Type '(value: void | PromiseLike<void>) => void' is not assignable to type '(value?: string | undefined) => void'.
    Types of parameters 'value' and 'value' are incompatible.
      Type 'string | undefined' is not assignable to type 'void | PromiseLike<void>'.
        Type 'string' is not assignable to type 'void | PromiseLike<void>'.
app/services/fake-call/PermissionManager.ts(620,25): error TS2322: Type '(value: void | PromiseLike<void>) => void' is not assignable to type '((value?: string | undefined) => void) | ((value?: { login: string; password: string; } | undefined) => void) | undefined'.
  Type '(value: void | PromiseLike<void>) => void' is not assignable to type '(value?: string | undefined) => void'.
    Types of parameters 'value' and 'value' are incompatible.
      Type 'string | undefined' is not assignable to type 'void | PromiseLike<void>'.
        Type 'string' is not assignable to type 'void | PromiseLike<void>'.
app/services/fake-call/PermissionManager.ts(770,52): error TS2339: Property 'SYSTEM_ALERT_WINDOW' does not exist on type '{ READ_CALENDAR: Permission; WRITE_CALENDAR: Permission; CAMERA: Permission; READ_CONTACTS: Permission; WRITE_CONTACTS: Permission; ... 37 more ...; NEARBY_WIFI_DEVICES: Permission; }'.
app/services/fake-call/ProTierIntegration.test.ts(233,19): error TS6133: 'permissionRequest' is declared but its value is never read.
app/services/fake-call/SecurityValidator.ts(13,79): error TS6133: 'FakeCallConfig' is declared but its value is never read.
app/services/fake-call/SecurityValidator.ts(13,95): error TS6133: 'CallError' is declared but its value is never read.
app/services/fake-call/SecurityValidator.ts(13,106): error TS6133: 'CallErrorType' is declared but its value is never read.
app/services/fake-call/SecurityValidator.ts(13,121): error TS6133: 'FakeCallResult' is declared but its value is never read.
app/services/fake-call/SecurityValidator.ts(99,13): error TS6133: 'blockedPatterns' is declared but its value is never read.
app/services/fake-call/SecurityValidator.ts(100,13): error TS6133: 'privacySettings' is declared but its value is never read.
app/services/fake-call/types.ts(8,5): error TS6133: 'NotificationType' is declared but its value is never read.
app/services/fake-call/types.ts(10,5): error TS6133: 'NotificationPriority' is declared but its value is never read.
app/services/fake-call/types.ts(11,5): error TS6133: 'NotificationAction' is declared but its value is never read.
app/services/fake-call/types.ts(13,5): error TS6133: 'PlatformNotificationData' is declared but its value is never read.
app/services/fake-call/types.ts(488,18): error TS2430: Interface 'FakeCallNotificationData' incorrectly extends interface 'NotificationData'.
  Types of property 'type' are incompatible.
    Type 'FakeCallNotificationType' is not assignable to type 'NotificationType'.
app/services/fake-call/types.ts(596,18): error TS2430: Interface 'CallSchedulingResult' incorrectly extends interface 'FakeCallResult<string>'.
  Types of property 'data' are incompatible.
    Type '{ callId: string; scheduledTime: Date; notificationId?: string | undefined; } | undefined' is not assignable to type 'string | undefined'.
      Type '{ callId: string; scheduledTime: Date; notificationId?: string | undefined; }' is not assignable to type 'string'.
app/services/fake-call/types.ts(605,18): error TS2430: Interface 'CallInitializationResult' incorrectly extends interface 'FakeCallResult<CallStateData>'.
  Types of property 'data' are incompatible.
    Type '{ call: CallStateData; platformSupport: PlatformCapabilities; audioConfig: AudioSessionConfig; } | undefined' is not assignable to type 'CallStateData | undefined'.
      Type '{ call: CallStateData; platformSupport: PlatformCapabilities; audioConfig: AudioSessionConfig; }' is missing the following properties from type 'CallStateData': callId, userId, config, state, and 2 more.
app/services/fake-call/VoiceSynthesisService.ts(59,22): error TS6133: 'PRELOAD_TIMEOUT' is declared but its value is never read.
app/services/fake-call/VoiceSynthesisService.ts(103,21): error TS2322: Type 'string' is not assignable to type 'Platform'.
  Type 'string' is not assignable to type 'Platform'.
app/services/fake-call/VoiceSynthesisService.ts(125,21): error TS2322: Type 'string' is not assignable to type 'Platform'.
  Type 'string' is not assignable to type 'Platform'.
app/services/fake-call/VoiceSynthesisService.ts(153,25): error TS2322: Type 'string' is not assignable to type 'Platform'.
  Type 'string' is not assignable to type 'Platform'.
app/services/fake-call/VoiceSynthesisService.ts(172,21): error TS2322: Type 'string' is not assignable to type 'Platform'.
  Type 'string' is not assignable to type 'Platform'.
app/services/fake-call/VoiceSynthesisService.ts(194,21): error TS2322: Type 'string' is not assignable to type 'Platform'.
  Type 'string' is not assignable to type 'Platform'.
app/services/fake-call/VoiceSynthesisService.ts(213,25): error TS2322: Type 'string' is not assignable to type 'Platform'.
  Type 'string' is not assignable to type 'Platform'.
app/services/fake-call/VoiceSynthesisService.ts(236,25): error TS2322: Type 'string' is not assignable to type 'Platform'.
  Type 'string' is not assignable to type 'Platform'.
app/services/fake-call/VoiceSynthesisService.ts(268,21): error TS2322: Type 'string' is not assignable to type 'Platform'.
  Type 'string' is not assignable to type 'Platform'.
app/services/fake-call/VoiceSynthesisService.ts(295,21): error TS2322: Type 'string' is not assignable to type 'Platform'.
  Type 'string' is not assignable to type 'Platform'.
app/services/fake-call/VoiceSynthesisService.ts(317,21): error TS2322: Type 'string' is not assignable to type 'Platform'.
  Type 'string' is not assignable to type 'Platform'.
app/services/fake-call/VoiceSynthesisService.ts(357,25): error TS2322: Type 'string' is not assignable to type 'Platform'.
  Type 'string' is not assignable to type 'Platform'.
app/services/fake-call/VoiceSynthesisService.ts(385,25): error TS2322: Type 'string' is not assignable to type 'Platform'.
  Type 'string' is not assignable to type 'Platform'.
app/services/fake-call/VoiceSynthesisService.ts(423,21): error TS2322: Type 'string' is not assignable to type 'Platform'.
  Type 'string' is not assignable to type 'Platform'.
app/services/fake-call/VoiceSynthesisService.ts(464,21): error TS2322: Type 'string' is not assignable to type 'Platform'.
  Type 'string' is not assignable to type 'Platform'.
app/services/fake-call/VoiceSynthesisService.ts(493,25): error TS2322: Type 'string' is not assignable to type 'Platform'.
  Type 'string' is not assignable to type 'Platform'.
app/services/fake-call/VoiceSynthesisService.ts(514,21): error TS2322: Type 'string' is not assignable to type 'Platform'.
  Type 'string' is not assignable to type 'Platform'.
app/services/fake-call/VoiceSynthesisService.ts(536,21): error TS2322: Type 'string' is not assignable to type 'Platform'.
  Type 'string' is not assignable to type 'Platform'.
app/services/fake-call/VoiceSynthesisService.ts(564,25): error TS2322: Type 'string' is not assignable to type 'Platform'.
  Type 'string' is not assignable to type 'Platform'.
app/services/fake-call/VoiceSynthesisService.ts(579,21): error TS2322: Type 'string' is not assignable to type 'Platform'.
  Type 'string' is not assignable to type 'Platform'.
app/services/fake-call/VoiceSynthesisService.ts(601,21): error TS2322: Type 'string' is not assignable to type 'Platform'.
  Type 'string' is not assignable to type 'Platform'.
app/services/fake-call/VoiceSynthesisService.ts(629,25): error TS2322: Type 'string' is not assignable to type 'Platform'.
  Type 'string' is not assignable to type 'Platform'.
app/services/fake-call/VoiceSynthesisService.ts(644,21): error TS2322: Type 'string' is not assignable to type 'Platform'.
  Type 'string' is not assignable to type 'Platform'.
app/services/fake-call/VoiceSynthesisService.ts(666,21): error TS2322: Type 'string' is not assignable to type 'Platform'.
  Type 'string' is not assignable to type 'Platform'.
app/services/fake-call/VoiceSynthesisService.ts(727,29): error TS2322: Type 'string' is not assignable to type 'Platform'.
  Type 'string' is not assignable to type 'Platform'.
app/services/fake-call/VoiceSynthesisService.ts(749,21): error TS2322: Type 'string' is not assignable to type 'Platform'.
  Type 'string' is not assignable to type 'Platform'.
app/services/fake-call/VoiceSynthesisService.ts(763,17): error TS2322: Type 'string' is not assignable to type 'Platform'.
  Type 'string' is not assignable to type 'Platform'.
app/services/fake-call/VoiceSynthesisService.ts(776,17): error TS2322: Type 'string' is not assignable to type 'Platform'.
  Type 'string' is not assignable to type 'Platform'.
app/services/fake-call/VoiceSynthesisService.ts(790,21): error TS2322: Type 'string' is not assignable to type 'Platform'.
  Type 'string' is not assignable to type 'Platform'.
app/services/fake-call/VoiceSynthesisService.ts(810,21): error TS2322: Type 'string' is not assignable to type 'Platform'.
  Type 'string' is not assignable to type 'Platform'.
app/services/fake-call/VoiceSynthesisService.ts(892,17): error TS2322: Type 'string' is not assignable to type 'Platform'.
  Type 'string' is not assignable to type 'Platform'.
app/services/fake-call/VoiceSynthesisService.ts(928,21): error TS2322: Type 'string' is not assignable to type 'Platform'.
  Type 'string' is not assignable to type 'Platform'.
app/services/fake-call/VoiceSynthesisService.ts(949,21): error TS2322: Type 'string' is not assignable to type 'Platform'.
  Type 'string' is not assignable to type 'Platform'.
app/services/notifications/NotificationActions.ts(7,1): error TS6133: 'Linking' is declared but its value is never read.
app/services/notifications/NotificationActions.ts(14,29): error TS2314: Generic type 'NavigationContainerRef' requires 1 type argument(s).
app/services/notifications/NotificationActions.ts(17,32): error TS2314: Generic type 'NavigationContainerRef' requires 1 type argument(s).
app/services/notifications/NotificationActions.ts(70,67): error TS2345: Argument of type 'unknown' is not assignable to parameter of type 'Record<string, any> | undefined'.
app/services/notifications/NotificationActions.ts(91,51): error TS2345: Argument of type 'unknown' is not assignable to parameter of type 'Record<string, any> | undefined'.
app/services/notifications/NotificationActions.ts(116,54): error TS2345: Argument of type 'unknown' is not assignable to parameter of type 'Record<string, any> | undefined'.
app/services/notifications/NotificationActions.ts(140,54): error TS2345: Argument of type 'unknown' is not assignable to parameter of type 'Record<string, any> | undefined'.
app/services/notifications/NotificationActions.ts(164,53): error TS2345: Argument of type 'unknown' is not assignable to parameter of type 'Record<string, any> | undefined'.
app/services/notifications/NotificationActions.ts(179,41): error TS2345: Argument of type '"mediumTap"' is not assignable to parameter of type 'HapticType'.
app/services/notifications/NotificationActions.ts(187,56): error TS2345: Argument of type 'unknown' is not assignable to parameter of type 'Record<string, any> | undefined'.
app/services/notifications/NotificationActions.ts(202,41): error TS2345: Argument of type '"lightTap"' is not assignable to parameter of type 'HapticType'.
app/services/notifications/NotificationActions.ts(210,54): error TS2345: Argument of type 'unknown' is not assignable to parameter of type 'Record<string, any> | undefined'.
app/services/notifications/NotificationActions.ts(221,41): error TS2345: Argument of type '"lightTap"' is not assignable to parameter of type 'HapticType'.
app/services/notifications/NotificationActions.ts(229,48): error TS2345: Argument of type 'unknown' is not assignable to parameter of type 'Record<string, any> | undefined'.
app/services/notifications/NotificationActions.ts(243,41): error TS2345: Argument of type '"mediumTap"' is not assignable to parameter of type 'HapticType'.
app/services/notifications/NotificationActions.ts(255,47): error TS2345: Argument of type 'unknown' is not assignable to parameter of type 'Record<string, any> | undefined'.
app/services/notifications/NotificationActions.ts(267,41): error TS2345: Argument of type '"success"' is not assignable to parameter of type 'HapticType'.
app/services/notifications/NotificationActions.ts(279,54): error TS2345: Argument of type 'unknown' is not assignable to parameter of type 'Record<string, any> | undefined'.
app/services/notifications/NotificationIntegration.ts(30,27): error TS2322: Type '"view_timer"' is not assignable to type 'NotificationAction'.
app/services/notifications/NotificationIntegration.ts(30,41): error TS2820: Type '"start_session"' is not assignable to type 'NotificationAction'. Did you mean 'NotificationAction.STOP_SESSION'?
app/services/notifications/NotificationIntegration.ts(128,27): error TS2322: Type '"view_milestones"' is not assignable to type 'NotificationAction'.
app/services/notifications/NotificationIntegration.ts(128,46): error TS2322: Type '"complete_task"' is not assignable to type 'NotificationAction'.
app/services/notifications/NotificationIntegration.ts(172,27): error TS2322: Type '"view_milestones"' is not assignable to type 'NotificationAction'.
app/services/notifications/NotificationIntegration.ts(187,19): error TS6133: 'currentTime' is declared but its value is never read.
app/services/notifications/NotificationIntegration.ts(200,31): error TS2322: Type '"complete_task"' is not assignable to type 'NotificationAction'.
app/services/notifications/NotificationIntegration.ts(200,48): error TS2322: Type '"snooze"' is not assignable to type 'NotificationAction'.
app/services/notifications/NotificationIntegration.ts(213,15): error TS6133: 'now' is declared but its value is never read.
app/services/notifications/NotificationIntegration.ts(214,15): error TS6133: 'baseTime' is declared but its value is never read.
app/services/notifications/NotificationIntegration.ts(286,27): error TS2820: Type '"start_session"' is not assignable to type 'NotificationAction'. Did you mean 'NotificationAction.STOP_SESSION'?
app/services/notifications/NotificationIntegration.ts(286,44): error TS2322: Type '"snooze"' is not assignable to type 'NotificationAction'.
app/services/notifications/NotificationIntegration.ts(300,27): error TS2820: Type '"start_session"' is not assignable to type 'NotificationAction'. Did you mean 'NotificationAction.STOP_SESSION'?
app/services/notifications/NotificationPreferences.ts(18,13): error TS6133: 'isInitialized' is declared but its value is never read.
app/services/notifications/NotificationPreferences.ts(30,82): error TS2345: Argument of type 'unknown' is not assignable to parameter of type 'Record<string, any> | undefined'.
app/services/notifications/NotificationPreferences.ts(49,61): error TS2345: Argument of type 'unknown' is not assignable to parameter of type 'Record<string, any> | undefined'.
app/services/notifications/NotificationPreferences.ts(81,64): error TS2345: Argument of type 'unknown' is not assignable to parameter of type 'Record<string, any> | undefined'.
app/services/notifications/NotificationPreferences.ts(94,65): error TS2345: Argument of type 'unknown' is not assignable to parameter of type 'Record<string, any> | undefined'.
app/services/notifications/NotificationPreferences.ts(120,68): error TS2345: Argument of type 'unknown' is not assignable to parameter of type 'Record<string, any> | undefined'.
app/services/notifications/NotificationPreferences.ts(137,58): error TS2345: Argument of type 'unknown' is not assignable to parameter of type 'Record<string, any> | undefined'.
app/services/notifications/NotificationPreferences.ts(147,59): error TS2345: Argument of type 'unknown' is not assignable to parameter of type 'Record<string, any> | undefined'.
app/services/notifications/NotificationPreferences.ts(167,59): error TS2345: Argument of type 'unknown' is not assignable to parameter of type 'Record<string, any> | undefined'.
app/services/notifications/NotificationPreferences.ts(177,77): error TS2345: Argument of type 'unknown' is not assignable to parameter of type 'Record<string, any> | undefined'.
app/services/notifications/NotificationPreferences.ts(194,63): error TS2345: Argument of type 'unknown' is not assignable to parameter of type 'Record<string, any> | undefined'.
app/services/notifications/NotificationPreferences.ts(205,58): error TS2345: Argument of type 'unknown' is not assignable to parameter of type 'Record<string, any> | undefined'.
app/services/notifications/NotificationScheduler.ts(12,61): error TS2694: Namespace 'global.NodeJS' has no exported member 'Timeout'.
app/services/notifications/NotificationScheduler.ts(13,13): error TS6133: 'isInitialized' is declared but its value is never read.
app/services/notifications/NotificationScheduler.ts(24,73): error TS2345: Argument of type 'unknown' is not assignable to parameter of type 'Record<string, any> | undefined'.
app/services/notifications/NotificationScheduler.ts(108,19): error TS6133: 'recentNotifications' is declared but its value is never read.
app/services/notifications/NotificationScheduler.ts(137,59): error TS2345: Argument of type 'unknown' is not assignable to parameter of type 'Record<string, any> | undefined'.
app/services/notifications/NotificationScheduler.ts(172,69): error TS2345: Argument of type 'unknown' is not assignable to parameter of type 'Record<string, any> | undefined'.
app/services/notifications/NotificationScheduler.ts(195,72): error TS2345: Argument of type 'unknown' is not assignable to parameter of type 'Record<string, any> | undefined'.
app/services/notifications/NotificationScheduler.ts(223,64): error TS2345: Argument of type 'unknown' is not assignable to parameter of type 'Record<string, any> | undefined'.
app/services/notifications/NotificationScheduler.ts(236,70): error TS2345: Argument of type 'unknown' is not assignable to parameter of type 'Record<string, any> | undefined'.
app/services/notifications/NotificationScheduler.ts(254,68): error TS2345: Argument of type 'unknown' is not assignable to parameter of type 'Record<string, any> | undefined'.
app/services/notifications/NotificationService.ts(8,30): error TS6133: 'Linking' is declared but its value is never read.
app/services/notifications/NotificationService.ts(9,1): error TS6133: 'AsyncStorage' is declared but its value is never read.
app/services/notifications/NotificationService.ts(17,5): error TS6133: 'NotificationStatus' is declared but its value is never read.
app/services/notifications/NotificationService.ts(23,5): error TS6133: 'NotificationError' is declared but its value is never read.
app/services/notifications/NotificationService.ts(32,5): error TS6133: 'NotificationBatch' is declared but its value is never read.
app/services/notifications/NotificationService.ts(33,5): error TS6133: 'MessageTemplate' is declared but its value is never read.
app/services/notifications/NotificationService.ts(34,5): error TS6133: 'RichNotification' is declared but its value is never read.
app/services/notifications/NotificationService.ts(38,10): error TS2724: '"./NotificationPreferences"' has no exported member named 'NotificationPreferences'. Did you mean 'NotificationPreferencesService'?
app/services/notifications/NotificationService.ts(41,24): error TS6133: 'SoundUtils' is declared but its value is never read.
app/services/notifications/NotificationService.ts(42,10): error TS2724: '"../../utils/Logger"' has no exported member named 'Logger'. Did you mean 'logger'?
app/services/notifications/NotificationService.ts(43,1): error TS6133: 'getSmartMessage' is declared but its value is never read.
app/services/notifications/NotificationService.ts(107,17): error TS2322: Type '{ granted: boolean; status: string; }' is not assignable to type '{ granted: boolean; status: "denied" | "granted" | "undetermined"; shouldExplain?: boolean | undefined; }'.
  Types of property 'status' are incompatible.
    Type 'string' is not assignable to type '"denied" | "granted" | "undetermined"'.
app/services/notifications/NotificationService.ts(175,25): error TS2353: Object literal may only specify known properties, and 'recoverable' does not exist in type '{ code: string; message: string; details?: any; }'.
app/services/notifications/NotificationService.ts(189,25): error TS2353: Object literal may only specify known properties, and 'recoverable' does not exist in type '{ code: string; message: string; details?: any; }'.
app/services/notifications/NotificationService.ts(329,41): error TS2345: Argument of type '() => Promise<void>' is not assignable to parameter of type 'HapticType'.
app/services/notifications/NotificationService.ts(466,13): error TS2322: Type 'NotificationResult<string>' is not assignable to type 'NotificationResult<void>'.
  Type 'string' is not assignable to type 'void'.
app/services/notifications/NotificationService.ts(521,45): error TS2322: Type 'Promise<{ shouldShowAlert: true; shouldPlaySound: true; shouldSetBadge: true; }>' is not assignable to type 'Promise<NotificationBehavior>'.
  Type '{ shouldShowAlert: true; shouldPlaySound: true; shouldSetBadge: true; }' is missing the following properties from type 'NotificationBehavior': shouldShowBanner, shouldShowList
app/services/notifications/NotificationService.ts(684,64): error TS2322: Type 'undefined' is not assignable to type 'string'.
app/services/notifications/NotificationService.ts(740,41): error TS2345: Argument of type 'string' is not assignable to parameter of type 'HapticType'.
app/services/notifications/NotificationService.ts(745,46): error TS2345: Argument of type 'string' is not assignable to parameter of type 'SoundType'.
app/services/notifications/NotificationService.ts(833,21): error TS2353: Object literal may only specify known properties, and 'threadIdentifier' does not exist in type 'NotificationContentInput'.
app/services/notifications/NotificationService.ts(967,19): error TS6133: 'history' is declared but its value is never read.
app/services/notifications/types.ts(6,1): error TS6133: 'Platform' is declared but its value is never read.
app/services/notifications/types.ts(7,1): error TS6133: 'Notifications' is declared but its value is never read.
app/services/offline/LocalDatabase.ts(13,5): error TS6133: 'OfflineOperation' is declared but its value is never read.
app/services/offline/LocalDatabase.ts(16,5): error TS6133: 'CacheConfig' is declared but its value is never read.
app/services/offline/LocalDatabase.ts(18,5): error TS6133: 'OfflineError' is declared but its value is never read.
app/services/offline/LocalDatabase.ts(53,22): error TS6133: 'METADATA_KEY' is declared but its value is never read.
app/services/offline/NetworkConnectivityService.ts(7,1): error TS6133: 'AsyncStorage' is declared but its value is never read.
app/services/offline/NetworkConnectivityService.ts(8,1): error TS6133: 'uuidv4' is declared but its value is never read.
app/services/offline/NetworkConnectivityService.ts(302,17): error TS2322: Type 'boolean | null' is not assignable to type 'boolean'.
  Type 'null' is not assignable to type 'boolean'.
app/services/offline/OfflineStateManager.ts(14,5): error TS6133: 'OfflineError' is declared but its value is never read.
app/services/offline/OfflineStateManager.ts(20,1): error TS6133: 'localDatabase' is declared but its value is never read.
app/services/offline/OfflineStateManager.ts(57,19): error TS6133: 'unsubscribeNetwork' is declared but its value is never read.
app/services/offline/OfflineStateManager.ts(362,19): error TS6133: 'loadOperationQueue' is declared but its value is never read.
app/services/offline/SyncEngine.ts(18,5): error TS6133: 'ConflictResolutionStrategy' is declared but its value is never read.
app/services/offline/SyncEngine.ts(19,5): error TS6133: 'MergeRule' is declared but its value is never read.
app/services/offline/SyncEngine.ts(22,5): error TS6133: 'SyncOperationType' is declared but its value is never read.
app/services/offline/SyncEngine.ts(39,13): error TS6133: 'isRunning' is declared but its value is never read.
app/services/offline/SyncManager.ts(16,5): error TS6133: 'BackgroundTaskStatus' is declared but its value is never read.
app/services/Payment/PaymentService.ts(19,13): error TS6133: 'initialized' is declared but its value is never read.
app/services/performance/BatteryOptimizer.ts(1,44): error TS6133: 'OptimizationCondition' is declared but its value is never read.
app/services/performance/BatteryOptimizer.ts(27,13): error TS6133: 'wakeLockEnabled' is declared but its value is never read.
app/services/performance/MemoryManager.ts(328,15): error TS6133: 'poolName' is declared but its value is never read.
app/services/performance/PerformanceAnalytics.ts(145,15): error TS6133: 'reportEvents' is declared but its value is never read.
app/services/performance/PerformanceMonitor.ts(3,5): error TS6133: 'MemoryStats' is declared but its value is never read.
app/services/performance/PerformanceMonitor.ts(4,5): error TS6133: 'BatteryInfo' is declared but its value is never read.
app/services/performance/PerformanceMonitor.ts(14,1): error TS6133: 'MemoryUtils' is declared but its value is never read.
app/services/performance/PerformanceMonitor.ts(15,1): error TS6133: 'BatteryUtils' is declared but its value is never read.
app/services/performance/PerformanceMonitor.ts(46,40): error TS2694: Namespace 'global.NodeJS' has no exported member 'Timeout'.
app/services/performance/PerformanceMonitor.ts(48,13): error TS6133: 'deviceInfo' is declared but its value is never read.
app/services/performance/PerformanceMonitor.ts(57,32): error TS2554: Expected 1 arguments, but got 0.
app/services/performance/PerformanceMonitor.ts(58,33): error TS2554: Expected 1 arguments, but got 0.
app/services/performance/PerformanceMonitor.ts(59,37): error TS2554: Expected 1 arguments, but got 0.
app/services/performance/PerformanceMonitor.ts(101,23): error TS2304: Cannot find name 'Platform'.
app/services/performance/ResourceManager.ts(30,13): error TS6133: 'memoryOptimization' is declared but its value is never read.
app/services/Premium/SecurityService.ts(66,13): error TS6133: 'currentUserId' is declared but its value is never read.
app/services/Premium/TeamManagementService.ts(71,13): error TS6133: 'currentUserId' is declared but its value is never read.
app/services/Premium/TeamManagementService.ts(167,24): error TS2358: The left-hand side of an 'instanceof' expression must be of type 'any', an object type or a type parameter.
app/services/Premium/TeamManagementService.ts(168,22): error TS2358: The left-hand side of an 'instanceof' expression must be of type 'any', an object type or a type parameter.
app/services/responsive/DeviceDetector.ts(7,44): error TS6133: 'ScaledSize' is declared but its value is never read.
app/services/responsive/DeviceDetector.ts(111,15): error TS6133: 'screen' is declared but its value is never read.
app/services/responsive/FoldableDeviceManager.ts(7,22): error TS6133: 'Platform' is declared but its value is never read.
app/services/responsive/FoldableDeviceManager.ts(8,41): error TS6133: 'DeviceCategory' is declared but its value is never read.
app/services/responsive/FoldableDeviceManager.ts(411,15): error TS6133: 'dimensions' is declared but its value is never read.
app/services/responsive/LayoutManager.ts(7,22): error TS6133: 'ScaledSize' is declared but its value is never read.
app/services/responsive/LayoutManager.ts(9,28): error TS6133: 'BreakpointKey' is declared but its value is never read.
app/services/responsive/LayoutManager.ts(99,24): error TS6133: 'height' is declared but its value is never read.
app/services/responsive/LayoutManager.ts(383,15): error TS6133: 'deviceInfo' is declared but its value is never read.
app/services/responsive/LayoutManager.ts(446,15): error TS6133: 'deviceInfo' is declared but its value is never read.
app/services/responsive/OrientationManager.ts(54,13): error TS6133: 'transitionTimer' is declared but its value is never read.
app/services/responsive/OrientationManager.ts(309,15): error TS6133: 'deviceInfo' is declared but its value is never read.
app/services/responsive/ScreenSizeAdapter.ts(8,26): error TS6133: 'DeviceCategory' is declared but its value is never read.
app/services/responsive/ScreenSizeAdapter.ts(119,15): error TS6133: 'deviceInfo' is declared but its value is never read.
app/services/security/AuthenticationService.ts(108,17): error TS2322: Type 'BiometricResult' is not assignable to type 'boolean'.
app/services/security/AuthenticationService.ts(221,35): error TS18047: 'data.user' is possibly 'null'.
app/services/security/AuthenticationService.ts(229,19): error TS6133: 'mfaSetup' is declared but its value is never read.
app/services/security/AuthenticationService.ts(229,50): error TS18047: 'data.user' is possibly 'null'.
app/services/security/AuthenticationService.ts(232,25): error TS18047: 'data.user' is possibly 'null'.
app/services/security/AuthenticationService.ts(261,67): error TS2345: Argument of type 'string | undefined' is not assignable to parameter of type 'string'.
  Type 'undefined' is not assignable to type 'string'.
app/services/security/BiometricService.ts(270,25): error TS2339: Property 'subtitle' does not exist on type 'LocalAuthenticationOptions'.
app/services/security/BiometricService.ts(271,25): error TS2339: Property 'description' does not exist on type 'LocalAuthenticationOptions'.
app/services/security/BiometricService.ts(288,43): error TS2339: Property 'biometryType' does not exist on type '{ success: false; error: LocalAuthenticationError; warning?: string | undefined; }'.
app/services/security/EncryptionService.ts(7,1): error TS6133: 'Platform' is declared but its value is never read.
app/services/security/EncryptionService.ts(8,22): error TS7016: Could not find a declaration file for module 'crypto-js'. '/Users/akash/OffScreen Buddy/offscreen-buddy/node_modules/crypto-js/index.js' implicitly has an 'any' type.
  Try `npm i --save-dev @types/crypto-js` if it exists or add a new declaration (.d.ts) file containing `declare module 'crypto-js';`
app/services/security/MFAService.ts(6,1): error TS6133: 'Platform' is declared but its value is never read.
app/services/security/MFAService.ts(8,1): error TS6133: 'supabase' is declared but its value is never read.
app/services/security/PrivacyManager.ts(7,1): error TS6133: 'Platform' is declared but its value is never read.
app/services/security/PrivacyManager.ts(8,1): error TS6133: 'supabase' is declared but its value is never read.
app/services/security/SecureStorage.ts(42,20): error TS6133: 'Alert' is declared but its value is never read.
app/services/security/SecureStorage.ts(819,15): error TS6133: 'passwordHash' is declared but its value is never read.
app/services/security/SecurityMonitor.ts(6,1): error TS6133: 'Platform' is declared but its value is never read.
app/services/security/SecurityMonitor.ts(8,1): error TS6133: 'supabase' is declared but its value is never read.
app/services/security/SecurityMonitor.ts(44,13): error TS6133: 'encryptionService' is declared but its value is never read.
app/services/security/SecurityMonitor.ts(186,19): error TS6133: 'lastHourEvents' is declared but its value is never read.
app/services/Supabase/supabase.ts(7,24): error TS6133: 'SupabaseClient' is declared but its value is never read.
app/types/RetryTypes.ts(6,61): error TS6133: 'ErrorSeverity' is declared but its value is never read.
app/utils/GestureUtils.ts(7,1): error TS6133: 'TouchOptimizationUtils' is declared but its value is never read.
app/utils/GestureUtils.ts(217,45): error TS6133: 'velocityX' is declared but its value is never read.
app/utils/GestureUtils.ts(292,13): error TS6133: 'allowDiagonal' is declared but its value is never read.
app/utils/HapticManager.ts(126,11): error TS6133: 'timerStartTime' is declared but its value is never read.
app/utils/Logger.ts(9,10): error TS6133: 'environmentDetector' is declared but its value is never read.
app/utils/Logger.ts(396,13): error TS6133: 'analyticsData' is declared but its value is never read.
app/utils/Logger.ts(422,13): error TS6133: 'crashData' is declared but its value is never read.
app/utils/performance.ts(6,20): error TS6133: 'Dimensions' is declared but its value is never read.
app/utils/performance.ts(6,32): error TS6133: 'Alert' is declared but its value is never read.
app/utils/performance.ts(55,11): error TS6133: 'isMonitoring' is declared but its value is never read.
app/utils/performance.ts(325,20): error TS6133: 'maxCacheSize' is declared but its value is never read.
app/utils/performance/PerformanceProfiler.ts(1,1): error TS6133: 'RenderStats' is declared but its value is never read.
app/utils/performance/PerformanceProfiler.ts(206,15): error TS6133: 'sortedFPS' is declared but its value is never read.
app/utils/performance/StartupMetrics.ts(184,15): error TS6133: 'currentPhases' is declared but its value is never read.
app/utils/responsive/BreakpointSystem.ts(7,10): error TS6133: 'breakpointTokens' is declared but its value is never read.
app/utils/responsive/BreakpointSystem.ts(8,1): error TS6133: 'DeviceDetector' is declared but its value is never read.
app/utils/responsive/LayoutUtils.ts(6,22): error TS6133: 'Platform' is declared but its value is never read.
app/utils/responsive/ScalingUtils.ts(11,7): error TS6133: 'BASE_HEIGHT' is declared but its value is never read.
app/utils/TouchOptimization.ts(6,40): error TS6133: 'Dimensions' is declared but its value is never read.
testing/integration/services/NotificationOfflineIntegration.test.ts(6,1): error TS6133: 'React' is declared but its value is never read.
testing/integration/services/NotificationOfflineIntegration.test.ts(7,10): error TS6133: 'render' is declared but its value is never read.
testing/integration/services/NotificationOfflineIntegration.test.ts(9,10): error TS2614: Module '"../../../app/services/offline/SyncManager"' has no exported member 'offlineSyncService'. Did you mean to use 'import offlineSyncService from "../../../app/services/offline/SyncManager"' instead?
testing/integration/services/NotificationOfflineIntegration.test.ts(13,1): error TS6133: 'ThemeProvider' is declared but its value is never read.
testing/integration/services/NotificationOfflineIntegration.test.ts(35,26): error TS2673: Constructor of class 'NetworkConnectivityService' is private and only accessible within the class declaration.
testing/integration/services/NotificationOfflineIntegration.test.ts(36,26): error TS2673: Constructor of class 'OfflineStateManager' is private and only accessible within the class declaration.
testing/integration/services/NotificationOfflineIntegration.test.ts(40,9): error TS2304: Cannot find name 'global'.
testing/integration/services/NotificationOfflineIntegration.test.ts(64,28): error TS2339: Property 'simulateOffline' does not exist on type 'NetworkConnectivityService'.
testing/integration/services/NotificationOfflineIntegration.test.ts(65,28): error TS2339: Property 'setOfflineMode' does not exist on type 'OfflineStateManager'.
testing/integration/services/NotificationOfflineIntegration.test.ts(82,83): error TS2345: Argument of type '{ type: "timer_complete"; category: "timers"; title: string; message: string; priority: "normal"; userId: any; scheduledFor: Date; sound: string; badge: number; data: { sessionId: string; }; actions: "view_session"[]; }' is not assignable to parameter of type 'Omit<NotificationData, "id" | "createdAt" | "updatedAt">'.
  Types of property 'category' are incompatible.
    Type '"timers"' is not assignable to type 'NotificationCategory'.
testing/integration/services/NotificationOfflineIntegration.test.ts(87,62): error TS2339: Property 'getQueuedNotifications' does not exist on type 'OfflineStateManager'.
testing/integration/services/NotificationOfflineIntegration.test.ts(92,28): error TS2339: Property 'simulateOnline' does not exist on type 'NetworkConnectivityService'.
testing/integration/services/NotificationOfflineIntegration.test.ts(93,28): error TS2339: Property 'setOfflineMode' does not exist on type 'OfflineStateManager'.
testing/integration/services/NotificationOfflineIntegration.test.ts(99,62): error TS2339: Property 'getSyncedNotifications' does not exist on type 'OfflineStateManager'.
testing/integration/services/NotificationOfflineIntegration.test.ts(108,28): error TS2339: Property 'simulateOffline' does not exist on type 'NetworkConnectivityService'.
testing/integration/services/NotificationOfflineIntegration.test.ts(109,28): error TS2339: Property 'setOfflineMode' does not exist on type 'OfflineStateManager'.
testing/integration/services/NotificationOfflineIntegration.test.ts(126,83): error TS2345: Argument of type '{ type: "break_reminder"; category: "reminders"; title: string; message: string; priority: "normal"; userId: any; scheduledFor: Date; sound: string; badge: number; data: {}; actions: "dismiss"[]; }' is not assignable to parameter of type 'Omit<NotificationData, "id" | "createdAt" | "updatedAt">'.
  Types of property 'category' are incompatible.
    Type '"reminders"' is not assignable to type 'NotificationCategory'.
testing/integration/services/NotificationOfflineIntegration.test.ts(130,28): error TS2339: Property 'simulateOnline' does not exist on type 'NetworkConnectivityService'.
testing/integration/services/NotificationOfflineIntegration.test.ts(131,13): error TS2304: Cannot find name 'global'.
testing/integration/services/NotificationOfflineIntegration.test.ts(137,62): error TS2339: Property 'getQueuedNotifications' does not exist on type 'OfflineStateManager'.
testing/integration/services/NotificationOfflineIntegration.test.ts(143,28): error TS2339: Property 'simulateOffline' does not exist on type 'NetworkConnectivityService'.
testing/integration/services/NotificationOfflineIntegration.test.ts(144,28): error TS2339: Property 'setOfflineMode' does not exist on type 'OfflineStateManager'.
testing/integration/services/NotificationOfflineIntegration.test.ts(163,58): error TS2345: Argument of type '{ type: "milestone_achievement"; category: "achievements"; title: string; message: string; priority: "high"; userId: any; scheduledFor: Date; sound: string; badge: number; data: { milestoneId: string; }; actions: "view_achievement"[]; }' is not assignable to parameter of type 'Omit<NotificationData, "id" | "createdAt" | "updatedAt">'.
  Types of property 'category' are incompatible.
    Type '"achievements"' is not assignable to type 'NotificationCategory'.
testing/integration/services/NotificationOfflineIntegration.test.ts(169,60): error TS2339: Property 'getQueuedNotifications' does not exist on type 'OfflineStateManager'.
testing/integration/services/NotificationOfflineIntegration.test.ts(173,28): error TS2339: Property 'simulateOnline' does not exist on type 'NetworkConnectivityService'.
testing/integration/services/NotificationOfflineIntegration.test.ts(174,28): error TS2339: Property 'setOfflineMode' does not exist on type 'OfflineStateManager'.
testing/integration/services/NotificationOfflineIntegration.test.ts(182,56): error TS2339: Property 'getQueuedNotifications' does not exist on type 'OfflineStateManager'.
testing/integration/services/NotificationOfflineIntegration.test.ts(185,62): error TS2339: Property 'getSyncedNotifications' does not exist on type 'OfflineStateManager'.
testing/integration/services/NotificationOfflineIntegration.test.ts(225,28): error TS2339: Property 'simulateOffline' does not exist on type 'NetworkConnectivityService'.
testing/integration/services/NotificationOfflineIntegration.test.ts(226,28): error TS2339: Property 'setOfflineMode' does not exist on type 'OfflineStateManager'.
testing/integration/services/NotificationOfflineIntegration.test.ts(229,92): error TS2345: Argument of type '{ type: "timer_complete"; category: "timers"; title: string; message: string; priority: "normal"; userId: any; scheduledFor: Date; sound: string; badge: number; data: { sessionId: string; }; actions: "view_session"[]; }' is not assignable to parameter of type 'Omit<NotificationData, "id" | "createdAt" | "updatedAt">'.
  Types of property 'category' are incompatible.
    Type '"timers"' is not assignable to type 'NotificationCategory'.
testing/integration/services/NotificationOfflineIntegration.test.ts(235,28): error TS2339: Property 'simulateOnline' does not exist on type 'NetworkConnectivityService'.
testing/integration/services/NotificationOfflineIntegration.test.ts(236,28): error TS2339: Property 'setOfflineMode' does not exist on type 'OfflineStateManager'.
testing/integration/services/NotificationOfflineIntegration.test.ts(242,62): error TS2339: Property 'getSyncedNotifications' does not exist on type 'OfflineStateManager'.
testing/integration/services/NotificationOfflineIntegration.test.ts(246,60): error TS7006: Parameter 'n' implicitly has an 'any' type.
testing/integration/services/NotificationOfflineIntegration.test.ts(254,28): error TS2339: Property 'simulateOffline' does not exist on type 'NetworkConnectivityService'.
testing/integration/services/NotificationOfflineIntegration.test.ts(255,28): error TS2339: Property 'setOfflineMode' does not exist on type 'OfflineStateManager'.
testing/integration/services/NotificationOfflineIntegration.test.ts(272,82): error TS2345: Argument of type '{ type: "smart_break"; category: "reminders"; title: string; message: string; priority: "normal"; userId: any; scheduledFor: Date; sound: string; badge: number; data: { reason: string; }; actions: ("dismiss" | "take_break")[]; }' is not assignable to parameter of type 'Omit<NotificationData, "id" | "createdAt" | "updatedAt">'.
  Types of property 'category' are incompatible.
    Type '"reminders"' is not assignable to type 'NotificationCategory'.
testing/integration/services/NotificationOfflineIntegration.test.ts(276,28): error TS2339: Property 'simulateOnline' does not exist on type 'NetworkConnectivityService'.
testing/integration/services/NotificationOfflineIntegration.test.ts(277,28): error TS2339: Property 'setOfflineMode' does not exist on type 'OfflineStateManager'.
testing/integration/services/NotificationOfflineIntegration.test.ts(281,39): error TS2339: Property 'getQueuedNotifications' does not exist on type 'OfflineStateManager'.
testing/integration/services/NotificationOfflineIntegration.test.ts(285,62): error TS2339: Property 'getSyncedNotifications' does not exist on type 'OfflineStateManager'.
testing/integration/services/NotificationOfflineIntegration.test.ts(291,28): error TS2339: Property 'simulateOnline' does not exist on type 'NetworkConnectivityService'.
testing/integration/services/NotificationOfflineIntegration.test.ts(292,28): error TS2339: Property 'setOfflineMode' does not exist on type 'OfflineStateManager'.
testing/integration/services/NotificationOfflineIntegration.test.ts(309,81): error TS2345: Argument of type '{ type: "daily_goal"; category: "motivational"; title: string; message: string; priority: "normal"; userId: any; scheduledFor: Date; sound: string; badge: number; data: { progress: number; }; actions: ("dismiss" | "view_progress")[]; }' is not assignable to parameter of type 'Omit<NotificationData, "id" | "createdAt" | "updatedAt">'.
  Types of property 'category' are incompatible.
    Type '"motivational"' is not assignable to type 'NotificationCategory'.
testing/integration/services/NotificationOfflineIntegration.test.ts(313,28): error TS2339: Property 'simulateOffline' does not exist on type 'NetworkConnectivityService'.
testing/integration/services/NotificationOfflineIntegration.test.ts(314,28): error TS2339: Property 'setOfflineMode' does not exist on type 'OfflineStateManager'.
testing/integration/services/NotificationOfflineIntegration.test.ts(317,62): error TS2339: Property 'getQueuedNotifications' does not exist on type 'OfflineStateManager'.
testing/integration/services/NotificationOfflineIntegration.test.ts(318,45): error TS7006: Parameter 'n' implicitly has an 'any' type.
testing/integration/services/NotificationOfflineIntegration.test.ts(345,28): error TS2339: Property 'simulateOffline' does not exist on type 'NetworkConnectivityService'.
testing/integration/services/NotificationOfflineIntegration.test.ts(346,28): error TS2339: Property 'setOfflineMode' does not exist on type 'OfflineStateManager'.
testing/integration/services/NotificationOfflineIntegration.test.ts(348,83): error TS2345: Argument of type '{ type: "streak_celebration"; category: "achievements"; title: string; message: string; priority: "high"; userId: any; scheduledFor: Date; sound: string; badge: number; data: { streakCount: number; previousStreak: number; achievementId: string; }; actions: ("view_streak" | "share_achievement")[]; }' is not assignable to parameter of type 'Omit<NotificationData, "id" | "createdAt" | "updatedAt">'.
  Types of property 'category' are incompatible.
    Type '"achievements"' is not assignable to type 'NotificationCategory'.
testing/integration/services/NotificationOfflineIntegration.test.ts(352,28): error TS2339: Property 'simulateOnline' does not exist on type 'NetworkConnectivityService'.
testing/integration/services/NotificationOfflineIntegration.test.ts(353,28): error TS2339: Property 'setOfflineMode' does not exist on type 'OfflineStateManager'.
testing/integration/services/NotificationOfflineIntegration.test.ts(358,62): error TS2339: Property 'getSyncedNotifications' does not exist on type 'OfflineStateManager'.
testing/integration/services/NotificationOfflineIntegration.test.ts(370,28): error TS2339: Property 'simulateOffline' does not exist on type 'NetworkConnectivityService'.
testing/integration/services/NotificationOfflineIntegration.test.ts(371,28): error TS2339: Property 'setOfflineMode' does not exist on type 'OfflineStateManager'.
testing/integration/services/NotificationOfflineIntegration.test.ts(390,92): error TS2345: Argument of type '{ type: "quick_reminder"; category: "reminders"; title: string; message: string; priority: "low"; userId: any; scheduledFor: Date; sound: string; badge: number; data: { reminderId: string; }; actions: "dismiss"[]; }' is not assignable to parameter of type 'Omit<NotificationData, "id" | "createdAt" | "updatedAt">'.
  Types of property 'category' are incompatible.
    Type '"reminders"' is not assignable to type 'NotificationCategory'.
testing/integration/services/NotificationOfflineIntegration.test.ts(401,62): error TS2339: Property 'getQueuedNotifications' does not exist on type 'OfflineStateManager'.
testing/integration/services/NotificationOfflineIntegration.test.ts(405,28): error TS2339: Property 'simulateOnline' does not exist on type 'NetworkConnectivityService'.
testing/integration/services/NotificationOfflineIntegration.test.ts(406,28): error TS2339: Property 'setOfflineMode' does not exist on type 'OfflineStateManager'.
testing/integration/services/NotificationOfflineIntegration.test.ts(416,62): error TS2339: Property 'getSyncedNotifications' does not exist on type 'OfflineStateManager'.
testing/integration/services/NotificationOfflineIntegration.test.ts(457,34): error TS2339: Property 'setQueuedNotifications' does not exist on type 'OfflineStateManager'.
testing/integration/services/NotificationOfflineIntegration.test.ts(460,28): error TS2339: Property 'simulateOnline' does not exist on type 'NetworkConnectivityService'.
testing/integration/services/NotificationOfflineIntegration.test.ts(461,28): error TS2339: Property 'setOfflineMode' does not exist on type 'OfflineStateManager'.
testing/integration/services/NotificationOfflineIntegration.test.ts(471,62): error TS2339: Property 'getSyncedNotifications' does not exist on type 'OfflineStateManager'.
testing/unit/components/Button.test.tsx(7,1): error TS6133: 'TouchableOpacity' is declared but its value is never read.
testing/unit/services/NotificationService.test.ts(14,1): error TS6133: 'notificationService' is declared but its value is never read.
testing/unit/services/NotificationService.test.ts(628,19): error TS6133: 'result' is declared but its value is never read.
testing/utilities/mock-data/user.ts(173,9): error TS2322: Type '{ theme: string; notifications: boolean; accessibility: { screenReaderEnabled: boolean; highContrastMode: boolean; largeTextMode: boolean; }; }' is not assignable to type '{ theme: "light" | "dark" | "system"; notifications: boolean; accessibility: { screenReaderEnabled: boolean; highContrastMode: boolean; largeTextMode: boolean; }; }'.
  Types of property 'theme' are incompatible.
    Type 'string' is not assignable to type '"light" | "dark" | "system"'.
testing/utilities/test-config/theme.ts(6,1): error TS6133: 'colorTokens' is declared but its value is never read.
testing/utilities/test-config/theme.ts(7,1): error TS6133: 'typographyTokens' is declared but its value is never read.
testing/utilities/test-config/theme.ts(8,1): error TS6133: 'spacingTokens' is declared but its value is never read.
testing/utilities/test-config/theme.ts(9,1): error TS6133: 'breakpointTokens' is declared but its value is never read.
