{"/Users/akash/OffScreen Buddy/offscreen-buddy/backend/server.js": {"path":"/Users/akash/OffScreen Buddy/offscreen-buddy/backend/server.js","statementMap":{"0":{"start":{"line":1,"column":16},"end":{"line":1,"column":34}},"1":{"start":{"line":2,"column":13},"end":{"line":2,"column":28}},"2":{"start":{"line":3,"column":15},"end":{"line":3,"column":32}},"3":{"start":{"line":4,"column":20},"end":{"line":4,"column":42}},"4":{"start":{"line":5,"column":15},"end":{"line":5,"column":32}},"5":{"start":{"line":11,"column":4},"end":{"line":11,"column":32}},"6":{"start":{"line":14,"column":0},"end":{"line":14,"column":16}},"7":{"start":{"line":16,"column":12},"end":{"line":16,"column":21}},"8":{"start":{"line":17,"column":13},"end":{"line":17,"column":37}},"9":{"start":{"line":20,"column":35},"end":{"line":20,"column":71}},"10":{"start":{"line":21,"column":19},"end":{"line":21,"column":45}},"11":{"start":{"line":24,"column":19},"end":{"line":24,"column":43}},"12":{"start":{"line":25,"column":19},"end":{"line":25,"column":44}},"13":{"start":{"line":26,"column":27},"end":{"line":26,"column":60}},"14":{"start":{"line":27,"column":24},"end":{"line":27,"column":53}},"15":{"start":{"line":28,"column":23},"end":{"line":28,"column":51}},"16":{"start":{"line":29,"column":19},"end":{"line":29,"column":43}},"17":{"start":{"line":30,"column":26},"end":{"line":30,"column":59}},"18":{"start":{"line":31,"column":21},"end":{"line":31,"column":47}},"19":{"start":{"line":32,"column":22},"end":{"line":32,"column":49}},"20":{"start":{"line":35,"column":21},"end":{"line":35,"column":53}},"21":{"start":{"line":38,"column":0},"end":{"line":61,"column":4}},"22":{"start":{"line":64,"column":0},"end":{"line":64,"column":23}},"23":{"start":{"line":67,"column":0},"end":{"line":74,"column":4}},"24":{"start":{"line":77,"column":0},"end":{"line":77,"column":41}},"25":{"start":{"line":78,"column":0},"end":{"line":78,"column":63}},"26":{"start":{"line":81,"column":0},"end":{"line":84,"column":4}},"27":{"start":{"line":88,"column":0},"end":{"line":88,"column":37}},"28":{"start":{"line":89,"column":0},"end":{"line":89,"column":33}},"29":{"start":{"line":90,"column":0},"end":{"line":90,"column":33}},"30":{"start":{"line":91,"column":0},"end":{"line":91,"column":39}},"31":{"start":{"line":92,"column":0},"end":{"line":92,"column":58}},"32":{"start":{"line":93,"column":0},"end":{"line":93,"column":41}},"33":{"start":{"line":94,"column":0},"end":{"line":94,"column":40}},"34":{"start":{"line":95,"column":0},"end":{"line":95,"column":43}},"35":{"start":{"line":96,"column":0},"end":{"line":96,"column":41}},"36":{"start":{"line":99,"column":0},"end":{"line":107,"column":3}},"37":{"start":{"line":110,"column":0},"end":{"line":110,"column":22}},"38":{"start":{"line":113,"column":0},"end":{"line":113,"column":18}},"39":{"start":{"line":117,"column":2},"end":{"line":117,"column":51}},"40":{"start":{"line":119,"column":2},"end":{"line":177,"column":3}},"41":{"start":{"line":121,"column":4},"end":{"line":121,"column":53}},"42":{"start":{"line":122,"column":24},"end":{"line":122,"column":55}},"43":{"start":{"line":123,"column":4},"end":{"line":126,"column":5}},"44":{"start":{"line":124,"column":6},"end":{"line":124,"column":52}},"45":{"start":{"line":125,"column":6},"end":{"line":125,"column":52}},"46":{"start":{"line":128,"column":4},"end":{"line":128,"column":50}},"47":{"start":{"line":131,"column":4},"end":{"line":131,"column":47}},"48":{"start":{"line":132,"column":4},"end":{"line":132,"column":32}},"49":{"start":{"line":135,"column":4},"end":{"line":135,"column":58}},"50":{"start":{"line":136,"column":4},"end":{"line":136,"column":31}},"51":{"start":{"line":139,"column":4},"end":{"line":139,"column":60}},"52":{"start":{"line":140,"column":4},"end":{"line":140,"column":43}},"53":{"start":{"line":143,"column":4},"end":{"line":167,"column":7}},"54":{"start":{"line":144,"column":6},"end":{"line":156,"column":9}},"55":{"start":{"line":159,"column":6},"end":{"line":159,"column":88}},"56":{"start":{"line":160,"column":6},"end":{"line":160,"column":95}},"57":{"start":{"line":161,"column":6},"end":{"line":161,"column":126}},"58":{"start":{"line":162,"column":6},"end":{"line":162,"column":78}},"59":{"start":{"line":163,"column":6},"end":{"line":163,"column":43}},"60":{"start":{"line":164,"column":6},"end":{"line":164,"column":68}},"61":{"start":{"line":165,"column":6},"end":{"line":165,"column":99}},"62":{"start":{"line":166,"column":6},"end":{"line":166,"column":61}},"63":{"start":{"line":170,"column":4},"end":{"line":173,"column":7}},"64":{"start":{"line":175,"column":4},"end":{"line":175,"column":61}},"65":{"start":{"line":176,"column":4},"end":{"line":176,"column":20}},"66":{"start":{"line":181,"column":0},"end":{"line":184,"column":3}},"67":{"start":{"line":182,"column":2},"end":{"line":182,"column":60}},"68":{"start":{"line":183,"column":2},"end":{"line":183,"column":18}},"69":{"start":{"line":186,"column":0},"end":{"line":189,"column":3}},"70":{"start":{"line":187,"column":2},"end":{"line":187,"column":59}},"71":{"start":{"line":188,"column":2},"end":{"line":188,"column":18}},"72":{"start":{"line":191,"column":0},"end":{"line":197,"column":3}},"73":{"start":{"line":192,"column":2},"end":{"line":195,"column":5}},"74":{"start":{"line":196,"column":2},"end":{"line":196,"column":18}},"75":{"start":{"line":199,"column":0},"end":{"line":205,"column":3}},"76":{"start":{"line":200,"column":2},"end":{"line":203,"column":5}},"77":{"start":{"line":204,"column":2},"end":{"line":204,"column":18}},"78":{"start":{"line":209,"column":0},"end":{"line":217,"column":1}},"79":{"start":{"line":210,"column":2},"end":{"line":216,"column":5}},"80":{"start":{"line":211,"column":4},"end":{"line":214,"column":7}},"81":{"start":{"line":215,"column":4},"end":{"line":215,"column":20}},"82":{"start":{"line":219,"column":0},"end":{"line":219,"column":21}}},"fnMap":{"0":{"name":"startServer","decl":{"start":{"line":116,"column":15},"end":{"line":116,"column":26}},"loc":{"start":{"line":116,"column":29},"end":{"line":178,"column":1}},"line":116},"1":{"name":"(anonymous_1)","decl":{"start":{"line":143,"column":32},"end":{"line":143,"column":33}},"loc":{"start":{"line":143,"column":38},"end":{"line":167,"column":5}},"line":143},"2":{"name":"(anonymous_2)","decl":{"start":{"line":181,"column":22},"end":{"line":181,"column":23}},"loc":{"start":{"line":181,"column":28},"end":{"line":184,"column":1}},"line":181},"3":{"name":"(anonymous_3)","decl":{"start":{"line":186,"column":21},"end":{"line":186,"column":22}},"loc":{"start":{"line":186,"column":27},"end":{"line":189,"column":1}},"line":186},"4":{"name":"(anonymous_4)","decl":{"start":{"line":191,"column":32},"end":{"line":191,"column":33}},"loc":{"start":{"line":191,"column":43},"end":{"line":197,"column":1}},"line":191},"5":{"name":"(anonymous_5)","decl":{"start":{"line":199,"column":33},"end":{"line":199,"column":34}},"loc":{"start":{"line":199,"column":54},"end":{"line":205,"column":1}},"line":199},"6":{"name":"(anonymous_6)","decl":{"start":{"line":210,"column":22},"end":{"line":210,"column":23}},"loc":{"start":{"line":210,"column":31},"end":{"line":216,"column":3}},"line":210}},"branchMap":{"0":{"loc":{"start":{"line":17,"column":13},"end":{"line":17,"column":37}},"type":"binary-expr","locations":[{"start":{"line":17,"column":13},"end":{"line":17,"column":29}},{"start":{"line":17,"column":33},"end":{"line":17,"column":37}}],"line":17},"1":{"loc":{"start":{"line":69,"column":4},"end":{"line":69,"column":55}},"type":"binary-expr","locations":[{"start":{"line":69,"column":4},"end":{"line":69,"column":28}},{"start":{"line":69,"column":32},"end":{"line":69,"column":55}}],"line":69},"2":{"loc":{"start":{"line":101,"column":15},"end":{"line":101,"column":52}},"type":"binary-expr","locations":[{"start":{"line":101,"column":15},"end":{"line":101,"column":35}},{"start":{"line":101,"column":39},"end":{"line":101,"column":52}}],"line":101},"3":{"loc":{"start":{"line":123,"column":4},"end":{"line":126,"column":5}},"type":"if","locations":[{"start":{"line":123,"column":4},"end":{"line":126,"column":5}},{"start":{},"end":{}}],"line":123},"4":{"loc":{"start":{"line":146,"column":21},"end":{"line":146,"column":58}},"type":"binary-expr","locations":[{"start":{"line":146,"column":21},"end":{"line":146,"column":41}},{"start":{"line":146,"column":45},"end":{"line":146,"column":58}}],"line":146},"5":{"loc":{"start":{"line":161,"column":48},"end":{"line":161,"column":121}},"type":"cond-expr","locations":[{"start":{"line":161,"column":88},"end":{"line":161,"column":100}},{"start":{"line":161,"column":103},"end":{"line":161,"column":121}}],"line":161},"6":{"loc":{"start":{"line":162,"column":37},"end":{"line":162,"column":74}},"type":"binary-expr","locations":[{"start":{"line":162,"column":37},"end":{"line":162,"column":57}},{"start":{"line":162,"column":61},"end":{"line":162,"column":74}}],"line":162},"7":{"loc":{"start":{"line":165,"column":35},"end":{"line":165,"column":95}},"type":"cond-expr","locations":[{"start":{"line":165,"column":67},"end":{"line":165,"column":81}},{"start":{"line":165,"column":84},"end":{"line":165,"column":95}}],"line":165},"8":{"loc":{"start":{"line":209,"column":0},"end":{"line":217,"column":1}},"type":"if","locations":[{"start":{"line":209,"column":0},"end":{"line":217,"column":1}},{"start":{},"end":{}}],"line":209}},"s":{"0":1,"1":1,"2":1,"3":1,"4":1,"5":1,"6":1,"7":1,"8":1,"9":1,"10":1,"11":1,"12":1,"13":1,"14":1,"15":1,"16":1,"17":1,"18":1,"19":1,"20":1,"21":1,"22":1,"23":1,"24":1,"25":1,"26":1,"27":1,"28":1,"29":1,"30":1,"31":1,"32":1,"33":1,"34":1,"35":1,"36":1,"37":1,"38":1,"39":0,"40":0,"41":0,"42":0,"43":0,"44":0,"45":0,"46":0,"47":0,"48":0,"49":0,"50":0,"51":0,"52":0,"53":0,"54":0,"55":0,"56":0,"57":0,"58":0,"59":0,"60":0,"61":0,"62":0,"63":0,"64":0,"65":0,"66":1,"67":0,"68":0,"69":1,"70":0,"71":0,"72":1,"73":0,"74":0,"75":1,"76":0,"77":0,"78":1,"79":0,"80":0,"81":0,"82":1},"f":{"0":0,"1":0,"2":0,"3":0,"4":0,"5":0,"6":0},"b":{"0":[1,0],"1":[1,1],"2":[1,0],"3":[0,0],"4":[0,0],"5":[0,0],"6":[0,0],"7":[0,0],"8":[0,1]},"_coverageSchema":"1a1c01bbd47fc00a2c39e90264f33305004495a9","hash":"bdae1624b847598b11bc96c92a5f4543a9275065"}
,"/Users/akash/OffScreen Buddy/offscreen-buddy/backend/config/environment.js": {"path":"/Users/akash/OffScreen Buddy/offscreen-buddy/backend/config/environment.js","statementMap":{"0":{"start":{"line":6,"column":15},"end":{"line":6,"column":32}},"1":{"start":{"line":9,"column":0},"end":{"line":9,"column":16}},"2":{"start":{"line":16,"column":4},"end":{"line":16,"column":48}},"3":{"start":{"line":17,"column":4},"end":{"line":17,"column":31}},"4":{"start":{"line":24,"column":27},"end":{"line":24,"column":46}},"5":{"start":{"line":26,"column":4},"end":{"line":36,"column":5}},"6":{"start":{"line":27,"column":28},"end":{"line":27,"column":63}},"7":{"start":{"line":29,"column":6},"end":{"line":35,"column":7}},"8":{"start":{"line":30,"column":8},"end":{"line":30,"column":85}},"9":{"start":{"line":31,"column":8},"end":{"line":31,"column":29}},"10":{"start":{"line":33,"column":8},"end":{"line":33,"column":127}},"11":{"start":{"line":34,"column":8},"end":{"line":34,"column":23}},"12":{"start":{"line":39,"column":20},"end":{"line":39,"column":40}},"13":{"start":{"line":40,"column":4},"end":{"line":48,"column":5}},"14":{"start":{"line":41,"column":6},"end":{"line":47,"column":7}},"15":{"start":{"line":42,"column":8},"end":{"line":42,"column":74}},"16":{"start":{"line":43,"column":8},"end":{"line":43,"column":22}},"17":{"start":{"line":44,"column":13},"end":{"line":47,"column":7}},"18":{"start":{"line":45,"column":8},"end":{"line":45,"column":75}},"19":{"start":{"line":46,"column":8},"end":{"line":46,"column":23}},"20":{"start":{"line":51,"column":4},"end":{"line":51,"column":77}},"21":{"start":{"line":52,"column":4},"end":{"line":52,"column":19}},"22":{"start":{"line":59,"column":4},"end":{"line":63,"column":5}},"23":{"start":{"line":60,"column":6},"end":{"line":60,"column":38}},"24":{"start":{"line":62,"column":6},"end":{"line":62,"column":43}},"25":{"start":{"line":70,"column":4},"end":{"line":70,"column":62}},"26":{"start":{"line":74,"column":30},"end":{"line":77,"column":5}},"27":{"start":{"line":79,"column":25},"end":{"line":79,"column":43}},"28":{"start":{"line":80,"column":22},"end":{"line":80,"column":50}},"29":{"start":{"line":83,"column":4},"end":{"line":83,"column":98}},"30":{"start":{"line":85,"column":4},"end":{"line":85,"column":65}},"31":{"start":{"line":92,"column":4},"end":{"line":92,"column":61}},"32":{"start":{"line":95,"column":30},"end":{"line":99,"column":5}},"33":{"start":{"line":101,"column":29},"end":{"line":103,"column":5}},"34":{"start":{"line":102,"column":15},"end":{"line":102,"column":32}},"35":{"start":{"line":105,"column":4},"end":{"line":109,"column":5}},"36":{"start":{"line":106,"column":6},"end":{"line":108,"column":8}},"37":{"start":{"line":112,"column":24},"end":{"line":112,"column":48}},"38":{"start":{"line":113,"column":4},"end":{"line":115,"column":5}},"39":{"start":{"line":114,"column":6},"end":{"line":114,"column":78}},"40":{"start":{"line":117,"column":4},"end":{"line":117,"column":64}},"41":{"start":{"line":121,"column":4},"end":{"line":121,"column":28}},"42":{"start":{"line":125,"column":4},"end":{"line":125,"column":40}},"43":{"start":{"line":129,"column":4},"end":{"line":129,"column":39}},"44":{"start":{"line":133,"column":4},"end":{"line":133,"column":26}},"45":{"start":{"line":142,"column":4},"end":{"line":142,"column":64}},"46":{"start":{"line":143,"column":4},"end":{"line":143,"column":23}},"47":{"start":{"line":150,"column":24},"end":{"line":150,"column":65}},"48":{"start":{"line":152,"column":4},"end":{"line":152,"column":74}},"49":{"start":{"line":154,"column":4},"end":{"line":158,"column":5}},"50":{"start":{"line":155,"column":6},"end":{"line":155,"column":43}},"51":{"start":{"line":157,"column":6},"end":{"line":157,"column":42}},"52":{"start":{"line":161,"column":4},"end":{"line":161,"column":30}},"53":{"start":{"line":163,"column":4},"end":{"line":163,"column":63}},"54":{"start":{"line":164,"column":4},"end":{"line":164,"column":23}},"55":{"start":{"line":171,"column":19},"end":{"line":228,"column":5}},"56":{"start":{"line":230,"column":4},"end":{"line":230,"column":18}},"57":{"start":{"line":237,"column":19},"end":{"line":294,"column":5}},"58":{"start":{"line":296,"column":4},"end":{"line":296,"column":18}},"59":{"start":{"line":303,"column":24},"end":{"line":303,"column":65}},"60":{"start":{"line":305,"column":4},"end":{"line":323,"column":5}},"61":{"start":{"line":307,"column":6},"end":{"line":307,"column":64}},"62":{"start":{"line":308,"column":6},"end":{"line":308,"column":70}},"63":{"start":{"line":309,"column":6},"end":{"line":309,"column":48}},"64":{"start":{"line":310,"column":6},"end":{"line":310,"column":59}},"65":{"start":{"line":311,"column":6},"end":{"line":311,"column":47}},"66":{"start":{"line":312,"column":6},"end":{"line":312,"column":44}},"67":{"start":{"line":315,"column":6},"end":{"line":315,"column":70}},"68":{"start":{"line":316,"column":6},"end":{"line":316,"column":47}},"69":{"start":{"line":317,"column":6},"end":{"line":317,"column":60}},"70":{"start":{"line":318,"column":6},"end":{"line":318,"column":48}},"71":{"start":{"line":319,"column":6},"end":{"line":319,"column":45}},"72":{"start":{"line":322,"column":6},"end":{"line":322,"column":36}},"73":{"start":{"line":330,"column":25},"end":{"line":341,"column":5}},"74":{"start":{"line":343,"column":24},"end":{"line":343,"column":69}},"75":{"start":{"line":343,"column":51},"end":{"line":343,"column":68}},"76":{"start":{"line":345,"column":4},"end":{"line":347,"column":5}},"77":{"start":{"line":346,"column":6},"end":{"line":346,"column":96}},"78":{"start":{"line":354,"column":4},"end":{"line":356,"column":5}},"79":{"start":{"line":355,"column":6},"end":{"line":355,"column":31}},"80":{"start":{"line":357,"column":4},"end":{"line":357,"column":23}},"81":{"start":{"line":364,"column":4},"end":{"line":364,"column":23}},"82":{"start":{"line":365,"column":4},"end":{"line":365,"column":29}},"83":{"start":{"line":372,"column":19},"end":{"line":372,"column":35}},"84":{"start":{"line":374,"column":4},"end":{"line":393,"column":5}},"85":{"start":{"line":376,"column":8},"end":{"line":376,"column":31}},"86":{"start":{"line":378,"column":8},"end":{"line":378,"column":27}},"87":{"start":{"line":380,"column":8},"end":{"line":380,"column":29}},"88":{"start":{"line":382,"column":8},"end":{"line":382,"column":31}},"89":{"start":{"line":384,"column":8},"end":{"line":384,"column":27}},"90":{"start":{"line":386,"column":8},"end":{"line":386,"column":31}},"91":{"start":{"line":388,"column":8},"end":{"line":388,"column":30}},"92":{"start":{"line":390,"column":8},"end":{"line":390,"column":31}},"93":{"start":{"line":392,"column":8},"end":{"line":392,"column":59}},"94":{"start":{"line":398,"column":22},"end":{"line":398,"column":48}},"95":{"start":{"line":399,"column":28},"end":{"line":399,"column":61}},"96":{"start":{"line":402,"column":0},"end":{"line":429,"column":2}},"97":{"start":{"line":404,"column":24},"end":{"line":404,"column":60}},"98":{"start":{"line":405,"column":17},"end":{"line":405,"column":46}},"99":{"start":{"line":406,"column":16},"end":{"line":406,"column":44}},"100":{"start":{"line":407,"column":23},"end":{"line":407,"column":58}},"101":{"start":{"line":410,"column":19},"end":{"line":410,"column":44}},"102":{"start":{"line":411,"column":37},"end":{"line":411,"column":80}},"103":{"start":{"line":412,"column":22},"end":{"line":412,"column":44}},"104":{"start":{"line":415,"column":27},"end":{"line":415,"column":69}},"105":{"start":{"line":416,"column":23},"end":{"line":416,"column":61}},"106":{"start":{"line":417,"column":25},"end":{"line":417,"column":65}},"107":{"start":{"line":418,"column":27},"end":{"line":418,"column":69}},"108":{"start":{"line":432,"column":0},"end":{"line":432,"column":27}}},"fnMap":{"0":{"name":"(anonymous_0)","decl":{"start":{"line":15,"column":2},"end":{"line":15,"column":3}},"loc":{"start":{"line":15,"column":16},"end":{"line":18,"column":3}},"line":15},"1":{"name":"(anonymous_1)","decl":{"start":{"line":23,"column":2},"end":{"line":23,"column":3}},"loc":{"start":{"line":23,"column":22},"end":{"line":53,"column":3}},"line":23},"2":{"name":"(anonymous_2)","decl":{"start":{"line":58,"column":2},"end":{"line":58,"column":3}},"loc":{"start":{"line":58,"column":24},"end":{"line":64,"column":3}},"line":58},"3":{"name":"(anonymous_3)","decl":{"start":{"line":69,"column":2},"end":{"line":69,"column":3}},"loc":{"start":{"line":69,"column":29},"end":{"line":86,"column":3}},"line":69},"4":{"name":"(anonymous_4)","decl":{"start":{"line":91,"column":2},"end":{"line":91,"column":3}},"loc":{"start":{"line":91,"column":34},"end":{"line":118,"column":3}},"line":91},"5":{"name":"(anonymous_5)","decl":{"start":{"line":102,"column":6},"end":{"line":102,"column":7}},"loc":{"start":{"line":102,"column":15},"end":{"line":102,"column":32}},"line":102},"6":{"name":"(anonymous_6)","decl":{"start":{"line":120,"column":2},"end":{"line":120,"column":3}},"loc":{"start":{"line":120,"column":19},"end":{"line":122,"column":3}},"line":120},"7":{"name":"(anonymous_7)","decl":{"start":{"line":124,"column":2},"end":{"line":124,"column":3}},"loc":{"start":{"line":124,"column":12},"end":{"line":126,"column":3}},"line":124},"8":{"name":"(anonymous_8)","decl":{"start":{"line":128,"column":2},"end":{"line":128,"column":3}},"loc":{"start":{"line":128,"column":11},"end":{"line":130,"column":3}},"line":128},"9":{"name":"(anonymous_9)","decl":{"start":{"line":132,"column":2},"end":{"line":132,"column":3}},"loc":{"start":{"line":132,"column":18},"end":{"line":134,"column":3}},"line":132},"10":{"name":"(anonymous_10)","decl":{"start":{"line":141,"column":2},"end":{"line":141,"column":3}},"loc":{"start":{"line":141,"column":16},"end":{"line":144,"column":3}},"line":141},"11":{"name":"(anonymous_11)","decl":{"start":{"line":149,"column":2},"end":{"line":149,"column":3}},"loc":{"start":{"line":149,"column":15},"end":{"line":165,"column":3}},"line":149},"12":{"name":"(anonymous_12)","decl":{"start":{"line":170,"column":2},"end":{"line":170,"column":3}},"loc":{"start":{"line":170,"column":20},"end":{"line":231,"column":3}},"line":170},"13":{"name":"(anonymous_13)","decl":{"start":{"line":236,"column":2},"end":{"line":236,"column":3}},"loc":{"start":{"line":236,"column":19},"end":{"line":297,"column":3}},"line":236},"14":{"name":"(anonymous_14)","decl":{"start":{"line":302,"column":2},"end":{"line":302,"column":3}},"loc":{"start":{"line":302,"column":23},"end":{"line":324,"column":3}},"line":302},"15":{"name":"(anonymous_15)","decl":{"start":{"line":329,"column":2},"end":{"line":329,"column":3}},"loc":{"start":{"line":329,"column":27},"end":{"line":348,"column":3}},"line":329},"16":{"name":"(anonymous_16)","decl":{"start":{"line":343,"column":44},"end":{"line":343,"column":45}},"loc":{"start":{"line":343,"column":51},"end":{"line":343,"column":68}},"line":343},"17":{"name":"(anonymous_17)","decl":{"start":{"line":353,"column":2},"end":{"line":353,"column":3}},"loc":{"start":{"line":353,"column":14},"end":{"line":358,"column":3}},"line":353},"18":{"name":"(anonymous_18)","decl":{"start":{"line":363,"column":2},"end":{"line":363,"column":3}},"loc":{"start":{"line":363,"column":11},"end":{"line":366,"column":3}},"line":363},"19":{"name":"(anonymous_19)","decl":{"start":{"line":371,"column":2},"end":{"line":371,"column":3}},"loc":{"start":{"line":371,"column":32},"end":{"line":394,"column":3}},"line":371},"20":{"name":"(anonymous_20)","decl":{"start":{"line":404,"column":18},"end":{"line":404,"column":19}},"loc":{"start":{"line":404,"column":24},"end":{"line":404,"column":60}},"line":404},"21":{"name":"(anonymous_21)","decl":{"start":{"line":405,"column":11},"end":{"line":405,"column":12}},"loc":{"start":{"line":405,"column":17},"end":{"line":405,"column":46}},"line":405},"22":{"name":"(anonymous_22)","decl":{"start":{"line":406,"column":10},"end":{"line":406,"column":11}},"loc":{"start":{"line":406,"column":16},"end":{"line":406,"column":44}},"line":406},"23":{"name":"(anonymous_23)","decl":{"start":{"line":407,"column":17},"end":{"line":407,"column":18}},"loc":{"start":{"line":407,"column":23},"end":{"line":407,"column":58}},"line":407},"24":{"name":"(anonymous_24)","decl":{"start":{"line":410,"column":13},"end":{"line":410,"column":14}},"loc":{"start":{"line":410,"column":19},"end":{"line":410,"column":44}},"line":410},"25":{"name":"(anonymous_25)","decl":{"start":{"line":411,"column":20},"end":{"line":411,"column":21}},"loc":{"start":{"line":411,"column":37},"end":{"line":411,"column":80}},"line":411},"26":{"name":"(anonymous_26)","decl":{"start":{"line":412,"column":16},"end":{"line":412,"column":17}},"loc":{"start":{"line":412,"column":22},"end":{"line":412,"column":44}},"line":412},"27":{"name":"(anonymous_27)","decl":{"start":{"line":415,"column":21},"end":{"line":415,"column":22}},"loc":{"start":{"line":415,"column":27},"end":{"line":415,"column":69}},"line":415},"28":{"name":"(anonymous_28)","decl":{"start":{"line":416,"column":17},"end":{"line":416,"column":18}},"loc":{"start":{"line":416,"column":23},"end":{"line":416,"column":61}},"line":416},"29":{"name":"(anonymous_29)","decl":{"start":{"line":417,"column":19},"end":{"line":417,"column":20}},"loc":{"start":{"line":417,"column":25},"end":{"line":417,"column":65}},"line":417},"30":{"name":"(anonymous_30)","decl":{"start":{"line":418,"column":21},"end":{"line":418,"column":22}},"loc":{"start":{"line":418,"column":27},"end":{"line":418,"column":69}},"line":418}},"branchMap":{"0":{"loc":{"start":{"line":26,"column":4},"end":{"line":36,"column":5}},"type":"if","locations":[{"start":{"line":26,"column":4},"end":{"line":36,"column":5}},{"start":{},"end":{}}],"line":26},"1":{"loc":{"start":{"line":29,"column":6},"end":{"line":35,"column":7}},"type":"if","locations":[{"start":{"line":29,"column":6},"end":{"line":35,"column":7}},{"start":{"line":32,"column":13},"end":{"line":35,"column":7}}],"line":29},"2":{"loc":{"start":{"line":29,"column":10},"end":{"line":29,"column":63}},"type":"binary-expr","locations":[{"start":{"line":29,"column":10},"end":{"line":29,"column":35}},{"start":{"line":29,"column":39},"end":{"line":29,"column":63}}],"line":29},"3":{"loc":{"start":{"line":40,"column":4},"end":{"line":48,"column":5}},"type":"if","locations":[{"start":{"line":40,"column":4},"end":{"line":48,"column":5}},{"start":{},"end":{}}],"line":40},"4":{"loc":{"start":{"line":41,"column":6},"end":{"line":47,"column":7}},"type":"if","locations":[{"start":{"line":41,"column":6},"end":{"line":47,"column":7}},{"start":{"line":44,"column":13},"end":{"line":47,"column":7}}],"line":41},"5":{"loc":{"start":{"line":44,"column":13},"end":{"line":47,"column":7}},"type":"if","locations":[{"start":{"line":44,"column":13},"end":{"line":47,"column":7}},{"start":{},"end":{}}],"line":44},"6":{"loc":{"start":{"line":59,"column":4},"end":{"line":63,"column":5}},"type":"if","locations":[{"start":{"line":59,"column":4},"end":{"line":63,"column":5}},{"start":{"line":61,"column":11},"end":{"line":63,"column":5}}],"line":59},"7":{"loc":{"start":{"line":105,"column":4},"end":{"line":109,"column":5}},"type":"if","locations":[{"start":{"line":105,"column":4},"end":{"line":109,"column":5}},{"start":{},"end":{}}],"line":105},"8":{"loc":{"start":{"line":113,"column":4},"end":{"line":115,"column":5}},"type":"if","locations":[{"start":{"line":113,"column":4},"end":{"line":115,"column":5}},{"start":{},"end":{}}],"line":113},"9":{"loc":{"start":{"line":113,"column":8},"end":{"line":113,"column":61}},"type":"binary-expr","locations":[{"start":{"line":113,"column":8},"end":{"line":113,"column":20}},{"start":{"line":113,"column":24},"end":{"line":113,"column":61}}],"line":113},"10":{"loc":{"start":{"line":154,"column":4},"end":{"line":158,"column":5}},"type":"if","locations":[{"start":{"line":154,"column":4},"end":{"line":158,"column":5}},{"start":{"line":156,"column":11},"end":{"line":158,"column":5}}],"line":154},"11":{"loc":{"start":{"line":175,"column":14},"end":{"line":175,"column":48}},"type":"binary-expr","locations":[{"start":{"line":175,"column":14},"end":{"line":175,"column":40}},{"start":{"line":175,"column":44},"end":{"line":175,"column":48}}],"line":175},"12":{"loc":{"start":{"line":176,"column":17},"end":{"line":176,"column":54}},"type":"binary-expr","locations":[{"start":{"line":176,"column":17},"end":{"line":176,"column":37}},{"start":{"line":176,"column":41},"end":{"line":176,"column":54}}],"line":176},"13":{"loc":{"start":{"line":182,"column":14},"end":{"line":182,"column":51}},"type":"binary-expr","locations":[{"start":{"line":182,"column":14},"end":{"line":182,"column":43}},{"start":{"line":182,"column":47},"end":{"line":182,"column":51}}],"line":182},"14":{"loc":{"start":{"line":209,"column":20},"end":{"line":209,"column":70}},"type":"binary-expr","locations":[{"start":{"line":209,"column":20},"end":{"line":209,"column":43}},{"start":{"line":209,"column":47},"end":{"line":209,"column":70}}],"line":209},"15":{"loc":{"start":{"line":210,"column":27},"end":{"line":210,"column":79}},"type":"binary-expr","locations":[{"start":{"line":210,"column":27},"end":{"line":210,"column":69}},{"start":{"line":210,"column":73},"end":{"line":210,"column":79}}],"line":210},"16":{"loc":{"start":{"line":211,"column":22},"end":{"line":211,"column":65}},"type":"binary-expr","locations":[{"start":{"line":211,"column":22},"end":{"line":211,"column":58}},{"start":{"line":211,"column":62},"end":{"line":211,"column":65}}],"line":211},"17":{"loc":{"start":{"line":217,"column":15},"end":{"line":217,"column":46}},"type":"binary-expr","locations":[{"start":{"line":217,"column":15},"end":{"line":217,"column":36}},{"start":{"line":217,"column":40},"end":{"line":217,"column":46}}],"line":217},"18":{"loc":{"start":{"line":241,"column":14},"end":{"line":241,"column":48}},"type":"binary-expr","locations":[{"start":{"line":241,"column":14},"end":{"line":241,"column":40}},{"start":{"line":241,"column":44},"end":{"line":241,"column":48}}],"line":241},"19":{"loc":{"start":{"line":242,"column":17},"end":{"line":242,"column":53}},"type":"binary-expr","locations":[{"start":{"line":242,"column":17},"end":{"line":242,"column":37}},{"start":{"line":242,"column":41},"end":{"line":242,"column":53}}],"line":242},"20":{"loc":{"start":{"line":248,"column":14},"end":{"line":248,"column":51}},"type":"binary-expr","locations":[{"start":{"line":248,"column":14},"end":{"line":248,"column":43}},{"start":{"line":248,"column":47},"end":{"line":248,"column":51}}],"line":248},"21":{"loc":{"start":{"line":276,"column":27},"end":{"line":276,"column":79}},"type":"binary-expr","locations":[{"start":{"line":276,"column":27},"end":{"line":276,"column":69}},{"start":{"line":276,"column":73},"end":{"line":276,"column":79}}],"line":276},"22":{"loc":{"start":{"line":277,"column":22},"end":{"line":277,"column":65}},"type":"binary-expr","locations":[{"start":{"line":277,"column":22},"end":{"line":277,"column":58}},{"start":{"line":277,"column":62},"end":{"line":277,"column":65}}],"line":277},"23":{"loc":{"start":{"line":283,"column":15},"end":{"line":283,"column":46}},"type":"binary-expr","locations":[{"start":{"line":283,"column":15},"end":{"line":283,"column":36}},{"start":{"line":283,"column":40},"end":{"line":283,"column":46}}],"line":283},"24":{"loc":{"start":{"line":305,"column":4},"end":{"line":323,"column":5}},"type":"if","locations":[{"start":{"line":305,"column":4},"end":{"line":323,"column":5}},{"start":{"line":313,"column":11},"end":{"line":323,"column":5}}],"line":305},"25":{"loc":{"start":{"line":307,"column":32},"end":{"line":307,"column":63}},"type":"binary-expr","locations":[{"start":{"line":307,"column":32},"end":{"line":307,"column":55}},{"start":{"line":307,"column":59},"end":{"line":307,"column":63}}],"line":307},"26":{"loc":{"start":{"line":308,"column":34},"end":{"line":308,"column":69}},"type":"binary-expr","locations":[{"start":{"line":308,"column":34},"end":{"line":308,"column":59}},{"start":{"line":308,"column":63},"end":{"line":308,"column":69}}],"line":308},"27":{"loc":{"start":{"line":315,"column":34},"end":{"line":315,"column":69}},"type":"binary-expr","locations":[{"start":{"line":315,"column":34},"end":{"line":315,"column":59}},{"start":{"line":315,"column":63},"end":{"line":315,"column":69}}],"line":315},"28":{"loc":{"start":{"line":345,"column":4},"end":{"line":347,"column":5}},"type":"if","locations":[{"start":{"line":345,"column":4},"end":{"line":347,"column":5}},{"start":{},"end":{}}],"line":345},"29":{"loc":{"start":{"line":354,"column":4},"end":{"line":356,"column":5}},"type":"if","locations":[{"start":{"line":354,"column":4},"end":{"line":356,"column":5}},{"start":{},"end":{}}],"line":354},"30":{"loc":{"start":{"line":374,"column":4},"end":{"line":393,"column":5}},"type":"switch","locations":[{"start":{"line":375,"column":6},"end":{"line":376,"column":31}},{"start":{"line":377,"column":6},"end":{"line":378,"column":27}},{"start":{"line":379,"column":6},"end":{"line":380,"column":29}},{"start":{"line":381,"column":6},"end":{"line":382,"column":31}},{"start":{"line":383,"column":6},"end":{"line":384,"column":27}},{"start":{"line":385,"column":6},"end":{"line":386,"column":31}},{"start":{"line":387,"column":6},"end":{"line":388,"column":30}},{"start":{"line":389,"column":6},"end":{"line":390,"column":31}},{"start":{"line":391,"column":6},"end":{"line":392,"column":59}}],"line":374}},"s":{"0":1,"1":1,"2":1,"3":1,"4":1,"5":1,"6":1,"7":1,"8":1,"9":1,"10":0,"11":0,"12":0,"13":0,"14":0,"15":0,"16":0,"17":0,"18":0,"19":0,"20":0,"21":0,"22":1,"23":1,"24":0,"25":1,"26":1,"27":1,"28":1,"29":1,"30":1,"31":0,"32":0,"33":0,"34":0,"35":0,"36":0,"37":0,"38":0,"39":0,"40":0,"41":2,"42":0,"43":2,"44":0,"45":1,"46":1,"47":1,"48":1,"49":1,"50":1,"51":0,"52":1,"53":1,"54":1,"55":1,"56":1,"57":0,"58":0,"59":1,"60":1,"61":1,"62":1,"63":1,"64":1,"65":1,"66":1,"67":0,"68":0,"69":0,"70":0,"71":0,"72":0,"73":0,"74":0,"75":0,"76":0,"77":0,"78":1,"79":0,"80":1,"81":0,"82":0,"83":1,"84":1,"85":1,"86":0,"87":0,"88":0,"89":0,"90":0,"91":0,"92":0,"93":0,"94":1,"95":1,"96":1,"97":0,"98":0,"99":2,"100":0,"101":0,"102":0,"103":0,"104":1,"105":0,"106":0,"107":0,"108":1},"f":{"0":1,"1":1,"2":1,"3":1,"4":0,"5":0,"6":2,"7":0,"8":2,"9":0,"10":1,"11":1,"12":1,"13":0,"14":1,"15":0,"16":0,"17":1,"18":0,"19":1,"20":0,"21":0,"22":2,"23":0,"24":0,"25":0,"26":0,"27":1,"28":0,"29":0,"30":0},"b":{"0":[1,0],"1":[1,0],"2":[1,0],"3":[0,0],"4":[0,0],"5":[0,0],"6":[1,0],"7":[0,0],"8":[0,0],"9":[0,0],"10":[1,0],"11":[1,0],"12":[1,0],"13":[1,0],"14":[1,0],"15":[1,0],"16":[1,0],"17":[1,0],"18":[0,0],"19":[0,0],"20":[0,0],"21":[0,0],"22":[0,0],"23":[0,0],"24":[1,0],"25":[1,0],"26":[1,0],"27":[0,0],"28":[0,0],"29":[0,1],"30":[1,0,0,0,0,0,0,0,0]},"_coverageSchema":"1a1c01bbd47fc00a2c39e90264f33305004495a9","hash":"32d159f421ebf66aeb3e0373fe4b81c7b762c179"}
,"/Users/akash/OffScreen Buddy/offscreen-buddy/backend/config/payuSecurity.js": {"path":"/Users/akash/OffScreen Buddy/offscreen-buddy/backend/config/payuSecurity.js","statementMap":{"0":{"start":{"line":6,"column":15},"end":{"line":6,"column":32}},"1":{"start":{"line":7,"column":18},"end":{"line":7,"column":47}},"2":{"start":{"line":8,"column":15},"end":{"line":8,"column":32}},"3":{"start":{"line":15,"column":8},"end":{"line":15,"column":99}},"4":{"start":{"line":16,"column":8},"end":{"line":16,"column":98}},"5":{"start":{"line":17,"column":8},"end":{"line":17,"column":36}},"6":{"start":{"line":18,"column":8},"end":{"line":18,"column":36}},"7":{"start":{"line":25,"column":29},"end":{"line":40,"column":19}},"8":{"start":{"line":42,"column":8},"end":{"line":42,"column":78}},"9":{"start":{"line":49,"column":8},"end":{"line":58,"column":9}},"10":{"start":{"line":50,"column":33},"end":{"line":50,"column":70}},"11":{"start":{"line":51,"column":12},"end":{"line":54,"column":14}},"12":{"start":{"line":56,"column":12},"end":{"line":56,"column":70}},"13":{"start":{"line":57,"column":12},"end":{"line":57,"column":25}},"14":{"start":{"line":65,"column":26},"end":{"line":65,"column":39}},"15":{"start":{"line":66,"column":19},"end":{"line":66,"column":41}},"16":{"start":{"line":67,"column":23},"end":{"line":67,"column":73}},"17":{"start":{"line":68,"column":8},"end":{"line":70,"column":11}},"18":{"start":{"line":72,"column":24},"end":{"line":72,"column":74}},"19":{"start":{"line":73,"column":8},"end":{"line":73,"column":41}},"20":{"start":{"line":75,"column":24},"end":{"line":75,"column":43}},"21":{"start":{"line":77,"column":8},"end":{"line":81,"column":10}},"22":{"start":{"line":88,"column":26},"end":{"line":88,"column":39}},"23":{"start":{"line":89,"column":25},"end":{"line":89,"column":77}},"24":{"start":{"line":90,"column":8},"end":{"line":90,"column":56}},"25":{"start":{"line":91,"column":8},"end":{"line":91,"column":71}},"26":{"start":{"line":93,"column":24},"end":{"line":93,"column":79}},"27":{"start":{"line":94,"column":8},"end":{"line":94,"column":44}},"28":{"start":{"line":96,"column":8},"end":{"line":96,"column":37}},"29":{"start":{"line":103,"column":26},"end":{"line":103,"column":36}},"30":{"start":{"line":104,"column":28},"end":{"line":104,"column":65}},"31":{"start":{"line":105,"column":21},"end":{"line":108,"column":29}},"32":{"start":{"line":110,"column":8},"end":{"line":110,"column":42}},"33":{"start":{"line":117,"column":8},"end":{"line":140,"column":11}},"34":{"start":{"line":128,"column":16},"end":{"line":132,"column":19}},"35":{"start":{"line":134,"column":16},"end":{"line":138,"column":19}},"36":{"start":{"line":147,"column":8},"end":{"line":169,"column":11}},"37":{"start":{"line":157,"column":16},"end":{"line":161,"column":19}},"38":{"start":{"line":163,"column":16},"end":{"line":167,"column":19}},"39":{"start":{"line":176,"column":8},"end":{"line":214,"column":11}},"40":{"start":{"line":221,"column":8},"end":{"line":286,"column":9}},"41":{"start":{"line":223,"column":12},"end":{"line":240,"column":13}},"42":{"start":{"line":224,"column":34},"end":{"line":224,"column":36}},"43":{"start":{"line":226,"column":16},"end":{"line":237,"column":17}},"44":{"start":{"line":227,"column":20},"end":{"line":236,"column":21}},"45":{"start":{"line":229,"column":24},"end":{"line":233,"column":36}},"46":{"start":{"line":235,"column":24},"end":{"line":235,"column":47}},"47":{"start":{"line":239,"column":16},"end":{"line":239,"column":37}},"48":{"start":{"line":243,"column":35},"end":{"line":243,"column":92}},"49":{"start":{"line":244,"column":12},"end":{"line":251,"column":13}},"50":{"start":{"line":245,"column":16},"end":{"line":250,"column":17}},"51":{"start":{"line":246,"column":20},"end":{"line":249,"column":23}},"52":{"start":{"line":254,"column":27},"end":{"line":254,"column":54}},"53":{"start":{"line":255,"column":12},"end":{"line":260,"column":13}},"54":{"start":{"line":256,"column":16},"end":{"line":259,"column":19}},"55":{"start":{"line":263,"column":31},"end":{"line":263,"column":59}},"56":{"start":{"line":264,"column":12},"end":{"line":269,"column":13}},"57":{"start":{"line":265,"column":16},"end":{"line":268,"column":19}},"58":{"start":{"line":272,"column":31},"end":{"line":272,"column":55}},"59":{"start":{"line":273,"column":12},"end":{"line":278,"column":13}},"60":{"start":{"line":274,"column":16},"end":{"line":277,"column":19}},"61":{"start":{"line":280,"column":12},"end":{"line":280,"column":19}},"62":{"start":{"line":282,"column":12},"end":{"line":282,"column":65}},"63":{"start":{"line":283,"column":12},"end":{"line":285,"column":15}},"64":{"start":{"line":293,"column":26},"end":{"line":293,"column":55}},"65":{"start":{"line":294,"column":8},"end":{"line":294,"column":27}},"66":{"start":{"line":296,"column":8},"end":{"line":304,"column":11}},"67":{"start":{"line":306,"column":8},"end":{"line":313,"column":11}},"68":{"start":{"line":307,"column":12},"end":{"line":312,"column":15}},"69":{"start":{"line":315,"column":8},"end":{"line":315,"column":35}},"70":{"start":{"line":316,"column":8},"end":{"line":316,"column":15}},"71":{"start":{"line":323,"column":29},"end":{"line":323,"column":66}},"72":{"start":{"line":325,"column":8},"end":{"line":334,"column":10}},"73":{"start":{"line":338,"column":0},"end":{"line":338,"column":42}}},"fnMap":{"0":{"name":"(anonymous_0)","decl":{"start":{"line":14,"column":4},"end":{"line":14,"column":5}},"loc":{"start":{"line":14,"column":18},"end":{"line":19,"column":5}},"line":14},"1":{"name":"(anonymous_1)","decl":{"start":{"line":24,"column":4},"end":{"line":24,"column":5}},"loc":{"start":{"line":24,"column":31},"end":{"line":43,"column":5}},"line":24},"2":{"name":"(anonymous_2)","decl":{"start":{"line":48,"column":4},"end":{"line":48,"column":5}},"loc":{"start":{"line":48,"column":59},"end":{"line":59,"column":5}},"line":48},"3":{"name":"(anonymous_3)","decl":{"start":{"line":64,"column":4},"end":{"line":64,"column":5}},"loc":{"start":{"line":64,"column":29},"end":{"line":82,"column":5}},"line":64},"4":{"name":"(anonymous_4)","decl":{"start":{"line":87,"column":4},"end":{"line":87,"column":5}},"loc":{"start":{"line":87,"column":38},"end":{"line":97,"column":5}},"line":87},"5":{"name":"(anonymous_5)","decl":{"start":{"line":102,"column":4},"end":{"line":102,"column":5}},"loc":{"start":{"line":102,"column":40},"end":{"line":111,"column":5}},"line":102},"6":{"name":"(anonymous_6)","decl":{"start":{"line":116,"column":4},"end":{"line":116,"column":5}},"loc":{"start":{"line":116,"column":26},"end":{"line":141,"column":5}},"line":116},"7":{"name":"(anonymous_7)","decl":{"start":{"line":127,"column":21},"end":{"line":127,"column":22}},"loc":{"start":{"line":127,"column":35},"end":{"line":139,"column":13}},"line":127},"8":{"name":"(anonymous_8)","decl":{"start":{"line":146,"column":4},"end":{"line":146,"column":5}},"loc":{"start":{"line":146,"column":23},"end":{"line":170,"column":5}},"line":146},"9":{"name":"(anonymous_9)","decl":{"start":{"line":156,"column":21},"end":{"line":156,"column":22}},"loc":{"start":{"line":156,"column":35},"end":{"line":168,"column":13}},"line":156},"10":{"name":"(anonymous_10)","decl":{"start":{"line":175,"column":4},"end":{"line":175,"column":5}},"loc":{"start":{"line":175,"column":25},"end":{"line":215,"column":5}},"line":175},"11":{"name":"(anonymous_11)","decl":{"start":{"line":220,"column":4},"end":{"line":220,"column":5}},"loc":{"start":{"line":220,"column":38},"end":{"line":287,"column":5}},"line":220},"12":{"name":"(anonymous_12)","decl":{"start":{"line":292,"column":4},"end":{"line":292,"column":5}},"loc":{"start":{"line":292,"column":35},"end":{"line":317,"column":5}},"line":292},"13":{"name":"(anonymous_13)","decl":{"start":{"line":306,"column":25},"end":{"line":306,"column":26}},"loc":{"start":{"line":306,"column":31},"end":{"line":313,"column":9}},"line":306},"14":{"name":"(anonymous_14)","decl":{"start":{"line":322,"column":4},"end":{"line":322,"column":5}},"loc":{"start":{"line":322,"column":35},"end":{"line":335,"column":5}},"line":322}},"branchMap":{"0":{"loc":{"start":{"line":15,"column":29},"end":{"line":15,"column":98}},"type":"binary-expr","locations":[{"start":{"line":15,"column":29},"end":{"line":15,"column":60}},{"start":{"line":15,"column":64},"end":{"line":15,"column":98}}],"line":15},"1":{"loc":{"start":{"line":16,"column":29},"end":{"line":16,"column":97}},"type":"binary-expr","locations":[{"start":{"line":16,"column":29},"end":{"line":16,"column":60}},{"start":{"line":16,"column":64},"end":{"line":16,"column":97}}],"line":16},"2":{"loc":{"start":{"line":32,"column":12},"end":{"line":32,"column":29}},"type":"binary-expr","locations":[{"start":{"line":32,"column":12},"end":{"line":32,"column":23}},{"start":{"line":32,"column":27},"end":{"line":32,"column":29}}],"line":32},"3":{"loc":{"start":{"line":33,"column":12},"end":{"line":33,"column":29}},"type":"binary-expr","locations":[{"start":{"line":33,"column":12},"end":{"line":33,"column":23}},{"start":{"line":33,"column":27},"end":{"line":33,"column":29}}],"line":33},"4":{"loc":{"start":{"line":34,"column":12},"end":{"line":34,"column":29}},"type":"binary-expr","locations":[{"start":{"line":34,"column":12},"end":{"line":34,"column":23}},{"start":{"line":34,"column":27},"end":{"line":34,"column":29}}],"line":34},"5":{"loc":{"start":{"line":35,"column":12},"end":{"line":35,"column":29}},"type":"binary-expr","locations":[{"start":{"line":35,"column":12},"end":{"line":35,"column":23}},{"start":{"line":35,"column":27},"end":{"line":35,"column":29}}],"line":35},"6":{"loc":{"start":{"line":36,"column":12},"end":{"line":36,"column":29}},"type":"binary-expr","locations":[{"start":{"line":36,"column":12},"end":{"line":36,"column":23}},{"start":{"line":36,"column":27},"end":{"line":36,"column":29}}],"line":36},"7":{"loc":{"start":{"line":223,"column":12},"end":{"line":240,"column":13}},"type":"if","locations":[{"start":{"line":223,"column":12},"end":{"line":240,"column":13}},{"start":{},"end":{}}],"line":223},"8":{"loc":{"start":{"line":223,"column":16},"end":{"line":223,"column":56}},"type":"binary-expr","locations":[{"start":{"line":223,"column":16},"end":{"line":223,"column":24}},{"start":{"line":223,"column":28},"end":{"line":223,"column":56}}],"line":223},"9":{"loc":{"start":{"line":227,"column":20},"end":{"line":236,"column":21}},"type":"if","locations":[{"start":{"line":227,"column":20},"end":{"line":236,"column":21}},{"start":{"line":234,"column":27},"end":{"line":236,"column":21}}],"line":227},"10":{"loc":{"start":{"line":245,"column":16},"end":{"line":250,"column":17}},"type":"if","locations":[{"start":{"line":245,"column":16},"end":{"line":250,"column":17}},{"start":{},"end":{}}],"line":245},"11":{"loc":{"start":{"line":255,"column":12},"end":{"line":260,"column":13}},"type":"if","locations":[{"start":{"line":255,"column":12},"end":{"line":260,"column":13}},{"start":{},"end":{}}],"line":255},"12":{"loc":{"start":{"line":255,"column":16},"end":{"line":255,"column":44}},"type":"binary-expr","locations":[{"start":{"line":255,"column":16},"end":{"line":255,"column":29}},{"start":{"line":255,"column":33},"end":{"line":255,"column":44}}],"line":255},"13":{"loc":{"start":{"line":264,"column":12},"end":{"line":269,"column":13}},"type":"if","locations":[{"start":{"line":264,"column":12},"end":{"line":269,"column":13}},{"start":{},"end":{}}],"line":264},"14":{"loc":{"start":{"line":264,"column":16},"end":{"line":264,"column":66}},"type":"binary-expr","locations":[{"start":{"line":264,"column":16},"end":{"line":264,"column":30}},{"start":{"line":264,"column":34},"end":{"line":264,"column":66}}],"line":264},"15":{"loc":{"start":{"line":273,"column":12},"end":{"line":278,"column":13}},"type":"if","locations":[{"start":{"line":273,"column":12},"end":{"line":278,"column":13}},{"start":{},"end":{}}],"line":273},"16":{"loc":{"start":{"line":293,"column":26},"end":{"line":293,"column":55}},"type":"binary-expr","locations":[{"start":{"line":293,"column":26},"end":{"line":293,"column":32}},{"start":{"line":293,"column":36},"end":{"line":293,"column":55}}],"line":293},"17":{"loc":{"start":{"line":310,"column":48},"end":{"line":310,"column":75}},"type":"binary-expr","locations":[{"start":{"line":310,"column":48},"end":{"line":310,"column":61}},{"start":{"line":310,"column":65},"end":{"line":310,"column":75}}],"line":310},"18":{"loc":{"start":{"line":329,"column":28},"end":{"line":329,"column":56}},"type":"cond-expr","locations":[{"start":{"line":329,"column":43},"end":{"line":329,"column":48}},{"start":{"line":329,"column":51},"end":{"line":329,"column":56}}],"line":329}},"s":{"0":1,"1":1,"2":1,"3":1,"4":1,"5":1,"6":1,"7":0,"8":0,"9":0,"10":0,"11":0,"12":0,"13":0,"14":0,"15":0,"16":0,"17":0,"18":0,"19":0,"20":0,"21":0,"22":0,"23":0,"24":0,"25":0,"26":0,"27":0,"28":0,"29":0,"30":0,"31":0,"32":0,"33":0,"34":0,"35":0,"36":0,"37":0,"38":0,"39":0,"40":0,"41":0,"42":0,"43":0,"44":0,"45":0,"46":0,"47":0,"48":0,"49":0,"50":0,"51":0,"52":0,"53":0,"54":0,"55":0,"56":0,"57":0,"58":0,"59":0,"60":0,"61":0,"62":0,"63":0,"64":0,"65":0,"66":0,"67":0,"68":0,"69":0,"70":0,"71":0,"72":0,"73":1},"f":{"0":1,"1":0,"2":0,"3":0,"4":0,"5":0,"6":0,"7":0,"8":0,"9":0,"10":0,"11":0,"12":0,"13":0,"14":0},"b":{"0":[1,0],"1":[1,1],"2":[0,0],"3":[0,0],"4":[0,0],"5":[0,0],"6":[0,0],"7":[0,0],"8":[0,0],"9":[0,0],"10":[0,0],"11":[0,0],"12":[0,0],"13":[0,0],"14":[0,0],"15":[0,0],"16":[0,0],"17":[0,0],"18":[0,0]},"_coverageSchema":"1a1c01bbd47fc00a2c39e90264f33305004495a9","hash":"adeafd76a83d5f63ef1c34dcb62f097f967f7d78"}
,"/Users/akash/OffScreen Buddy/offscreen-buddy/backend/middleware/auth.js": {"path":"/Users/akash/OffScreen Buddy/offscreen-buddy/backend/middleware/auth.js","statementMap":{"0":{"start":{"line":7,"column":12},"end":{"line":7,"column":35}},"1":{"start":{"line":8,"column":15},"end":{"line":8,"column":32}},"2":{"start":{"line":9,"column":21},"end":{"line":9,"column":50}},"3":{"start":{"line":10,"column":63},"end":{"line":10,"column":92}},"4":{"start":{"line":11,"column":27},"end":{"line":11,"column":59}},"5":{"start":{"line":12,"column":29},"end":{"line":12,"column":50}},"6":{"start":{"line":13,"column":24},"end":{"line":13,"column":48}},"7":{"start":{"line":21,"column":4},"end":{"line":21,"column":38}},"8":{"start":{"line":22,"column":4},"end":{"line":22,"column":29}},"9":{"start":{"line":29,"column":4},"end":{"line":29,"column":49}},"10":{"start":{"line":30,"column":4},"end":{"line":30,"column":49}},"11":{"start":{"line":31,"column":4},"end":{"line":31,"column":41}},"12":{"start":{"line":32,"column":4},"end":{"line":32,"column":51}},"13":{"start":{"line":33,"column":4},"end":{"line":33,"column":46}},"14":{"start":{"line":36,"column":4},"end":{"line":36,"column":36}},"15":{"start":{"line":37,"column":4},"end":{"line":37,"column":36}},"16":{"start":{"line":38,"column":4},"end":{"line":38,"column":36}},"17":{"start":{"line":45,"column":4},"end":{"line":45,"column":47}},"18":{"start":{"line":52,"column":4},"end":{"line":116,"column":5}},"19":{"start":{"line":54,"column":6},"end":{"line":56,"column":7}},"20":{"start":{"line":55,"column":8},"end":{"line":55,"column":51}},"21":{"start":{"line":59,"column":6},"end":{"line":67,"column":7}},"22":{"start":{"line":60,"column":8},"end":{"line":62,"column":11}},"23":{"start":{"line":63,"column":8},"end":{"line":66,"column":11}},"24":{"start":{"line":70,"column":30},"end":{"line":70,"column":74}},"25":{"start":{"line":71,"column":6},"end":{"line":76,"column":7}},"26":{"start":{"line":72,"column":8},"end":{"line":72,"column":38}},"27":{"start":{"line":73,"column":8},"end":{"line":75,"column":11}},"28":{"start":{"line":79,"column":28},"end":{"line":79,"column":88}},"29":{"start":{"line":80,"column":6},"end":{"line":85,"column":7}},"30":{"start":{"line":81,"column":8},"end":{"line":81,"column":38}},"31":{"start":{"line":82,"column":8},"end":{"line":84,"column":11}},"32":{"start":{"line":88,"column":6},"end":{"line":88,"column":68}},"33":{"start":{"line":91,"column":6},"end":{"line":91,"column":59}},"34":{"start":{"line":94,"column":6},"end":{"line":94,"column":36}},"35":{"start":{"line":95,"column":6},"end":{"line":95,"column":42}},"36":{"start":{"line":98,"column":6},"end":{"line":98,"column":36}},"37":{"start":{"line":100,"column":6},"end":{"line":103,"column":9}},"38":{"start":{"line":105,"column":6},"end":{"line":105,"column":13}},"39":{"start":{"line":107,"column":6},"end":{"line":107,"column":53}},"40":{"start":{"line":108,"column":6},"end":{"line":110,"column":9}},"41":{"start":{"line":112,"column":6},"end":{"line":115,"column":9}},"42":{"start":{"line":123,"column":4},"end":{"line":150,"column":5}},"43":{"start":{"line":124,"column":25},"end":{"line":124,"column":50}},"44":{"start":{"line":126,"column":6},"end":{"line":128,"column":7}},"45":{"start":{"line":127,"column":8},"end":{"line":127,"column":22}},"46":{"start":{"line":130,"column":6},"end":{"line":144,"column":7}},"47":{"start":{"line":131,"column":22},"end":{"line":131,"column":45}},"48":{"start":{"line":132,"column":32},"end":{"line":132,"column":63}},"49":{"start":{"line":134,"column":8},"end":{"line":140,"column":9}},"50":{"start":{"line":135,"column":32},"end":{"line":135,"column":92}},"51":{"start":{"line":136,"column":10},"end":{"line":139,"column":11}},"52":{"start":{"line":137,"column":12},"end":{"line":137,"column":42}},"53":{"start":{"line":138,"column":12},"end":{"line":138,"column":48}},"54":{"start":{"line":143,"column":8},"end":{"line":143,"column":87}},"55":{"start":{"line":146,"column":6},"end":{"line":146,"column":13}},"56":{"start":{"line":149,"column":6},"end":{"line":149,"column":13}},"57":{"start":{"line":157,"column":4},"end":{"line":166,"column":7}},"58":{"start":{"line":158,"column":6},"end":{"line":165,"column":9}},"59":{"start":{"line":159,"column":8},"end":{"line":164,"column":9}},"60":{"start":{"line":160,"column":10},"end":{"line":160,"column":70}},"61":{"start":{"line":161,"column":10},"end":{"line":161,"column":22}},"62":{"start":{"line":163,"column":10},"end":{"line":163,"column":20}},"63":{"start":{"line":173,"column":23},"end":{"line":173,"column":48}},"64":{"start":{"line":175,"column":4},"end":{"line":180,"column":5}},"65":{"start":{"line":176,"column":6},"end":{"line":179,"column":8}},"66":{"start":{"line":182,"column":18},"end":{"line":182,"column":41}},"67":{"start":{"line":183,"column":4},"end":{"line":183,"column":43}},"68":{"start":{"line":190,"column":4},"end":{"line":212,"column":5}},"69":{"start":{"line":192,"column":51},"end":{"line":192,"column":85}},"70":{"start":{"line":194,"column":6},"end":{"line":199,"column":7}},"71":{"start":{"line":195,"column":8},"end":{"line":198,"column":10}},"72":{"start":{"line":201,"column":6},"end":{"line":205,"column":8}},"73":{"start":{"line":207,"column":6},"end":{"line":207,"column":54}},"74":{"start":{"line":208,"column":6},"end":{"line":211,"column":8}},"75":{"start":{"line":219,"column":4},"end":{"line":287,"column":5}},"76":{"start":{"line":221,"column":57},"end":{"line":225,"column":17}},"77":{"start":{"line":227,"column":6},"end":{"line":232,"column":7}},"78":{"start":{"line":228,"column":8},"end":{"line":231,"column":10}},"79":{"start":{"line":235,"column":6},"end":{"line":240,"column":7}},"80":{"start":{"line":236,"column":8},"end":{"line":239,"column":10}},"81":{"start":{"line":243,"column":6},"end":{"line":248,"column":7}},"82":{"start":{"line":244,"column":8},"end":{"line":247,"column":10}},"83":{"start":{"line":251,"column":30},"end":{"line":251,"column":76}},"84":{"start":{"line":252,"column":6},"end":{"line":257,"column":7}},"85":{"start":{"line":253,"column":8},"end":{"line":256,"column":10}},"86":{"start":{"line":260,"column":22},"end":{"line":268,"column":7}},"87":{"start":{"line":270,"column":6},"end":{"line":279,"column":8}},"88":{"start":{"line":282,"column":6},"end":{"line":282,"column":58}},"89":{"start":{"line":283,"column":6},"end":{"line":286,"column":8}},"90":{"start":{"line":294,"column":22},"end":{"line":294,"column":46}},"91":{"start":{"line":297,"column":4},"end":{"line":304,"column":5}},"92":{"start":{"line":298,"column":6},"end":{"line":303,"column":9}},"93":{"start":{"line":307,"column":4},"end":{"line":313,"column":7}},"94":{"start":{"line":316,"column":4},"end":{"line":316,"column":45}},"95":{"start":{"line":317,"column":4},"end":{"line":317,"column":45}},"96":{"start":{"line":325,"column":31},"end":{"line":325,"column":79}},"97":{"start":{"line":326,"column":4},"end":{"line":331,"column":5}},"98":{"start":{"line":327,"column":6},"end":{"line":330,"column":8}},"99":{"start":{"line":334,"column":4},"end":{"line":342,"column":5}},"100":{"start":{"line":335,"column":27},"end":{"line":335,"column":64}},"101":{"start":{"line":336,"column":6},"end":{"line":341,"column":7}},"102":{"start":{"line":337,"column":8},"end":{"line":340,"column":10}},"103":{"start":{"line":344,"column":4},"end":{"line":344,"column":27}},"104":{"start":{"line":351,"column":22},"end":{"line":351,"column":43}},"105":{"start":{"line":352,"column":24},"end":{"line":352,"column":34}},"106":{"start":{"line":353,"column":23},"end":{"line":353,"column":71}},"107":{"start":{"line":356,"column":27},"end":{"line":360,"column":7}},"108":{"start":{"line":358,"column":8},"end":{"line":359,"column":41}},"109":{"start":{"line":362,"column":22},"end":{"line":362,"column":67}},"110":{"start":{"line":362,"column":54},"end":{"line":362,"column":65}},"111":{"start":{"line":363,"column":4},"end":{"line":365,"column":5}},"112":{"start":{"line":364,"column":6},"end":{"line":364,"column":73}},"113":{"start":{"line":367,"column":4},"end":{"line":367,"column":30}},"114":{"start":{"line":374,"column":22},"end":{"line":374,"column":43}},"115":{"start":{"line":377,"column":27},"end":{"line":381,"column":7}},"116":{"start":{"line":379,"column":8},"end":{"line":380,"column":68}},"117":{"start":{"line":383,"column":4},"end":{"line":386,"column":5}},"118":{"start":{"line":384,"column":30},"end":{"line":384,"column":93}},"119":{"start":{"line":384,"column":61},"end":{"line":384,"column":92}},"120":{"start":{"line":385,"column":6},"end":{"line":385,"column":50}},"121":{"start":{"line":388,"column":4},"end":{"line":388,"column":16}},"122":{"start":{"line":395,"column":23},"end":{"line":395,"column":53}},"123":{"start":{"line":396,"column":24},"end":{"line":396,"column":59}},"124":{"start":{"line":398,"column":4},"end":{"line":398,"column":35}},"125":{"start":{"line":398,"column":22},"end":{"line":398,"column":35}},"126":{"start":{"line":400,"column":16},"end":{"line":400,"column":26}},"127":{"start":{"line":401,"column":26},"end":{"line":401,"column":59}},"128":{"start":{"line":403,"column":4},"end":{"line":407,"column":5}},"129":{"start":{"line":405,"column":6},"end":{"line":405,"column":45}},"130":{"start":{"line":406,"column":6},"end":{"line":406,"column":19}},"131":{"start":{"line":409,"column":4},"end":{"line":409,"column":16}},"132":{"start":{"line":416,"column":23},"end":{"line":416,"column":53}},"133":{"start":{"line":417,"column":24},"end":{"line":417,"column":59}},"134":{"start":{"line":419,"column":4},"end":{"line":419,"column":31}},"135":{"start":{"line":419,"column":22},"end":{"line":419,"column":31}},"136":{"start":{"line":421,"column":16},"end":{"line":421,"column":26}},"137":{"start":{"line":422,"column":26},"end":{"line":422,"column":59}},"138":{"start":{"line":423,"column":4},"end":{"line":423,"column":71}},"139":{"start":{"line":430,"column":23},"end":{"line":430,"column":53}},"140":{"start":{"line":431,"column":16},"end":{"line":431,"column":26}},"141":{"start":{"line":433,"column":4},"end":{"line":439,"column":5}},"142":{"start":{"line":434,"column":6},"end":{"line":438,"column":9}},"143":{"start":{"line":441,"column":24},"end":{"line":441,"column":59}},"144":{"start":{"line":442,"column":4},"end":{"line":442,"column":30}},"145":{"start":{"line":443,"column":4},"end":{"line":443,"column":34}},"146":{"start":{"line":446,"column":23},"end":{"line":446,"column":58}},"147":{"start":{"line":447,"column":4},"end":{"line":449,"column":5}},"148":{"start":{"line":448,"column":6},"end":{"line":448,"column":56}},"149":{"start":{"line":451,"column":4},"end":{"line":455,"column":7}},"150":{"start":{"line":462,"column":23},"end":{"line":462,"column":53}},"151":{"start":{"line":463,"column":4},"end":{"line":463,"column":43}},"152":{"start":{"line":464,"column":4},"end":{"line":464,"column":43}},"153":{"start":{"line":471,"column":16},"end":{"line":471,"column":26}},"154":{"start":{"line":472,"column":23},"end":{"line":472,"column":37}},"155":{"start":{"line":473,"column":27},"end":{"line":473,"column":70}},"156":{"start":{"line":475,"column":4},"end":{"line":480,"column":5}},"157":{"start":{"line":476,"column":6},"end":{"line":479,"column":8}},"158":{"start":{"line":482,"column":4},"end":{"line":482,"column":40}},"159":{"start":{"line":489,"column":16},"end":{"line":489,"column":26}},"160":{"start":{"line":490,"column":24},"end":{"line":490,"column":58}},"161":{"start":{"line":492,"column":4},"end":{"line":496,"column":7}},"162":{"start":{"line":503,"column":16},"end":{"line":503,"column":26}},"163":{"start":{"line":504,"column":26},"end":{"line":504,"column":90}},"164":{"start":{"line":505,"column":4},"end":{"line":505,"column":50}},"165":{"start":{"line":512,"column":4},"end":{"line":519,"column":5}},"166":{"start":{"line":513,"column":6},"end":{"line":516,"column":26}},"167":{"start":{"line":518,"column":6},"end":{"line":518,"column":62}},"168":{"start":{"line":526,"column":26},"end":{"line":526,"column":88}},"169":{"start":{"line":527,"column":4},"end":{"line":527,"column":69}},"170":{"start":{"line":527,"column":42},"end":{"line":527,"column":67}},"171":{"start":{"line":535,"column":4},"end":{"line":535,"column":33}},"172":{"start":{"line":542,"column":23},"end":{"line":542,"column":48}},"173":{"start":{"line":543,"column":4},"end":{"line":543,"column":56}},"174":{"start":{"line":543,"column":43},"end":{"line":543,"column":56}},"175":{"start":{"line":544,"column":4},"end":{"line":544,"column":52}},"176":{"start":{"line":544,"column":37},"end":{"line":544,"column":52}},"177":{"start":{"line":545,"column":4},"end":{"line":545,"column":21}},"178":{"start":{"line":552,"column":4},"end":{"line":556,"column":21}},"179":{"start":{"line":563,"column":4},"end":{"line":563,"column":31}},"180":{"start":{"line":570,"column":4},"end":{"line":574,"column":7}},"181":{"start":{"line":581,"column":26},"end":{"line":581,"column":49}},"182":{"start":{"line":583,"column":4},"end":{"line":587,"column":5}},"183":{"start":{"line":584,"column":6},"end":{"line":586,"column":9}},"184":{"start":{"line":589,"column":20},"end":{"line":589,"column":58}},"185":{"start":{"line":590,"column":4},"end":{"line":594,"column":5}},"186":{"start":{"line":591,"column":6},"end":{"line":593,"column":9}},"187":{"start":{"line":597,"column":16},"end":{"line":597,"column":26}},"188":{"start":{"line":598,"column":26},"end":{"line":598,"column":107}},"189":{"start":{"line":600,"column":4},"end":{"line":605,"column":5}},"190":{"start":{"line":601,"column":6},"end":{"line":601,"column":48}},"191":{"start":{"line":602,"column":6},"end":{"line":604,"column":9}},"192":{"start":{"line":608,"column":4},"end":{"line":608,"column":31}},"193":{"start":{"line":609,"column":4},"end":{"line":609,"column":11}},"194":{"start":{"line":616,"column":4},"end":{"line":640,"column":5}},"195":{"start":{"line":618,"column":28},"end":{"line":618,"column":51}},"196":{"start":{"line":619,"column":6},"end":{"line":621,"column":7}},"197":{"start":{"line":620,"column":8},"end":{"line":620,"column":50}},"198":{"start":{"line":624,"column":25},"end":{"line":624,"column":50}},"199":{"start":{"line":625,"column":6},"end":{"line":628,"column":7}},"200":{"start":{"line":626,"column":22},"end":{"line":626,"column":45}},"201":{"start":{"line":627,"column":8},"end":{"line":627,"column":38}},"202":{"start":{"line":631,"column":6},"end":{"line":631,"column":36}},"203":{"start":{"line":633,"column":6},"end":{"line":633,"column":56}},"204":{"start":{"line":635,"column":6},"end":{"line":635,"column":13}},"205":{"start":{"line":637,"column":6},"end":{"line":637,"column":44}},"206":{"start":{"line":638,"column":6},"end":{"line":638,"column":80}},"207":{"start":{"line":639,"column":6},"end":{"line":639,"column":13}},"208":{"start":{"line":645,"column":30},"end":{"line":645,"column":50}},"209":{"start":{"line":648,"column":21},"end":{"line":650,"column":1}},"210":{"start":{"line":649,"column":2},"end":{"line":649,"column":60}},"211":{"start":{"line":652,"column":21},"end":{"line":654,"column":1}},"212":{"start":{"line":653,"column":2},"end":{"line":653,"column":60}},"213":{"start":{"line":656,"column":24},"end":{"line":658,"column":1}},"214":{"start":{"line":657,"column":2},"end":{"line":657,"column":63}},"215":{"start":{"line":660,"column":15},"end":{"line":662,"column":1}},"216":{"start":{"line":661,"column":2},"end":{"line":661,"column":54}},"217":{"start":{"line":664,"column":0},"end":{"line":678,"column":2}},"218":{"start":{"line":675,"column":28},"end":{"line":675,"column":38}},"219":{"start":{"line":676,"column":27},"end":{"line":676,"column":35}},"220":{"start":{"line":677,"column":30},"end":{"line":677,"column":41}}},"fnMap":{"0":{"name":"(anonymous_0)","decl":{"start":{"line":20,"column":2},"end":{"line":20,"column":3}},"loc":{"start":{"line":20,"column":16},"end":{"line":23,"column":3}},"line":20},"1":{"name":"(anonymous_1)","decl":{"start":{"line":28,"column":2},"end":{"line":28,"column":3}},"loc":{"start":{"line":28,"column":22},"end":{"line":39,"column":3}},"line":28},"2":{"name":"(anonymous_2)","decl":{"start":{"line":44,"column":2},"end":{"line":44,"column":3}},"loc":{"start":{"line":44,"column":31},"end":{"line":46,"column":3}},"line":44},"3":{"name":"(anonymous_3)","decl":{"start":{"line":51,"column":2},"end":{"line":51,"column":3}},"loc":{"start":{"line":51,"column":39},"end":{"line":117,"column":3}},"line":51},"4":{"name":"(anonymous_4)","decl":{"start":{"line":122,"column":2},"end":{"line":122,"column":3}},"loc":{"start":{"line":122,"column":37},"end":{"line":151,"column":3}},"line":122},"5":{"name":"(anonymous_5)","decl":{"start":{"line":156,"column":2},"end":{"line":156,"column":3}},"loc":{"start":{"line":156,"column":40},"end":{"line":167,"column":3}},"line":156},"6":{"name":"(anonymous_6)","decl":{"start":{"line":157,"column":23},"end":{"line":157,"column":24}},"loc":{"start":{"line":157,"column":44},"end":{"line":166,"column":5}},"line":157},"7":{"name":"(anonymous_7)","decl":{"start":{"line":158,"column":28},"end":{"line":158,"column":29}},"loc":{"start":{"line":158,"column":37},"end":{"line":165,"column":7}},"line":158},"8":{"name":"(anonymous_8)","decl":{"start":{"line":172,"column":2},"end":{"line":172,"column":3}},"loc":{"start":{"line":172,"column":42},"end":{"line":184,"column":3}},"line":172},"9":{"name":"(anonymous_9)","decl":{"start":{"line":189,"column":2},"end":{"line":189,"column":3}},"loc":{"start":{"line":189,"column":29},"end":{"line":213,"column":3}},"line":189},"10":{"name":"(anonymous_10)","decl":{"start":{"line":218,"column":2},"end":{"line":218,"column":3}},"loc":{"start":{"line":218,"column":42},"end":{"line":288,"column":3}},"line":218},"11":{"name":"(anonymous_11)","decl":{"start":{"line":293,"column":2},"end":{"line":293,"column":3}},"loc":{"start":{"line":293,"column":45},"end":{"line":318,"column":3}},"line":293},"12":{"name":"(anonymous_12)","decl":{"start":{"line":323,"column":2},"end":{"line":323,"column":3}},"loc":{"start":{"line":323,"column":43},"end":{"line":345,"column":3}},"line":323},"13":{"name":"(anonymous_13)","decl":{"start":{"line":350,"column":2},"end":{"line":350,"column":3}},"loc":{"start":{"line":350,"column":46},"end":{"line":368,"column":3}},"line":350},"14":{"name":"(anonymous_14)","decl":{"start":{"line":357,"column":14},"end":{"line":357,"column":15}},"loc":{"start":{"line":358,"column":8},"end":{"line":359,"column":41}},"line":358},"15":{"name":"(anonymous_15)","decl":{"start":{"line":362,"column":49},"end":{"line":362,"column":50}},"loc":{"start":{"line":362,"column":54},"end":{"line":362,"column":65}},"line":362},"16":{"name":"(anonymous_16)","decl":{"start":{"line":373,"column":2},"end":{"line":373,"column":3}},"loc":{"start":{"line":373,"column":35},"end":{"line":389,"column":3}},"line":373},"17":{"name":"(anonymous_17)","decl":{"start":{"line":378,"column":14},"end":{"line":378,"column":15}},"loc":{"start":{"line":379,"column":8},"end":{"line":380,"column":68}},"line":379},"18":{"name":"(anonymous_18)","decl":{"start":{"line":384,"column":50},"end":{"line":384,"column":51}},"loc":{"start":{"line":384,"column":61},"end":{"line":384,"column":92}},"line":384},"19":{"name":"(anonymous_19)","decl":{"start":{"line":394,"column":2},"end":{"line":394,"column":3}},"loc":{"start":{"line":394,"column":23},"end":{"line":410,"column":3}},"line":394},"20":{"name":"(anonymous_20)","decl":{"start":{"line":415,"column":2},"end":{"line":415,"column":3}},"loc":{"start":{"line":415,"column":26},"end":{"line":424,"column":3}},"line":415},"21":{"name":"(anonymous_21)","decl":{"start":{"line":429,"column":2},"end":{"line":429,"column":3}},"loc":{"start":{"line":429,"column":27},"end":{"line":456,"column":3}},"line":429},"22":{"name":"(anonymous_22)","decl":{"start":{"line":461,"column":2},"end":{"line":461,"column":3}},"loc":{"start":{"line":461,"column":27},"end":{"line":465,"column":3}},"line":461},"23":{"name":"(anonymous_23)","decl":{"start":{"line":470,"column":2},"end":{"line":470,"column":3}},"loc":{"start":{"line":470,"column":33},"end":{"line":483,"column":3}},"line":470},"24":{"name":"(anonymous_24)","decl":{"start":{"line":488,"column":2},"end":{"line":488,"column":3}},"loc":{"start":{"line":488,"column":36},"end":{"line":497,"column":3}},"line":488},"25":{"name":"(anonymous_25)","decl":{"start":{"line":502,"column":2},"end":{"line":502,"column":3}},"loc":{"start":{"line":502,"column":33},"end":{"line":506,"column":3}},"line":502},"26":{"name":"(anonymous_26)","decl":{"start":{"line":511,"column":2},"end":{"line":511,"column":3}},"loc":{"start":{"line":511,"column":35},"end":{"line":520,"column":3}},"line":511},"27":{"name":"(anonymous_27)","decl":{"start":{"line":525,"column":2},"end":{"line":525,"column":3}},"loc":{"start":{"line":525,"column":23},"end":{"line":528,"column":3}},"line":525},"28":{"name":"(anonymous_28)","decl":{"start":{"line":527,"column":30},"end":{"line":527,"column":31}},"loc":{"start":{"line":527,"column":42},"end":{"line":527,"column":67}},"line":527},"29":{"name":"(anonymous_29)","decl":{"start":{"line":533,"column":2},"end":{"line":533,"column":3}},"loc":{"start":{"line":533,"column":28},"end":{"line":536,"column":3}},"line":533},"30":{"name":"(anonymous_30)","decl":{"start":{"line":541,"column":2},"end":{"line":541,"column":3}},"loc":{"start":{"line":541,"column":21},"end":{"line":546,"column":3}},"line":541},"31":{"name":"(anonymous_31)","decl":{"start":{"line":551,"column":2},"end":{"line":551,"column":3}},"loc":{"start":{"line":551,"column":19},"end":{"line":557,"column":3}},"line":551},"32":{"name":"(anonymous_32)","decl":{"start":{"line":562,"column":2},"end":{"line":562,"column":3}},"loc":{"start":{"line":562,"column":22},"end":{"line":564,"column":3}},"line":562},"33":{"name":"(anonymous_33)","decl":{"start":{"line":569,"column":2},"end":{"line":569,"column":3}},"loc":{"start":{"line":569,"column":54},"end":{"line":575,"column":3}},"line":569},"34":{"name":"(anonymous_34)","decl":{"start":{"line":580,"column":2},"end":{"line":580,"column":3}},"loc":{"start":{"line":580,"column":34},"end":{"line":610,"column":3}},"line":580},"35":{"name":"(anonymous_35)","decl":{"start":{"line":615,"column":2},"end":{"line":615,"column":3}},"loc":{"start":{"line":615,"column":31},"end":{"line":641,"column":3}},"line":615},"36":{"name":"(anonymous_36)","decl":{"start":{"line":648,"column":21},"end":{"line":648,"column":22}},"loc":{"start":{"line":648,"column":41},"end":{"line":650,"column":1}},"line":648},"37":{"name":"(anonymous_37)","decl":{"start":{"line":652,"column":21},"end":{"line":652,"column":22}},"loc":{"start":{"line":652,"column":41},"end":{"line":654,"column":1}},"line":652},"38":{"name":"(anonymous_38)","decl":{"start":{"line":656,"column":24},"end":{"line":656,"column":25}},"loc":{"start":{"line":656,"column":44},"end":{"line":658,"column":1}},"line":656},"39":{"name":"(anonymous_39)","decl":{"start":{"line":660,"column":15},"end":{"line":660,"column":16}},"loc":{"start":{"line":660,"column":35},"end":{"line":662,"column":1}},"line":660},"40":{"name":"(anonymous_40)","decl":{"start":{"line":675,"column":19},"end":{"line":675,"column":20}},"loc":{"start":{"line":675,"column":28},"end":{"line":675,"column":38}},"line":675},"41":{"name":"(anonymous_41)","decl":{"start":{"line":676,"column":18},"end":{"line":676,"column":19}},"loc":{"start":{"line":676,"column":27},"end":{"line":676,"column":35}},"line":676},"42":{"name":"(anonymous_42)","decl":{"start":{"line":677,"column":21},"end":{"line":677,"column":22}},"loc":{"start":{"line":677,"column":30},"end":{"line":677,"column":41}},"line":677}},"branchMap":{"0":{"loc":{"start":{"line":54,"column":6},"end":{"line":56,"column":7}},"type":"if","locations":[{"start":{"line":54,"column":6},"end":{"line":56,"column":7}},{"start":{},"end":{}}],"line":54},"1":{"loc":{"start":{"line":59,"column":6},"end":{"line":67,"column":7}},"type":"if","locations":[{"start":{"line":59,"column":6},"end":{"line":67,"column":7}},{"start":{},"end":{}}],"line":59},"2":{"loc":{"start":{"line":71,"column":6},"end":{"line":76,"column":7}},"type":"if","locations":[{"start":{"line":71,"column":6},"end":{"line":76,"column":7}},{"start":{},"end":{}}],"line":71},"3":{"loc":{"start":{"line":80,"column":6},"end":{"line":85,"column":7}},"type":"if","locations":[{"start":{"line":80,"column":6},"end":{"line":85,"column":7}},{"start":{},"end":{}}],"line":80},"4":{"loc":{"start":{"line":126,"column":6},"end":{"line":128,"column":7}},"type":"if","locations":[{"start":{"line":126,"column":6},"end":{"line":128,"column":7}},{"start":{},"end":{}}],"line":126},"5":{"loc":{"start":{"line":126,"column":10},"end":{"line":126,"column":58}},"type":"binary-expr","locations":[{"start":{"line":126,"column":10},"end":{"line":126,"column":21}},{"start":{"line":126,"column":25},"end":{"line":126,"column":58}}],"line":126},"6":{"loc":{"start":{"line":134,"column":8},"end":{"line":140,"column":9}},"type":"if","locations":[{"start":{"line":134,"column":8},"end":{"line":140,"column":9}},{"start":{},"end":{}}],"line":134},"7":{"loc":{"start":{"line":136,"column":10},"end":{"line":139,"column":11}},"type":"if","locations":[{"start":{"line":136,"column":10},"end":{"line":139,"column":11}},{"start":{},"end":{}}],"line":136},"8":{"loc":{"start":{"line":159,"column":8},"end":{"line":164,"column":9}},"type":"if","locations":[{"start":{"line":159,"column":8},"end":{"line":164,"column":9}},{"start":{"line":162,"column":15},"end":{"line":164,"column":9}}],"line":159},"9":{"loc":{"start":{"line":175,"column":4},"end":{"line":180,"column":5}},"type":"if","locations":[{"start":{"line":175,"column":4},"end":{"line":180,"column":5}},{"start":{},"end":{}}],"line":175},"10":{"loc":{"start":{"line":175,"column":8},"end":{"line":175,"column":56}},"type":"binary-expr","locations":[{"start":{"line":175,"column":8},"end":{"line":175,"column":19}},{"start":{"line":175,"column":23},"end":{"line":175,"column":56}}],"line":175},"11":{"loc":{"start":{"line":194,"column":6},"end":{"line":199,"column":7}},"type":"if","locations":[{"start":{"line":194,"column":6},"end":{"line":199,"column":7}},{"start":{},"end":{}}],"line":194},"12":{"loc":{"start":{"line":194,"column":10},"end":{"line":194,"column":37}},"type":"binary-expr","locations":[{"start":{"line":194,"column":10},"end":{"line":194,"column":19}},{"start":{"line":194,"column":23},"end":{"line":194,"column":37}}],"line":194},"13":{"loc":{"start":{"line":227,"column":6},"end":{"line":232,"column":7}},"type":"if","locations":[{"start":{"line":227,"column":6},"end":{"line":232,"column":7}},{"start":{},"end":{}}],"line":227},"14":{"loc":{"start":{"line":227,"column":10},"end":{"line":227,"column":38}},"type":"binary-expr","locations":[{"start":{"line":227,"column":10},"end":{"line":227,"column":22}},{"start":{"line":227,"column":26},"end":{"line":227,"column":38}}],"line":227},"15":{"loc":{"start":{"line":235,"column":6},"end":{"line":240,"column":7}},"type":"if","locations":[{"start":{"line":235,"column":6},"end":{"line":240,"column":7}},{"start":{},"end":{}}],"line":235},"16":{"loc":{"start":{"line":235,"column":10},"end":{"line":235,"column":52}},"type":"binary-expr","locations":[{"start":{"line":235,"column":10},"end":{"line":235,"column":32}},{"start":{"line":235,"column":36},"end":{"line":235,"column":52}}],"line":235},"17":{"loc":{"start":{"line":243,"column":6},"end":{"line":248,"column":7}},"type":"if","locations":[{"start":{"line":243,"column":6},"end":{"line":248,"column":7}},{"start":{},"end":{}}],"line":243},"18":{"loc":{"start":{"line":252,"column":6},"end":{"line":257,"column":7}},"type":"if","locations":[{"start":{"line":252,"column":6},"end":{"line":257,"column":7}},{"start":{},"end":{}}],"line":252},"19":{"loc":{"start":{"line":297,"column":4},"end":{"line":304,"column":5}},"type":"if","locations":[{"start":{"line":297,"column":4},"end":{"line":304,"column":5}},{"start":{},"end":{}}],"line":297},"20":{"loc":{"start":{"line":326,"column":4},"end":{"line":331,"column":5}},"type":"if","locations":[{"start":{"line":326,"column":4},"end":{"line":331,"column":5}},{"start":{},"end":{}}],"line":326},"21":{"loc":{"start":{"line":334,"column":4},"end":{"line":342,"column":5}},"type":"if","locations":[{"start":{"line":334,"column":4},"end":{"line":342,"column":5}},{"start":{},"end":{}}],"line":334},"22":{"loc":{"start":{"line":336,"column":6},"end":{"line":341,"column":7}},"type":"if","locations":[{"start":{"line":336,"column":6},"end":{"line":341,"column":7}},{"start":{},"end":{}}],"line":336},"23":{"loc":{"start":{"line":358,"column":8},"end":{"line":359,"column":41}},"type":"binary-expr","locations":[{"start":{"line":358,"column":8},"end":{"line":358,"column":33}},{"start":{"line":359,"column":8},"end":{"line":359,"column":41}}],"line":358},"24":{"loc":{"start":{"line":363,"column":4},"end":{"line":365,"column":5}},"type":"if","locations":[{"start":{"line":363,"column":4},"end":{"line":365,"column":5}},{"start":{},"end":{}}],"line":363},"25":{"loc":{"start":{"line":363,"column":8},"end":{"line":363,"column":46}},"type":"binary-expr","locations":[{"start":{"line":363,"column":8},"end":{"line":363,"column":26}},{"start":{"line":363,"column":30},"end":{"line":363,"column":46}}],"line":363},"26":{"loc":{"start":{"line":379,"column":8},"end":{"line":380,"column":68}},"type":"binary-expr","locations":[{"start":{"line":379,"column":8},"end":{"line":379,"column":33}},{"start":{"line":380,"column":8},"end":{"line":380,"column":68}}],"line":379},"27":{"loc":{"start":{"line":383,"column":4},"end":{"line":386,"column":5}},"type":"if","locations":[{"start":{"line":383,"column":4},"end":{"line":386,"column":5}},{"start":{},"end":{}}],"line":383},"28":{"loc":{"start":{"line":385,"column":13},"end":{"line":385,"column":49}},"type":"binary-expr","locations":[{"start":{"line":385,"column":13},"end":{"line":385,"column":28}},{"start":{"line":385,"column":32},"end":{"line":385,"column":49}}],"line":385},"29":{"loc":{"start":{"line":398,"column":4},"end":{"line":398,"column":35}},"type":"if","locations":[{"start":{"line":398,"column":4},"end":{"line":398,"column":35}},{"start":{},"end":{}}],"line":398},"30":{"loc":{"start":{"line":403,"column":4},"end":{"line":407,"column":5}},"type":"if","locations":[{"start":{"line":403,"column":4},"end":{"line":407,"column":5}},{"start":{},"end":{}}],"line":403},"31":{"loc":{"start":{"line":419,"column":4},"end":{"line":419,"column":31}},"type":"if","locations":[{"start":{"line":419,"column":4},"end":{"line":419,"column":31}},{"start":{},"end":{}}],"line":419},"32":{"loc":{"start":{"line":433,"column":4},"end":{"line":439,"column":5}},"type":"if","locations":[{"start":{"line":433,"column":4},"end":{"line":439,"column":5}},{"start":{},"end":{}}],"line":433},"33":{"loc":{"start":{"line":447,"column":4},"end":{"line":449,"column":5}},"type":"if","locations":[{"start":{"line":447,"column":4},"end":{"line":449,"column":5}},{"start":{},"end":{}}],"line":447},"34":{"loc":{"start":{"line":475,"column":4},"end":{"line":480,"column":5}},"type":"if","locations":[{"start":{"line":475,"column":4},"end":{"line":480,"column":5}},{"start":{},"end":{}}],"line":475},"35":{"loc":{"start":{"line":475,"column":8},"end":{"line":475,"column":86}},"type":"binary-expr","locations":[{"start":{"line":475,"column":8},"end":{"line":475,"column":22}},{"start":{"line":475,"column":26},"end":{"line":475,"column":86}}],"line":475},"36":{"loc":{"start":{"line":495,"column":16},"end":{"line":495,"column":66}},"type":"binary-expr","locations":[{"start":{"line":495,"column":16},"end":{"line":495,"column":61}},{"start":{"line":495,"column":65},"end":{"line":495,"column":66}}],"line":495},"37":{"loc":{"start":{"line":543,"column":4},"end":{"line":543,"column":56}},"type":"if","locations":[{"start":{"line":543,"column":4},"end":{"line":543,"column":56}},{"start":{},"end":{}}],"line":543},"38":{"loc":{"start":{"line":544,"column":4},"end":{"line":544,"column":52}},"type":"if","locations":[{"start":{"line":544,"column":4},"end":{"line":544,"column":52}},{"start":{},"end":{}}],"line":544},"39":{"loc":{"start":{"line":552,"column":11},"end":{"line":556,"column":20}},"type":"binary-expr","locations":[{"start":{"line":552,"column":11},"end":{"line":552,"column":64}},{"start":{"line":553,"column":11},"end":{"line":553,"column":35}},{"start":{"line":554,"column":11},"end":{"line":554,"column":40}},{"start":{"line":555,"column":11},"end":{"line":555,"column":36}},{"start":{"line":556,"column":11},"end":{"line":556,"column":20}}],"line":552},"40":{"loc":{"start":{"line":569,"column":40},"end":{"line":569,"column":52}},"type":"default-arg","locations":[{"start":{"line":569,"column":50},"end":{"line":569,"column":52}}],"line":569},"41":{"loc":{"start":{"line":583,"column":4},"end":{"line":587,"column":5}},"type":"if","locations":[{"start":{"line":583,"column":4},"end":{"line":587,"column":5}},{"start":{},"end":{}}],"line":583},"42":{"loc":{"start":{"line":590,"column":4},"end":{"line":594,"column":5}},"type":"if","locations":[{"start":{"line":590,"column":4},"end":{"line":594,"column":5}},{"start":{},"end":{}}],"line":590},"43":{"loc":{"start":{"line":600,"column":4},"end":{"line":605,"column":5}},"type":"if","locations":[{"start":{"line":600,"column":4},"end":{"line":605,"column":5}},{"start":{},"end":{}}],"line":600},"44":{"loc":{"start":{"line":619,"column":6},"end":{"line":621,"column":7}},"type":"if","locations":[{"start":{"line":619,"c
[...]
"(anonymous_12)","decl":{"start":{"line":163,"column":26},"end":{"line":163,"column":27}},"loc":{"start":{"line":163,"column":35},"end":{"line":167,"column":3}},"line":163},"13":{"name":"createValidationError","decl":{"start":{"line":175,"column":9},"end":{"line":175,"column":30}},"loc":{"start":{"line":175,"column":88},"end":{"line":189,"column":1}},"line":175},"14":{"name":"createDatabaseError","decl":{"start":{"line":194,"column":9},"end":{"line":194,"column":28}},"loc":{"start":{"line":194,"column":102},"end":{"line":208,"column":1}},"line":194},"15":{"name":"createExternalServiceError","decl":{"start":{"line":213,"column":9},"end":{"line":213,"column":35}},"loc":{"start":{"line":213,"column":112},"end":{"line":227,"column":1}},"line":213},"16":{"name":"createAuthError","decl":{"start":{"line":232,"column":9},"end":{"line":232,"column":24}},"loc":{"start":{"line":232,"column":58},"end":{"line":253,"column":1}},"line":232},"17":{"name":"sanitizeErrorMessage","decl":{"start":{"line":258,"column":9},"end":{"line":258,"column":29}},"loc":{"start":{"line":258,"column":65},"end":{"line":280,"column":1}},"line":258},"18":{"name":"(anonymous_18)","decl":{"start":{"line":275,"column":28},"end":{"line":275,"column":29}},"loc":{"start":{"line":275,"column":39},"end":{"line":277,"column":3}},"line":275},"19":{"name":"formatErrorForLogging","decl":{"start":{"line":285,"column":9},"end":{"line":285,"column":30}},"loc":{"start":{"line":285,"column":52},"end":{"line":300,"column":1}},"line":285},"20":{"name":"shouldTriggerAlert","decl":{"start":{"line":305,"column":9},"end":{"line":305,"column":27}},"loc":{"start":{"line":305,"column":52},"end":{"line":314,"column":1}},"line":305},"21":{"name":"getErrorCorrelationId","decl":{"start":{"line":319,"column":9},"end":{"line":319,"column":30}},"loc":{"start":{"line":319,"column":38},"end":{"line":323,"column":1}},"line":319},"22":{"name":"normalizeError","decl":{"start":{"line":328,"column":9},"end":{"line":328,"column":23}},"loc":{"start":{"line":328,"column":59},"end":{"line":374,"column":1}},"line":328},"23":{"name":"createRecoveryStrategy","decl":{"start":{"line":379,"column":9},"end":{"line":379,"column":31}},"loc":{"start":{"line":379,"column":39},"end":{"line":423,"column":1}},"line":379}},"branchMap":{"0":{"loc":{"start":{"line":11,"column":44},"end":{"line":11,"column":66}},"type":"default-arg","locations":[{"start":{"line":11,"column":62},"end":{"line":11,"column":66}}],"line":11},"1":{"loc":{"start":{"line":22,"column":19},"end":{"line":22,"column":56}},"type":"binary-expr","locations":[{"start":{"line":22,"column":19},"end":{"line":22,"column":39}},{"start":{"line":22,"column":43},"end":{"line":22,"column":56}}],"line":22},"2":{"loc":{"start":{"line":23,"column":15},"end":{"line":23,"column":57}},"type":"binary-expr","locations":[{"start":{"line":23,"column":15},"end":{"line":23,"column":46}},{"start":{"line":23,"column":50},"end":{"line":23,"column":57}}],"line":23},"3":{"loc":{"start":{"line":28,"column":2},"end":{"line":30,"column":3}},"type":"if","locations":[{"start":{"line":28,"column":2},"end":{"line":30,"column":3}},{"start":{},"end":{}}],"line":28},"4":{"loc":{"start":{"line":33,"column":2},"end":{"line":36,"column":3}},"type":"if","locations":[{"start":{"line":33,"column":2},"end":{"line":36,"column":3}},{"start":{},"end":{}}],"line":33},"5":{"loc":{"start":{"line":39,"column":2},"end":{"line":41,"column":3}},"type":"if","locations":[{"start":{"line":39,"column":2},"end":{"line":41,"column":3}},{"start":{},"end":{}}],"line":39},"6":{"loc":{"start":{"line":50,"column":23},"end":{"line":50,"column":39}},"type":"default-arg","locations":[{"start":{"line":50,"column":36},"end":{"line":50,"column":39}}],"line":50},"7":{"loc":{"start":{"line":50,"column":41},"end":{"line":50,"column":60}},"type":"default-arg","locations":[{"start":{"line":50,"column":52},"end":{"line":50,"column":60}}],"line":50},"8":{"loc":{"start":{"line":50,"column":62},"end":{"line":50,"column":81}},"type":"default-arg","locations":[{"start":{"line":50,"column":73},"end":{"line":50,"column":81}}],"line":50},"9":{"loc":{"start":{"line":64,"column":23},"end":{"line":64,"column":37}},"type":"default-arg","locations":[{"start":{"line":64,"column":33},"end":{"line":64,"column":37}}],"line":64},"10":{"loc":{"start":{"line":67,"column":4},"end":{"line":69,"column":5}},"type":"if","locations":[{"start":{"line":67,"column":4},"end":{"line":69,"column":5}},{"start":{},"end":{}}],"line":67},"11":{"loc":{"start":{"line":74,"column":14},"end":{"line":74,"column":49}},"type":"default-arg","locations":[{"start":{"line":74,"column":24},"end":{"line":74,"column":49}}],"line":74},"12":{"loc":{"start":{"line":74,"column":51},"end":{"line":74,"column":73}},"type":"default-arg","locations":[{"start":{"line":74,"column":58},"end":{"line":74,"column":73}}],"line":74},"13":{"loc":{"start":{"line":82,"column":14},"end":{"line":82,"column":39}},"type":"default-arg","locations":[{"start":{"line":82,"column":24},"end":{"line":82,"column":39}}],"line":82},"14":{"loc":{"start":{"line":90,"column":23},"end":{"line":90,"column":35}},"type":"default-arg","locations":[{"start":{"line":90,"column":33},"end":{"line":90,"column":35}}],"line":90},"15":{"loc":{"start":{"line":90,"column":37},"end":{"line":90,"column":54}},"type":"default-arg","locations":[{"start":{"line":90,"column":49},"end":{"line":90,"column":54}}],"line":90},"16":{"loc":{"start":{"line":100,"column":23},"end":{"line":100,"column":34}},"type":"default-arg","locations":[{"start":{"line":100,"column":30},"end":{"line":100,"column":34}}],"line":100},"17":{"loc":{"start":{"line":100,"column":36},"end":{"line":100,"column":53}},"type":"default-arg","locations":[{"start":{"line":100,"column":48},"end":{"line":100,"column":53}}],"line":100},"18":{"loc":{"start":{"line":101,"column":36},"end":{"line":101,"column":65}},"type":"cond-expr","locations":[{"start":{"line":101,"column":48},"end":{"line":101,"column":54}},{"start":{"line":101,"column":57},"end":{"line":101,"column":65}}],"line":101},"19":{"loc":{"start":{"line":102,"column":16},"end":{"line":102,"column":40}},"type":"binary-expr","locations":[{"start":{"line":102,"column":16},"end":{"line":102,"column":20}},{"start":{"line":102,"column":24},"end":{"line":102,"column":40}}],"line":102},"20":{"loc":{"start":{"line":109,"column":23},"end":{"line":109,"column":47}},"type":"default-arg","locations":[{"start":{"line":109,"column":37},"end":{"line":109,"column":47}}],"line":109},"21":{"loc":{"start":{"line":109,"column":49},"end":{"line":109,"column":65}},"type":"default-arg","locations":[{"start":{"line":109,"column":61},"end":{"line":109,"column":65}}],"line":109},"22":{"loc":{"start":{"line":119,"column":14},"end":{"line":119,"column":45}},"type":"default-arg","locations":[{"start":{"line":119,"column":24},"end":{"line":119,"column":45}}],"line":119},"23":{"loc":{"start":{"line":119,"column":47},"end":{"line":119,"column":62}},"type":"default-arg","locations":[{"start":{"line":119,"column":60},"end":{"line":119,"column":62}}],"line":119},"24":{"loc":{"start":{"line":129,"column":14},"end":{"line":129,"column":35}},"type":"default-arg","locations":[{"start":{"line":129,"column":25},"end":{"line":129,"column":35}}],"line":129},"25":{"loc":{"start":{"line":137,"column":14},"end":{"line":137,"column":49}},"type":"default-arg","locations":[{"start":{"line":137,"column":24},"end":{"line":137,"column":49}}],"line":137},"26":{"loc":{"start":{"line":147,"column":37},"end":{"line":147,"column":56}},"type":"default-arg","locations":[{"start":{"line":147,"column":54},"end":{"line":147,"column":56}}],"line":147},"27":{"loc":{"start":{"line":147,"column":58},"end":{"line":147,"column":70}},"type":"default-arg","locations":[{"start":{"line":147,"column":68},"end":{"line":147,"column":70}}],"line":147},"28":{"loc":{"start":{"line":155,"column":14},"end":{"line":155,"column":46}},"type":"binary-expr","locations":[{"start":{"line":155,"column":14},"end":{"line":155,"column":37}},{"start":{"line":155,"column":41},"end":{"line":155,"column":46}}],"line":155},"29":{"loc":{"start":{"line":156,"column":14},"end":{"line":156,"column":47}},"type":"binary-expr","locations":[{"start":{"line":156,"column":14},"end":{"line":156,"column":37}},{"start":{"line":156,"column":41},"end":{"line":156,"column":47}}],"line":156},"30":{"loc":{"start":{"line":164,"column":4},"end":{"line":166,"column":5}},"type":"if","locations":[{"start":{"line":164,"column":4},"end":{"line":166,"column":5}},{"start":{},"end":{}}],"line":164},"31":{"loc":{"start":{"line":175,"column":40},"end":{"line":175,"column":52}},"type":"default-arg","locations":[{"start":{"line":175,"column":48},"end":{"line":175,"column":52}}],"line":175},"32":{"loc":{"start":{"line":175,"column":54},"end":{"line":175,"column":66}},"type":"default-arg","locations":[{"start":{"line":175,"column":62},"end":{"line":175,"column":66}}],"line":175},"33":{"loc":{"start":{"line":175,"column":68},"end":{"line":175,"column":86}},"type":"default-arg","locations":[{"start":{"line":175,"column":82},"end":{"line":175,"column":86}}],"line":175},"34":{"loc":{"start":{"line":184,"column":11},"end":{"line":184,"column":39}},"type":"cond-expr","locations":[{"start":{"line":184,"column":19},"end":{"line":184,"column":31}},{"start":{"line":184,"column":34},"end":{"line":184,"column":39}}],"line":184},"35":{"loc":{"start":{"line":194,"column":38},"end":{"line":194,"column":54}},"type":"default-arg","locations":[{"start":{"line":194,"column":50},"end":{"line":194,"column":54}}],"line":194},"36":{"loc":{"start":{"line":194,"column":56},"end":{"line":194,"column":68}},"type":"default-arg","locations":[{"start":{"line":194,"column":64},"end":{"line":194,"column":68}}],"line":194},"37":{"loc":{"start":{"line":194,"column":70},"end":{"line":194,"column":81}},"type":"default-arg","locations":[{"start":{"line":194,"column":77},"end":{"line":194,"column":81}}],"line":194},"38":{"loc":{"start":{"line":194,"column":83},"end":{"line":194,"column":100}},"type":"default-arg","locations":[{"start":{"line":194,"column":95},"end":{"line":194,"column":100}}],"line":194},"39":{"loc":{"start":{"line":213,"column":58},"end":{"line":213,"column":73}},"type":"default-arg","locations":[{"start":{"line":213,"column":69},"end":{"line":213,"column":73}}],"line":213},"40":{"loc":{"start":{"line":213,"column":75},"end":{"line":213,"column":92}},"type":"default-arg","locations":[{"start":{"line":213,"column":88},"end":{"line":213,"column":92}}],"line":213},"41":{"loc":{"start":{"line":213,"column":94},"end":{"line":213,"column":110}},"type":"default-arg","locations":[{"start":{"line":213,"column":106},"end":{"line":213,"column":110}}],"line":213},"42":{"loc":{"start":{"line":232,"column":25},"end":{"line":232,"column":42}},"type":"default-arg","locations":[{"start":{"line":232,"column":32},"end":{"line":232,"column":42}}],"line":232},"43":{"loc":{"start":{"line":232,"column":44},"end":{"line":232,"column":56}},"type":"default-arg","locations":[{"start":{"line":232,"column":54},"end":{"line":232,"column":56}}],"line":232},"44":{"loc":{"start":{"line":249,"column":40},"end":{"line":249,"column":75}},"type":"binary-expr","locations":[{"start":{"line":249,"column":40},"end":{"line":249,"column":54}},{"start":{"line":249,"column":58},"end":{"line":249,"column":75}}],"line":249},"45":{"loc":{"start":{"line":258,"column":37},"end":{"line":258,"column":63}},"type":"default-arg","locations":[{"start":{"line":258,"column":51},"end":{"line":258,"column":63}}],"line":258},"46":{"loc":{"start":{"line":259,"column":2},"end":{"line":261,"column":3}},"type":"if","locations":[{"start":{"line":259,"column":2},"end":{"line":261,"column":3}},{"start":{},"end":{}}],"line":259},"47":{"loc":{"start":{"line":285,"column":38},"end":{"line":285,"column":50}},"type":"default-arg","locations":[{"start":{"line":285,"column":48},"end":{"line":285,"column":50}}],"line":285},"48":{"loc":{"start":{"line":295,"column":15},"end":{"line":295,"column":58}},"type":"binary-expr","locations":[{"start":{"line":295,"column":15},"end":{"line":295,"column":30}},{"start":{"line":295,"column":34},"end":{"line":295,"column":58}}],"line":295},"49":{"loc":{"start":{"line":305,"column":35},"end":{"line":305,"column":50}},"type":"default-arg","locations":[{"start":{"line":305,"column":48},"end":{"line":305,"column":50}}],"line":305},"50":{"loc":{"start":{"line":320,"column":9},"end":{"line":322,"column":71}},"type":"binary-expr","locations":[{"start":{"line":320,"column":9},"end":{"line":320,"column":28}},{"start":{"line":321,"column":9},"end":{"line":321,"column":24}},{"start":{"line":322,"column":9},"end":{"line":322,"column":71}}],"line":320},"51":{"loc":{"start":{"line":328,"column":31},"end":{"line":328,"column":57}},"type":"default-arg","locations":[{"start":{"line":328,"column":49},"end":{"line":328,"column":57}}],"line":328},"52":{"loc":{"start":{"line":330,"column":2},"end":{"line":332,"column":3}},"type":"if","locations":[{"start":{"line":330,"column":2},"end":{"line":332,"column":3}},{"start":{},"end":{}}],"line":330},"53":{"loc":{"start":{"line":335,"column":2},"end":{"line":337,"column":3}},"type":"if","locations":[{"start":{"line":335,"column":2},"end":{"line":337,"column":3}},{"start":{},"end":{}}],"line":335},"54":{"loc":{"start":{"line":339,"column":2},"end":{"line":341,"column":3}},"type":"if","locations":[{"start":{"line":339,"column":2},"end":{"line":341,"column":3}},{"start":{},"end":{}}],"line":339},"55":{"loc":{"start":{"line":339,"column":6},"end":{"line":339,"column":78}},"type":"binary-expr","locations":[{"start":{"line":339,"column":6},"end":{"line":339,"column":40}},{"start":{"line":339,"column":44},"end":{"line":339,"column":78}}],"line":339},"56":{"loc":{"start":{"line":340,"column":50},"end":{"line":340,"column":120}},"type":"cond-expr","locations":[{"start":{"line":340,"column":87},"end":{"line":340,"column":102}},{"start":{"line":340,"column":105},"end":{"line":340,"column":120}}],"line":340},"57":{"loc":{"start":{"line":343,"column":2},"end":{"line":345,"column":3}},"type":"if","locations":[{"start":{"line":343,"column":2},"end":{"line":345,"column":3}},{"start":{},"end":{}}],"line":343},"58":{"loc":{"start":{"line":348,"column":2},"end":{"line":360,"column":3}},"type":"if","locations":[{"start":{"line":348,"column":2},"end":{"line":360,"column":3}},{"start":{},"end":{}}],"line":348},"59":{"loc":{"start":{"line":348,"column":6},"end":{"line":348,"column":50}},"type":"binary-expr","locations":[{"start":{"line":348,"column":6},"end":{"line":348,"column":16}},{"start":{"line":348,"column":20},"end":{"line":348,"column":50}}],"line":348},"60":{"loc":{"start":{"line":349,"column":4},"end":{"line":359,"column":5}},"type":"switch","locations":[{"start":{"line":350,"column":6},"end":{"line":351,"column":60}},{"start":{"line":352,"column":6},"end":{"line":353,"column":68}},{"start":{"line":354,"column":6},"end":{"line":355,"column":61}},{"start":{"line":356,"column":6},"end":{"line":356,"column":19}},{"start":{"line":357,"column":6},"end":{"line":358,"column":81}}],"line":349},"61":{"loc":{"start":{"line":363,"column":2},"end":{"line":365,"column":3}},"type":"if","locations":[{"start":{"line":363,"column":2},"end":{"line":365,"column":3}},{"start":{},"end":{}}],"line":363},"62":{"loc":{"start":{"line":363,"column":6},"end":{"line":363,"column":95}},"type":"binary-expr","locations":[{"start":{"line":363,"column":6},"end":{"line":363,"column":35}},{"start":{"line":363,"column":39},"end":{"line":363,"column":65}},{"start":{"line":363,"column":69},"end":{"line":363,"column":95}}],"line":363},"63":{"loc":{"start":{"line":369,"column":4},"end":{"line":369,"column":51}},"type":"binary-expr","locations":[{"start":{"line":369,"column":4},"end":{"line":369,"column":17}},{"start":{"line":369,"column":21},"end":{"line":369,"column":51}}],"line":369},"64":{"loc":{"start":{"line":370,"column":4},"end":{"line":370,"column":27}},"type":"binary-expr","locations":[{"start":{"line":370,"column":4},"end":{"line":370,"column":20}},{"start":{"line":370,"column":24},"end":{"line":370,"column":27}}],"line":370},"65":{"loc":{"start":{"line":371,"column":4},"end":{"line":371,"column":37}},"type":"binary-expr","locations":[{"start":{"line":371,"column":4},"end":{"line":371,"column":18}},{"start":{"line":371,"column":22},"end":{"line":371,"column":37}}],"line":371},"66":{"loc":{"start":{"line":372,"column":4},"end":{"line":372,"column":30}},"type":"binary-expr","locations":[{"start":{"line":372,"column":4},"end":{"line":372,"column":18}},{"start":{"line":372,"column":22},"end":{"line":372,"column":30}}],"line":372},"67":{"loc":{"start":{"line":388,"column":23},"end":{"line":388,"column":90}},"type":"cond-expr","locations":[{"start":{"line":388,"column":56},"end":{"line":388,"column":71}},{"start":{"line":388,"column":74},"end":{"line":388,"column":90}}],"line":388},"68":{"loc":{"start":{"line":389,"column":15},"end":{"line":389,"column":120}},"type":"cond-expr","locations":[{"start":{"line":389,"column":48},"end":{"line":389,"column":90}},{"start":{"line":389,"column":93},"end":{"line":389,"column":120}}],"line":389},"69":{"loc":{"start":{"line":399,"column":15},"end":{"line":399,"column":112}},"type":"cond-expr","locations":[{"start":{"line":399,"column":33},"end":{"line":399,"column":85}},{"start":{"line":399,"column":88},"end":{"line":399,"column":112}}],"line":399},"70":{"loc":{"start":{"line":408,"column":23},"end":{"line":408,"column":76}},"type":"cond-expr","locations":[{"start":{"line":408,"column":41},"end":{"line":408,"column":56}},{"start":{"line":408,"column":59},"end":{"line":408,"column":76}}],"line":408},"71":{"loc":{"start":{"line":409,"column":15},"end":{"line":409,"column":120}},"type":"cond-expr","locations":[{"start":{"line":409,"column":33},"end":{"line":409,"column":74}},{"start":{"line":409,"column":77},"end":{"line":409,"column":120}}],"line":409},"72":{"loc":{"start":{"line":418,"column":9},"end":{"line":422,"column":3}},"type":"binary-expr","locations":[{"start":{"line":418,"column":9},"end":{"line":418,"column":35}},{"start":{"line":418,"column":39},"end":{"line":422,"column":3}}],"line":418}},"s":{"0":1,"1":0,"2":0,"3":0,"4":0,"5":0,"6":0,"7":0,"8":0,"9":0,"10":0,"11":0,"12":0,"13":0,"14":0,"15":0,"16":0,"17":0,"18":0,"19":0,"20":0,"21":0,"22":0,"23":0,"24":0,"25":0,"26":0,"27":0,"28":0,"29":0,"30":0,"31":0,"32":0,"33":0,"34":0,"35":0,"36":0,"37":0,"38":0,"39":0,"40":0,"41":0,"42":0,"43":0,"44":0,"45":0,"46":0,"47":0,"48":0,"49":0,"50":0,"51":0,"52":0,"53":0,"54":0,"55":0,"56":0,"57":0,"58":0,"59":0,"60":0,"61":0,"62":0,"63":0,"64":0,"65":0,"66":0,"67":0,"68":0,"69":0,"70":0,"71":0,"72":0,"73":0,"74":0,"75":0,"76":0,"77":0,"78":0,"79":0,"80":0,"81":0,"82":0,"83":0,"84":0,"85":0,"86":0,"87":0,"88":0,"89":0,"90":0,"91":0,"92":0,"93":0,"94":0,"95":0,"96":0,"97":0,"98":0,"99":0,"100":0,"101":0,"102":0,"103":0,"104":0,"105":0,"106":0,"107":0,"108":0,"109":0,"110":0,"111":0,"112":1},"f":{"0":0,"1":0,"2":0,"3":0,"4":0,"5":0,"6":0,"7":0,"8":0,"9":0,"10":0,"11":0,"12":0,"13":0,"14":0,"15":0,"16":0,"17":0,"18":0,"19":0,"20":0,"21":0,"22":0,"23":0},"b":{"0":[0],"1":[0,0],"2":[0,0],"3":[0,0],"4":[0,0],"5":[0,0],"6":[0],"7":[0],"8":[0],"9":[0],"10":[0,0],"11":[0],"12":[0],"13":[0],"14":[0],"15":[0],"16":[0],"17":[0],"18":[0,0],"19":[0,0],"20":[0],"21":[0],"22":[0],"23":[0],"24":[0],"25":[0],"26":[0],"27":[0],"28":[0,0],"29":[0,0],"30":[0,0],"31":[0],"32":[0],"33":[0],"34":[0,0],"35":[0],"36":[0],"37":[0],"38":[0],"39":[0],"40":[0],"41":[0],"42":[0],"43":[0],"44":[0,0],"45":[0],"46":[0,0],"47":[0],"48":[0,0],"49":[0],"50":[0,0,0],"51":[0],"52":[0,0],"53":[0,0],"54":[0,0],"55":[0,0],"56":[0,0],"57":[0,0],"58":[0,0],"59":[0,0],"60":[0,0,0,0,0],"61":[0,0],"62":[0,0,0],"63":[0,0],"64":[0,0],"65":[0,0],"66":[0,0],"67":[0,0],"68":[0,0],"69":[0,0],"70":[0,0],"71":[0,0],"72":[0,0]},"_coverageSchema":"1a1c01bbd47fc00a2c39e90264f33305004495a9","hash":"2f434c2b48ce8c760516c4778f7ca54025edfdf9"}
}
