TN:
SF:server.js
FN:116,startServer
FN:143,(anonymous_1)
FN:181,(anonymous_2)
FN:186,(anonymous_3)
FN:191,(anonymous_4)
FN:199,(anonymous_5)
FN:210,(anonymous_6)
FNF:7
FNH:0
FNDA:0,startServer
FNDA:0,(anonymous_1)
FNDA:0,(anonymous_2)
FNDA:0,(anonymous_3)
FNDA:0,(anonymous_4)
FNDA:0,(anonymous_5)
FNDA:0,(anonymous_6)
DA:1,1
DA:2,1
DA:3,1
DA:4,1
DA:5,1
DA:11,1
DA:14,1
DA:16,1
DA:17,1
DA:20,1
DA:21,1
DA:24,1
DA:25,1
DA:26,1
DA:27,1
DA:28,1
DA:29,1
DA:30,1
DA:31,1
DA:32,1
DA:35,1
DA:38,1
DA:64,1
DA:67,1
DA:77,1
DA:78,1
DA:81,1
DA:88,1
DA:89,1
DA:90,1
DA:91,1
DA:92,1
DA:93,1
DA:94,1
DA:95,1
DA:96,1
DA:99,1
DA:110,1
DA:113,1
DA:117,0
DA:119,0
DA:121,0
DA:122,0
DA:123,0
DA:124,0
DA:125,0
DA:128,0
DA:131,0
DA:132,0
DA:135,0
DA:136,0
DA:139,0
DA:140,0
DA:143,0
DA:144,0
DA:159,0
DA:160,0
DA:161,0
DA:162,0
DA:163,0
DA:164,0
DA:165,0
DA:166,0
DA:170,0
DA:175,0
DA:176,0
DA:181,1
DA:182,0
DA:183,0
DA:186,1
DA:187,0
DA:188,0
DA:191,1
DA:192,0
DA:196,0
DA:199,1
DA:200,0
DA:204,0
DA:209,1
DA:210,0
DA:211,0
DA:215,0
DA:219,1
LF:83
LH:45
BRDA:17,0,0,1
BRDA:17,0,1,0
BRDA:69,1,0,1
BRDA:69,1,1,1
BRDA:101,2,0,1
BRDA:101,2,1,0
BRDA:123,3,0,0
BRDA:123,3,1,0
BRDA:146,4,0,0
BRDA:146,4,1,0
BRDA:161,5,0,0
BRDA:161,5,1,0
BRDA:162,6,0,0
BRDA:162,6,1,0
BRDA:165,7,0,0
BRDA:165,7,1,0
BRDA:209,8,0,0
BRDA:209,8,1,1
BRF:18
BRH:5
end_of_record
TN:
SF:config/environment.js
FN:15,(anonymous_0)
FN:23,(anonymous_1)
FN:58,(anonymous_2)
FN:69,(anonymous_3)
FN:91,(anonymous_4)
FN:102,(anonymous_5)
FN:120,(anonymous_6)
FN:124,(anonymous_7)
FN:128,(anonymous_8)
FN:132,(anonymous_9)
FN:141,(anonymous_10)
FN:149,(anonymous_11)
FN:170,(anonymous_12)
FN:236,(anonymous_13)
FN:302,(anonymous_14)
FN:329,(anonymous_15)
FN:343,(anonymous_16)
FN:353,(anonymous_17)
FN:363,(anonymous_18)
FN:371,(anonymous_19)
FN:404,(anonymous_20)
FN:405,(anonymous_21)
FN:406,(anonymous_22)
FN:407,(anonymous_23)
FN:410,(anonymous_24)
FN:411,(anonymous_25)
FN:412,(anonymous_26)
FN:415,(anonymous_27)
FN:416,(anonymous_28)
FN:417,(anonymous_29)
FN:418,(anonymous_30)
FNF:31
FNH:14
FNDA:1,(anonymous_0)
FNDA:1,(anonymous_1)
FNDA:1,(anonymous_2)
FNDA:1,(anonymous_3)
FNDA:0,(anonymous_4)
FNDA:0,(anonymous_5)
FNDA:2,(anonymous_6)
FNDA:0,(anonymous_7)
FNDA:2,(anonymous_8)
FNDA:0,(anonymous_9)
FNDA:1,(anonymous_10)
FNDA:1,(anonymous_11)
FNDA:1,(anonymous_12)
FNDA:0,(anonymous_13)
FNDA:1,(anonymous_14)
FNDA:0,(anonymous_15)
FNDA:0,(anonymous_16)
FNDA:1,(anonymous_17)
FNDA:0,(anonymous_18)
FNDA:1,(anonymous_19)
FNDA:0,(anonymous_20)
FNDA:0,(anonymous_21)
FNDA:2,(anonymous_22)
FNDA:0,(anonymous_23)
FNDA:0,(anonymous_24)
FNDA:0,(anonymous_25)
FNDA:0,(anonymous_26)
FNDA:1,(anonymous_27)
FNDA:0,(anonymous_28)
FNDA:0,(anonymous_29)
FNDA:0,(anonymous_30)
DA:6,1
DA:9,1
DA:16,1
DA:17,1
DA:24,1
DA:26,1
DA:27,1
DA:29,1
DA:30,1
DA:31,1
DA:33,0
DA:34,0
DA:39,0
DA:40,0
DA:41,0
DA:42,0
DA:43,0
DA:44,0
DA:45,0
DA:46,0
DA:51,0
DA:52,0
DA:59,1
DA:60,1
DA:62,0
DA:70,1
DA:74,1
DA:79,1
DA:80,1
DA:83,1
DA:85,1
DA:92,0
DA:95,0
DA:101,0
DA:102,0
DA:105,0
DA:106,0
DA:112,0
DA:113,0
DA:114,0
DA:117,0
DA:121,2
DA:125,0
DA:129,2
DA:133,0
DA:142,1
DA:143,1
DA:150,1
DA:152,1
DA:154,1
DA:155,1
DA:157,0
DA:161,1
DA:163,1
DA:164,1
DA:171,1
DA:230,1
DA:237,0
DA:296,0
DA:303,1
DA:305,1
DA:307,1
DA:308,1
DA:309,1
DA:310,1
DA:311,1
DA:312,1
DA:315,0
DA:316,0
DA:317,0
DA:318,0
DA:319,0
DA:322,0
DA:330,0
DA:343,0
DA:345,0
DA:346,0
DA:354,1
DA:355,0
DA:357,1
DA:364,0
DA:365,0
DA:372,1
DA:374,1
DA:376,1
DA:378,0
DA:380,0
DA:382,0
DA:384,0
DA:386,0
DA:388,0
DA:390,0
DA:392,0
DA:398,1
DA:399,1
DA:402,1
DA:404,0
DA:405,0
DA:406,2
DA:407,0
DA:410,0
DA:411,0
DA:412,0
DA:415,1
DA:416,0
DA:417,0
DA:418,0
DA:432,1
LF:108
LH:50
BRDA:26,0,0,1
BRDA:26,0,1,0
BRDA:29,1,0,1
BRDA:29,1,1,0
BRDA:29,2,0,1
BRDA:29,2,1,0
BRDA:40,3,0,0
BRDA:40,3,1,0
BRDA:41,4,0,0
BRDA:41,4,1,0
BRDA:44,5,0,0
BRDA:44,5,1,0
BRDA:59,6,0,1
BRDA:59,6,1,0
BRDA:105,7,0,0
BRDA:105,7,1,0
BRDA:113,8,0,0
BRDA:113,8,1,0
BRDA:113,9,0,0
BRDA:113,9,1,0
BRDA:154,10,0,1
BRDA:154,10,1,0
BRDA:175,11,0,1
BRDA:175,11,1,0
BRDA:176,12,0,1
BRDA:176,12,1,0
BRDA:182,13,0,1
BRDA:182,13,1,0
BRDA:209,14,0,1
BRDA:209,14,1,0
BRDA:210,15,0,1
BRDA:210,15,1,0
BRDA:211,16,0,1
BRDA:211,16,1,0
BRDA:217,17,0,1
BRDA:217,17,1,0
BRDA:241,18,0,0
BRDA:241,18,1,0
BRDA:242,19,0,0
BRDA:242,19,1,0
BRDA:248,20,0,0
BRDA:248,20,1,0
BRDA:276,21,0,0
BRDA:276,21,1,0
BRDA:277,22,0,0
BRDA:277,22,1,0
BRDA:283,23,0,0
BRDA:283,23,1,0
BRDA:305,24,0,1
BRDA:305,24,1,0
BRDA:307,25,0,1
BRDA:307,25,1,0
BRDA:308,26,0,1
BRDA:308,26,1,0
BRDA:315,27,0,0
BRDA:315,27,1,0
BRDA:345,28,0,0
BRDA:345,28,1,0
BRDA:354,29,0,0
BRDA:354,29,1,1
BRDA:374,30,0,1
BRDA:374,30,1,0
BRDA:374,30,2,0
BRDA:374,30,3,0
BRDA:374,30,4,0
BRDA:374,30,5,0
BRDA:374,30,6,0
BRDA:374,30,7,0
BRDA:374,30,8,0
BRF:69
BRH:17
end_of_record
TN:
SF:config/payuSecurity.js
FN:14,(anonymous_0)
FN:24,(anonymous_1)
FN:48,(anonymous_2)
FN:64,(anonymous_3)
FN:87,(anonymous_4)
FN:102,(anonymous_5)
FN:116,(anonymous_6)
FN:127,(anonymous_7)
FN:146,(anonymous_8)
FN:156,(anonymous_9)
FN:175,(anonymous_10)
FN:220,(anonymous_11)
FN:292,(anonymous_12)
FN:306,(anonymous_13)
FN:322,(anonymous_14)
FNF:15
FNH:1
FNDA:1,(anonymous_0)
FNDA:0,(anonymous_1)
FNDA:0,(anonymous_2)
FNDA:0,(anonymous_3)
FNDA:0,(anonymous_4)
FNDA:0,(anonymous_5)
FNDA:0,(anonymous_6)
FNDA:0,(anonymous_7)
FNDA:0,(anonymous_8)
FNDA:0,(anonymous_9)
FNDA:0,(anonymous_10)
FNDA:0,(anonymous_11)
FNDA:0,(anonymous_12)
FNDA:0,(anonymous_13)
FNDA:0,(anonymous_14)
DA:6,1
DA:7,1
DA:8,1
DA:15,1
DA:16,1
DA:17,1
DA:18,1
DA:25,0
DA:42,0
DA:49,0
DA:50,0
DA:51,0
DA:56,0
DA:57,0
DA:65,0
DA:66,0
DA:67,0
DA:68,0
DA:72,0
DA:73,0
DA:75,0
DA:77,0
DA:88,0
DA:89,0
DA:90,0
DA:91,0
DA:93,0
DA:94,0
DA:96,0
DA:103,0
DA:104,0
DA:105,0
DA:110,0
DA:117,0
DA:128,0
DA:134,0
DA:147,0
DA:157,0
DA:163,0
DA:176,0
DA:221,0
DA:223,0
DA:224,0
DA:226,0
DA:227,0
DA:229,0
DA:235,0
DA:239,0
DA:243,0
DA:244,0
DA:245,0
DA:246,0
DA:254,0
DA:255,0
DA:256,0
DA:263,0
DA:264,0
DA:265,0
DA:272,0
DA:273,0
DA:274,0
DA:280,0
DA:282,0
DA:283,0
DA:293,0
DA:294,0
DA:296,0
DA:306,0
DA:307,0
DA:315,0
DA:316,0
DA:323,0
DA:325,0
DA:338,1
LF:74
LH:8
BRDA:15,0,0,1
BRDA:15,0,1,0
BRDA:16,1,0,1
BRDA:16,1,1,1
BRDA:32,2,0,0
BRDA:32,2,1,0
BRDA:33,3,0,0
BRDA:33,3,1,0
BRDA:34,4,0,0
BRDA:34,4,1,0
BRDA:35,5,0,0
BRDA:35,5,1,0
BRDA:36,6,0,0
BRDA:36,6,1,0
BRDA:223,7,0,0
BRDA:223,7,1,0
BRDA:223,8,0,0
BRDA:223,8,1,0
BRDA:227,9,0,0
BRDA:227,9,1,0
BRDA:245,10,0,0
BRDA:245,10,1,0
BRDA:255,11,0,0
BRDA:255,11,1,0
BRDA:255,12,0,0
BRDA:255,12,1,0
BRDA:264,13,0,0
BRDA:264,13,1,0
BRDA:264,14,0,0
BRDA:264,14,1,0
BRDA:273,15,0,0
BRDA:273,15,1,0
BRDA:293,16,0,0
BRDA:293,16,1,0
BRDA:310,17,0,0
BRDA:310,17,1,0
BRDA:329,18,0,0
BRDA:329,18,1,0
BRF:38
BRH:3
end_of_record
TN:
SF:middleware/auth.js
FN:20,(anonymous_0)
FN:28,(anonymous_1)
FN:44,(anonymous_2)
FN:51,(anonymous_3)
FN:122,(anonymous_4)
FN:156,(anonymous_5)
FN:157,(anonymous_6)
FN:158,(anonymous_7)
FN:172,(anonymous_8)
FN:189,(anonymous_9)
FN:218,(anonymous_10)
FN:293,(anonymous_11)
FN:323,(anonymous_12)
FN:350,(anonymous_13)
FN:357,(anonymous_14)
FN:362,(anonymous_15)
FN:373,(anonymous_16)
FN:378,(anonymous_17)
FN:384,(anonymous_18)
FN:394,(anonymous_19)
FN:415,(anonymous_20)
FN:429,(anonymous_21)
FN:461,(anonymous_22)
FN:470,(anonymous_23)
FN:488,(anonymous_24)
FN:502,(anonymous_25)
FN:511,(anonymous_26)
FN:525,(anonymous_27)
FN:527,(anonymous_28)
FN:533,(anonymous_29)
FN:541,(anonymous_30)
FN:551,(anonymous_31)
FN:562,(anonymous_32)
FN:569,(anonymous_33)
FN:580,(anonymous_34)
FN:615,(anonymous_35)
FN:648,(anonymous_36)
FN:652,(anonymous_37)
FN:656,(anonymous_38)
FN:660,(anonymous_39)
FN:675,(anonymous_40)
FN:676,(anonymous_41)
FN:677,(anonymous_42)
FNF:43
FNH:2
FNDA:1,(anonymous_0)
FNDA:1,(anonymous_1)
FNDA:0,(anonymous_2)
FNDA:0,(anonymous_3)
FNDA:0,(anonymous_4)
FNDA:0,(anonymous_5)
FNDA:0,(anonymous_6)
FNDA:0,(anonymous_7)
FNDA:0,(anonymous_8)
FNDA:0,(anonymous_9)
FNDA:0,(anonymous_10)
FNDA:0,(anonymous_11)
FNDA:0,(anonymous_12)
FNDA:0,(anonymous_13)
FNDA:0,(anonymous_14)
FNDA:0,(anonymous_15)
FNDA:0,(anonymous_16)
FNDA:0,(anonymous_17)
FNDA:0,(anonymous_18)
FNDA:0,(anonymous_19)
FNDA:0,(anonymous_20)
FNDA:0,(anonymous_21)
FNDA:0,(anonymous_22)
FNDA:0,(anonymous_23)
FNDA:0,(anonymous_24)
FNDA:0,(anonymous_25)
FNDA:0,(anonymous_26)
FNDA:0,(anonymous_27)
FNDA:0,(anonymous_28)
FNDA:0,(anonymous_29)
FNDA:0,(anonymous_30)
FNDA:0,(anonymous_31)
FNDA:0,(anonymous_32)
FNDA:0,(anonymous_33)
FNDA:0,(anonymous_34)
FNDA:0,(anonymous_35)
FNDA:0,(anonymous_36)
FNDA:0,(anonymous_37)
FNDA:0,(anonymous_38)
FNDA:0,(anonymous_39)
FNDA:0,(anonymous_40)
FNDA:0,(anonymous_41)
FNDA:0,(anonymous_42)
DA:7,1
DA:8,1
DA:9,1
DA:10,1
DA:11,1
DA:12,1
DA:13,1
DA:21,1
DA:22,1
DA:29,1
DA:30,1
DA:31,1
DA:32,1
DA:33,1
DA:36,1
DA:37,1
DA:38,1
DA:45,0
DA:52,0
DA:54,0
DA:55,0
DA:59,0
DA:60,0
DA:63,0
DA:70,0
DA:71,0
DA:72,0
DA:73,0
DA:79,0
DA:80,0
DA:81,0
DA:82,0
DA:88,0
DA:91,0
DA:94,0
DA:95,0
DA:98,0
DA:100,0
DA:105,0
DA:107,0
DA:108,0
DA:112,0
DA:123,0
DA:124,0
DA:126,0
DA:127,0
DA:130,0
DA:131,0
DA:132,0
DA:134,0
DA:135,0
DA:136,0
DA:137,0
DA:138,0
DA:143,0
DA:146,0
DA:149,0
DA:157,0
DA:158,0
DA:159,0
DA:160,0
DA:161,0
DA:163,0
DA:173,0
DA:175,0
DA:176,0
DA:182,0
DA:183,0
DA:190,0
DA:192,0
DA:194,0
DA:195,0
DA:201,0
DA:207,0
DA:208,0
DA:219,0
DA:221,0
DA:227,0
DA:228,0
DA:235,0
DA:236,0
DA:243,0
DA:244,0
DA:251,0
DA:252,0
DA:253,0
DA:260,0
DA:270,0
DA:282,0
DA:283,0
DA:294,0
DA:297,0
DA:298,0
DA:307,0
DA:316,0
DA:317,0
DA:325,0
DA:326,0
DA:327,0
DA:334,0
DA:335,0
DA:336,0
DA:337,0
DA:344,0
DA:351,0
DA:352,0
DA:353,0
DA:356,0
DA:358,0
DA:362,0
DA:363,0
DA:364,0
DA:367,0
DA:374,0
DA:377,0
DA:379,0
DA:383,0
DA:384,0
DA:385,0
DA:388,0
DA:395,0
DA:396,0
DA:398,0
DA:400,0
DA:401,0
DA:403,0
DA:405,0
DA:406,0
DA:409,0
DA:416,0
DA:417,0
DA:419,0
DA:421,0
DA:422,0
DA:423,0
DA:430,0
DA:431,0
DA:433,0
DA:434,0
DA:441,0
DA:442,0
DA:443,0
DA:446,0
DA:447,0
DA:448,0
DA:451,0
DA:462,0
DA:463,0
DA:464,0
DA:471,0
DA:472,0
DA:473,0
DA:475,0
DA:476,0
DA:482,0
DA:489,0
DA:490,0
DA:492,0
DA:503,0
DA:504,0
DA:505,0
DA:512,0
DA:513,0
DA:518,0
DA:526,0
DA:527,0
DA:535,0
DA:542,0
DA:543,0
DA:544,0
DA:545,0
DA:552,0
DA:563,0
DA:570,0
DA:581,0
DA:583,0
DA:584,0
DA:589,0
DA:590,0
DA:591,0
DA:597,0
DA:598,0
DA:600,0
DA:601,0
DA:602,0
DA:608,0
DA:609,0
DA:616,0
DA:618,0
DA:619,0
DA:620,0
DA:624,0
DA:625,0
DA:626,0
DA:627,0
DA:631,0
DA:633,0
DA:635,0
DA:637,0
DA:638,0
DA:639,0
DA:645,1
DA:648,1
DA:649,0
DA:652,1
DA:653,0
DA:656,1
DA:657,0
DA:660,1
DA:661,0
DA:664,1
DA:675,0
DA:676,0
DA:677,0
LF:214
LH:23
BRDA:54,0,0,0
BRDA:54,0,1,0
BRDA:59,1,0,0
BRDA:59,1,1,0
BRDA:71,2,0,0
BRDA:71,2,1,0
BRDA:80,3,0,0
BRDA:80,3,1,0
BRDA:126,4,0,0
BRDA:126,4,1,0
BRDA:126,5,0,0
BRDA:126,5,1,0
BRDA:134,6,0,0
BRDA:134,6,1,0
BRDA:136,7,0,0
BRDA:136,7,1,0
BRDA:159,8,0,0
BRDA:159,8,1,0
BRDA:175,9,0,0
BRDA:175,9,1,0
BRDA:175,10,0,0
BRDA:175,10,1,0
BRDA:194,11,0,0
BRDA:194,11,1,0
BRDA:194,12,0,0
BRDA:194,12,1,0
BRDA:227,13,0,0
BRDA:227,13,1,0
BRDA:227,14,0,0
BRDA:227,14,1,0
BRDA:235,15,0,0
BRDA:235,15,1,0
BRDA:235,16,0,0
BRDA:235,16,1,0
BRDA:243,17,0,0
BRDA:243,17,1,0
BRDA:252,18,0,0
BRDA:252,18,1,0
BRDA:297,19,0,0
BRDA:297,19,1,0
BRDA:326,20,0,0
BRDA:326,20,1,0
BRDA:334,21,0,0
BRDA:334,21,1,0
BRDA:336,22,0,0
BRDA:336,22,1,0
BRDA:358,23,0,0
BRDA:358,23,1,0
BRDA:363,24,0,0
BRDA:363,24,1,0
BRDA:363,25,0,0
BRDA:363,25,1,0
BRDA:379,26,0,0
BRDA:379,26,1,0
BRDA:383,27,0,0
BRDA:383,27,1,0
BRDA:385,28,0,0
BRDA:385,28,1,0
BRDA:398,29,0,0
BRDA:398,29,1,0
BRDA:403,30,0,0
BRDA:403,30,1,0
BRDA:419,31,0,0
BRDA:419,31,1,0
BRDA:433,32,0,0
BRDA:433,32,1,0
BRDA:447,33,0,0
BRDA:447,33,1,0
BRDA:475,34,0,0
BRDA:475,34,1,0
BRDA:475,35,0,0
BRDA:475,35,1,0
BRDA:495,36,0,0
BRDA:495,36,1,0
BRDA:543,37,0,0
BRDA:543,37,1,0
BRDA:544,38,0,0
BRDA:544,38,1,0
BRDA:552,39,0,0
BRDA:552,39,1,0
BRDA:552,39,2,0
BRDA:552,39,3,0
BRDA:552,39,4,0
BRDA:569,40,0,0
BRDA:583,41,0,0
BRDA:583,41,1,0
BRDA:590,42,0,0
BRDA:590,42,1,0
BRDA:600,43,0,0
BRDA:600,43,1,0
BRDA:619,44,0,0
BRDA:619,44,1,0
BRDA:625,45,0,0
BRDA:625,45,1,0
BRF:94
BRH:0
end_of_record
TN:
SF:middleware/enhancedSecurity.js
FN:15,(anonymous_0)
FN:26,(anonymous_1)
FN:49,(anonymous_2)
FN:67,(anonymous_3)
FN:87,(anonymous_4)
FN:104,(anonymous_5)
FN:121,(anonymous_6)
FN:140,(anonymous_7)
FN:154,(anonymous_8)
FN:161,(anonymous_9)
FN:184,(anonymous_10)
FN:189,(anonymous_11)
FN:199,(anonymous_12)
FN:206,(anonymous_13)
FN:215,(anonymous_14)
FN:219,(anonymous_15)
FN:232,(anonymous_16)
FN:243,(anonymous_17)
FN:255,(anonymous_18)
FN:263,(anonymous_19)
FN:273,(anonymous_20)
FN:285,(anonymous_21)
FN:304,(anonymous_22)
FN:314,(anonymous_23)
FN:327,(anonymous_24)
FN:333,(anonymous_25)
FN:346,(anonymous_26)
FN:353,(anonymous_27)
FN:400,(anonymous_28)
FN:482,(anonymous_29)
FN:486,(anonymous_30)
FN:504,(anonymous_31)
FN:514,(anonymous_32)
FN:517,(anonymous_33)
FN:520,(anonymous_34)
FN:524,(anonymous_35)
FN:529,(anonymous_36)
FN:551,(anonymous_37)
FN:558,(anonymous_38)
FN:565,(anonymous_39)
FN:609,(anonymous_40)
FN:627,(anonymous_41)
FN:635,(anonymous_42)
FN:652,(anonymous_43)
FN:660,(anonymous_44)
FN:663,(anonymous_45)
FN:668,(anonymous_46)
FN:672,(anonymous_47)
FN:679,(anonymous_48)
FN:683,(anonymous_49)
FN:687,(anonymous_50)
FNF:51
FNH:4
FNDA:1,(anonymous_0)
FNDA:0,(anonymous_1)
FNDA:0,(anonymous_2)
FNDA:0,(anonymous_3)
FNDA:0,(anonymous_4)
FNDA:0,(anonymous_5)
FNDA:0,(anonymous_6)
FNDA:0,(anonymous_7)
FNDA:0,(anonymous_8)
FNDA:0,(anonymous_9)
FNDA:0,(anonymous_10)
FNDA:0,(anonymous_11)
FNDA:0,(anonymous_12)
FNDA:0,(anonymous_13)
FNDA:0,(anonymous_14)
FNDA:0,(anonymous_15)
FNDA:0,(anonymous_16)
FNDA:0,(anonymous_17)
FNDA:0,(anonymous_18)
FNDA:1,(anonymous_19)
FNDA:0,(anonymous_20)
FNDA:0,(anonymous_21)
FNDA:0,(anonymous_22)
FNDA:0,(anonymous_23)
FNDA:0,(anonymous_24)
FNDA:0,(anonymous_25)
FNDA:1,(anonymous_26)
FNDA:0,(anonymous_27)
FNDA:0,(anonymous_28)
FNDA:0,(anonymous_29)
FNDA:0,(anonymous_30)
FNDA:1,(anonymous_31)
FNDA:0,(anonymous_32)
FNDA:0,(anonymous_33)
FNDA:0,(anonymous_34)
FNDA:0,(anonymous_35)
FNDA:0,(anonymous_36)
FNDA:0,(anonymous_37)
FNDA:0,(anonymous_38)
FNDA:0,(anonymous_39)
FNDA:0,(anonymous_40)
FNDA:0,(anonymous_41)
FNDA:0,(anonymous_42)
FNDA:0,(anonymous_43)
FNDA:0,(anonymous_44)
FNDA:0,(anonymous_45)
FNDA:0,(anonymous_46)
FNDA:0,(anonymous_47)
FNDA:0,(anonymous_48)
FNDA:0,(anonymous_49)
FNDA:0,(anonymous_50)
DA:7,1
DA:8,1
DA:9,1
DA:16,1
DA:17,1
DA:18,1
DA:19,1
DA:20,1
DA:27,0
DA:28,0
DA:29,0
DA:30,0
DA:31,0
DA:34,0
DA:35,0
DA:42,0
DA:44,0
DA:45,0
DA:48,0
DA:49,0
DA:52,0
DA:53,0
DA:54,0
DA:61,0
DA:62,0
DA:63,0
DA:66,0
DA:67,0
DA:69,0
DA:70,0
DA:71,0
DA:78,0
DA:79,0
DA:81,0
DA:88,0
DA:89,0
DA:90,0
DA:91,0
DA:92,0
DA:93,0
DA:96,0
DA:99,0
DA:100,0
DA:103,0
DA:104,0
DA:106,0
DA:107,0
DA:108,0
DA:115,0
DA:116,0
DA:117,0
DA:120,0
DA:121,0
DA:123,0
DA:124,0
DA:125,0
DA:132,0
DA:134,0
DA:141,0
DA:142,0
DA:144,0
DA:145,0
DA:148,0
DA:155,0
DA:162,0
DA:169,0
DA:170,0
DA:171,0
DA:173,0
DA:176,0
DA:177,0
DA:185,0
DA:186,0
DA:189,0
DA:190,0
DA:193,0
DA:200,0
DA:209,0
DA:216,0
DA:217,0
DA:218,0
DA:219,0
DA:220,0
DA:221,0
DA:223,0
DA:233,0
DA:244,0
DA:245,0
DA:246,0
DA:255,0
DA:264,1
DA:265,1
DA:266,1
DA:267,1
DA:274,0
DA:276,0
DA:277,0
DA:285,0
DA:286,0
DA:287,0
DA:295,0
DA:296,0
DA:304,0
DA:305,0
DA:308,0
DA:315,0
DA:316,0
DA:318,0
DA:319,0
DA:327,0
DA:334,0
DA:347,1
DA:354,0
DA:391,0
DA:392,0
DA:394,0
DA:401,0
DA:402,0
DA:405,0
DA:408,0
DA:411,0
DA:414,0
DA:415,0
DA:417,0
DA:421,0
DA:422,0
DA:424,0
DA:428,0
DA:429,0
DA:431,0
DA:435,0
DA:436,0
DA:438,0
DA:442,0
DA:443,0
DA:445,0
DA:449,0
DA:450,0
DA:452,0
DA:456,0
DA:457,0
DA:459,0
DA:463,0
DA:464,0
DA:466,0
DA:470,0
DA:471,0
DA:472,0
DA:474,0
DA:483,0
DA:486,0
DA:487,0
DA:488,0
DA:493,0
DA:494,0
DA:496,0
DA:505,1
DA:506,1
DA:507,1
DA:508,1
DA:515,0
DA:517,0
DA:520,0
DA:523,0
DA:524,0
DA:525,0
DA:526,0
DA:528,0
DA:529,0
DA:530,0
DA:531,0
DA:535,0
DA:536,0
DA:542,0
DA:543,0
DA:544,0
DA:552,0
DA:559,0
DA:566,0
DA:567,0
DA:570,0
DA:582,0
DA:584,0
DA:586,0
DA:587,0
DA:589,0
DA:590,0
DA:592,0
DA:593,0
DA:595,0
DA:599,0
DA:600,0
DA:601,0
DA:610,0
DA:621,0
DA:629,0
DA:636,0
DA:647,1
DA:652,1
DA:653,0
DA:659,1
DA:661,0
DA:664,0
DA:668,1
DA:669,0
DA:672,1
DA:673,0
DA:679,1
DA:680,0
DA:683,1
DA:684,0
DA:687,1
DA:688,0
DA:691,1
LF:214
LH:26
BRDA:34,0,0,0
BRDA:34,0,1,0
BRDA:44,1,0,0
BRDA:44,1,1,0
BRDA:52,2,0,0
BRDA:52,2,1,0
BRDA:62,3,0,0
BRDA:62,3,1,0
BRDA:69,4,0,0
BRDA:69,4,1,0
BRDA:89,5,0,0
BRDA:89,5,1,0
BRDA:99,6,0,0
BRDA:99,6,1,0
BRDA:106,7,0,0
BRDA:106,7,1,0
BRDA:116,8,0,0
BRDA:116,8,1,0
BRDA:123,9,0,0
BRDA:123,9,1,0
BRDA:144,10,0,0
BRDA:144,10,1,0
BRDA:162,11,0,0
BRDA:162,11,1,0
BRDA:176,12,0,0
BRDA:176,12,1,0
BRDA:218,13,0,0
BRDA:218,13,1,0
BRDA:220,14,0,0
BRDA:220,14,1,0
BRDA:233,15,0,0
BRDA:233,15,1,0
BRDA:233,15,2,0
BRDA:233,15,3,0
BRDA:233,15,4,0
BRDA:265,16,0,0
BRDA:265,16,1,1
BRDA:266,17,0,0
BRDA:266,17,1,1
BRDA:274,18,0,0
BRDA:274,18,1,0
BRDA:276,19,0,0
BRDA:276,19,1,0
BRDA:286,20,0,0
BRDA:286,20,1,0
BRDA:334,21,0,0
BRDA:334,21,1,0
BRDA:334,21,2,0
BRDA:334,21,3,0
BRDA:334,21,4,0
BRDA:358,22,0,0
BRDA:358,22,1,0
BRDA:365,23,0,0
BRDA:365,23,1,0
BRDA:380,24,0,0
BRDA:380,24,1,0
BRDA:381,25,0,0
BRDA:381,25,1,0
BRDA:382,26,0,0
BRDA:382,26,1,0
BRDA:385,27,0,0
BRDA:385,27,1,0
BRDA:385,28,0,0
BRDA:385,28,1,0
BRDA:401,29,0,0
BRDA:401,29,1,0
BRDA:401,30,0,0
BRDA:401,30,1,0
BRDA:405,31,0,0
BRDA:405,31,1,0
BRDA:414,32,0,0
BRDA:414,32,1,0
BRDA:421,33,0,0
BRDA:421,33,1,0
BRDA:428,34,0,0
BRDA:428,34,1,0
BRDA:435,35,0,0
BRDA:435,35,1,0
BRDA:442,36,0,0
BRDA:442,36,1,0
BRDA:449,37,0,0
BRDA:449,37,1,0
BRDA:456,38,0,0
BRDA:456,38,1,0
BRDA:463,39,0,0
BRDA:463,39,1,0
BRDA:487,40,0,0
BRDA:487,40,1,0
BRDA:487,41,0,0
BRDA:487,41,1,0
BRDA:523,42,0,0
BRDA:523,42,1,0
BRDA:523,43,0,0
BRDA:523,43,1,0
BRDA:528,44,0,0
BRDA:528,44,1,0
BRDA:565,45,0,0
BRDA:566,46,0,0
BRDA:566,46,1,0
BRDA:584,47,0,0
BRDA:584,47,1,0
BRDA:584,47,2,0
BRDA:584,47,3,0
BRDA:599,48,0,0
BRDA:599,48,1,0
BRDA:599,49,0,0
BRDA:599,49,1,0
BRDA:600,50,0,0
BRDA:600,50,1,0
BRDA:621,51,0,0
BRDA:621,51,1,0
BRF:111
BRH:2
end_of_record
TN:
SF:middleware/errorHandler.js
FN:33,(anonymous_0)
FN:44,(anonymous_1)
FN:88,(anonymous_2)
FN:89,(anonymous_3)
FN:97,(anonymous_4)
FN:246,(anonymous_5)
FN:294,(anonymous_6)
FN:308,(anonymous_7)
FN:321,(anonymous_8)
FN:344,(anonymous_9)
FN:359,(anonymous_10)
FN:394,(anonymous_11)
FN:407,(anonymous_12)
FN:414,(anonymous_13)
FN:421,(anonymous_14)
FN:433,(anonymous_15)
FNF:16
FNH:3
FNDA:1,(anonymous_0)
FNDA:0,(anonymous_1)
FNDA:11,(anonymous_2)
FNDA:1,(anonymous_3)
FNDA:0,(anonymous_4)
FNDA:0,(anonymous_5)
FNDA:0,(anonymous_6)
FNDA:0,(anonymous_7)
FNDA:0,(anonymous_8)
FNDA:0,(anonymous_9)
FNDA:0,(anonymous_10)
FNDA:0,(anonymous_11)
FNDA:0,(anonymous_12)
FNDA:0,(anonymous_13)
FNDA:0,(anonymous_14)
FNDA:0,(anonymous_15)
DA:6,1
DA:7,1
DA:8,1
DA:11,1
DA:25,1
DA:34,1
DA:35,1
DA:44,1
DA:45,0
DA:46,0
DA:48,0
DA:50,0
DA:53,0
DA:56,0
DA:59,0
DA:62,0
DA:65,0
DA:68,0
DA:72,0
DA:73,0
DA:74,0
DA:77,0
DA:88,1
DA:89,11
DA:90,1
DA:98,0
DA:110,0
DA:111,0
DA:112,0
DA:113,0
DA:114,0
DA:115,0
DA:116,0
DA:117,0
DA:120,0
DA:121,0
DA:122,0
DA:123,0
DA:124,0
DA:125,0
DA:126,0
DA:127,0
DA:128,0
DA:131,0
DA:132,0
DA:133,0
DA:134,0
DA:135,0
DA:136,0
DA:137,0
DA:138,0
DA:139,0
DA:142,0
DA:143,0
DA:144,0
DA:145,0
DA:146,0
DA:147,0
DA:148,0
DA:152,0
DA:153,0
DA:155,0
DA:156,0
DA:157,0
DA:158,0
DA:159,0
DA:160,0
DA:161,0
DA:164,0
DA:165,0
DA:166,0
DA:167,0
DA:168,0
DA:169,0
DA:170,0
DA:173,0
DA:174,0
DA:175,0
DA:176,0
DA:177,0
DA:178,0
DA:179,0
DA:183,0
DA:184,0
DA:185,0
DA:186,0
DA:187,0
DA:188,0
DA:189,0
DA:190,0
DA:195,0
DA:196,0
DA:197,0
DA:198,0
DA:199,0
DA:200,0
DA:201,0
DA:202,0
DA:203,0
DA:207,0
DA:208,0
DA:209,0
DA:210,0
DA:211,0
DA:212,0
DA:213,0
DA:214,0
DA:215,0
DA:219,0
DA:220,0
DA:221,0
DA:222,0
DA:223,0
DA:224,0
DA:225,0
DA:226,0
DA:227,0
DA:231,0
DA:232,0
DA:233,0
DA:240,0
DA:247,0
DA:266,0
DA:268,0
DA:269,0
DA:271,0
DA:272,0
DA:274,0
DA:275,0
DA:277,0
DA:278,0
DA:282,0
DA:284,0
DA:295,0
DA:296,0
DA:298,0
DA:299,0
DA:302,0
DA:305,0
DA:308,0
DA:309,0
DA:312,0
DA:313,0
DA:314,0
DA:322,0
DA:332,0
DA:345,0
DA:347,0
DA:361,0
DA:362,0
DA:369,0
DA:370,0
DA:377,0
DA:378,0
DA:385,0
DA:395,0
DA:401,0
DA:408,0
DA:415,0
DA:422,0
DA:430,1
DA:433,1
DA:434,0
DA:436,0
DA:444,0
DA:452,1
LF:166
LH:14
BRDA:45,0,0,0
BRDA:45,0,1,0
BRDA:46,1,0,0
BRDA:46,1,1,0
BRDA:110,2,0,0
BRDA:110,2,1,0
BRDA:110,3,0,0
BRDA:110,3,1,0
BRDA:116,4,0,0
BRDA:116,4,1,0
BRDA:120,5,0,0
BRDA:120,5,1,0
BRDA:131,6,0,0
BRDA:131,6,1,0
BRDA:142,7,0,0
BRDA:142,7,1,0
BRDA:152,8,0,0
BRDA:152,8,1,0
BRDA:153,9,0,0
BRDA:153,9,1,0
BRDA:153,9,2,0
BRDA:153,9,3,0
BRDA:153,9,4,0
BRDA:195,10,0,0
BRDA:195,10,1,0
BRDA:195,11,0,0
BRDA:195,11,1,0
BRDA:200,12,0,0
BRDA:200,12,1,0
BRDA:202,13,0,0
BRDA:202,13,1,0
BRDA:203,14,0,0
BRDA:203,14,1,0
BRDA:207,15,0,0
BRDA:207,15,1,0
BRDA:207,16,0,0
BRDA:207,16,1,0
BRDA:207,16,2,0
BRDA:215,17,0,0
BRDA:215,17,1,0
BRDA:219,18,0,0
BRDA:219,18,1,0
BRDA:219,19,0,0
BRDA:219,19,1,0
BRDA:231,20,0,0
BRDA:231,20,1,0
BRDA:248,21,0,0
BRDA:248,21,1,0
BRDA:250,22,0,0
BRDA:250,22,1,0
BRDA:266,23,0,0
BRDA:266,23,1,0
BRDA:266,23,2,0
BRDA:266,23,3,0
BRDA:282,24,0,0
BRDA:282,24,1,0
BRDA:282,25,0,0
BRDA:282,25,1,0
BRDA:298,26,0,0
BRDA:298,26,1,0
BRDA:313,27,0,0
BRDA:313,27,1,0
BRDA:345,28,0,0
BRDA:345,28,1,0
BRDA:345,29,0,0
BRDA:345,29,1,0
BRDA:347,30,0,0
BRDA:347,30,1,0
BRDA:361,31,0,0
BRDA:361,31,1,0
BRDA:369,32,0,0
BRDA:369,32,1,0
BRDA:369,33,0,0
BRDA:369,33,1,0
BRDA:377,34,0,0
BRDA:377,34,1,0
BRDA:401,35,0,0
BRDA:401,35,1,0
BRDA:422,36,0,0
BRDA:422,36,1,0
BRDA:422,36,2,0
BRDA:422,36,3,0
BRDA:434,37,0,0
BRDA:434,37,1,0
BRDA:439,38,0,0
BRDA:439,38,1,0
BRDA:446,39,0,0
BRDA:446,39,1,0
BRF:88
BRH:0
end_of_record
TN:
SF:middleware/performanceLogger.js
FN:10,(anonymous_0)
FN:49,(anonymous_1)
FN:59,(anonymous_2)
FN:66,(anonymous_3)
FN:83,(anonymous_4)
FN:96,(anonymous_5)
FN:125,(anonymous_6)
FN:154,(anonymous_7)
FN:180,(anonymous_8)
FN:205,(anonymous_9)
FN:248,(anonymous_10)
FN:300,(anonymous_11)
FN:305,(anonymous_12)
FN:324,(anonymous_13)
FN:336,(anonymous_14)
FN:360,(anonymous_15)
FN:374,(anonymous_16)
FN:387,(anonymous_17)
FN:398,(anonymous_18)
FN:415,(anonymous_19)
FN:419,(anonymous_20)
FN:423,(anonymous_21)
FN:430,(anonymous_22)
FN:438,(anonymous_23)
FN:442,(anonymous_24)
FN:451,(anonymous_25)
FN:455,(anonymous_26)
FN:464,(anonymous_27)
FN:477,(anonymous_28)
FN:483,(anonymous_29)
FN:484,(anonymous_30)
FN:490,(anonymous_31)
FN:508,(anonymous_32)
FN:510,(anonymous_33)
FN:512,(anonymous_34)
FN:514,(anonymous_35)
FN:516,(anonymous_36)
FN:519,(anonymous_37)
FN:520,(anonymous_38)
FN:523,(anonymous_39)
FNF:40
FNH:1
FNDA:1,(anonymous_0)
FNDA:0,(anonymous_1)
FNDA:0,(anonymous_2)
FNDA:0,(anonymous_3)
FNDA:0,(anonymous_4)
FNDA:0,(anonymous_5)
FNDA:0,(anonymous_6)
FNDA:0,(anonymous_7)
FNDA:0,(anonymous_8)
FNDA:0,(anonymous_9)
FNDA:0,(anonymous_10)
FNDA:0,(anonymous_11)
FNDA:0,(anonymous_12)
FNDA:0,(anonymous_13)
FNDA:0,(anonymous_14)
FNDA:0,(anonymous_15)
FNDA:0,(anonymous_16)
FNDA:0,(anonymous_17)
FNDA:0,(anonymous_18)
FNDA:0,(anonymous_19)
FNDA:0,(anonymous_20)
FNDA:0,(anonymous_21)
FNDA:0,(anonymous_22)
FNDA:0,(anonymous_23)
FNDA:0,(anonymous_24)
FNDA:0,(anonymous_25)
FNDA:0,(anonymous_26)
FNDA:0,(anonymous_27)
FNDA:0,(anonymous_28)
FNDA:0,(anonymous_29)
FNDA:0,(anonymous_30)
FNDA:0,(anonymous_31)
FNDA:0,(anonymous_32)
FNDA:0,(anonymous_33)
FNDA:0,(anonymous_34)
FNDA:0,(anonymous_35)
FNDA:0,(anonymous_36)
FNDA:0,(anonymous_37)
FNDA:0,(anonymous_38)
FNDA:0,(anonymous_39)
DA:6,1
DA:7,1
DA:11,1
DA:12,1
DA:36,1
DA:42,1
DA:43,1
DA:49,1
DA:50,0
DA:51,0
DA:54,0
DA:55,0
DA:58,0
DA:59,0
DA:60,0
DA:61,0
DA:65,0
DA:66,0
DA:67,0
DA:68,0
DA:72,0
DA:83,0
DA:84,0
DA:85,0
DA:87,0
DA:90,0
DA:97,0
DA:98,0
DA:100,0
DA:110,0
DA:111,0
DA:112,0
DA:113,0
DA:115,0
DA:119,0
DA:126,0
DA:128,0
DA:139,0
DA:140,0
DA:141,0
DA:142,0
DA:144,0
DA:148,0
DA:155,0
DA:157,0
DA:165,0
DA:166,0
DA:167,0
DA:168,0
DA:170,0
DA:174,0
DA:181,0
DA:183,0
DA:192,0
DA:193,0
DA:195,0
DA:199,0
DA:206,0
DA:207,0
DA:208,0
DA:210,0
DA:228,0
DA:229,0
DA:232,0
DA:233,0
DA:234,0
DA:238,0
DA:239,0
DA:242,0
DA:249,0
DA:250,0
DA:251,0
DA:253,0
DA:270,0
DA:271,0
DA:275,0
DA:276,0
DA:277,0
DA:278,0
DA:279,0
DA:280,0
DA:282,0
DA:286,0
DA:289,0
DA:301,0
DA:302,0
DA:304,0
DA:306,0
DA:307,0
DA:309,0
DA:316,0
DA:325,0
DA:327,0
DA:328,0
DA:329,0
DA:330,0
DA:337,0
DA:338,0
DA:347,0
DA:348,0
DA:349,0
DA:350,0
DA:351,0
DA:352,0
DA:354,0
DA:361,0
DA:368,0
DA:375,0
DA:376,0
DA:378,0
DA:379,0
DA:380,0
DA:383,0
DA:384,0
DA:387,0
DA:388,0
DA:390,0
DA:391,0
DA:399,0
DA:407,0
DA:416,0
DA:420,0
DA:424,0
DA:431,0
DA:432,0
DA:435,0
DA:439,0
DA:440,0
DA:442,0
DA:443,0
DA:444,0
DA:448,0
DA:452,0
DA:453,0
DA:455,0
DA:456,0
DA:457,0
DA:461,0
DA:465,0
DA:467,0
DA:477,0
DA:484,0
DA:485,0
DA:490,0
DA:491,0
DA:494,0
DA:500,1
DA:503,1
DA:509,0
DA:511,0
DA:513,0
DA:515,0
DA:516,0
DA:519,0
DA:520,0
DA:523,0
LF:156
LH:10
BRDA:75,0,0,0
BRDA:75,0,1,0
BRDA:96,1,0,0
BRDA:96,2,0,0
BRDA:110,3,0,0
BRDA:110,3,1,0
BRDA:112,4,0,0
BRDA:112,4,1,0
BRDA:125,5,0,0
BRDA:125,6,0,0
BRDA:139,7,0,0
BRDA:139,7,1,0
BRDA:141,8,0,0
BRDA:141,8,1,0
BRDA:154,9,0,0
BRDA:165,10,0,0
BRDA:165,10,1,0
BRDA:167,11,0,0
BRDA:167,11,1,0
BRDA:180,12,0,0
BRDA:180,13,0,0
BRDA:192,14,0,0
BRDA:192,14,1,0
BRDA:199,15,0,0
BRDA:199,15,1,0
BRDA:224,16,0,0
BRDA:224,16,1,0
BRDA:224,17,0,0
BRDA:224,17,1,0
BRDA:232,18,0,0
BRDA:232,18,1,0
BRDA:238,19,0,0
BRDA:238,19,1,0
BRDA:257,20,0,0
BRDA:257,20,1,0
BRDA:261,21,0,0
BRDA:261,21,1,0
BRDA:265,22,0,0
BRDA:265,22,1,0
BRDA:270,23,0,0
BRDA:270,23,1,0
BRDA:275,24,0,0
BRDA:275,24,1,0
BRDA:278,25,0,0
BRDA:278,25,1,0
BRDA:289,26,0,0
BRDA:289,26,1,0
BRDA:300,27,0,0
BRDA:305,28,0,0
BRDA:305,29,0,0
BRDA:325,30,0,0
BRDA:325,30,1,0
BRDA:327,31,0,0
BRDA:327,31,1,0
BRDA:328,32,0,0
BRDA:328,32,1,0
BRDA:329,33,0,0
BRDA:329,33,1,0
BRDA:337,34,0,0
BRDA:337,34,1,0
BRDA:376,35,0,0
BRDA:376,35,1,0
BRDA:379,36,0,0
BRDA:379,36,1,0
BRDA:390,37,0,0
BRDA:390,37,1,0
BRDA:424,38,0,0
BRDA:424,38,1,0
BRDA:424,38,2,0
BRDA:424,38,3,0
BRDA:431,39,0,0
BRDA:431,39,1,0
BRDA:443,40,0,0
BRDA:443,40,1,0
BRDA:456,41,0,0
BRDA:456,41,1,0
BRDA:465,42,0,0
BRDA:465,42,1,0
BRDA:487,43,0,0
BRDA:487,43,1,0
BRF:80
BRH:0
end_of_record
TN:
SF:middleware/rateLimiter.js
FN:15,(anonymous_0)
FN:23,(anonymous_1)
FN:43,(anonymous_2)
FN:49,(anonymous_3)
FN:58,(anonymous_4)
FN:67,(anonymous_5)
FN:76,(anonymous_6)
FN:85,(anonymous_7)
FN:94,(anonymous_8)
FN:110,(anonymous_9)
FN:116,(anonymous_10)
FN:125,(anonymous_11)
FN:134,(anonymous_12)
FN:143,(anonymous_13)
FN:152,(anonymous_14)
FN:161,(anonymous_15)
FN:177,(anonymous_16)
FN:178,(anonymous_17)
FN:221,(anonymous_18)
FN:239,(anonymous_19)
FN:268,(anonymous_20)
FN:285,(anonymous_21)
FN:291,(anonymous_22)
FN:312,(anonymous_23)
FN:329,(anonymous_24)
FN:346,(anonymous_25)
FN:357,(anonymous_26)
FN:358,(anonymous_27)
FN:373,(anonymous_28)
FN:374,(anonymous_29)
FN:390,(anonymous_30)
FN:416,(anonymous_31)
FN:425,(anonymous_32)
FN:426,(anonymous_33)
FN:458,(anonymous_34)
FN:485,(anonymous_35)
FN:492,(anonymous_36)
FN:502,(anonymous_37)
FN:508,(anonymous_38)
FN:520,(anonymous_39)
FN:521,(anonymous_40)
FN:533,(anonymous_41)
FN:539,(anonymous_42)
FN:548,(anonymous_43)
FN:565,(anonymous_44)
FN:595,(anonymous_45)
FN:602,(anonymous_46)
FN:603,(anonymous_47)
FN:604,(anonymous_48)
FNF:49
FNH:7
FNDA:1,(anonymous_0)
FNDA:1,(anonymous_1)
FNDA:0,(anonymous_2)
FNDA:0,(anonymous_3)
FNDA:0,(anonymous_4)
FNDA:0,(anonymous_5)
FNDA:0,(anonymous_6)
FNDA:0,(anonymous_7)
FNDA:0,(anonymous_8)
FNDA:1,(anonymous_9)
FNDA:0,(anonymous_10)
FNDA:0,(anonymous_11)
FNDA:0,(anonymous_12)
FNDA:0,(anonymous_13)
FNDA:0,(anonymous_14)
FNDA:0,(anonymous_15)
FNDA:6,(anonymous_16)
FNDA:0,(anonymous_17)
FNDA:0,(anonymous_18)
FNDA:0,(anonymous_19)
FNDA:0,(anonymous_20)
FNDA:0,(anonymous_21)
FNDA:0,(anonymous_22)
FNDA:0,(anonymous_23)
FNDA:0,(anonymous_24)
FNDA:0,(anonymous_25)
FNDA:1,(anonymous_26)
FNDA:0,(anonymous_27)
FNDA:1,(anonymous_28)
FNDA:0,(anonymous_29)
FNDA:0,(anonymous_30)
FNDA:0,(anonymous_31)
FNDA:1,(anonymous_32)
FNDA:0,(anonymous_33)
FNDA:0,(anonymous_34)
FNDA:0,(anonymous_35)
FNDA:0,(anonymous_36)
FNDA:0,(anonymous_37)
FNDA:0,(anonymous_38)
FNDA:0,(anonymous_39)
FNDA:0,(anonymous_40)
FNDA:0,(anonymous_41)
FNDA:0,(anonymous_42)
FNDA:0,(anonymous_43)
FNDA:0,(anonymous_44)
FNDA:0,(anonymous_45)
FNDA:0,(anonymous_46)
FNDA:0,(anonymous_47)
FNDA:0,(anonymous_48)
DA:7,1
DA:8,1
DA:16,1
DA:17,1
DA:25,1
DA:33,1
DA:34,0
DA:36,1
DA:44,0
DA:49,0
DA:58,0
DA:67,0
DA:76,0
DA:85,0
DA:94,0
DA:99,0
DA:111,1
DA:116,0
DA:125,0
DA:134,0
DA:143,0
DA:152,0
DA:161,0
DA:166,1
DA:178,6
DA:179,0
DA:180,0
DA:183,0
DA:184,0
DA:188,0
DA:189,0
DA:192,0
DA:194,0
DA:195,0
DA:196,0
DA:205,0
DA:208,0
DA:210,0
DA:212,0
DA:213,0
DA:222,0
DA:223,0
DA:224,0
DA:227,0
DA:228,0
DA:231,0
DA:234,0
DA:235,0
DA:238,0
DA:239,0
DA:242,0
DA:243,0
DA:253,0
DA:254,0
DA:256,0
DA:269,0
DA:270,0
DA:271,0
DA:272,0
DA:275,0
DA:276,0
DA:277,0
DA:278,0
DA:286,0
DA:289,0
DA:291,0
DA:292,0
DA:293,0
DA:296,0
DA:297,0
DA:300,0
DA:301,0
DA:305,0
DA:313,0
DA:314,0
DA:315,0
DA:317,0
DA:318,0
DA:319,0
DA:320,0
DA:321,0
DA:330,0
DA:331,0
DA:333,0
DA:347,0
DA:358,1
DA:359,0
DA:360,0
DA:362,0
DA:363,0
DA:366,0
DA:374,1
DA:375,0
DA:376,0
DA:378,0
DA:379,0
DA:382,0
DA:383,0
DA:385,0
DA:386,0
DA:389,0
DA:390,0
DA:392,0
DA:393,0
DA:400,0
DA:406,0
DA:407,0
DA:409,0
DA:419,0
DA:426,1
DA:427,0
DA:428,0
DA:431,0
DA:434,0
DA:435,0
DA:437,0
DA:438,0
DA:439,0
DA:440,0
DA:441,0
DA:442,0
DA:445,0
DA:451,0
DA:459,0
DA:466,0
DA:467,0
DA:468,0
DA:471,0
DA:472,0
DA:473,0
DA:476,0
DA:477,0
DA:479,0
DA:486,0
DA:487,0
DA:489,0
DA:490,0
DA:491,0
DA:492,0
DA:496,0
DA:503,0
DA:504,0
DA:505,0
DA:508,0
DA:509,0
DA:510,0
DA:514,0
DA:515,0
DA:516,0
DA:520,0
DA:521,0
DA:522,0
DA:525,0
DA:534,0
DA:535,0
DA:536,0
DA:539,0
DA:540,0
DA:549,0
DA:550,0
DA:551,0
DA:553,0
DA:554,0
DA:562,0
DA:563,0
DA:564,0
DA:565,0
DA:567,0
DA:577,1
DA:582,1
DA:583,1
DA:584,1
DA:585,1
DA:586,1
DA:587,1
DA:588,1
DA:589,1
DA:590,1
DA:595,1
DA:596,0
DA:602,1
DA:603,1
DA:604,1
DA:606,1
LF:184
LH:28
BRDA:33,0,0,0
BRDA:33,0,1,1
BRDA:67,1,0,0
BRDA:67,1,1,0
BRDA:85,2,0,0
BRDA:85,2,1,0
BRDA:134,3,0,0
BRDA:134,3,1,0
BRDA:152,4,0,0
BRDA:152,4,1,0
BRDA:177,5,0,0
BRDA:177,6,0,6
BRDA:183,7,0,0
BRDA:183,7,1,0
BRDA:188,8,0,0
BRDA:188,8,1,0
BRDA:188,9,0,0
BRDA:188,9,1,0
BRDA:194,10,0,0
BRDA:194,10,1,0
BRDA:227,11,0,0
BRDA:227,11,1,0
BRDA:234,12,0,0
BRDA:234,12,1,0
BRDA:242,13,0,0
BRDA:242,13,1,0
BRDA:269,14,0,0
BRDA:269,14,1,0
BRDA:275,15,0,0
BRDA:275,15,1,0
BRDA:296,16,0,0
BRDA:296,16,1,0
BRDA:296,17,0,0
BRDA:296,17,1,0
BRDA:300,18,0,0
BRDA:300,18,1,0
BRDA:300,19,0,0
BRDA:300,19,1,0
BRDA:317,20,0,0
BRDA:317,20,1,0
BRDA:317,21,0,0
BRDA:317,21,1,0
BRDA:319,22,0,0
BRDA:319,22,1,0
BRDA:347,23,0,0
BRDA:347,23,1,0
BRDA:347,23,2,0
BRDA:347,23,3,0
BRDA:347,23,4,0
BRDA:362,24,0,0
BRDA:362,24,1,0
BRDA:373,25,0,1
BRDA:373,26,0,1
BRDA:378,27,0,0
BRDA:378,27,1,0
BRDA:385,28,0,0
BRDA:385,28,1,0
BRDA:392,29,0,0
BRDA:392,29,1,0
BRDA:416,30,0,0
BRDA:437,31,0,0
BRDA:437,31,1,0
BRDA:440,32,0,0
BRDA:440,32,1,0
BRDA:467,33,0,0
BRDA:467,33,1,0
BRDA:468,34,0,0
BRDA:468,34,1,0
BRDA:473,35,0,0
BRDA:473,35,1,0
BRDA:477,36,0,0
BRDA:477,36,1,0
BRDA:487,37,0,0
BRDA:487,37,1,0
BRDA:491,38,0,0
BRDA:491,38,1,0
BRDA:504,39,0,0
BRDA:504,39,1,0
BRDA:504,40,0,0
BRDA:504,40,1,0
BRDA:509,41,0,0
BRDA:509,41,1,0
BRDA:533,42,0,0
BRDA:534,43,0,0
BRDA:534,43,1,0
BRDA:535,44,0,0
BRDA:535,44,1,0
BRDA:548,45,0,0
BRDA:553,46,0,0
BRDA:553,46,1,0
BRDA:553,47,0,0
BRDA:553,47,1,0
BRF:92
BRH:4
end_of_record
TN:
SF:middleware/security.js
FN:16,(anonymous_0)
FN:24,(anonymous_1)
FN:40,(anonymous_2)
FN:72,(anonymous_3)
FN:84,(anonymous_4)
FN:89,(anonymous_5)
FN:113,(anonymous_6)
FN:149,(anonymous_7)
FN:153,(anonymous_8)
FN:169,(anonymous_9)
FN:201,(anonymous_10)
FN:233,(anonymous_11)
FN:276,(anonymous_12)
FN:297,(anonymous_13)
FN:325,(anonymous_14)
FN:331,(anonymous_15)
FN:348,(anonymous_16)
FN:358,(anonymous_17)
FN:360,(anonymous_18)
FN:385,(anonymous_19)
FN:392,(anonymous_20)
FN:394,(anonymous_21)
FN:398,(anonymous_22)
FN:402,(anonymous_23)
FN:435,(anonymous_24)
FN:476,(anonymous_25)
FN:485,(anonymous_26)
FN:516,(anonymous_27)
FN:527,(anonymous_28)
FN:534,(anonymous_29)
FN:554,(anonymous_30)
FN:597,(anonymous_31)
FN:610,(anonymous_32)
FN:617,(anonymous_33)
FN:621,(anonymous_34)
FN:625,(anonymous_35)
FN:629,(anonymous_36)
FN:633,(anonymous_37)
FN:637,(anonymous_38)
FN:641,(anonymous_39)
FN:659,(anonymous_40)
FN:660,(anonymous_41)
FN:661,(anonymous_42)
FNF:43
FNH:3
FNDA:1,(anonymous_0)
FNDA:1,(anonymous_1)
FNDA:0,(anonymous_2)
FNDA:1,(anonymous_3)
FNDA:0,(anonymous_4)
FNDA:0,(anonymous_5)
FNDA:0,(anonymous_6)
FNDA:0,(anonymous_7)
FNDA:0,(anonymous_8)
FNDA:0,(anonymous_9)
FNDA:0,(anonymous_10)
FNDA:0,(anonymous_11)
FNDA:0,(anonymous_12)
FNDA:0,(anonymous_13)
FNDA:0,(anonymous_14)
FNDA:0,(anonymous_15)
FNDA:0,(anonymous_16)
FNDA:0,(anonymous_17)
FNDA:0,(anonymous_18)
FNDA:0,(anonymous_19)
FNDA:0,(anonymous_20)
FNDA:0,(anonymous_21)
FNDA:0,(anonymous_22)
FNDA:0,(anonymous_23)
FNDA:0,(anonymous_24)
FNDA:0,(anonymous_25)
FNDA:0,(anonymous_26)
FNDA:0,(anonymous_27)
FNDA:0,(anonymous_28)
FNDA:0,(anonymous_29)
FNDA:0,(anonymous_30)
FNDA:0,(anonymous_31)
FNDA:0,(anonymous_32)
FNDA:0,(anonymous_33)
FNDA:0,(anonymous_34)
FNDA:0,(anonymous_35)
FNDA:0,(anonymous_36)
FNDA:0,(anonymous_37)
FNDA:0,(anonymous_38)
FNDA:0,(anonymous_39)
FNDA:0,(anonymous_40)
FNDA:0,(anonymous_41)
FNDA:0,(anonymous_42)
DA:7,1
DA:8,1
DA:9,1
DA:17,1
DA:18,1
DA:25,1
DA:28,1
DA:30,0
DA:33,1
DA:41,0
DA:43,0
DA:73,1
DA:85,0
DA:87,0
DA:88,0
DA:89,0
DA:91,0
DA:92,0
DA:93,0
DA:94,0
DA:97,0
DA:100,0
DA:103,0
DA:107,0
DA:114,0
DA:116,0
DA:119,0
DA:122,0
DA:125,0
DA:128,0
DA:131,0
DA:134,0
DA:137,0
DA:140,0
DA:141,0
DA:142,0
DA:150,0
DA:153,0
DA:154,0
DA:155,0
DA:160,0
DA:161,0
DA:163,0
DA:170,0
DA:172,0
DA:173,0
DA:177,0
DA:178,0
DA:182,0
DA:183,0
DA:186,0
DA:187,0
DA:190,0
DA:191,0
DA:194,0
DA:195,0
DA:198,0
DA:201,0
DA:203,0
DA:204,0
DA:210,0
DA:217,0
DA:218,0
DA:221,0
DA:222,0
DA:223,0
DA:224,0
DA:227,0
DA:234,0
DA:236,0
DA:237,0
DA:240,0
DA:243,0
DA:244,0
DA:245,0
DA:250,0
DA:251,0
DA:253,0
DA:254,0
DA:258,0
DA:259,0
DA:263,0
DA:265,0
DA:273,0
DA:274,0
DA:276,0
DA:277,0
DA:278,0
DA:283,0
DA:284,0
DA:285,0
DA:291,0
DA:298,0
DA:300,0
DA:301,0
DA:305,0
DA:306,0
DA:310,0
DA:311,0
DA:315,0
DA:316,0
DA:319,0
DA:326,0
DA:327,0
DA:330,0
DA:331,0
DA:334,0
DA:335,0
DA:336,0
DA:337,0
DA:339,0
DA:342,0
DA:349,0
DA:360,0
DA:361,0
DA:362,0
DA:364,0
DA:365,0
DA:367,0
DA:368,0
DA:369,0
DA:370,0
DA:372,0
DA:374,0
DA:377,0
DA:378,0
DA:379,0
DA:386,0
DA:388,0
DA:389,0
DA:392,0
DA:393,0
DA:394,0
DA:397,0
DA:398,0
DA:401,0
DA:402,0
DA:405,0
DA:408,0
DA:414,0
DA:415,0
DA:420,0
DA:424,0
DA:429,0
DA:436,0
DA:438,0
DA:439,0
DA:443,0
DA:444,0
DA:448,0
DA:449,0
DA:452,0
DA:454,0
DA:455,0
DA:456,0
DA:463,0
DA:464,0
DA:465,0
DA:470,0
DA:478,0
DA:479,0
DA:486,0
DA:488,0
DA:489,0
DA:492,0
DA:495,0
DA:496,0
DA:497,0
DA:503,0
DA:504,0
DA:505,0
DA:510,0
DA:517,0
DA:528,0
DA:535,0
DA:542,0
DA:543,0
DA:545,0
DA:546,0
DA:548,0
DA:555,0
DA:557,0
DA:558,0
DA:561,0
DA:574,0
DA:576,0
DA:577,0
DA:579,0
DA:580,0
DA:582,0
DA:583,0
DA:585,0
DA:589,0
DA:590,0
DA:600,0
DA:605,1
DA:610,1
DA:611,0
DA:617,1
DA:618,0
DA:621,1
DA:622,0
DA:625,1
DA:626,0
DA:629,1
DA:630,0
DA:633,1
DA:634,0
DA:637,1
DA:638,0
DA:641,1
DA:642,0
DA:645,1
DA:659,0
DA:660,0
DA:662,0
LF:216
LH:19
BRDA:28,0,0,0
BRDA:28,0,1,1
BRDA:46,1,0,0
BRDA:46,1,1,0
BRDA:60,2,0,0
BRDA:60,2,1,0
BRDA:88,3,0,0
BRDA:88,3,1,0
BRDA:88,4,0,0
BRDA:88,4,1,0
BRDA:91,5,0,0
BRDA:91,5,1,0
BRDA:92,6,0,0
BRDA:92,6,1,0
BRDA:93,7,0,0
BRDA:93,7,1,0
BRDA:94,8,0,0
BRDA:94,8,1,0
BRDA:97,9,0,0
BRDA:97,9,1,0
BRDA:150,10,0,0
BRDA:150,10,1,0
BRDA:154,11,0,0
BRDA:154,11,1,0
BRDA:154,12,0,0
BRDA:154,12,1,0
BRDA:172,13,0,0
BRDA:172,13,1,0
BRDA:177,14,0,0
BRDA:177,14,1,0
BRDA:177,15,0,0
BRDA:177,15,1,0
BRDA:186,16,0,0
BRDA:186,16,1,0
BRDA:194,17,0,0
BRDA:194,17,1,0
BRDA:203,18,0,0
BRDA:203,18,1,0
BRDA:221,19,0,0
BRDA:221,19,1,0
BRDA:236,20,0,0
BRDA:236,20,1,0
BRDA:243,21,0,0
BRDA:243,21,1,0
BRDA:244,22,0,0
BRDA:244,22,1,0
BRDA:250,23,0,0
BRDA:250,23,1,0
BRDA:253,24,0,0
BRDA:253,24,1,0
BRDA:258,25,0,0
BRDA:258,25,1,0
BRDA:263,26,0,0
BRDA:263,26,1,0
BRDA:263,27,0,0
BRDA:263,27,1,0
BRDA:273,28,0,0
BRDA:273,28,1,0
BRDA:274,29,0,0
BRDA:274,29,1,0
BRDA:277,30,0,0
BRDA:277,30,1,0
BRDA:277,31,0,0
BRDA:277,31,1,0
BRDA:283,32,0,0
BRDA:283,32,1,0
BRDA:287,33,0,0
BRDA:287,33,1,0
BRDA:300,34,0,0
BRDA:300,34,1,0
BRDA:305,35,0,0
BRDA:305,35,1,0
BRDA:305,36,0,0
BRDA:305,36,1,0
BRDA:310,37,0,0
BRDA:310,37,1,0
BRDA:310,38,0,0
BRDA:310,38,1,0
BRDA:315,39,0,0
BRDA:315,39,1,0
BRDA:326,40,0,0
BRDA:326,40,1,0
BRDA:330,41,0,0
BRDA:330,41,1,0
BRDA:334,42,0,0
BRDA:334,42,1,0
BRDA:334,43,0,0
BRDA:334,43,1,0
BRDA:361,44,0,0
BRDA:361,44,1,0
BRDA:364,45,0,0
BRDA:364,45,1,0
BRDA:367,46,0,0
BRDA:367,46,1,0
BRDA:367,47,0,0
BRDA:367,47,1,0
BRDA:377,48,0,0
BRDA:377,48,1,0
BRDA:378,49,0,0
BRDA:378,49,1,0
BRDA:379,50,0,0
BRDA:379,50,1,0
BRDA:388,51,0,0
BRDA:388,51,1,0
BRDA:393,52,0,0
BRDA:393,52,1,0
BRDA:397,53,0,0
BRDA:397,53,1,0
BRDA:401,54,0,0
BRDA:401,54,1,0
BRDA:401,55,0,0
BRDA:401,55,1,0
BRDA:414,56,0,0
BRDA:414,56,1,0
BRDA:420,57,0,0
BRDA:420,57,1,0
BRDA:438,58,0,0
BRDA:438,58,1,0
BRDA:443,59,0,0
BRDA:443,59,1,0
BRDA:448,60,0,0
BRDA:448,60,1,0
BRDA:448,61,0,0
BRDA:448,61,1,0
BRDA:452,62,0,0
BRDA:452,62,1,0
BRDA:452,62,2,0
BRDA:454,63,0,0
BRDA:454,63,1,0
BRDA:463,64,0,0
BRDA:463,64,1,0
BRDA:479,65,0,0
BRDA:479,65,1,0
BRDA:488,66,0,0
BRDA:488,66,1,0
BRDA:495,67,0,0
BRDA:495,67,1,0
BRDA:503,68,0,0
BRDA:503,68,1,0
BRDA:503,69,0,0
BRDA:503,69,1,0
BRDA:517,70,0,0
BRDA:517,70,1,0
BRDA:517,70,2,0
BRDA:517,70,3,0
BRDA:517,70,4,0
BRDA:543,71,0,0
BRDA:543,71,1,0
BRDA:546,72,0,0
BRDA:546,72,1,0
BRDA:548,73,0,0
BRDA:548,73,1,0
BRDA:554,74,0,0
BRDA:557,75,0,0
BRDA:557,75,1,0
BRDA:574,76,0,0
BRDA:574,76,1,0
BRDA:574,76,2,0
BRDA:574,76,3,0
BRDA:589,77,0,0
BRDA:589,77,1,0
BRDA:589,78,0,0
BRDA:589,78,1,0
BRF:163
BRH:1
end_of_record
TN:
SF:middleware/validation.js
FN:15,(anonymous_0)
FN:23,(anonymous_1)
FN:53,(anonymous_2)
FN:81,(anonymous_3)
FN:109,(anonymous_4)
FN:110,(anonymous_5)
FN:146,(anonymous_6)
FN:196,(anonymous_7)
FN:223,(anonymous_8)
FN:268,(anonymous_9)
FN:325,(anonymous_10)
FN:358,(anonymous_11)
FN:370,(anonymous_12)
FN:393,(anonymous_13)
FN:412,(anonymous_14)
FN:458,(anonymous_15)
FN:470,(anonymous_16)
FN:483,(anonymous_17)
FN:506,(anonymous_18)
FN:535,(anonymous_19)
FN:547,(anonymous_20)
FN:572,(anonymous_21)
FN:576,(anonymous_22)
FN:586,(anonymous_23)
FN:595,(anonymous_24)
FN:618,(anonymous_25)
FN:682,(anonymous_26)
FNF:27
FNH:5
FNDA:1,(anonymous_0)
FNDA:1,(anonymous_1)
FNDA:0,(anonymous_2)
FNDA:1,(anonymous_3)
FNDA:5,(anonymous_4)
FNDA:0,(anonymous_5)
FNDA:0,(anonymous_6)
FNDA:0,(anonymous_7)
FNDA:0,(anonymous_8)
FNDA:0,(anonymous_9)
FNDA:0,(anonymous_10)
FNDA:0,(anonymous_11)
FNDA:0,(anonymous_12)
FNDA:0,(anonymous_13)
FNDA:0,(anonymous_14)
FNDA:0,(anonymous_15)
FNDA:0,(anonymous_16)
FNDA:0,(anonymous_17)
FNDA:0,(anonymous_18)
FNDA:0,(anonymous_19)
FNDA:0,(anonymous_20)
FNDA:0,(anonymous_21)
FNDA:0,(anonymous_22)
FNDA:0,(anonymous_23)
FNDA:0,(anonymous_24)
FNDA:5,(anonymous_25)
FNDA:0,(anonymous_26)
DA:7,1
DA:8,1
DA:16,1
DA:17,1
DA:25,1
DA:43,1
DA:44,0
DA:46,1
DA:54,0
DA:82,1
DA:110,5
DA:111,0
DA:112,0
DA:114,0
DA:115,0
DA:120,0
DA:127,0
DA:128,0
DA:131,0
DA:133,0
DA:134,0
DA:136,0
DA:147,0
DA:148,0
DA:151,0
DA:152,0
DA:153,0
DA:157,0
DA:158,0
DA:159,0
DA:163,0
DA:164,0
DA:165,0
DA:169,0
DA:170,0
DA:171,0
DA:175,0
DA:176,0
DA:177,0
DA:178,0
DA:179,0
DA:182,0
DA:186,0
DA:197,0
DA:198,0
DA:199,0
DA:202,0
DA:204,0
DA:205,0
DA:207,0
DA:208,0
DA:209,0
DA:211,0
DA:212,0
DA:213,0
DA:217,0
DA:225,0
DA:226,0
DA:227,0
DA:228,0
DA:233,0
DA:234,0
DA:235,0
DA:237,0
DA:241,0
DA:243,0
DA:245,0
DA:247,0
DA:249,0
DA:251,0
DA:253,0
DA:255,0
DA:257,0
DA:259,0
DA:261,0
DA:269,0
DA:270,0
DA:271,0
DA:275,0
DA:276,0
DA:279,0
DA:280,0
DA:284,0
DA:285,0
DA:286,0
DA:287,0
DA:292,0
DA:293,0
DA:294,0
DA:295,0
DA:296,0
DA:299,0
DA:304,0
DA:306,0
DA:307,0
DA:310,0
DA:311,0
DA:314,0
DA:315,0
DA:319,0
DA:326,0
DA:328,0
DA:329,0
DA:330,0
DA:334,0
DA:335,0
DA:338,0
DA:339,0
DA:343,0
DA:344,0
DA:348,0
DA:349,0
DA:352,0
DA:359,0
DA:360,0
DA:361,0
DA:364,0
DA:371,0
DA:372,0
DA:373,0
DA:377,0
DA:378,0
DA:381,0
DA:382,0
DA:386,0
DA:387,0
DA:388,0
DA:392,0
DA:393,0
DA:394,0
DA:395,0
DA:396,0
DA:398,0
DA:399,0
DA:402,0
DA:406,0
DA:413,0
DA:414,0
DA:415,0
DA:419,0
DA:420,0
DA:421,0
DA:424,0
DA:425,0
DA:428,0
DA:429,0
DA:430,0
DA:431,0
DA:432,0
DA:433,0
DA:435,0
DA:436,0
DA:441,0
DA:442,0
DA:443,0
DA:444,0
DA:449,0
DA:452,0
DA:459,0
DA:460,0
DA:461,0
DA:464,0
DA:471,0
DA:472,0
DA:475,0
DA:476,0
DA:477,0
DA:481,0
DA:482,0
DA:483,0
DA:484,0
DA:485,0
DA:487,0
DA:490,0
DA:491,0
DA:492,0
DA:496,0
DA:498,0
DA:499,0
DA:507,0
DA:509,0
DA:510,0
DA:511,0
DA:515,0
DA:516,0
DA:517,0
DA:518,0
DA:522,0
DA:523,0
DA:524,0
DA:525,0
DA:529,0
DA:536,0
DA:537,0
DA:538,0
DA:541,0
DA:548,0
DA:550,0
DA:552,0
DA:554,0
DA:556,0
DA:558,0
DA:563,0
DA:565,0
DA:573,0
DA:576,0
DA:577,0
DA:578,0
DA:587,0
DA:588,0
DA:594,0
DA:595,0
DA:598,0
DA:599,0
DA:600,0
DA:602,0
DA:603,0
DA:605,0
DA:608,0
DA:613,1
DA:618,1
DA:619,5
DA:625,1
DA:673,1
DA:674,1
DA:675,1
DA:676,1
DA:677,1
DA:682,1
DA:683,0
DA:684,0
DA:685,0
DA:686,0
DA:689,1
LF:234
LH:20
BRDA:43,0,0,0
BRDA:43,0,1,1
BRDA:109,1,0,0
BRDA:114,2,0,0
BRDA:114,2,1,0
BRDA:127,3,0,0
BRDA:127,3,1,0
BRDA:151,4,0,0
BRDA:151,4,1,0
BRDA:153,5,0,0
BRDA:153,5,1,0
BRDA:157,6,0,0
BRDA:157,6,1,0
BRDA:159,7,0,0
BRDA:159,7,1,0
BRDA:163,8,0,0
BRDA:163,8,1,0
BRDA:165,9,0,0
BRDA:165,9,1,0
BRDA:169,10,0,0
BRDA:169,10,1,0
BRDA:171,11,0,0
BRDA:171,11,1,0
BRDA:175,12,0,0
BRDA:175,12,1,0
BRDA:175,13,0,0
BRDA:175,13,1,0
BRDA:178,14,0,0
BRDA:178,14,1,0
BRDA:189,15,0,0
BRDA:189,15,1,0
BRDA:197,16,0,0
BRDA:197,16,1,0
BRDA:197,17,0,0
BRDA:197,17,1,0
BRDA:202,18,0,0
BRDA:202,18,1,0
BRDA:205,19,0,0
BRDA:205,19,1,0
BRDA:212,20,0,0
BRDA:212,20,1,0
BRDA:225,21,0,0
BRDA:225,21,1,0
BRDA:226,22,0,0
BRDA:226,22,1,0
BRDA:233,23,0,0
BRDA:233,23,1,0
BRDA:233,24,0,0
BRDA:233,24,1,0
BRDA:234,25,0,0
BRDA:234,25,1,0
BRDA:237,26,0,0
BRDA:237,26,1,0
BRDA:241,27,0,0
BRDA:241,27,1,0
BRDA:241,27,2,0
BRDA:241,27,3,0
BRDA:241,27,4,0
BRDA:241,27,5,0
BRDA:241,27,6,0
BRDA:241,27,7,0
BRDA:241,27,8,0
BRDA:241,27,9,0
BRDA:269,28,0,0
BRDA:269,28,1,0
BRDA:275,29,0,0
BRDA:275,29,1,0
BRDA:275,30,0,0
BRDA:275,30,1,0
BRDA:279,31,0,0
BRDA:279,31,1,0
BRDA:279,32,0,0
BRDA:279,32,1,0
BRDA:284,33,0,0
BRDA:284,33,1,0
BRDA:285,34,0,0
BRDA:285,34,1,0
BRDA:286,35,0,0
BRDA:286,35,1,0
BRDA:292,36,0,0
BRDA:292,36,1,0
BRDA:292,37,0,0
BRDA:292,37,1,0
BRDA:295,38,0,0
BRDA:295,38,1,0
BRDA:304,39,0,0
BRDA:304,39,1,0
BRDA:306,40,0,0
BRDA:306,40,1,0
BRDA:310,41,0,0
BRDA:310,41,1,0
BRDA:314,42,0,0
BRDA:314,42,1,0
BRDA:328,43,0,0
BRDA:328,43,1,0
BRDA:334,44,0,0
BRDA:334,44,1,0
BRDA:334,45,0,0
BRDA:334,45,1,0
BRDA:338,46,0,0
BRDA:338,46,1,0
BRDA:338,47,0,0
BRDA:338,47,1,0
BRDA:343,48,0,0
BRDA:343,48,1,0
BRDA:343,49,0,0
BRDA:343,49,1,0
BRDA:348,50,0,0
BRDA:348,50,1,0
BRDA:348,51,0,0
BRDA:348,51,1,0
BRDA:359,52,0,0
BRDA:359,52,1,0
BRDA:371,53,0,0
BRDA:371,53,1,0
BRDA:377,54,0,0
BRDA:377,54,1,0
BRDA:377,55,0,0
BRDA:377,55,1,0
BRDA:381,56,0,0
BRDA:381,56,1,0
BRDA:381,57,0,0
BRDA:381,57,1,0
BRDA:386,58,0,0
BRDA:386,58,1,0
BRDA:392,59,0,0
BRDA:392,59,1,0
BRDA:398,60,0,0
BRDA:398,60,1,0
BRDA:413,61,0,0
BRDA:413,61,1,0
BRDA:413,62,0,0
BRDA:413,62,1,0
BRDA:413,62,2,0
BRDA:420,63,0,0
BRDA:420,63,1,0
BRDA:424,64,0,0
BRDA:424,64,1,0
BRDA:429,65,0,0
BRDA:429,65,1,0
BRDA:432,66,0,0
BRDA:432,66,1,0
BRDA:435,67,0,0
BRDA:435,67,1,0
BRDA:441,68,0,0
BRDA:441,68,1,0
BRDA:443,69,0,0
BRDA:443,69,1,0
BRDA:459,70,0,0
BRDA:459,70,1,0
BRDA:475,71,0,0
BRDA:475,71,1,0
BRDA:475,72,0,0
BRDA:475,72,1,0
BRDA:481,73,0,0
BRDA:481,73,1,0
BRDA:484,74,0,0
BRDA:484,74,1,0
BRDA:490,75,0,0
BRDA:490,75,1,0
BRDA:509,76,0,0
BRDA:509,76,1,0
BRDA:515,77,0,0
BRDA:515,77,1,0
BRDA:517,78,0,0
BRDA:517,78,1,0
BRDA:522,79,0,0
BRDA:522,79,1,0
BRDA:524,80,0,0
BRDA:524,80,1,0
BRDA:536,81,0,0
BRDA:536,81,1,0
BRDA:548,82,0,0
BRDA:548,82,1,0
BRDA:548,82,2,0
BRDA:548,82,3,0
BRDA:548,82,4,0
BRDA:548,82,5,0
BRDA:548,82,6,0
BRDA:548,82,7,0
BRDA:548,82,8,0
BRDA:548,82,9,0
BRDA:552,83,0,0
BRDA:552,83,1,0
BRDA:558,84,0,0
BRDA:558,84,1,0
BRDA:558,84,2,0
BRDA:573,85,0,0
BRDA:573,85,1,0
BRDA:577,86,0,0
BRDA:577,86,1,0
BRDA:587,87,0,0
BRDA:587,87,1,0
BRDA:594,88,0,0
BRDA:594,88,1,0
BRDA:598,89,0,0
BRDA:598,89,1,0
BRDA:598,90,0,0
BRDA:598,90,1,0
BRDA:618,91,0,5
BRDA:683,92,0,0
BRDA:683,92,1,0
BRDA:684,93,0,0
BRDA:684,93,1,0
BRDA:685,94,0,0
BRDA:685,94,1,0
BRF:206
BRH:2
end_of_record
TN:
SF:routes/analytics.js
FN:17,(anonymous_0)
FN:54,(anonymous_1)
FN:55,(anonymous_2)
FN:59,(anonymous_3)
FN:60,(anonymous_4)
FN:63,(anonymous_5)
FN:64,(anonymous_6)
FN:65,(anonymous_7)
FN:68,(anonymous_8)
FN:74,(anonymous_9)
FN:75,(anonymous_10)
FN:107,(anonymous_11)
FN:142,(anonymous_12)
FN:176,(anonymous_13)
FN:195,(anonymous_14)
FN:213,(anonymous_15)
FN:214,(anonymous_16)
FN:215,(anonymous_17)
FN:216,(anonymous_18)
FN:231,(anonymous_19)
FN:265,(anonymous_20)
FN:300,(anonymous_21)
FN:320,(anonymous_22)
FN:322,(anonymous_23)
FN:323,(anonymous_24)
FN:324,(anonymous_25)
FN:326,(anonymous_26)
FN:347,(anonymous_27)
FN:355,(anonymous_28)
FN:363,(anonymous_29)
FNF:30
FNH:0
FNDA:0,(anonymous_0)
FNDA:0,(anonymous_1)
FNDA:0,(anonymous_2)
FNDA:0,(anonymous_3)
FNDA:0,(anonymous_4)
FNDA:0,(anonymous_5)
FNDA:0,(anonymous_6)
FNDA:0,(anonymous_7)
FNDA:0,(anonymous_8)
FNDA:0,(anonymous_9)
FNDA:0,(anonymous_10)
FNDA:0,(anonymous_11)
FNDA:0,(anonymous_12)
FNDA:0,(anonymous_13)
FNDA:0,(anonymous_14)
FNDA:0,(anonymous_15)
FNDA:0,(anonymous_16)
FNDA:0,(anonymous_17)
FNDA:0,(anonymous_18)
FNDA:0,(anonymous_19)
FNDA:0,(anonymous_20)
FNDA:0,(anonymous_21)
FNDA:0,(anonymous_22)
FNDA:0,(anonymous_23)
FNDA:0,(anonymous_24)
FNDA:0,(anonymous_25)
FNDA:0,(anonymous_26)
FNDA:0,(anonymous_27)
FNDA:0,(anonymous_28)
FNDA:0,(anonymous_29)
DA:1,1
DA:2,1
DA:4,1
DA:5,1
DA:6,1
DA:8,1
DA:11,1
DA:12,1
DA:13,1
DA:14,1
DA:17,1
DA:18,0
DA:19,0
DA:21,0
DA:22,0
DA:23,0
DA:27,0
DA:31,0
DA:32,0
DA:34,0
DA:35,0
DA:37,0
DA:38,0
DA:41,0
DA:44,0
DA:48,0
DA:50,0
DA:51,0
DA:53,0
DA:54,0
DA:55,0
DA:57,0
DA:59,0
DA:60,0
DA:63,0
DA:64,0
DA:65,0
DA:66,0
DA:68,0
DA:69,0
DA:73,0
DA:74,0
DA:75,0
DA:78,0
DA:79,0
DA:80,0
DA:81,0
DA:83,0
DA:98,0
DA:99,0
DA:107,1
DA:108,0
DA:109,0
DA:111,0
DA:112,0
DA:113,0
DA:117,0
DA:118,0
DA:124,0
DA:125,0
DA:128,0
DA:134,0
DA:135,0
DA:138,0
DA:141,0
DA:142,0
DA:144,0
DA:146,0
DA:148,0
DA:149,0
DA:151,0
DA:152,0
DA:153,0
DA:154,0
DA:156,0
DA:157,0
DA:159,0
DA:162,0
DA:163,0
DA:172,0
DA:173,0
DA:176,0
DA:184,0
DA:186,0
DA:187,0
DA:195,1
DA:196,0
DA:197,0
DA:199,0
DA:203,0
DA:204,0
DA:207,0
DA:209,0
DA:211,0
DA:213,0
DA:214,0
DA:215,0
DA:217,0
DA:222,0
DA:223,0
DA:231,1
DA:232,0
DA:233,0
DA:235,0
DA:244,0
DA:245,0
DA:248,0
DA:252,0
DA:254,0
DA:256,0
DA:257,0
DA:265,1
DA:266,0
DA:267,0
DA:270,0
DA:272,0
DA:285,0
DA:286,0
DA:289,0
DA:291,0
DA:292,0
DA:300,1
DA:301,0
DA:302,0
DA:304,0
DA:310,0
DA:311,0
DA:314,0
DA:316,0
DA:318,0
DA:320,0
DA:322,0
DA:323,0
DA:324,0
DA:326,0
DA:330,0
DA:332,0
DA:338,0
DA:339,0
DA:347,1
DA:348,0
DA:355,1
DA:356,0
DA:363,1
DA:364,0
DA:365,0
DA:369,0
DA:375,0
DA:376,0
DA:383,1
LF:150
LH:20
BRDA:22,0,0,0
BRDA:22,0,1,0
BRDA:22,1,0,0
BRDA:22,1,1,0
BRDA:31,2,0,0
BRDA:31,2,1,0
BRDA:34,3,0,0
BRDA:34,3,1,0
BRDA:37,4,0,0
BRDA:37,4,1,0
BRDA:50,5,0,0
BRDA:50,5,1,0
BRDA:51,6,0,0
BRDA:51,6,1,0
BRDA:55,7,0,0
BRDA:55,7,1,0
BRDA:69,8,0,0
BRDA:69,8,1,0
BRDA:75,9,0,0
BRDA:75,9,1,0
BRDA:78,10,0,0
BRDA:78,10,1,0
BRDA:79,11,0,0
BRDA:79,11,1,0
BRDA:80,12,0,0
BRDA:80,12,1,0
BRDA:81,13,0,0
BRDA:81,13,1,0
BRDA:109,14,0,0
BRDA:112,15,0,0
BRDA:112,15,1,0
BRDA:112,16,0,0
BRDA:112,16,1,0
BRDA:124,17,0,0
BRDA:124,17,1,0
BRDA:134,18,0,0
BRDA:134,18,1,0
BRDA:146,19,0,0
BRDA:146,19,1,0
BRDA:146,19,2,0
BRDA:146,19,3,0
BRDA:162,20,0,0
BRDA:162,20,1,0
BRDA:172,21,0,0
BRDA:172,21,1,0
BRDA:203,22,0,0
BRDA:203,22,1,0
BRDA:209,23,0,0
BRDA:209,23,1,0
BRDA:233,24,0,0
BRDA:244,25,0,0
BRDA:244,25,1,0
BRDA:254,26,0,0
BRDA:254,26,1,0
BRDA:270,27,0,0
BRDA:270,27,1,0
BRDA:277,28,0,0
BRDA:277,28,1,0
BRDA:278,29,0,0
BRDA:278,29,1,0
BRDA:279,30,0,0
BRDA:279,30,1,0
BRDA:280,31,0,0
BRDA:280,31,1,0
BRDA:282,32,0,0
BRDA:282,32,1,0
BRDA:285,33,0,0
BRDA:285,33,1,0
BRDA:310,34,0,0
BRDA:310,34,1,0
BRDA:316,35,0,0
BRDA:316,35,1,0
BRDA:323,36,0,0
BRDA:323,36,1,0
BRDA:330,37,0,0
BRDA:330,37,1,0
BRDA:335,38,0,0
BRDA:335,38,1,0
BRDA:365,39,0,0
BRF:79
BRH:0
end_of_record
TN:
SF:routes/auth.js
FN:21,(anonymous_0)
FN:30,(anonymous_1)
FN:40,(anonymous_2)
FN:49,(anonymous_3)
FN:58,(anonymous_4)
FN:65,(anonymous_5)
FN:200,(anonymous_6)
FN:227,(anonymous_7)
FN:330,(anonymous_8)
FN:783,(anonymous_9)
FN:940,(anonymous_10)
FN:1087,(anonymous_11)
FN:1132,(anonymous_12)
FN:1195,(anonymous_13)
FN:1404,(anonymous_14)
FN:1485,(anonymous_15)
FN:1536,(anonymous_16)
FN:1587,(anonymous_17)
FNF:18
FNH:0
FNDA:0,(anonymous_0)
FNDA:0,(anonymous_1)
FNDA:0,(anonymous_2)
FNDA:0,(anonymous_3)
FNDA:0,(anonymous_4)
FNDA:0,(anonymous_5)
FNDA:0,(anonymous_6)
FNDA:0,(anonymous_7)
FNDA:0,(anonymous_8)
FNDA:0,(anonymous_9)
FNDA:0,(anonymous_10)
FNDA:0,(anonymous_11)
FNDA:0,(anonymous_12)
FNDA:0,(anonymous_13)
FNDA:0,(anonymous_14)
FNDA:0,(anonymous_15)
FNDA:0,(anonymous_16)
FNDA:0,(anonymous_17)
DA:1,1
DA:2,1
DA:3,1
DA:4,1
DA:5,1
DA:7,1
DA:8,1
DA:9,1
DA:10,1
DA:11,1
DA:13,1
DA:16,1
DA:17,1
DA:18,1
DA:21,1
DA:22,0
DA:23,0
DA:24,0
DA:25,0
DA:27,0
DA:30,1
DA:31,0
DA:32,0
DA:33,0
DA:35,0
DA:37,1
DA:40,1
DA:41,0
DA:49,1
DA:50,0
DA:51,0
DA:52,0
DA:53,0
DA:54,0
DA:58,1
DA:59,0
DA:60,0
DA:61,0
DA:65,1
DA:66,0
DA:67,0
DA:70,0
DA:73,0
DA:88,0
DA:94,0
DA:95,0
DA:96,0
DA:100,0
DA:107,0
DA:108,0
DA:118,0
DA:119,0
DA:124,0
DA:128,0
DA:129,0
DA:133,0
DA:137,0
DA:138,0
DA:142,0
DA:145,0
DA:146,0
DA:149,0
DA:156,0
DA:191,0
DA:192,0
DA:200,1
DA:201,0
DA:202,0
DA:208,0
DA:218,0
DA:219,0
DA:223,0
DA:227,1
DA:228,0
DA:229,0
DA:232,0
DA:233,0
DA:235,0
DA:236,0
DA:237,0
DA:242,0
DA:243,0
DA:245,0
DA:246,0
DA:247,0
DA:249,0
DA:250,0
DA:255,0
DA:256,0
DA:258,0
DA:259,0
DA:261,0
DA:262,0
DA:265,0
DA:266,0
DA:267,0
DA:272,0
DA:273,0
DA:274,0
DA:279,0
DA:280,0
DA:281,0
DA:284,0
DA:285,0
DA:287,0
DA:288,0
DA:292,0
DA:298,0
DA:299,0
DA:307,0
DA:314,0
DA:318,1
DA:331,0
DA:332,0
DA:333,0
DA:334,0
DA:339,0
DA:346,0
DA:349,0
DA:350,0
DA:351,0
DA:352,0
DA:355,0
DA:358,0
DA:359,0
DA:360,0
DA:364,0
DA:365,0
DA:366,0
DA:369,0
DA:370,0
DA:375,0
DA:383,0
DA:386,0
DA:392,0
DA:393,0
DA:399,0
DA:406,0
DA:407,0
DA:413,0
DA:414,0
DA:420,0
DA:428,0
DA:429,0
DA:430,0
DA:437,0
DA:438,0
DA:443,0
DA:450,0
DA:451,0
DA:452,0
DA:453,0
DA:459,0
DA:466,0
DA:470,0
DA:472,0
DA:489,0
DA:491,0
DA:493,0
DA:505,0
DA:507,0
DA:508,0
DA:510,0
DA:514,0
DA:515,0
DA:518,0
DA:519,0
DA:521,0
DA:522,0
DA:523,0
DA:524,0
DA:525,0
DA:526,0
DA:530,0
DA:531,0
DA:532,0
DA:533,0
DA:534,0
DA:535,0
DA:536,0
DA:538,0
DA:539,0
DA:540,0
DA:542,0
DA:543,0
DA:544,0
DA:549,0
DA:559,0
DA:561,0
DA:562,0
DA:563,0
DA:565,0
DA:566,0
DA:567,0
DA:573,0
DA:590,0
DA:596,0
DA:597,0
DA:601,0
DA:607,0
DA:610,0
DA:625,0
DA:631,0
DA:632,0
DA:634,0
DA:640,0
DA:647,0
DA:660,0
DA:677,0
DA:684,0
DA:686,0
DA:696,0
DA:697,0
DA:702,0
DA:708,0
DA:709,0
DA:713,0
DA:719,0
DA:720,0
DA:724,0
DA:727,0
DA:728,0
DA:730,0
DA:766,0
DA:768,0
DA:774,0
DA:783,1
DA:784,0
DA:785,0
DA:791,0
DA:792,0
DA:794,0
DA:797,0
DA:798,0
DA:799,0
DA:800,0
DA:803,0
DA:804,0
DA:811,0
DA:814,0
DA:828,0
DA:834,0
DA:835,0
DA:837,0
DA:838,0
DA:844,0
DA:851,0
DA:858,0
DA:859,0
DA:869,0
DA:870,0
DA:875,0
DA:879,0
DA:880,0
DA:884,0
DA:888,0
DA:889,0
DA:893,0
DA:895,0
DA:928,0
DA:929,0
DA:937,1
DA:941,0
DA:942,0
DA:943,0
DA:944,0
DA:950,0
DA:951,0
DA:953,0
DA:954,0
DA:956,0
DA:958,0
DA:959,0
DA:962,0
DA:968,0
DA:969,0
DA:972,0
DA:976,0
DA:977,0
DA:980,0
DA:981,0
DA:985,0
DA:986,0
DA:990,0
DA:991,0
DA:994,0
DA:995,0
DA:998,0
DA:999,0
DA:1003,0
DA:1004,0
DA:1007,0
DA:1008,0
DA:1012,0
DA:1014,0
DA:1021,0
DA:1022,0
DA:1023,0
DA:1030,0
DA:1039,0
DA:1043,0
DA:1044,0
DA:1050,0
DA:1060,0
DA:1071,0
DA:1078,0
DA:1079,0
DA:1087,1
DA:1088,0
DA:1089,0
DA:1091,0
DA:1097,0
DA:1098,0
DA:1103,0
DA:1119,0
DA:1124,0
DA:1125,0
DA:1132,1
DA:1133,0
DA:1134,0
DA:1141,0
DA:1142,0
DA:1143,0
DA:1156,0
DA:1163,0
DA:1164,0
DA:1165,0
DA:1170,0
DA:1175,0
DA:1176,0
DA:1183,1
DA:1196,0
DA:1198,0
DA:1200,0
DA:1201,0
DA:1202,0
DA:1207,0
DA:1214,0
DA:1217,0
DA:1220,0
DA:1221,0
DA:1222,0
DA:1226,0
DA:1233,0
DA:1240,0
DA:1241,0
DA:1246,0
DA:1254,0
DA:1255,0
DA:1260,0
DA:1267,0
DA:1273,0
DA:1275,0
DA:1284,0
DA:1285,0
DA:1287,0
DA:1288,0
DA:1290,0
DA:1291,0
DA:1292,0
DA:1293,0
DA:1294,0
DA:1295,0
DA:1296,0
DA:1297,0
DA:1298,0
DA:1300,0
DA:1305,0
DA:1306,0
DA:1307,0
DA:1309,0
DA:1317,0
DA:1323,0
DA:1326,0
DA:1343,0
DA:1344,0
DA:1346,0
DA:1353,0
DA:1380,0
DA:1389,0
DA:1404,0
DA:1405,0
DA:1420,0
DA:1432,0
DA:1442,0
DA:1467,0
DA:1469,0
DA:1476,0
DA:1485,1
DA:1486,0
DA:1487,0
DA:1488,0
DA:1489,0
DA:1495,0
DA:1498,0
DA:1500,0
DA:1501,0
DA:1507,0
DA:1510,0
DA:1527,0
DA:1528,0
DA:1529,0
DA:1536,0
DA:1537,0
DA:1551,0
DA:1578,0
DA:1579,0
DA:1587,1
DA:1588,0
DA:1591,1
LF:410
LH:32
BRDA:22,0,0,0
BRDA:22,0,1,0
BRDA:23,1,0,0
BRDA:23,1,1,0
BRDA:31,2,0,0
BRDA:31,2,1,0
BRDA:32,3,0,0
BRDA:32,3,1,0
BRDA:32,4,0,0
BRDA:32,4,1,0
BRDA:43,5,0,0
BRDA:43,5,1,0
BRDA:51,6,0,0
BRDA:51,6,1,0
BRDA:52,7,0,0
BRDA:52,7,1,0
BRDA:53,8,0,0
BRDA:53,8,1,0
BRDA:53,9,0,0
BRDA:53,9,1,0
BRDA:59,10,0,0
BRDA:59,10,1,0
BRDA:60,11,0,0
BRDA:60,11,1,0
BRDA:82,12,0,0
BRDA:82,12,1,0
BRDA:83,13,0,0
BRDA:83,13,1,0
BRDA:94,14,0,0
BRDA:94,14,1,0
BRDA:107,15,0,0
BRDA:107,15,1,0
BRDA:107,16,0,0
BRDA:107,16,1,0
BRDA:118,17,0,0
BRDA:118,17,1,0
BRDA:128,18,0,0
BRDA:128,18,1,0
BRDA:137,19,0,0
BRDA:137,19,1,0
BRDA:145,20,0,0
BRDA:145,20,1,0
BRDA:146,21,0,0
BRDA:146,21,1,0
BRDA:200,22,0,0
BRDA:202,23,0,0
BRDA:202,23,1,0
BRDA:202,23,2,0
BRDA:202,23,3,0
BRDA:202,23,4,0
BRDA:218,24,0,0
BRDA:218,24,1,0
BRDA:232,25,0,0
BRDA:232,25,1,0
BRDA:232,26,0,0
BRDA:232,26,1,0
BRDA:236,27,0,0
BRDA:236,27,1,0
BRDA:242,28,0,0
BRDA:242,28,1,0
BRDA:242,29,0,0
BRDA:242,29,1,0
BRDA:246,30,0,0
BRDA:246,30,1,0
BRDA:249,31,0,0
BRDA:249,31,1,0
BRDA:255,32,0,0
BRDA:255,32,1,0
BRDA:255,33,0,0
BRDA:255,33,1,0
BRDA:258,34,0,0
BRDA:258,34,1,0
BRDA:261,35,0,0
BRDA:261,35,1,0
BRDA:266,36,0,0
BRDA:266,36,1,0
BRDA:272,37,0,0
BRDA:272,37,1,0
BRDA:273,38,0,0
BRDA:273,38,1,0
BRDA:273,39,0,0
BRDA:273,39,1,0
BRDA:273,39,2,0
BRDA:279,40,0,0
BRDA:279,40,1,0
BRDA:280,41,0,0
BRDA:280,41,1,0
BRDA:287,42,0,0
BRDA:287,42,1,0
BRDA:292,43,0,0
BRDA:292,43,1,0
BRDA:298,44,0,0
BRDA:298,44,1,0
BRDA:301,45,0,0
BRDA:301,45,1,0
BRDA:333,46,0,0
BRDA:333,46,1,0
BRDA:351,47,0,0
BRDA:351,47,1,0
BRDA:352,48,0,0
BRDA:352,48,1,0
BRDA:359,49,0,0
BRDA:359,49,1,0
BRDA:365,50,0,0
BRDA:365,50,1,0
BRDA:369,51,0,0
BRDA:369,51,1,0
BRDA:392,52,0,0
BRDA:392,52,1,0
BRDA:406,53,0,0
BRDA:406,53,1,0
BRDA:413,54,0,0
BRDA:413,54,1,0
BRDA:429,55,0,0
BRDA:429,55,1,0
BRDA:437,56,0,0
BRDA:437,56,1,0
BRDA:450,57,0,0
BRDA:450,57,1,0
BRDA:450,58,0,0
BRDA:450,58,1,0
BRDA:452,59,0,0
BRDA:452,59,1,0
BRDA:452,60,0,0
BRDA:452,60,1,0
BRDA:470,61,0,0
BRDA:470,61,1,0
BRDA:483,62,0,0
BRDA:483,62,1,0
BRDA:489,63,0,0
BRDA:489,63,1,0
BRDA:489,64,0,0
BRDA:489,64,1,0
BRDA:489,64,2,0
BRDA:489,64,3,0
BRDA:505,65,0,0
BRDA:505,65,1,0
BRDA:514,66,0,0
BRDA:514,66,1,0
BRDA:521,67,0,0
BRDA:521,67,1,0
BRDA:523,68,0,0
BRDA:523,68,1,0
BRDA:523,69,0,0
BRDA:523,69,1,0
BRDA:530,70,0,0
BRDA:530,70,1,0
BRDA:533,71,0,0
BRDA:533,71,1,0
BRDA:536,72,0,0
BRDA:536,72,1,0
BRDA:538,73,0,0
BRDA:538,73,1,0
BRDA:559,74,0,0
BRDA:559,74,1,0
BRDA:559,75,0,0
BRDA:559,75,1,0
BRDA:559,75,2,0
BRDA:561,76,0,0
BRDA:561,76,1,0
BRDA:596,77,0,0
BRDA:596,77,1,0
BRDA:619,78,0,0
BRDA:619,78,1,0
BRDA:620,79,0,0
BRDA:620,79,1,0
BRDA:631,80,0,0
BRDA:631,80,1,0
BRDA:672,81,0,0
BRDA:672,81,1,0
BRDA:684,82,0,0
BRDA:684,82,1,0
BRDA:684,83,0,0
BRDA:684,83,1,0
BRDA:696,84,0,0
BRDA:696,84,1,0
BRDA:708,85,0,0
BRDA:708,85,1,0
BRDA:719,86,0,0
BRDA:719,86,1,0
BRDA:727,87,0,0
BRDA:727,87,1,0
BRDA:728,88,0,0
BRDA:728,88,1,0
BRDA:784,89,0,0
BRDA:784,89,1,0
BRDA:784,90,0,0
BRDA:784,90,1,0
BRDA:799,91,0,0
BRDA:799,91,1,0
BRDA:800,92,0,0
BRDA:800,92,1,0
BRDA:803,93,0,0
BRDA:803,93,1,0
BRDA:803,94,0,0
BRDA:803,94,1,0
BRDA:803,94,2,0
BRDA:822,95,0,0
BRDA:822,95,1,0
BRDA:823,96,0,0
BRDA:823,96,1,0
BRDA:834,97,0,0
BRDA:834,97,1,0
BRDA:837,98,0,0
BRDA:837,98,1,0
BRDA:858,99,0,0
BRDA:858,99,1,0
BRDA:858,100,0,0
BRDA:858,100,1,0
BRDA:869,101,0,0
BRDA:869,101,1,0
BRDA:879,102,0,0
BRDA:879,102,1,0
BRDA:888,103,0,0
BRDA:888,103,1,0
BRDA:919,104,0,0
BRDA:919,104,1,0
BRDA:920,105,0,0
BRDA:920,105,1,0
BRDA:943,106,0,0
BRDA:943,106,1,0
BRDA:956,107,0,0
BRDA:956,107,1,0
BRDA:956,107,2,0
BRDA:958,108,0,0
BRDA:958,108,1,0
BRDA:968,109,0,0
BRDA:968,109,1,0
BRDA:968,110,0,0
BRDA:968,110,1,0
BRDA:980,111,0,0
BRDA:980,111,1,0
BRDA:994,112,0,0
BRDA:994,112,1,0
BRDA:998,113,0,0
BRDA:998,113,1,0
BRDA:1021,114,0,0
BRDA:1021,114,1,0
BRDA:1035,115,0,0
BRDA:1035,115,1,0
BRDA:1039,116,0,0
BRDA:1039,116,1,0
BRDA:1039,116,2,0
BRDA:1039,116,3,0
BRDA:1043,117,0,0
BRDA:1043,117,1,0
BRDA:1043,118,0,0
BRDA:1043,118,1,0
BRDA:1097,119,0,0
BRDA:1097,119,1,0
BRDA:1112,120,0,0
BRDA:1112,120,1,0
BRDA:1141,121,0,0
BRDA:1141,121,1,0
BRDA:1141,122,0,0
BRDA:1141,122,1,0
BRDA:1163,123,0,0
BRDA:1163,123,1,0
BRDA:1171,124,0,0
BRDA:1171,124,1,0
BRDA:1201,125,0,0
BRDA:1201,125,1,0
BRDA:1204,126,0,0
BRDA:1204,126,1,0
BRDA:1221,127,0,0
BRDA:1221,127,1,0
BRDA:1240,128,0,0
BRDA:1240,128,1,0
BRDA:1240,129,0,0
BRDA:1240,129,1,0
BRDA:1254,130,0,0
BRDA:1254,130,1,0
BRDA:1273,131,0,0
BRDA:1273,131,1,0
BRDA:1273,132,0,0
BRDA:1273,132,1,0
BRDA:1287,133,0,0
BRDA:1287,133,1,0
BRDA:1290,134,0,0
BRDA:1290,134,1,0
BRDA:1290,135,0,0
BRDA:1290,135,1,0
BRDA:1293,136,0,0
BRDA:1293,136,1,0
BRDA:1296,137,0,0
BRDA:1296,137,1,0
BRDA:1305,138,0,0
BRDA:1305,138,1,0
BRDA:1343,139,0,0
BRDA:1343,139,1,0
BRDA:1367,140,0,0
BRDA:1367,140,1,0
BRDA:1369,141,0,0
BRDA:1369,141,1,0
BRDA:1396,142,0,0
BRDA:1396,142,1,0
BRDA:1405,143,0,0
BRDA:1405,143,1,0
BRDA:1406,144,0,0
BRDA:1406,144,1,0
BRDA:1408,145,0,0
BRDA:1408,145,1,0
BRDA:1488,146,0,0
BRDA:1488,146,1,0
BRDA:1488,147,0,0
BRDA:1488,147,1,0
BRDA:1500,148,0,0
BRDA:1500,148,1,0
BRDA:1500,149,0,0
BRDA:1500,149,1,0
BRDA:1527,150,0,0
BRDA:1527,150,1,0
BRDA:1537,151,0,0
BRDA:1537,151,1,0
BRDA:1538,152,0,0
BRDA:1538,152,1,0
BRDA:1540,153,0,0
BRDA:1540,153,1,0
BRF:318
BRH:0
end_of_record
TN:
SF:routes/health.js
FN:18,(anonymous_0)
FN:113,(anonymous_1)
FN:149,(anonymous_2)
FN:150,(anonymous_3)
FN:152,(anonymous_4)
FN:153,(anonymous_5)
FN:186,(anonymous_6)
FN:221,(anonymous_7)
FN:232,(anonymous_8)
FN:255,(anonymous_9)
FN:281,(anonymous_10)
FN:312,(anonymous_11)
FN:343,checkExternalServices
FN:397,checkDependencies
FN:420,getActiveConnectionCount
FN:425,getRequestRate
FN:430,getErrorRate
FN:435,getAverageResponseTime
FN:440,runBenchmark
FN:455,(anonymous_19)
FN:456,(anonymous_20)
FNF:21
FNH:1
FNDA:1,(anonymous_0)
FNDA:0,(anonymous_1)
FNDA:0,(anonymous_2)
FNDA:0,(anonymous_3)
FNDA:0,(anonymous_4)
FNDA:0,(anonymous_5)
FNDA:0,(anonymous_6)
FNDA:0,(anonymous_7)
FNDA:0,(anonymous_8)
FNDA:0,(anonymous_9)
FNDA:0,(anonymous_10)
FNDA:0,(anonymous_11)
FNDA:0,checkExternalServices
FNDA:0,checkDependencies
FNDA:0,getActiveConnectionCount
FNDA:0,getRequestRate
FNDA:0,getErrorRate
FNDA:0,getAverageResponseTime
FNDA:0,runBenchmark
FNDA:0,(anonymous_19)
FNDA:0,(anonymous_20)
DA:6,1
DA:7,1
DA:8,1
DA:9,1
DA:10,1
DA:11,1
DA:13,1
DA:18,1
DA:19,1
DA:21,1
DA:23,1
DA:38,1
DA:41,1
DA:42,1
DA:43,1
DA:45,1
DA:46,0
DA:47,0
DA:48,1
DA:49,0
DA:50,0
DA:51,0
DA:56,1
DA:57,1
DA:58,1
DA:59,1
DA:62,0
DA:69,0
DA:70,0
DA:76,1
DA:81,1
DA:85,1
DA:88,1
DA:91,1
DA:98,0
DA:99,0
DA:113,1
DA:114,0
DA:116,0
DA:117,0
DA:141,0
DA:142,0
DA:145,0
DA:146,0
DA:149,0
DA:150,0
DA:152,0
DA:153,0
DA:155,0
DA:156,0
DA:157,0
DA:158,0
DA:161,0
DA:164,0
DA:166,0
DA:174,0
DA:175,0
DA:186,1
DA:187,0
DA:188,0
DA:189,0
DA:199,0
DA:204,0
DA:210,0
DA:211,0
DA:221,1
DA:222,0
DA:232,1
DA:233,0
DA:235,0
DA:241,0
DA:242,0
DA:243,0
DA:244,0
DA:245,0
DA:251,0
DA:252,0
DA:253,0
DA:255,0
DA:257,0
DA:258,0
DA:264,0
DA:265,0
DA:269,0
DA:270,0
DA:281,1
DA:282,0
DA:284,0
DA:287,0
DA:298,0
DA:301,0
DA:302,0
DA:312,1
DA:313,0
DA:314,0
DA:316,0
DA:317,0
DA:319,0
DA:325,0
DA:332,0
DA:333,0
DA:344,0
DA:350,0
DA:351,0
DA:352,0
DA:353,0
DA:356,0
DA:361,0
DA:367,0
DA:375,0
DA:376,0
DA:377,0
DA:379,0
DA:381,0
DA:387,0
DA:394,0
DA:398,0
DA:404,0
DA:406,0
DA:411,0
DA:417,0
DA:422,0
DA:427,0
DA:432,0
DA:437,0
DA:441,0
DA:450,0
DA:451,0
DA:453,0
DA:455,0
DA:456,0
DA:458,0
DA:459,0
DA:460,0
DA:461,0
DA:464,0
DA:468,0
DA:469,0
DA:471,0
DA:474,1
LF:140
LH:33
BRDA:27,0,0,1
BRDA:27,0,1,0
BRDA:28,1,0,1
BRDA:28,1,1,0
BRDA:45,2,0,0
BRDA:45,2,1,1
BRDA:48,3,0,0
BRDA:48,3,1,1
BRDA:50,4,0,0
BRDA:50,4,1,0
BRDA:85,5,0,0
BRDA:85,5,1,1
BRDA:86,6,0,0
BRDA:86,6,1,1
BRDA:127,7,0,0
BRDA:127,7,1,0
BRDA:133,8,0,0
BRDA:133,8,1,0
BRDA:149,9,0,0
BRDA:149,9,1,0
BRDA:152,10,0,0
BRDA:152,10,1,0
BRDA:155,11,0,0
BRDA:155,11,1,0
BRDA:157,12,0,0
BRDA:157,12,1,0
BRDA:161,13,0,0
BRDA:161,13,1,0
BRDA:162,14,0,0
BRDA:162,14,1,0
BRDA:245,15,0,0
BRDA:245,15,1,0
BRDA:257,16,0,0
BRDA:257,16,1,0
BRDA:264,17,0,0
BRDA:264,17,1,0
BRDA:282,18,0,0
BRDA:282,19,0,0
BRDA:313,20,0,0
BRDA:314,21,0,0
BRDA:314,21,1,0
BRDA:469,22,0,0
BRDA:469,22,1,0
BRF:43
BRH:6
end_of_record
TN:
SF:routes/payu-webhooks.js
FN:24,verifyPayUWebhookHash
FN:65,processPayUWebhook
FN:169,handleSuccessfulPayment
FN:199,handleFailedPayment
FN:223,updateUserSubscription
FN:297,(anonymous_5)
FN:368,(anonymous_6)
FN:437,(anonymous_7)
FNF:8
FNH:0
FNDA:0,verifyPayUWebhookHash
FNDA:0,processPayUWebhook
FNDA:0,handleSuccessfulPayment
FNDA:0,handleFailedPayment
FNDA:0,updateUserSubscription
FNDA:0,(anonymous_5)
FNDA:0,(anonymous_6)
FNDA:0,(anonymous_7)
DA:6,1
DA:7,1
DA:8,1
DA:9,1
DA:11,1
DA:14,1
DA:25,0
DA:26,0
DA:55,0
DA:57,0
DA:58,0
DA:66,0
DA:68,0
DA:69,0
DA:76,0
DA:82,0
DA:99,0
DA:101,0
DA:108,0
DA:109,0
DA:112,0
DA:118,0
DA:119,0
DA:123,0
DA:135,0
DA:136,0
DA:137,0
DA:138,0
DA:141,0
DA:147,0
DA:149,0
DA:152,0
DA:162,0
DA:170,0
DA:171,0
DA:174,0
DA:186,0
DA:187,0
DA:190,0
DA:192,0
DA:200,0
DA:201,0
DA:204,0
DA:214,0
DA:216,0
DA:224,0
DA:226,0
DA:236,0
DA:238,0
DA:239,0
DA:242,0
DA:245,0
DA:248,0
DA:257,0
DA:263,0
DA:264,0
DA:265,0
DA:267,0
DA:270,0
DA:273,0
DA:288,0
DA:290,0
DA:297,1
DA:298,0
DA:299,0
DA:300,0
DA:302,0
DA:309,0
DA:310,0
DA:313,0
DA:314,0
DA:315,0
DA:318,0
DA:321,0
DA:322,0
DA:323,0
DA:326,0
DA:327,0
DA:328,0
DA:331,0
DA:334,0
DA:336,0
DA:337,0
DA:343,0
DA:351,0
DA:357,0
DA:368,1
DA:369,0
DA:370,0
DA:371,0
DA:373,0
DA:375,0
DA:376,0
DA:382,0
DA:386,0
DA:387,0
DA:388,0
DA:389,0
DA:392,0
DA:394,0
DA:395,0
DA:396,0
DA:403,0
DA:405,0
DA:412,0
DA:426,0
DA:427,0
DA:437,1
DA:438,0
DA:439,0
DA:440,0
DA:442,0
DA:444,0
DA:450,0
DA:451,0
DA:456,0
DA:462,0
DA:479,0
DA:480,0
DA:486,1
LF:120
LH:10
BRDA:15,0,0,1
BRDA:15,0,1,0
BRDA:32,1,0,0
BRDA:32,1,1,0
BRDA:33,2,0,0
BRDA:33,2,1,0
BRDA:34,3,0,0
BRDA:34,3,1,0
BRDA:35,4,0,0
BRDA:35,4,1,0
BRDA:36,5,0,0
BRDA:36,5,1,0
BRDA:83,6,0,0
BRDA:83,6,1,0
BRDA:87,7,0,0
BRDA:87,7,1,0
BRDA:92,8,0,0
BRDA:92,8,1,0
BRDA:93,9,0,0
BRDA:93,9,1,0
BRDA:95,10,0,0
BRDA:95,10,1,0
BRDA:99,11,0,0
BRDA:99,11,1,0
BRDA:108,12,0,0
BRDA:108,12,1,0
BRDA:118,13,0,0
BRDA:118,13,1,0
BRDA:135,14,0,0
BRDA:135,14,1,0
BRDA:137,15,0,0
BRDA:137,15,1,0
BRDA:186,16,0,0
BRDA:186,16,1,0
BRDA:236,17,0,0
BRDA:236,17,1,0
BRDA:239,18,0,0
BRDA:239,18,1,0
BRDA:239,19,0,0
BRDA:239,19,1,0
BRDA:263,20,0,0
BRDA:263,20,1,0
BRDA:265,21,0,0
BRDA:265,21,1,0
BRDA:299,22,0,0
BRDA:299,22,1,0
BRDA:321,23,0,0
BRDA:321,23,1,0
BRDA:326,24,0,0
BRDA:326,24,1,0
BRDA:370,25,0,0
BRDA:370,25,1,0
BRDA:375,26,0,0
BRDA:375,26,1,0
BRDA:375,27,0,0
BRDA:375,27,1,0
BRDA:386,28,0,0
BRDA:386,28,1,0
BRDA:388,29,0,0
BRDA:388,29,1,0
BRDA:394,30,0,0
BRDA:394,30,1,0
BRDA:394,31,0,0
BRDA:394,31,1,0
BRDA:439,32,0,0
BRDA:439,32,1,0
BRDA:450,33,0,0
BRDA:450,33,1,0
BRDA:450,34,0,0
BRDA:450,34,1,0
BRF:70
BRH:1
end_of_record
TN:
SF:routes/payu.js
FN:37,(anonymous_0)
FN:118,(anonymous_1)
FN:157,(anonymous_2)
FN:168,(anonymous_3)
FN:209,(anonymous_4)
FN:448,(anonymous_5)
FN:583,(anonymous_6)
FN:677,(anonymous_7)
FN:710,(anonymous_8)
FN:765,generatePayUFormHtml
FN:772,(anonymous_10)
FN:820,generatePayUHash
FN:850,verifyPayUHash
FN:873,getFallbackPlans
FNF:14
FNH:0
FNDA:0,(anonymous_0)
FNDA:0,(anonymous_1)
FNDA:0,(anonymous_2)
FNDA:0,(anonymous_3)
FNDA:0,(anonymous_4)
FNDA:0,(anonymous_5)
FNDA:0,(anonymous_6)
FNDA:0,(anonymous_7)
FNDA:0,(anonymous_8)
FNDA:0,generatePayUFormHtml
FNDA:0,(anonymous_10)
FNDA:0,generatePayUHash
FNDA:0,verifyPayUHash
FNDA:0,getFallbackPlans
DA:1,1
DA:2,1
DA:3,1
DA:4,1
DA:5,1
DA:8,1
DA:9,1
DA:10,1
DA:11,1
DA:14,1
DA:15,1
DA:16,1
DA:18,1
DA:21,1
DA:22,1
DA:23,1
DA:26,1
DA:37,1
DA:38,0
DA:40,0
DA:41,0
DA:48,0
DA:49,0
DA:53,0
DA:55,0
DA:56,0
DA:62,0
DA:65,0
DA:67,0
DA:80,0
DA:87,0
DA:94,0
DA:100,0
DA:118,1
DA:119,0
DA:124,0
DA:125,0
DA:131,0
DA:132,0
DA:137,0
DA:139,0
DA:145,0
DA:146,0
DA:152,0
DA:153,0
DA:157,0
DA:168,0
DA:169,0
DA:170,0
DA:181,0
DA:187,0
DA:188,0
DA:190,0
DA:196,0
DA:197,0
DA:202,1
DA:210,0
DA:215,0
DA:216,0
DA:217,0
DA:218,0
DA:224,0
DA:230,0
DA:231,0
DA:233,0
DA:244,0
DA:254,0
DA:255,0
DA:258,0
DA:259,0
DA:260,0
DA:267,0
DA:268,0
DA:269,0
DA:274,0
DA:275,0
DA:277,0
DA:284,0
DA:285,0
DA:286,0
DA:291,0
DA:292,0
DA:294,0
DA:301,0
DA:302,0
DA:303,0
DA:308,0
DA:309,0
DA:310,0
DA:312,0
DA:319,0
DA:320,0
DA:321,0
DA:325,0
DA:326,0
DA:333,0
DA:334,0
DA:340,0
DA:341,0
DA:347,0
DA:348,0
DA:351,0
DA:352,0
DA:353,0
DA:357,0
DA:359,0
DA:365,0
DA:366,0
DA:367,0
DA:368,0
DA:370,0
DA:374,0
DA:379,0
DA:381,0
DA:383,0
DA:389,0
DA:390,0
DA:395,0
DA:404,0
DA:412,0
DA:413,0
DA:418,0
DA:425,0
DA:426,0
DA:429,0
DA:447,0
DA:448,0
DA:450,0
DA:451,0
DA:468,0
DA:472,0
DA:480,0
DA:481,0
DA:486,0
DA:487,0
DA:493,0
DA:494,0
DA:499,0
DA:500,0
DA:507,0
DA:508,0
DA:510,0
DA:511,0
DA:517,0
DA:518,0
DA:524,0
DA:525,0
DA:528,0
DA:540,0
DA:550,0
DA:556,0
DA:564,0
DA:571,0
DA:572,0
DA:581,1
DA:584,0
DA:589,0
DA:590,0
DA:592,0
DA:598,0
DA:599,0
DA:603,0
DA:604,0
DA:611,0
DA:621,0
DA:622,0
DA:630,0
DA:650,0
DA:657,0
DA:658,0
DA:660,0
DA:667,0
DA:668,0
DA:677,1
DA:678,0
DA:683,0
DA:684,0
DA:685,0
DA:687,0
DA:693,0
DA:694,0
DA:701,0
DA:702,0
DA:709,0
DA:710,0
DA:712,0
DA:713,0
DA:719,0
DA:720,0
DA:728,0
DA:731,0
DA:738,0
DA:743,0
DA:749,0
DA:755,0
DA:756,0
DA:766,0
DA:771,0
DA:772,0
DA:775,0
DA:816,0
DA:817,0
DA:823,0
DA:843,0
DA:844,0
DA:845,0
DA:847,0
DA:851,0
DA:853,0
DA:870,0
DA:874,0
DA:921,1
LF:212
LH:23
BRDA:29,0,0,0
BRDA:29,0,1,1
BRDA:32,1,0,1
BRDA:32,1,1,1
BRDA:33,2,0,1
BRDA:33,2,1,1
BRDA:62,3,0,0
BRDA:62,3,1,0
BRDA:65,4,0,0
BRDA:65,4,1,0
BRDA:69,5,0,0
BRDA:69,5,1,0
BRDA:71,6,0,0
BRDA:71,6,1,0
BRDA:74,7,0,0
BRDA:74,7,1,0
BRDA:83,8,0,0
BRDA:83,8,1,0
BRDA:87,9,0,0
BRDA:87,9,1,0
BRDA:88,10,0,0
BRDA:88,10,1,0
BRDA:91,11,0,0
BRDA:91,11,1,0
BRDA:142,12,0,0
BRDA:142,12,1,0
BRDA:145,13,0,0
BRDA:145,13,1,0
BRDA:159,14,0,0
BRDA:159,14,1,0
BRDA:161,15,0,0
BRDA:161,15,1,0
BRDA:164,16,0,0
BRDA:164,16,1,0
BRDA:169,17,0,0
BRDA:169,17,1,0
BRDA:217,18,0,0
BRDA:217,18,1,0
BRDA:230,19,0,0
BRDA:258,20,0,0
BRDA:258,20,1,0
BRDA:267,21,0,0
BRDA:267,21,1,0
BRDA:267,22,0,0
BRDA:267,22,1,0
BRDA:274,23,0,0
BRDA:274,23,1,0
BRDA:274,24,0,0
BRDA:274,24,1,0
BRDA:274,24,2,0
BRDA:284,25,0,0
BRDA:284,25,1,0
BRDA:284,26,0,0
BRDA:284,26,1,0
BRDA:291,27,0,0
BRDA:291,27,1,0
BRDA:291,28,0,0
BRDA:291,28,1,0
BRDA:301,29,0,0
BRDA:301,29,1,0
BRDA:301,30,0,0
BRDA:301,30,1,0
BRDA:308,31,0,0
BRDA:308,31,1,0
BRDA:319,32,0,0
BRDA:319,32,1,0
BRDA:319,33,0,0
BRDA:319,33,1,0
BRDA:333,34,0,0
BRDA:333,34,1,0
BRDA:359,35,0,0
BRDA:359,35,1,0
BRDA:359,35,2,0
BRDA:359,35,3,0
BRDA:359,35,4,0
BRDA:359,35,5,0
BRDA:359,35,6,0
BRDA:365,36,0,0
BRDA:365,36,1,0
BRDA:389,37,0,0
BRDA:389,37,1,0
BRDA:389,38,0,0
BRDA:389,38,1,0
BRDA:391,39,0,0
BRDA:391,39,1,0
BRDA:392,40,0,0
BRDA:392,40,1,0
BRDA:393,41,0,0
BRDA:393,41,1,0
BRDA:412,42,0,0
BRDA:412,42,1,0
BRDA:426,43,0,0
BRDA:426,43,1,0
BRDA:426,43,2,0
BRDA:434,44,0,0
BRDA:434,44,1,0
BRDA:435,45,0,0
BRDA:435,45,1,0
BRDA:448,46,0,0
BRDA:448,46,1,0
BRDA:450,47,0,0
BRDA:450,47,1,0
BRDA:456,48,0,0
BRDA:456,48,1,0
BRDA:457,49,0,0
BRDA:457,49,1,0
BRDA:458,50,0,0
BRDA:458,50,1,0
BRDA:459,51,0,0
BRDA:459,51,1,0
BRDA:460,52,0,0
BRDA:460,52,1,0
BRDA:461,53,0,0
BRDA:461,53,1,0
BRDA:462,54,0,0
BRDA:462,54,1,0
BRDA:463,55,0,0
BRDA:463,55,1,0
BRDA:464,56,0,0
BRDA:464,56,1,0
BRDA:480,57,0,0
BRDA:480,57,1,0
BRDA:493,58,0,0
BRDA:493,58,1,0
BRDA:510,59,0,0
BRDA:510,59,1,0
BRDA:574,60,0,0
BRDA:574,60,1,0
BRDA:598,61,0,0
BRDA:598,61,1,0
BRDA:621,62,0,0
BRDA:621,62,1,0
BRDA:621,63,0,0
BRDA:621,63,1,0
BRDA:630,64,0,0
BRDA:630,64,1,0
BRDA:632,65,0,0
BRDA:632,65,1,0
BRDA:633,66,0,0
BRDA:633,66,1,0
BRDA:638,67,0,0
BRDA:638,67,1,0
BRDA:639,68,0,0
BRDA:639,68,1,0
BRDA:670,69,0,0
BRDA:670,69,1,0
BRDA:693,70,0,0
BRDA:693,70,1,0
BRDA:693,71,0,0
BRDA:693,71,1,0
BRDA:693,71,2,0
BRDA:712,72,0,0
BRDA:712,72,1,0
BRDA:758,73,0,0
BRDA:758,73,1,0
BRDA:803,74,0,0
BRDA:803,74,1,0
BRDA:804,75,0,0
BRDA:804,75,1,0
BRDA:830,76,0,0
BRDA:830,76,1,0
BRDA:831,77,0,0
BRDA:831,77,1,0
BRDA:832,78,0,0
BRDA:832,78,1,0
BRDA:833,79,0,0
BRDA:833,79,1,0
BRDA:834,80,0,0
BRDA:834,80,1,0
BRDA:860,81,0,0
BRDA:860,81,1,0
BRDA:861,82,0,0
BRDA:861,82,1,0
BRDA:862,83,0,0
BRDA:862,83,1,0
BRDA:863,84,0,0
BRDA:863,84,1,0
BRDA:864,85,0,0
BRDA:864,85,1,0
BRF:179
BRH:5
end_of_record
TN:
SF:routes/profile.js
FN:13,(anonymous_0)
FN:28,(anonymous_1)
FN:104,(anonymous_2)
FN:201,(anonymous_3)
FN:210,(anonymous_4)
FN:243,(anonymous_5)
FN:256,(anonymous_6)
FN:276,(anonymous_7)
FNF:8
FNH:0
FNDA:0,(anonymous_0)
FNDA:0,(anonymous_1)
FNDA:0,(anonymous_2)
FNDA:0,(anonymous_3)
FNDA:0,(anonymous_4)
FNDA:0,(anonymous_5)
FNDA:0,(anonymous_6)
FNDA:0,(anonymous_7)
DA:7,1
DA:8,1
DA:9,1
DA:10,1
DA:13,1
DA:14,0
DA:16,0
DA:17,0
DA:20,0
DA:21,0
DA:28,1
DA:29,0
DA:31,0
DA:32,0
DA:35,0
DA:37,0
DA:38,0
DA:41,0
DA:47,0
DA:48,0
DA:52,0
DA:53,0
DA:73,0
DA:74,0
DA:76,0
DA:95,0
DA:96,0
DA:104,1
DA:105,0
DA:106,0
DA:108,0
DA:109,0
DA:112,0
DA:114,0
DA:115,0
DA:116,0
DA:117,0
DA:119,0
DA:120,0
DA:121,0
DA:122,0
DA:123,0
DA:124,0
DA:128,0
DA:136,0
DA:137,0
DA:140,0
DA:141,0
DA:142,0
DA:145,0
DA:151,0
DA:152,0
DA:154,0
DA:159,0
DA:160,0
DA:161,0
DA:164,0
DA:166,0
DA:170,0
DA:171,0
DA:173,0
DA:192,0
DA:193,0
DA:201,1
DA:203,0
DA:210,1
DA:211,0
DA:212,0
DA:213,0
DA:215,0
DA:217,0
DA:224,0
DA:226,0
DA:229,0
DA:235,0
DA:243,1
DA:244,0
DA:256,1
DA:257,0
DA:258,0
DA:270,1
DA:271,1
DA:276,1
DA:277,0
DA:279,0
DA:280,0
DA:283,0
DA:284,0
DA:286,0
DA:287,0
DA:288,0
DA:291,0
DA:299,0
DA:300,0
DA:303,0
DA:307,0
DA:313,0
DA:318,0
DA:319,0
DA:323,0
DA:332,0
DA:333,0
DA:336,0
DA:337,0
DA:341,1
LF:105
LH:15
BRDA:16,0,0,0
BRDA:16,0,1,0
BRDA:37,1,0,0
BRDA:37,1,1,0
BRDA:37,2,0,0
BRDA:37,2,1,0
BRDA:47,3,0,0
BRDA:47,3,1,0
BRDA:47,4,0,0
BRDA:47,4,1,0
BRDA:52,5,0,0
BRDA:52,5,1,0
BRDA:55,6,0,0
BRDA:55,6,1,0
BRDA:56,7,0,0
BRDA:56,7,1,0
BRDA:56,7,2,0
BRDA:57,8,0,0
BRDA:57,8,1,0
BRDA:57,8,2,0
BRDA:58,9,0,0
BRDA:58,9,1,0
BRDA:60,10,0,0
BRDA:60,10,1,0
BRDA:61,11,0,0
BRDA:61,11,1,0
BRDA:62,12,0,0
BRDA:62,12,1,0
BRDA:63,13,0,0
BRDA:63,13,1,0
BRDA:64,14,0,0
BRDA:64,14,1,0
BRDA:66,15,0,0
BRDA:66,15,1,0
BRDA:68,16,0,0
BRDA:68,16,1,0
BRDA:74,17,0,0
BRDA:74,17,1,0
BRDA:78,18,0,0
BRDA:78,18,1,0
BRDA:79,19,0,0
BRDA:79,19,1,0
BRDA:79,19,2,0
BRDA:80,20,0,0
BRDA:80,20,1,0
BRDA:80,20,2,0
BRDA:81,21,0,0
BRDA:81,21,1,0
BRDA:83,22,0,0
BRDA:83,22,1,0
BRDA:84,23,0,0
BRDA:84,23,1,0
BRDA:85,24,0,0
BRDA:85,24,1,0
BRDA:86,25,0,0
BRDA:86,25,1,0
BRDA:87,26,0,0
BRDA:87,26,1,0
BRDA:89,27,0,0
BRDA:89,27,1,0
BRDA:89,27,2,0
BRDA:91,28,0,0
BRDA:91,28,1,0
BRDA:114,29,0,0
BRDA:114,29,1,0
BRDA:115,30,0,0
BRDA:115,30,1,0
BRDA:116,31,0,0
BRDA:116,31,1,0
BRDA:117,32,0,0
BRDA:117,32,1,0
BRDA:119,33,0,0
BRDA:119,33,1,0
BRDA:120,34,0,0
BRDA:120,34,1,0
BRDA:121,35,0,0
BRDA:121,35,1,0
BRDA:122,36,0,0
BRDA:122,36,1,0
BRDA:123,37,0,0
BRDA:123,37,1,0
BRDA:124,38,0,0
BRDA:124,38,1,0
BRDA:132,39,0,0
BRDA:132,39,1,0
BRDA:136,40,0,0
BRDA:136,40,1,0
BRDA:141,41,0,0
BRDA:141,41,1,0
BRDA:142,42,0,0
BRDA:142,42,1,0
BRDA:151,43,0,0
BRDA:151,43,1,0
BRDA:159,44,0,0
BRDA:159,44,1,0
BRDA:171,45,0,0
BRDA:171,45,1,0
BRDA:175,46,0,0
BRDA:175,46,1,0
BRDA:176,47,0,0
BRDA:176,47,1,0
BRDA:176,47,2,0
BRDA:176,47,3,0
BRDA:177,48,0,0
BRDA:177,48,1,0
BRDA:177,48,2,0
BRDA:177,48,3,0
BRDA:178,49,0,0
BRDA:178,49,1,0
BRDA:178,49,2,0
BRDA:180,50,0,0
BRDA:180,50,1,0
BRDA:180,50,2,0
BRDA:181,51,0,0
BRDA:181,51,1,0
BRDA:181,51,2,0
BRDA:182,52,0,0
BRDA:182,52,1,0
BRDA:182,52,2,0
BRDA:183,53,0,0
BRDA:183,53,1,0
BRDA:183,53,2,0
BRDA:184,54,0,0
BRDA:184,54,1,0
BRDA:184,54,2,0
BRDA:186,55,0,0
BRDA:186,55,1,0
BRDA:187,56,0,0
BRDA:187,56,1,0
BRDA:212,57,0,0
BRDA:212,57,1,0
BRDA:213,58,0,0
BRDA:213,58,1,0
BRDA:224,59,0,0
BRDA:224,59,1,0
BRDA:230,60,0,0
BRDA:230,60,1,0
BRDA:231,61,0,0
BRDA:231,61,1,0
BRDA:259,62,0,0
BRDA:259,62,1,0
BRDA:260,63,0,0
BRDA:260,63,1,0
BRDA:261,64,0,0
BRDA:261,64,1,0
BRDA:279,65,0,0
BRDA:279,65,1,0
BRDA:299,66,0,0
BRDA:299,66,1,0
BRDA:318,67,0,0
BRDA:318,67,1,0
BRF:151
BRH:0
end_of_record
TN:
SF:routes/settings.js
FN:18,(anonymous_0)
FN:79,(anonymous_1)
FN:146,(anonymous_2)
FNF:3
FNH:0
FNDA:0,(anonymous_0)
FNDA:0,(anonymous_1)
FNDA:0,(anonymous_2)
DA:1,1
DA:2,1
DA:3,1
DA:5,1
DA:6,1
DA:7,1
DA:9,1
DA:12,1
DA:13,1
DA:14,1
DA:15,1
DA:18,1
DA:19,0
DA:20,0
DA:26,0
DA:27,0
DA:28,0
DA:34,0
DA:36,0
DA:49,0
DA:50,0
DA:51,0
DA:57,0
DA:60,0
DA:62,0
DA:63,0
DA:71,1
DA:80,0
DA:81,0
DA:82,0
DA:83,0
DA:97,0
DA:100,0
DA:104,0
DA:105,0
DA:106,0
DA:107,0
DA:108,0
DA:109,0
DA:110,0
DA:113,0
DA:114,0
DA:120,0
DA:127,0
DA:128,0
DA:129,0
DA:135,0
DA:137,0
DA:138,0
DA:146,1
DA:147,0
DA:148,0
DA:159,0
DA:166,0
DA:167,0
DA:168,0
DA:174,0
DA:179,0
DA:180,0
DA:187,1
LF:60
LH:15
BRDA:26,0,0,0
BRDA:26,0,1,0
BRDA:26,1,0,0
BRDA:26,1,1,0
BRDA:34,2,0,0
BRDA:34,2,1,0
BRDA:49,3,0,0
BRDA:49,3,1,0
BRDA:82,4,0,0
BRDA:82,4,1,0
BRDA:104,5,0,0
BRDA:104,5,1,0
BRDA:105,6,0,0
BRDA:105,6,1,0
BRDA:106,7,0,0
BRDA:106,7,1,0
BRDA:107,8,0,0
BRDA:107,8,1,0
BRDA:108,9,0,0
BRDA:108,9,1,0
BRDA:109,10,0,0
BRDA:109,10,1,0
BRDA:110,11,0,0
BRDA:110,11,1,0
BRDA:113,12,0,0
BRDA:113,12,1,0
BRDA:127,13,0,0
BRDA:127,13,1,0
BRDA:166,14,0,0
BRDA:166,14,1,0
BRF:30
BRH:0
end_of_record
TN:
SF:routes/subscriptions.js
FN:21,(anonymous_0)
FN:31,(anonymous_1)
FN:48,(anonymous_2)
FN:72,(anonymous_3)
FN:111,(anonymous_4)
FN:119,(anonymous_5)
FN:127,(anonymous_6)
FN:135,(anonymous_7)
FNF:8
FNH:0
FNDA:0,(anonymous_0)
FNDA:0,(anonymous_1)
FNDA:0,(anonymous_2)
FNDA:0,(anonymous_3)
FNDA:0,(anonymous_4)
FNDA:0,(anonymous_5)
FNDA:0,(anonymous_6)
FNDA:0,(anonymous_7)
DA:1,1
DA:3,1
DA:4,1
DA:5,1
DA:7,1
DA:10,1
DA:11,1
DA:12,1
DA:13,1
DA:21,1
DA:23,0
DA:24,0
DA:27,0
DA:31,1
DA:32,0
DA:34,0
DA:35,0
DA:36,0
DA:37,0
DA:39,0
DA:40,0
DA:48,1
DA:49,0
DA:50,0
DA:51,0
DA:58,0
DA:59,0
DA:60,0
DA:61,0
DA:63,0
DA:64,0
DA:72,1
DA:73,0
DA:74,0
DA:77,0
DA:78,0
DA:90,0
DA:92,0
DA:93,0
DA:97,0
DA:102,0
DA:103,0
DA:111,1
DA:112,0
DA:119,1
DA:120,0
DA:127,1
DA:128,0
DA:135,1
DA:136,0
DA:143,1
LF:51
LH:18
BRDA:50,0,0,0
BRDA:50,0,1,0
BRDA:50,1,0,0
BRDA:50,1,1,0
BRDA:92,2,0,0
BRDA:92,2,1,0
BRF:6
BRH:0
end_of_record
TN:
SF:routes/users.js
FN:18,(anonymous_0)
FN:27,(anonymous_1)
FN:34,(anonymous_2)
FN:61,(anonymous_3)
FN:118,(anonymous_4)
FN:198,(anonymous_5)
FN:236,(anonymous_6)
FN:291,(anonymous_7)
FN:319,(anonymous_8)
FNF:9
FNH:0
FNDA:0,(anonymous_0)
FNDA:0,(anonymous_1)
FNDA:0,(anonymous_2)
FNDA:0,(anonymous_3)
FNDA:0,(anonymous_4)
FNDA:0,(anonymous_5)
FNDA:0,(anonymous_6)
FNDA:0,(anonymous_7)
FNDA:0,(anonymous_8)
DA:1,1
DA:2,1
DA:4,1
DA:5,1
DA:6,1
DA:7,1
DA:9,1
DA:12,1
DA:13,1
DA:14,1
DA:15,1
DA:18,1
DA:19,0
DA:20,0
DA:21,0
DA:22,0
DA:23,0
DA:27,1
DA:28,0
DA:29,0
DA:30,0
DA:34,1
DA:35,0
DA:36,0
DA:53,0
DA:54,0
DA:61,0
DA:62,0
DA:76,0
DA:91,0
DA:109,0
DA:110,0
DA:118,1
DA:119,0
DA:120,0
DA:122,0
DA:124,0
DA:125,0
DA:128,0
DA:129,0
DA:132,0
DA:133,0
DA:136,0
DA:138,0
DA:139,0
DA:140,0
DA:143,0
DA:144,0
DA:146,0
DA:152,0
DA:153,0
DA:159,0
DA:160,0
DA:162,0
DA:163,0
DA:167,0
DA:169,0
DA:170,0
DA:176,0
DA:183,0
DA:184,0
DA:191,0
DA:192,0
DA:199,0
DA:207,0
DA:211,0
DA:212,0
DA:219,0
DA:236,0
DA:237,0
DA:251,0
DA:282,0
DA:283,0
DA:291,1
DA:292,0
DA:293,0
DA:300,0
DA:301,0
DA:302,0
DA:307,0
DA:311,0
DA:312,0
DA:319,1
DA:320,0
DA:321,0
DA:323,0
DA:324,0
DA:331,0
DA:337,0
DA:338,0
DA:344,0
DA:354,0
DA:355,0
DA:356,0
DA:362,0
DA:374,0
DA:378,0
DA:379,0
DA:385,0
DA:394,0
DA:410,0
DA:411,0
DA:418,1
LF:103
LH:18
BRDA:20,0,0,0
BRDA:20,0,1,0
BRDA:21,1,0,0
BRDA:21,1,1,0
BRDA:22,2,0,0
BRDA:22,2,1,0
BRDA:22,3,0,0
BRDA:22,3,1,0
BRDA:28,4,0,0
BRDA:28,4,1,0
BRDA:29,5,0,0
BRDA:29,5,1,0
BRDA:53,6,0,0
BRDA:53,6,1,0
BRDA:62,7,0,0
BRDA:62,7,1,0
BRDA:63,8,0,0
BRDA:63,8,1,0
BRDA:65,9,0,0
BRDA:65,9,1,0
BRDA:85,10,0,0
BRDA:85,10,1,0
BRDA:124,11,0,0
BRDA:124,11,1,0
BRDA:128,12,0,0
BRDA:128,12,1,0
BRDA:132,13,0,0
BRDA:132,13,1,0
BRDA:136,14,0,0
BRDA:136,14,1,0
BRDA:143,15,0,0
BRDA:143,15,1,0
BRDA:144,16,0,0
BRDA:144,16,1,0
BRDA:152,17,0,0
BRDA:152,17,1,0
BRDA:152,18,0,0
BRDA:152,18,1,0
BRDA:169,19,0,0
BRDA:169,19,1,0
BRDA:169,20,0,0
BRDA:169,20,1,0
BRDA:183,21,0,0
BRDA:183,21,1,0
BRDA:191,22,0,0
BRDA:191,22,1,0
BRDA:191,23,0,0
BRDA:191,23,1,0
BRDA:207,24,0,0
BRDA:207,24,1,0
BRDA:207,24,2,0
BRDA:207,24,3,0
BRDA:211,25,0,0
BRDA:211,25,1,0
BRDA:237,26,0,0
BRDA:237,26,1,0
BRDA:238,27,0,0
BRDA:238,27,1,0
BRDA:240,28,0,0
BRDA:240,28,1,0
BRDA:275,29,0,0
BRDA:275,29,1,0
BRDA:300,30,0,0
BRDA:300,30,1,0
BRDA:308,31,0,0
BRDA:308,31,1,0
BRDA:323,32,0,0
BRDA:323,32,1,0
BRDA:337,33,0,0
BRDA:337,33,1,0
BRDA:337,34,0,0
BRDA:337,34,1,0
BRDA:354,35,0,0
BRDA:354,35,1,0
BRDA:374,36,0,0
BRDA:374,36,1,0
BRDA:374,36,2,0
BRDA:374,36,3,0
BRDA:378,37,0,0
BRDA:378,37,1,0
BRDA:378,38,0,0
BRDA:378,38,1,0
BRF:82
BRH:0
end_of_record
TN:
SF:utils/errorUtils.js
FN:11,createErrorResponse
FN:50,(anonymous_1)
FN:64,(anonymous_2)
FN:74,(anonymous_3)
FN:82,(anonymous_4)
FN:90,(anonymous_5)
FN:100,(anonymous_6)
FN:109,(anonymous_7)
FN:119,(anonymous_8)
FN:129,(anonymous_9)
FN:137,(anonymous_10)
FN:147,createPaymentError
FN:163,(anonymous_12)
FN:175,createValidationError
FN:194,createDatabaseError
FN:213,createExternalServiceError
FN:232,createAuthError
FN:258,sanitizeErrorMessage
FN:275,(anonymous_18)
FN:285,formatErrorForLogging
FN:305,shouldTriggerAlert
FN:319,getErrorCorrelationId
FN:328,normalizeError
FN:379,createRecoveryStrategy
FNF:24
FNH:0
FNDA:0,createErrorResponse
FNDA:0,(anonymous_1)
FNDA:0,(anonymous_2)
FNDA:0,(anonymous_3)
FNDA:0,(anonymous_4)
FNDA:0,(anonymous_5)
FNDA:0,(anonymous_6)
FNDA:0,(anonymous_7)
FNDA:0,(anonymous_8)
FNDA:0,(anonymous_9)
FNDA:0,(anonymous_10)
FNDA:0,createPaymentError
FNDA:0,(anonymous_12)
FNDA:0,createValidationError
FNDA:0,createDatabaseError
FNDA:0,createExternalServiceError
FNDA:0,createAuthError
FNDA:0,sanitizeErrorMessage
FNDA:0,(anonymous_18)
FNDA:0,formatErrorForLogging
FNDA:0,shouldTriggerAlert
FNDA:0,getErrorCorrelationId
FNDA:0,normalizeError
FNDA:0,createRecoveryStrategy
DA:6,1
DA:12,0
DA:28,0
DA:29,0
DA:33,0
DA:34,0
DA:35,0
DA:39,0
DA:40,0
DA:43,0
DA:51,0
DA:52,0
DA:53,0
DA:54,0
DA:55,0
DA:56,0
DA:57,0
DA:59,0
DA:65,0
DA:66,0
DA:67,0
DA:68,0
DA:75,0
DA:76,0
DA:77,0
DA:83,0
DA:84,0
DA:85,0
DA:91,0
DA:92,0
DA:93,0
DA:94,0
DA:95,0
DA:101,0
DA:102,0
DA:103,0
DA:104,0
DA:110,0
DA:111,0
DA:112,0
DA:113,0
DA:114,0
DA:120,0
DA:121,0
DA:122,0
DA:123,0
DA:124,0
DA:130,0
DA:131,0
DA:132,0
DA:138,0
DA:139,0
DA:140,0
DA:148,0
DA:151,0
DA:162,0
DA:163,0
DA:164,0
DA:165,0
DA:169,0
DA:176,0
DA:178,0
DA:179,0
DA:180,0
DA:182,0
DA:188,0
DA:195,0
DA:197,0
DA:198,0
DA:200,0
DA:207,0
DA:214,0
DA:216,0
DA:217,0
DA:219,0
DA:226,0
DA:233,0
DA:241,0
DA:249,0
DA:250,0
DA:252,0
DA:259,0
DA:260,0
DA:264,0
DA:266,0
DA:275,0
DA:276,0
DA:279,0
DA:286,0
DA:306,0
DA:312,0
DA:313,0
DA:320,0
DA:330,0
DA:331,0
DA:335,0
DA:336,0
DA:339,0
DA:340,0
DA:343,0
DA:344,0
DA:348,0
DA:349,0
DA:351,0
DA:353,0
DA:355,0
DA:358,0
DA:363,0
DA:364,0
DA:368,0
DA:380,0
DA:418,0
DA:425,1
LF:113
LH:2
BRDA:11,0,0,0
BRDA:22,1,0,0
BRDA:22,1,1,0
BRDA:23,2,0,0
BRDA:23,2,1,0
BRDA:28,3,0,0
BRDA:28,3,1,0
BRDA:33,4,0,0
BRDA:33,4,1,0
BRDA:39,5,0,0
BRDA:39,5,1,0
BRDA:50,6,0,0
BRDA:50,7,0,0
BRDA:50,8,0,0
BRDA:64,9,0,0
BRDA:67,10,0,0
BRDA:67,10,1,0
BRDA:74,11,0,0
BRDA:74,12,0,0
BRDA:82,13,0,0
BRDA:90,14,0,0
BRDA:90,15,0,0
BRDA:100,16,0,0
BRDA:100,17,0,0
BRDA:101,18,0,0
BRDA:101,18,1,0
BRDA:102,19,0,0
BRDA:102,19,1,0
BRDA:109,20,0,0
BRDA:109,21,0,0
BRDA:119,22,0,0
BRDA:119,23,0,0
BRDA:129,24,0,0
BRDA:137,25,0,0
BRDA:147,26,0,0
BRDA:147,27,0,0
BRDA:155,28,0,0
BRDA:155,28,1,0
BRDA:156,29,0,0
BRDA:156,29,1,0
BRDA:164,30,0,0
BRDA:164,30,1,0
BRDA:175,31,0,0
BRDA:175,32,0,0
BRDA:175,33,0,0
BRDA:184,34,0,0
BRDA:184,34,1,0
BRDA:194,35,0,0
BRDA:194,36,0,0
BRDA:194,37,0,0
BRDA:194,38,0,0
BRDA:213,39,0,0
BRDA:213,40,0,0
BRDA:213,41,0,0
BRDA:232,42,0,0
BRDA:232,43,0,0
BRDA:249,44,0,0
BRDA:249,44,1,0
BRDA:258,45,0,0
BRDA:259,46,0,0
BRDA:259,46,1,0
BRDA:285,47,0,0
BRDA:295,48,0,0
BRDA:295,48,1,0
BRDA:305,49,0,0
BRDA:320,50,0,0
BRDA:320,50,1,0
BRDA:320,50,2,0
BRDA:328,51,0,0
BRDA:330,52,0,0
BRDA:330,52,1,0
BRDA:335,53,0,0
BRDA:335,53,1,0
BRDA:339,54,0,0
BRDA:339,54,1,0
BRDA:339,55,0,0
BRDA:339,55,1,0
BRDA:340,56,0,0
BRDA:340,56,1,0
BRDA:343,57,0,0
BRDA:343,57,1,0
BRDA:348,58,0,0
BRDA:348,58,1,0
BRDA:348,59,0,0
BRDA:348,59,1,0
BRDA:349,60,0,0
BRDA:349,60,1,0
BRDA:349,60,2,0
BRDA:349,60,3,0
BRDA:349,60,4,0
BRDA:363,61,0,0
BRDA:363,61,1,0
BRDA:363,62,0,0
BRDA:363,62,1,0
BRDA:363,62,2,0
BRDA:369,63,0,0
BRDA:369,63,1,0
BRDA:370,64,0,0
BRDA:370,64,1,0
BRDA:371,65,0,0
BRDA:371,65,1,0
BRDA:372,66,0,0
BRDA:372,66,1,0
BRDA:388,67,0,0
BRDA:388,67,1,0
BRDA:389,68,0,0
BRDA:389,68,1,0
BRDA:399,69,0,0
BRDA:399,69,1,0
BRDA:408,70,0,0
BRDA:408,70,1,0
BRDA:409,71,0,0
BRDA:409,71,1,0
BRDA:418,72,0,0
BRDA:418,72,1,0
BRF:115
BRH:0
end_of_record
